{"/Users/tonyb/_projects/dtfs2/deal-api/src/createApp.js": {"path":"/Users/tonyb/_projects/dtfs2/deal-api/src/createApp.js","statementMap":{"0":{"start":{"line":1,"column":19},"end":{"line":1,"column":41}},"1":{"start":{"line":2,"column":13},"end":{"line":2,"column":28}},"2":{"start":{"line":3,"column":15},"end":{"line":3,"column":32}},"3":{"start":{"line":4,"column":16},"end":{"line":4,"column":34}},"4":{"start":{"line":5,"column":17},"end":{"line":5,"column":36}},"5":{"start":{"line":6,"column":25},"end":{"line":6,"column":57}},"6":{"start":{"line":7,"column":28},"end":{"line":7,"column":57}},"7":{"start":{"line":8,"column":33},"end":{"line":8,"column":57}},"8":{"start":{"line":10,"column":47},"end":{"line":10,"column":67}},"9":{"start":{"line":11,"column":35},"end":{"line":11,"column":66}},"10":{"start":{"line":12,"column":22},"end":{"line":12,"column":44}},"11":{"start":{"line":14,"column":0},"end":{"line":14,"column":16}},"12":{"start":{"line":16,"column":24},"end":{"line":16,"column":35}},"13":{"start":{"line":18,"column":26},"end":{"line":18,"column":56}},"14":{"start":{"line":19,"column":35},"end":{"line":19,"column":57}},"15":{"start":{"line":21,"column":0},"end":{"line":21,"column":28}},"16":{"start":{"line":22,"column":0},"end":{"line":22,"column":16}},"17":{"start":{"line":24,"column":12},"end":{"line":24,"column":21}},"18":{"start":{"line":25,"column":0},"end":{"line":25,"column":31}},"19":{"start":{"line":26,"column":0},"end":{"line":26,"column":55}},"20":{"start":{"line":28,"column":0},"end":{"line":31,"column":4}},"21":{"start":{"line":33,"column":0},"end":{"line":33,"column":27}},"22":{"start":{"line":34,"column":0},"end":{"line":34,"column":27}},"23":{"start":{"line":35,"column":0},"end":{"line":35,"column":23}},"24":{"start":{"line":37,"column":15},"end":{"line":37,"column":60}},"25":{"start":{"line":38,"column":29},"end":{"line":38,"column":76}},"26":{"start":{"line":40,"column":15},"end":{"line":47,"column":2}},"27":{"start":{"line":43,"column":25},"end":{"line":45,"column":3}},"28":{"start":{"line":49,"column":0},"end":{"line":49,"column":32}},"29":{"start":{"line":51,"column":21},"end":{"line":53,"column":1}},"30":{"start":{"line":52,"column":2},"end":{"line":52,"column":19}},"31":{"start":{"line":55,"column":0},"end":{"line":55,"column":22}},"32":{"start":{"line":59,"column":19},"end":{"line":59,"column":35}},"33":{"start":{"line":60,"column":0},"end":{"line":62,"column":3}},"34":{"start":{"line":61,"column":2},"end":{"line":61,"column":25}},"35":{"start":{"line":63,"column":0},"end":{"line":63,"column":25}},"36":{"start":{"line":65,"column":0},"end":{"line":65,"column":21}}},"fnMap":{"0":{"name":"(anonymous_0)","decl":{"start":{"line":43,"column":11},"end":{"line":43,"column":12}},"loc":{"start":{"line":43,"column":25},"end":{"line":45,"column":3}},"line":43},"1":{"name":"(anonymous_1)","decl":{"start":{"line":51,"column":21},"end":{"line":51,"column":22}},"loc":{"start":{"line":51,"column":30},"end":{"line":53,"column":1}},"line":51},"2":{"name":"(anonymous_2)","decl":{"start":{"line":60,"column":20},"end":{"line":60,"column":21}},"loc":{"start":{"line":60,"column":40},"end":{"line":62,"column":1}},"line":60}},"branchMap":{},"s":{"0":1,"1":1,"2":1,"3":1,"4":1,"5":1,"6":1,"7":1,"8":1,"9":1,"10":1,"11":1,"12":1,"13":1,"14":1,"15":1,"16":1,"17":1,"18":1,"19":1,"20":1,"21":1,"22":1,"23":1,"24":1,"25":1,"26":1,"27":0,"28":1,"29":1,"30":0,"31":1,"32":1,"33":1,"34":0,"35":1,"36":1},"f":{"0":0,"1":0,"2":0},"b":{},"_coverageSchema":"1a1c01bbd47fc00a2c39e90264f33305004495a9","hash":"f2ec77033cbacfc9b8866302b535a3e35613822d"}
,"/Users/tonyb/_projects/dtfs2/deal-api/src/index.js": {"path":"/Users/tonyb/_projects/dtfs2/deal-api/src/index.js","statementMap":{"0":{"start":{"line":3,"column":0},"end":{"line":9,"column":3}},"1":{"start":{"line":4,"column":2},"end":{"line":8,"column":3}},"2":{"start":{"line":5,"column":21},"end":{"line":5,"column":56}},"3":{"start":{"line":6,"column":4},"end":{"line":6,"column":45}},"4":{"start":{"line":7,"column":4},"end":{"line":7,"column":47}},"5":{"start":{"line":11,"column":12},"end":{"line":11,"column":34}},"6":{"start":{"line":13,"column":13},"end":{"line":13,"column":37}},"7":{"start":{"line":15,"column":0},"end":{"line":15,"column":75}},"8":{"start":{"line":15,"column":23},"end":{"line":15,"column":73}}},"fnMap":{"0":{"name":"(anonymous_0)","decl":{"start":{"line":3,"column":33},"end":{"line":3,"column":34}},"loc":{"start":{"line":3,"column":42},"end":{"line":9,"column":1}},"line":3},"1":{"name":"(anonymous_1)","decl":{"start":{"line":15,"column":17},"end":{"line":15,"column":18}},"loc":{"start":{"line":15,"column":23},"end":{"line":15,"column":73}},"line":15}},"branchMap":{"0":{"loc":{"start":{"line":4,"column":2},"end":{"line":8,"column":3}},"type":"if","locations":[{"start":{"line":4,"column":2},"end":{"line":8,"column":3}},{"start":{"line":4,"column":2},"end":{"line":8,"column":3}}],"line":4},"1":{"loc":{"start":{"line":13,"column":13},"end":{"line":13,"column":37}},"type":"binary-expr","locations":[{"start":{"line":13,"column":13},"end":{"line":13,"column":29}},{"start":{"line":13,"column":33},"end":{"line":13,"column":37}}],"line":13}},"s":{"0":0,"1":0,"2":0,"3":0,"4":0,"5":0,"6":0,"7":0,"8":0},"f":{"0":0,"1":0},"b":{"0":[0,0],"1":[0,0]}}
,"/Users/tonyb/_projects/dtfs2/deal-api/src/now.js": {"path":"/Users/tonyb/_projects/dtfs2/deal-api/src/now.js","statementMap":{"0":{"start":{"line":1,"column":15},"end":{"line":1,"column":32}},"1":{"start":{"line":6,"column":0},"end":{"line":6,"column":59}},"2":{"start":{"line":6,"column":23},"end":{"line":6,"column":58}}},"fnMap":{"0":{"name":"(anonymous_0)","decl":{"start":{"line":6,"column":17},"end":{"line":6,"column":18}},"loc":{"start":{"line":6,"column":23},"end":{"line":6,"column":58}},"line":6}},"branchMap":{},"s":{"0":1,"1":1,"2":86},"f":{"0":86},"b":{},"_coverageSchema":"1a1c01bbd47fc00a2c39e90264f33305004495a9","hash":"cc52d6d458d9779a02944b21110d54b44bced106"}
,"/Users/tonyb/_projects/dtfs2/deal-api/src/role-validator.js": {"path":"/Users/tonyb/_projects/dtfs2/deal-api/src/role-validator.js","statementMap":{"0":{"start":{"line":1,"column":23},"end":{"line":1,"column":42}},"1":{"start":{"line":3,"column":24},"end":{"line":10,"column":1}},"2":{"start":{"line":4,"column":2},"end":{"line":6,"column":3}},"3":{"start":{"line":5,"column":4},"end":{"line":5,"column":16}},"4":{"start":{"line":7,"column":39},"end":{"line":8,"column":66}},"5":{"start":{"line":7,"column":74},"end":{"line":7,"column":104}},"6":{"start":{"line":8,"column":40},"end":{"line":8,"column":65}},"7":{"start":{"line":9,"column":2},"end":{"line":9,"column":38}},"8":{"start":{"line":12,"column":17},"end":{"line":22,"column":1}},"9":{"start":{"line":13,"column":24},"end":{"line":13,"column":47}},"10":{"start":{"line":15,"column":2},"end":{"line":21,"column":4}},"11":{"start":{"line":16,"column":4},"end":{"line":20,"column":5}},"12":{"start":{"line":17,"column":6},"end":{"line":17,"column":13}},"13":{"start":{"line":19,"column":6},"end":{"line":19,"column":85}},"14":{"start":{"line":24,"column":0},"end":{"line":27,"column":2}}},"fnMap":{"0":{"name":"(anonymous_0)","decl":{"start":{"line":3,"column":24},"end":{"line":3,"column":25}},"loc":{"start":{"line":3,"column":49},"end":{"line":10,"column":1}},"line":3},"1":{"name":"(anonymous_1)","decl":{"start":{"line":7,"column":59},"end":{"line":7,"column":60}},"loc":{"start":{"line":7,"column":74},"end":{"line":7,"column":104}},"line":7},"2":{"name":"(anonymous_2)","decl":{"start":{"line":8,"column":30},"end":{"line":8,"column":31}},"loc":{"start":{"line":8,"column":40},"end":{"line":8,"column":65}},"line":8},"3":{"name":"(anonymous_3)","decl":{"start":{"line":12,"column":17},"end":{"line":12,"column":18}},"loc":{"start":{"line":12,"column":27},"end":{"line":22,"column":1}},"line":12},"4":{"name":"(anonymous_4)","decl":{"start":{"line":15,"column":9},"end":{"line":15,"column":10}},"loc":{"start":{"line":15,"column":29},"end":{"line":21,"column":3}},"line":15}},"branchMap":{"0":{"loc":{"start":{"line":4,"column":2},"end":{"line":6,"column":3}},"type":"if","locations":[{"start":{"line":4,"column":2},"end":{"line":6,"column":3}},{"start":{"line":4,"column":2},"end":{"line":6,"column":3}}],"line":4},"1":{"loc":{"start":{"line":4,"column":6},"end":{"line":4,"column":50}},"type":"binary-expr","locations":[{"start":{"line":4,"column":6},"end":{"line":4,"column":20}},{"start":{"line":4,"column":24},"end":{"line":4,"column":50}}],"line":4},"2":{"loc":{"start":{"line":7,"column":39},"end":{"line":8,"column":66}},"type":"binary-expr","locations":[{"start":{"line":7,"column":39},"end":{"line":7,"column":105}},{"start":{"line":8,"column":11},"end":{"line":8,"column":66}}],"line":7},"3":{"loc":{"start":{"line":13,"column":24},"end":{"line":13,"column":47}},"type":"cond-expr","locations":[{"start":{"line":13,"column":31},"end":{"line":13,"column":40}},{"start":{"line":13,"column":43},"end":{"line":13,"column":47}}],"line":13},"4":{"loc":{"start":{"line":16,"column":4},"end":{"line":20,"column":5}},"type":"if","locations":[{"start":{"line":16,"column":4},"end":{"line":20,"column":5}},{"start":{"line":16,"column":4},"end":{"line":20,"column":5}}],"line":16}},"s":{"0":1,"1":1,"2":124,"3":0,"4":124,"5":124,"6":124,"7":124,"8":1,"9":41,"10":41,"11":124,"12":121,"13":3,"14":1},"f":{"0":124,"1":124,"2":124,"3":41,"4":124},"b":{"0":[0,124],"1":[124,124],"2":[124,124],"3":[40,1],"4":[121,3]},"_coverageSchema":"1a1c01bbd47fc00a2c39e90264f33305004495a9","hash":"b72bf9963c3ac7b079dd25ffa324ab0f153b7f4d"}
,"/Users/tonyb/_projects/dtfs2/deal-api/src/config/database.config.js": {"path":"/Users/tonyb/_projects/dtfs2/deal-api/src/config/database.config.js","statementMap":{"0":{"start":{"line":1,"column":15},"end":{"line":1,"column":32}},"1":{"start":{"line":3,"column":0},"end":{"line":3,"column":16}},"2":{"start":{"line":5,"column":17},"end":{"line":5,"column":50}},"3":{"start":{"line":6,"column":25},"end":{"line":6,"column":48}},"4":{"start":{"line":8,"column":0},"end":{"line":12,"column":2}}},"fnMap":{},"branchMap":{},"s":{"0":1,"1":1,"2":1,"3":1,"4":1},"f":{},"b":{},"_coverageSchema":"1a1c01bbd47fc00a2c39e90264f33305004495a9","hash":"ddf8889622ce0fcce8283677be4f1502de1014c5"}
,"/Users/tonyb/_projects/dtfs2/deal-api/src/config/fileshare.config.js": {"path":"/Users/tonyb/_projects/dtfs2/deal-api/src/config/fileshare.config.js","statementMap":{"0":{"start":{"line":2,"column":40},"end":{"line":8,"column":1}},"1":{"start":{"line":10,"column":38},"end":{"line":15,"column":1}},"2":{"start":{"line":18,"column":0},"end":{"line":21,"column":2}}},"fnMap":{},"branchMap":{},"s":{"0":1,"1":1,"2":1},"f":{},"b":{},"_coverageSchema":"1a1c01bbd47fc00a2c39e90264f33305004495a9","hash":"1ee7af5b52f6caeca61ad22771f22e5dd1c8384e"}
,"/Users/tonyb/_projects/dtfs2/deal-api/src/constants/deal.js": {"path":"/Users/tonyb/_projects/dtfs2/deal-api/src/constants/deal.js","statementMap":{"0":{"start":{"line":1,"column":17},"end":{"line":7,"column":1}},"1":{"start":{"line":9,"column":22},"end":{"line":12,"column":1}},"2":{"start":{"line":14,"column":26},"end":{"line":18,"column":1}},"3":{"start":{"line":20,"column":24},"end":{"line":23,"column":1}},"4":{"start":{"line":25,"column":20},"end":{"line":30,"column":1}},"5":{"start":{"line":32,"column":15},"end":{"line":45,"column":1}},"6":{"start":{"line":47,"column":0},"end":{"line":54,"column":2}}},"fnMap":{},"branchMap":{},"s":{"0":1,"1":1,"2":1,"3":1,"4":1,"5":1,"6":1},"f":{},"b":{},"_coverageSchema":"1a1c01bbd47fc00a2c39e90264f33305004495a9","hash":"82f2e9a88310007369b09b3cec9afb3281f39808"}
,"/Users/tonyb/_projects/dtfs2/deal-api/src/constants/facilities.js": {"path":"/Users/tonyb/_projects/dtfs2/deal-api/src/constants/facilities.js","statementMap":{"0":{"start":{"line":1,"column":17},"end":{"line":5,"column":1}},"1":{"start":{"line":7,"column":22},"end":{"line":12,"column":1}},"2":{"start":{"line":14,"column":24},"end":{"line":17,"column":1}},"3":{"start":{"line":19,"column":19},"end":{"line":22,"column":1}},"4":{"start":{"line":24,"column":25},"end":{"line":27,"column":1}},"5":{"start":{"line":29,"column":15},"end":{"line":32,"column":1}},"6":{"start":{"line":34,"column":13},"end":{"line":43,"column":1}},"7":{"start":{"line":45,"column":0},"end":{"line":53,"column":2}}},"fnMap":{},"branchMap":{},"s":{"0":1,"1":1,"2":1,"3":1,"4":1,"5":1,"6":1,"7":1},"f":{},"b":{},"_coverageSchema":"1a1c01bbd47fc00a2c39e90264f33305004495a9","hash":"2421d8f69fc33e262bf59baae1c4c72c9d6645c1"}
,"/Users/tonyb/_projects/dtfs2/deal-api/src/constants/index.js": {"path":"/Users/tonyb/_projects/dtfs2/deal-api/src/constants/index.js","statementMap":{"0":{"start":{"line":1,"column":19},"end":{"line":1,"column":42}},"1":{"start":{"line":2,"column":13},"end":{"line":2,"column":30}},"2":{"start":{"line":4,"column":0},"end":{"line":7,"column":2}}},"fnMap":{},"branchMap":{},"s":{"0":1,"1":1,"2":1},"f":{},"b":{},"_coverageSchema":"1a1c01bbd47fc00a2c39e90264f33305004495a9","hash":"daf9ede46aad43fc523dec6691691a43a1adf588"}
,"/Users/tonyb/_projects/dtfs2/deal-api/src/crypto/utils.js": {"path":"/Users/tonyb/_projects/dtfs2/deal-api/src/crypto/utils.js","statementMap":{"0":{"start":{"line":1,"column":15},"end":{"line":1,"column":32}},"1":{"start":{"line":2,"column":15},"end":{"line":2,"column":32}},"2":{"start":{"line":3,"column":21},"end":{"line":3,"column":44}},"3":{"start":{"line":5,"column":0},"end":{"line":5,"column":16}},"4":{"start":{"line":7,"column":17},"end":{"line":7,"column":85}},"5":{"start":{"line":19,"column":21},"end":{"line":19,"column":91}},"6":{"start":{"line":20,"column":2},"end":{"line":20,"column":29}},"7":{"start":{"line":35,"column":15},"end":{"line":35,"column":53}},"8":{"start":{"line":36,"column":18},"end":{"line":36,"column":88}},"9":{"start":{"line":38,"column":2},"end":{"line":41,"column":4}},"10":{"start":{"line":49,"column":18},"end":{"line":49,"column":22}},"11":{"start":{"line":51,"column":20},"end":{"line":51,"column":24}},"12":{"start":{"line":53,"column":18},"end":{"line":59,"column":3}},"13":{"start":{"line":61,"column":22},"end":{"line":61,"column":93}},"14":{"start":{"line":63,"column":2},"end":{"line":66,"column":4}},"15":{"start":{"line":69,"column":0},"end":{"line":69,"column":45}},"16":{"start":{"line":70,"column":0},"end":{"line":70,"column":41}},"17":{"start":{"line":71,"column":0},"end":{"line":71,"column":35}}},"fnMap":{"0":{"name":"validPassword","decl":{"start":{"line":18,"column":9},"end":{"line":18,"column":22}},"loc":{"start":{"line":18,"column":45},"end":{"line":21,"column":1}},"line":18},"1":{"name":"genPassword","decl":{"start":{"line":34,"column":9},"end":{"line":34,"column":20}},"loc":{"start":{"line":34,"column":31},"end":{"line":42,"column":1}},"line":34},"2":{"name":"issueJWT","decl":{"start":{"line":48,"column":9},"end":{"line":48,"column":17}},"loc":{"start":{"line":48,"column":24},"end":{"line":67,"column":1}},"line":48}},"branchMap":{},"s":{"0":1,"1":1,"2":1,"3":1,"4":1,"5":11,"6":11,"7":11,"8":11,"9":11,"10":11,"11":11,"12":11,"13":11,"14":11,"15":1,"16":1,"17":1},"f":{"0":11,"1":11,"2":11},"b":{},"_coverageSchema":"1a1c01bbd47fc00a2c39e90264f33305004495a9","hash":"47d06910b45ec9febc848a765791e4d82ff67d11"}
,"/Users/tonyb/_projects/dtfs2/deal-api/src/drivers/db-client.js": {"path":"/Users/tonyb/_projects/dtfs2/deal-api/src/drivers/db-client.js","statementMap":{"0":{"start":{"line":1,"column":24},"end":{"line":1,"column":42}},"1":{"start":{"line":3,"column":24},"end":{"line":3,"column":60}},"2":{"start":{"line":7,"column":17},"end":{"line":7,"column":21}},"3":{"start":{"line":10,"column":18},"end":{"line":14,"column":1}},"4":{"start":{"line":11,"column":2},"end":{"line":11,"column":95}},"5":{"start":{"line":12,"column":2},"end":{"line":12,"column":33}},"6":{"start":{"line":13,"column":2},"end":{"line":13,"column":20}},"7":{"start":{"line":16,"column":22},"end":{"line":22,"column":1}},"8":{"start":{"line":17,"column":2},"end":{"line":19,"column":3}},"9":{"start":{"line":18,"column":4},"end":{"line":18,"column":35}},"10":{"start":{"line":21,"column":2},"end":{"line":21,"column":20}},"11":{"start":{"line":24,"column":0},"end":{"line":24,"column":35}},"12":{"start":{"line":26,"column":0},"end":{"line":32,"column":2}},"13":{"start":{"line":27,"column":2},"end":{"line":29,"column":3}},"14":{"start":{"line":28,"column":4},"end":{"line":28,"column":26}},"15":{"start":{"line":31,"column":2},"end":{"line":31,"column":47}}},"fnMap":{"0":{"name":"(anonymous_0)","decl":{"start":{"line":10,"column":18},"end":{"line":10,"column":19}},"loc":{"start":{"line":10,"column":30},"end":{"line":14,"column":1}},"line":10},"1":{"name":"(anonymous_1)","decl":{"start":{"line":16,"column":22},"end":{"line":16,"column":23}},"loc":{"start":{"line":16,"column":34},"end":{"line":22,"column":1}},"line":16},"2":{"name":"(anonymous_2)","decl":{"start":{"line":26,"column":31},"end":{"line":26,"column":32}},"loc":{"start":{"line":26,"column":57},"end":{"line":32,"column":1}},"line":26}},"branchMap":{"0":{"loc":{"start":{"line":17,"column":2},"end":{"line":19,"column":3}},"type":"if","locations":[{"start":{"line":17,"column":2},"end":{"line":19,"column":3}},{"start":{"line":17,"column":2},"end":{"line":19,"column":3}}],"line":17},"1":{"loc":{"start":{"line":27,"column":2},"end":{"line":29,"column":3}},"type":"if","locations":[{"start":{"line":27,"column":2},"end":{"line":29,"column":3}},{"start":{"line":27,"column":2},"end":{"line":29,"column":3}}],"line":27}},"s":{"0":1,"1":1,"2":1,"3":1,"4":1,"5":1,"6":1,"7":1,"8":1,"9":1,"10":1,"11":1,"12":1,"13":424,"14":1,"15":424},"f":{"0":1,"1":1,"2":424},"b":{"0":[1,0],"1":[1,423]},"_coverageSchema":"1a1c01bbd47fc00a2c39e90264f33305004495a9","hash":"679364a151f95688dba38f13fcacd76cc4b8ea1e"}
,"/Users/tonyb/_projects/dtfs2/deal-api/src/drivers/fileshare.js": {"path":"/Users/tonyb/_projects/dtfs2/deal-api/src/drivers/fileshare.js","statementMap":{"0":{"start":{"line":1,"column":59},"end":{"line":1,"column":95}},"1":{"start":{"line":3,"column":75},"end":{"line":3,"column":112}},"2":{"start":{"line":5,"column":18},"end":{"line":10,"column":1}},"3":{"start":{"line":6,"column":17},"end":{"line":8,"column":35}},"4":{"start":{"line":9,"column":2},"end":{"line":9,"column":16}},"5":{"start":{"line":12,"column":23},"end":{"line":20,"column":1}},"6":{"start":{"line":15,"column":6},"end":{"line":15,"column":26}},"7":{"start":{"line":17,"column":22},"end":{"line":17,"column":95}},"8":{"start":{"line":19,"column":2},"end":{"line":19,"column":21}},"9":{"start":{"line":22,"column":23},"end":{"line":39,"column":1}},"10":{"start":{"line":23,"column":22},"end":{"line":23,"column":53}},"11":{"start":{"line":24,"column":46},"end":{"line":24,"column":66}},"12":{"start":{"line":26,"column":24},"end":{"line":29,"column":3}},"13":{"start":{"line":31,"column":22},"end":{"line":31,"column":72}},"14":{"start":{"line":32,"column":2},"end":{"line":36,"column":5}},"15":{"start":{"line":33,"column":4},"end":{"line":33,"column":25}},"16":{"start":{"line":33,"column":18},"end":{"line":33,"column":25}},"17":{"start":{"line":34,"column":4},"end":{"line":34,"column":59}},"18":{"start":{"line":34,"column":52},"end":{"line":34,"column":59}},"19":{"start":{"line":35,"column":4},"end":{"line":35,"column":37}},"20":{"start":{"line":38,"column":2},"end":{"line":38,"column":21}},"21":{"start":{"line":41,"column":21},"end":{"line":64,"column":1}},"22":{"start":{"line":42,"column":22},"end":{"line":42,"column":53}},"23":{"start":{"line":44,"column":26},"end":{"line":44,"column":69}},"24":{"start":{"line":46,"column":2},"end":{"line":62,"column":5}},"25":{"start":{"line":47,"column":4},"end":{"line":47,"column":31}},"26":{"start":{"line":47,"column":18},"end":{"line":47,"column":31}},"27":{"start":{"line":48,"column":4},"end":{"line":48,"column":68}},"28":{"start":{"line":48,"column":55},"end":{"line":48,"column":68}},"29":{"start":{"line":49,"column":4},"end":{"line":53,"column":5}},"30":{"start":{"line":50,"column":27},"end":{"line":50,"column":67}},"31":{"start":{"line":51,"column":6},"end":{"line":51,"column":50}},"32":{"start":{"line":52,"column":6},"end":{"line":52,"column":19}},"33":{"start":{"line":55,"column":4},"end":{"line":61,"column":6}},"34":{"start":{"line":63,"column":2},"end":{"line":63,"column":25}},"35":{"start":{"line":66,"column":19},"end":{"line":110,"column":1}},"36":{"start":{"line":73,"column":26},"end":{"line":73,"column":63}},"37":{"start":{"line":75,"column":2},"end":{"line":86,"column":5}},"38":{"start":{"line":76,"column":4},"end":{"line":76,"column":31}},"39":{"start":{"line":76,"column":18},"end":{"line":76,"column":31}},"40":{"start":{"line":77,"column":4},"end":{"line":77,"column":68}},"41":{"start":{"line":77,"column":55},"end":{"line":77,"column":68}},"42":{"start":{"line":78,"column":4},"end":{"line":78,"column":62}},"43":{"start":{"line":79,"column":4},"end":{"line":85,"column":6}},"44":{"start":{"line":88,"column":21},"end":{"line":88,"column":71}},"45":{"start":{"line":89,"column":28},"end":{"line":89,"column":76}},"46":{"start":{"line":91,"column":2},"end":{"line":93,"column":3}},"47":{"start":{"line":92,"column":4},"end":{"line":92,"column":30}},"48":{"start":{"line":95,"column":2},"end":{"line":103,"column":3}},"49":{"start":{"line":96,"column":4},"end":{"line":96,"column":40}},"50":{"start":{"line":97,"column":4},"end":{"line":102,"column":6}},"51":{"start":{"line":105,"column":2},"end":{"line":109,"column":4}},"52":{"start":{"line":113,"column":17},"end":{"line":131,"column":1}},"53":{"start":{"line":116,"column":20},"end":{"line":116,"column":57}},"54":{"start":{"line":118,"column":21},"end":{"line":118,"column":65}},"55":{"start":{"line":120,"column":2},"end":{"line":130,"column":3}},"56":{"start":{"line":121,"column":25},"end":{"line":121,"column":60}},"57":{"start":{"line":122,"column":4},"end":{"line":122,"column":24}},"58":{"start":{"line":124,"column":4},"end":{"line":129,"column":6}},"59":{"start":{"line":133,"column":19},"end":{"line":137,"column":1}},"60":{"start":{"line":134,"column":22},"end":{"line":134,"column":53}},"61":{"start":{"line":136,"column":2},"end":{"line":136,"column":51}},"62":{"start":{"line":139,"column":28},"end":{"line":149,"column":1}},"63":{"start":{"line":140,"column":2},"end":{"line":140,"column":30}},"64":{"start":{"line":140,"column":17},"end":{"line":140,"column":30}},"65":{"start":{"line":142,"column":2},"end":{"line":146,"column":3}},"66":{"start":{"line":143,"column":4},"end":{"line":145,"column":7}},"67":{"start":{"line":144,"column":6},"end":{"line":144,"column":44}},"68":{"start":{"line":148,"column":2},"end":{"line":148,"column":41}},"69":{"start":{"line":151,"column":24},"end":{"line":155,"column":1}},"70":{"start":{"line":152,"column":22},"end":{"line":152,"column":53}},"71":{"start":{"line":153,"column":20},"end":{"line":153,"column":61}},"72":{"start":{"line":154,"column":2},"end":{"line":154,"column":19}},"73":{"start":{"line":157,"column":17},"end":{"line":178,"column":1}},"74":{"start":{"line":158,"column":19},"end":{"line":162,"column":3}},"75":{"start":{"line":164,"column":23},"end":{"line":164,"column":47}},"76":{"start":{"line":165,"column":2},"end":{"line":167,"column":3}},"77":{"start":{"line":166,"column":4},"end":{"line":166,"column":24}},"78":{"start":{"line":169,"column":17},"end":{"line":174,"column":3}},"79":{"start":{"line":176,"column":23},"end":{"line":176,"column":47}},"80":{"start":{"line":177,"column":2},"end":{"line":177,"column":22}},"81":{"start":{"line":180,"column":17},"end":{"line":190,"column":1}},"82":{"start":{"line":181,"column":19},"end":{"line":181,"column":52}},"83":{"start":{"line":183,"column":17},"end":{"line":183,"column":45}},"84":{"start":{"line":185,"column":2},"end":{"line":187,"column":3}},"85":{"start":{"line":186,"column":4},"end":{"line":186,"column":85}},"86":{"start":{"line":188,"column":2},"end":{"line":188,"column":45}},"87":{"start":{"line":189,"column":2},"end":{"line":189,"column":16}},"88":{"start":{"line":192,"column":27},"end":{"line":210,"column":1}},"89":{"start":{"line":193,"column":26},"end":{"line":193,"column":63}},"90":{"start":{"line":195,"column":24},"end":{"line":195,"column":26}},"91":{"start":{"line":196,"column":15},"end":{"line":196,"column":62}},"92":{"start":{"line":198,"column":2},"end":{"line":200,"column":3}},"93":{"start":{"line":199,"column":4},"end":{"line":199,"column":17}},"94":{"start":{"line":202,"column":15},"end":{"line":202,"column":32}},"95":{"start":{"line":204,"column":2},"end":{"line":207,"column":3}},"96":{"start":{"line":205,"column":4},"end":{"line":205,"column":37}},"97":{"start":{"line":206,"column":4},"end":{"line":206,"column":31}},"98":{"start":{"line":209,"column":2},"end":{"line":209,"column":23}},"99":{"start":{"line":212,"column":0},"end":{"line":223,"column":2}}},"fnMap":{"0":{"name":"(anonymous_0)","decl":{"start":{"line":5,"column":18},"end":{"line":5,"column":19}},"loc":{"start":{"line":5,"column":44},"end":{"line":10,"column":1}},"line":5},"1":{"name":"(anonymous_1)","decl":{"start":{"line":12,"column":23},"end":{"line":12,"column":24}},"loc":{"start":{"line":12,"column":55},"end":{"line":20,"column":1}},"line":12},"2":{"name":"(anonymous_2)","decl":{"start":{"line":22,"column":23},"end":{"line":22,"column":24}},"loc":{"start":{"line":22,"column":44},"end":{"line":39,"column":1}},"line":22},"3":{"name":"(anonymous_3)","decl":{"start":{"line":32,"column":29},"end":{"line":32,"column":30}},"loc":{"start":{"line":32,"column":46},"end":{"line":36,"column":3}},"line":32},"4":{"name":"(anonymous_4)","decl":{"start":{"line":41,"column":21},"end":{"line":41,"column":22}},"loc":{"start":{"line":41,"column":60},"end":{"line":64,"column":1}},"line":41},"5":{"name":"(anonymous_5)","decl":{"start":{"line":46,"column":39},"end":{"line":46,"column":40}},"loc":{"start":{"line":46,"column":62},"end":{"line":62,"column":3}},"line":46},"6":{"name":"(anonymous_6)","decl":{"start":{"line":66,"column":19},"end":{"line":66,"column":20}},"loc":{"start":{"line":68,"column":6},"end":{"line":110,"column":1}},"line":68},"7":{"name":"(anonymous_7)","decl":{"start":{"line":75,"column":39},"end":{"line":75,"column":40}},"loc":{"start":{"line":75,"column":56},"end":{"line":86,"column":3}},"line":75},"8":{"name":"(anonymous_8)","decl":{"start":{"line":89,"column":67},"end":{"line":89,"column":68}},"loc":{"start":{"line":89,"column":73},"end":{"line":89,"column":75}},"line":89},"9":{"name":"(anonymous_9)","decl":{"start":{"line":113,"column":17},"end":{"line":113,"column":18}},"loc":{"start":{"line":115,"column":6},"end":{"line":131,"column":1}},"line":115},"10":{"name":"(anonymous_10)","decl":{"start":{"line":133,"column":19},"end":{"line":133,"column":20}},"loc":{"start":{"line":133,"column":50},"end":{"line":137,"column":1}},"line":133},"11":{"name":"(anonymous_11)","decl":{"start":{"line":136,"column":41},"end":{"line":136,"column":42}},"loc":{"start":{"line":136,"column":47},"end":{"line":136,"column":49}},"line":136},"12":{"name":"(anonymous_12)","decl":{"start":{"line":139,"column":28},"end":{"line":139,"column":29}},"loc":{"start":{"line":139,"column":59},"end":{"line":149,"column":1}},"line":139},"13":{"name":"(anonymous_13)","decl":{"start":{"line":143,"column":24},"end":{"line":143,"column":25}},"loc":{"start":{"line":143,"column":44},"end":{"line":145,"column":5}},"line":143},"14":{"name":"(anonymous_14)","decl":{"start":{"line":151,"column":24},"end":{"line":151,"column":25}},"loc":{"start":{"line":151,"column":53},"end":{"line":155,"column":1}},"line":151},"15":{"name":"(anonymous_15)","decl":{"start":{"line":157,"column":17},"end":{"line":157,"column":18}},"loc":{"start":{"line":157,"column":41},"end":{"line":178,"column":1}},"line":157},"16":{"name":"(anonymous_16)","decl":{"start":{"line":180,"column":17},"end":{"line":180,"column":18}},"loc":{"start":{"line":180,"column":41},"end":{"line":190,"column":1}},"line":180},"17":{"name":"(anonymous_17)","decl":{"start":{"line":192,"column":27},"end":{"line":192,"column":28}},"loc":{"start":{"line":192,"column":60},"end":{"line":210,"column":1}},"line":192}},"branchMap":{"0":{"loc":{"start":{"line":5,"column":19},"end":{"line":5,"column":39}},"type":"default-arg","locations":[{"start":{"line":5,"column":31},"end":{"line":5,"column":39}}],"line":5},"1":{"loc":{"start":{"line":6,"column":17},"end":{"line":8,"column":35}},"type":"cond-expr","locations":[{"start":{"line":7,"column":6},"end":{"line":7,"column":37}},{"start":{"line":8,"column":6},"end":{"line":8,"column":35}}],"line":6},"2":{"loc":{"start":{"line":12,"column":30},"end":{"line":12,"column":50}},"type":"default-arg","locations":[{"start":{"line":12,"column":42},"end":{"line":12,"column":50}}],"line":12},"3":{"loc":{"start":{"line":33,"column":4},"end":{"line":33,"column":25}},"type":"if","locations":[{"start":{"line":33,"column":4},"end":{"line":33,"column":25}},{"start":{"line":33,"column":4},"end":{"line":33,"column":25}}],"line":33},"4":{"loc":{"start":{"line":34,"column":4},"end":{"line":34,"column":59}},"type":"if","locations":[{"start":{"line":34,"column":4},"end":{"line":34,"column":59}},{"start":{"line":34,"column":4},"end":{"line":34,"column":59}}],"line":34},"5":{"loc":{"start":{"line":41,"column":39},"end":{"line":41,"column":55}},"type":"default-arg","locations":[{"start":{"line":41,"column":53},"end":{"line":41,"column":55}}],"line":41},"6":{"loc":{"start":{"line":47,"column":4},"end":{"line":47,"column":31}},"type":"if","locations":[{"start":{"line":47,"column":4},"end":{"line":47,"column":31}},{"start":{"line":47,"column":4},"end":{"line":47,"column":31}}],"line":47},"7":{"loc":{"start":{"line":48,"column":4},"end":{"line":48,"column":68}},"type":"if","locations":[{"start":{"line":48,"column":4},"end":{"line":48,"column":68}},{"start":{"line":48,"column":4},"end":{"line":48,"column":68}}],"line":48},"8":{"loc":{"start":{"line":49,"column":4},"end":{"line":53,"column":5}},"type":"if","locations":[{"start":{"line":49,"column":4},"end":{"line":53,"column":5}},{"start":{"line":49,"column":4},"end":{"line":53,"column":5}}],"line":49},"9":{"loc":{"start":{"line":76,"column":4},"end":{"line":76,"column":31}},"type":"if","locations":[{"start":{"line":76,"column":4},"end":{"line":76,"column":31}},{"start":{"line":76,"column":4},"end":{"line":76,"column":31}}],"line":76},"10":{"loc":{"start":{"line":77,"column":4},"end":{"line":77,"column":68}},"type":"if","locations":[{"start":{"line":77,"column":4},"end":{"line":77,"column":68}},{"start":{"line":77,"column":4},"end":{"line":77,"column":68}}],"line":77},"11":{"loc":{"start":{"line":91,"column":2},"end":{"line":93,"column":3}},"type":"if","locations":[{"start":{"line":91,"column":2},"end":{"line":93,"column":3}},{"start":{"line":91,"column":2},"end":{"line":93,"column":3}}],"line":91},"12":{"loc":{"start":{"line":91,"column":6},"end":{"line":91,"column":41}},"type":"binary-expr","locations":[{"start":{"line":91,"column":6},"end":{"line":91,"column":23}},{"start":{"line":91,"column":27},"end":{"line":91,"column":41}}],"line":91},"13":{"loc":{"start":{"line":95,"column":2},"end":{"line":103,"column":3}},"type":"if","locations":[{"start":{"line":95,"column":2},"end":{"line":103,"column":3}},{"start":{"line":95,"column":2},"end":{"line":103,"column":3}}],"line":95},"14":{"loc":{"start":{"line":95,"column":6},"end":{"line":95,"column":42}},"type":"binary-expr","locations":[{"start":{"line":95,"column":6},"end":{"line":95,"column":24}},{"start":{"line":95,"column":28},"end":{"line":95,"column":42}}],"line":95},"15":{"loc":{"start":{"line":114,"column":13},"end":{"line":114,"column":24}},"type":"default-arg","locations":[{"start":{"line":114,"column":22},"end":{"line":114,"column":24}}],"line":114},"16":{"loc":{"start":{"line":140,"column":2},"end":{"line":140,"column":30}},"type":"if","locations":[{"start":{"line":140,"column":2},"end":{"line":140,"column":30}},{"start":{"line":140,"column":2},"end":{"line":140,"column":30}}],"line":140},"17":{"loc":{"start":{"line":142,"column":2},"end":{"line":146,"column":3}},"type":"if","locations":[{"start":{"line":142,"column":2},"end":{"line":146,"column":3}},{"start":{"line":142,"column":2},"end":{"line":146,"column":3}}],"line":142},"18":{"loc":{"start":{"line":165,"column":2},"end":{"line":167,"column":3}},"type":"if","locations":[{"start":{"line":165,"column":2},"end":{"line":167,"column":3}},{"start":{"line":165,"column":2},"end":{"line":167,"column":3}}],"line":165},"19":{"loc":{"start":{"line":185,"column":2},"end":{"line":187,"column":3}},"type":"if","locations":[{"start":{"line":185,"column":2},"end":{"line":187,"column":3}},{"start":{"line":185,"column":2},"end":{"line":187,"column":3}}],"line":185},"20":{"loc":{"start":{"line":198,"column":2},"end":{"line":200,"column":3}},"type":"if","locations":[{"start":{"line":198,"column":2},"end":{"line":200,"column":3}},{"start":{"line":198,"column":2},"end":{"line":200,"column":3}}],"line":198}},"s":{"0":1,"1":1,"2":1,"3":1,"4":1,"5":1,"6":0,"7":0,"8":0,"9":1,"10":0,"11":0,"12":0,"13":0,"14":0,"15":0,"16":0,"17":0,"18":0,"19":0,"20":0,"21":1,"22":0,"23":0,"24":0,"25":0,"26":0,"27":0,"28":0,"29":0,"30":0,"31":0,"32":0,"33":0,"34":0,"35":1,"36":0,"37":0,"38":0,"39":0,"40":0,"41":0,"42":0,"43":0,"44":0,"45":0,"46":0,"47":0,"48":0,"49":0,"50":0,"51":0,"52":1,"53":0,"54":0,"55":0,"56":0,"57":0,"58":0,"59":1,"60":0,"61":0,"62":1,"63":0,"64":0,"65":0,"66":0,"67":0,"68":0,"69":1,"70":0,"71":0,"72":0,"73":1,"74":0,"75":0,"76":0,"77":0,"78":0,"79":0,"80":0,"81":1,"82":0,"83":0,"84":0,"85":0,"86":0,"87":0,"88":1,"89":0,"90":0,"91":0,"92":0,"93":0,"94":0,"95":0,"96":0,"97":0,"98":0,"99":1},"f":{"0":1,"1":0,"2":0,"3":0,"4":0,"5":0,"6":0,"7":0,"8":0,"9":0,"10":0,"11":0,"12":0,"13":0,"14":0,"15":0,"16":0,"17":0},"b":{"0":[0],"1":[0,1],"2":[0],"3":[0,0],"4":[0,0],"5":[0],"6":[0,0],"7":[0,0],"8":[0,0],"9":[0,0],"10":[0,0],"11":[0,0],"12":[0,0],"13":[0,0],"14":[0,0],"15":[0],"16":[0,0],"17":[0,0],"18":[0,0],"19":[0,0],"20":[0,0]},"_coverageSchema":"1a1c01bbd47fc00a2c39e90264f33305004495a9","hash":"da76436066bf2df4d75fe858b91096529efea085"}
,"/Users/tonyb/_projects/dtfs2/deal-api/src/graphql/index.js": {"path":"/Users/tonyb/_projects/dtfs2/deal-api/src/graphql/index.js","statementMap":{"0":{"start":{"line":1,"column":17},"end":{"line":1,"column":37}},"1":{"start":{"line":2,"column":18},"end":{"line":2,"column":40}},"2":{"start":{"line":3,"column":22},"end":{"line":3,"column":41}},"3":{"start":{"line":5,"column":0},"end":{"line":9,"column":2}}},"fnMap":{},"branchMap":{},"s":{"0":1,"1":1,"2":1,"3":1},"f":{},"b":{},"_coverageSchema":"1a1c01bbd47fc00a2c39e90264f33305004495a9","hash":"4e3fbb35b1bb61a8898f1867d6ffece4dadd26b4"}
,"/Users/tonyb/_projects/dtfs2/deal-api/src/graphql/routes.js": {"path":"/Users/tonyb/_projects/dtfs2/deal-api/src/graphql/routes.js","statementMap":{"0":{"start":{"line":1,"column":17},"end":{"line":1,"column":36}},"1":{"start":{"line":2,"column":16},"end":{"line":2,"column":34}},"2":{"start":{"line":4,"column":22},"end":{"line":4,"column":38}},"3":{"start":{"line":6,"column":0},"end":{"line":6,"column":68}},"4":{"start":{"line":8,"column":0},"end":{"line":8,"column":32}},"5":{"start":{"line":10,"column":0},"end":{"line":10,"column":31}}},"fnMap":{},"branchMap":{},"s":{"0":1,"1":1,"2":1,"3":1,"4":1,"5":1},"f":{},"b":{},"_coverageSchema":"1a1c01bbd47fc00a2c39e90264f33305004495a9","hash":"af2ec75cb69a1613a2c4def09cdad73a40b3a6ff"}
,"/Users/tonyb/_projects/dtfs2/deal-api/src/graphql/middleware/index.js": {"path":"/Users/tonyb/_projects/dtfs2/deal-api/src/graphql/middleware/index.js","statementMap":{"0":{"start":{"line":1,"column":31},"end":{"line":1,"column":57}},"1":{"start":{"line":3,"column":0},"end":{"line":5,"column":2}}},"fnMap":{},"branchMap":{},"s":{"0":1,"1":1},"f":{},"b":{},"_coverageSchema":"1a1c01bbd47fc00a2c39e90264f33305004495a9","hash":"68f827cc193cdc398a96db688961475a56657caa"}
,"/Users/tonyb/_projects/dtfs2/deal-api/src/graphql/middleware/validate-user.js": {"path":"/Users/tonyb/_projects/dtfs2/deal-api/src/graphql/middleware/validate-user.js","statementMap":{"0":{"start":{"line":1,"column":28},"end":{"line":1,"column":59}},"1":{"start":{"line":3,"column":31},"end":{"line":28,"column":1}},"2":{"start":{"line":7,"column":26},"end":{"line":7,"column":73}},"3":{"start":{"line":9,"column":6},"end":{"line":18,"column":7}},"4":{"start":{"line":10,"column":20},"end":{"line":10,"column":58}},"5":{"start":{"line":12,"column":8},"end":{"line":17,"column":10}},"6":{"start":{"line":20,"column":6},"end":{"line":25,"column":8}},"7":{"start":{"line":30,"column":0},"end":{"line":30,"column":40}}},"fnMap":{"0":{"name":"(anonymous_0)","decl":{"start":{"line":5,"column":11},"end":{"line":5,"column":12}},"loc":{"start":{"line":5,"column":55},"end":{"line":26,"column":5}},"line":5}},"branchMap":{"0":{"loc":{"start":{"line":9,"column":6},"end":{"line":18,"column":7}},"type":"if","locations":[{"start":{"line":9,"column":6},"end":{"line":18,"column":7}},{"start":{"line":9,"column":6},"end":{"line":18,"column":7}}],"line":9}},"s":{"0":1,"1":1,"2":0,"3":0,"4":0,"5":0,"6":0,"7":1},"f":{"0":0},"b":{"0":[0,0]},"_coverageSchema":"1a1c01bbd47fc00a2c39e90264f33305004495a9","hash":"ca27ce7ca478d99d5c2a7df71555bfd6916ebfea"}
,"/Users/tonyb/_projects/dtfs2/deal-api/src/graphql/resolvers/index.js": {"path":"/Users/tonyb/_projects/dtfs2/deal-api/src/graphql/resolvers/index.js","statementMap":{"0":{"start":{"line":1,"column":19},"end":{"line":1,"column":43}},"1":{"start":{"line":2,"column":26},"end":{"line":2,"column":57}},"2":{"start":{"line":4,"column":18},"end":{"line":9,"column":1}},"3":{"start":{"line":11,"column":0},"end":{"line":11,"column":27}}},"fnMap":{},"branchMap":{},"s":{"0":1,"1":1,"2":1,"3":1},"f":{},"b":{},"_coverageSchema":"1a1c01bbd47fc00a2c39e90264f33305004495a9","hash":"0157da3973d43f46a6ff05c4346e1655b8a1dd8e"}
,"/Users/tonyb/_projects/dtfs2/deal-api/src/graphql/resolvers/query-deals.js": {"path":"/Users/tonyb/_projects/dtfs2/deal-api/src/graphql/resolvers/query-deals.js","statementMap":{"0":{"start":{"line":1,"column":42},"end":{"line":1,"column":89}},"1":{"start":{"line":3,"column":22},"end":{"line":3,"column":42}},"2":{"start":{"line":5,"column":19},"end":{"line":18,"column":1}},"3":{"start":{"line":6,"column":48},"end":{"line":6,"column":54}},"4":{"start":{"line":8,"column":20},"end":{"line":11,"column":9}},"5":{"start":{"line":8,"column":55},"end":{"line":11,"column":3}},"6":{"start":{"line":13,"column":16},"end":{"line":15,"column":42}},"7":{"start":{"line":17,"column":2},"end":{"line":17,"column":15}},"8":{"start":{"line":20,"column":0},"end":{"line":20,"column":28}}},"fnMap":{"0":{"name":"(anonymous_0)","decl":{"start":{"line":5,"column":19},"end":{"line":5,"column":20}},"loc":{"start":{"line":5,"column":54},"end":{"line":18,"column":1}},"line":5},"1":{"name":"(anonymous_1)","decl":{"start":{"line":8,"column":35},"end":{"line":8,"column":36}},"loc":{"start":{"line":8,"column":55},"end":{"line":11,"column":3}},"line":8}},"branchMap":{"0":{"loc":{"start":{"line":5,"column":31},"end":{"line":5,"column":42}},"type":"default-arg","locations":[{"start":{"line":5,"column":40},"end":{"line":5,"column":42}}],"line":5},"1":{"loc":{"start":{"line":6,"column":10},"end":{"line":6,"column":19}},"type":"default-arg","locations":[{"start":{"line":6,"column":18},"end":{"line":6,"column":19}}],"line":6},"2":{"loc":{"start":{"line":6,"column":31},"end":{"line":6,"column":43}},"type":"default-arg","locations":[{"start":{"line":6,"column":41},"end":{"line":6,"column":43}}],"line":6},"3":{"loc":{"start":{"line":10,"column":15},"end":{"line":10,"column":82}},"type":"cond-expr","locations":[{"start":{"line":10,"column":28},"end":{"line":10,"column":72}},{"start":{"line":10,"column":75},"end":{"line":10,"column":82}}],"line":10},"4":{"loc":{"start":{"line":13,"column":16},"end":{"line":15,"column":42}},"type":"cond-expr","locations":[{"start":{"line":14,"column":6},"end":{"line":14,"column":68}},{"start":{"line":15,"column":6},"end":{"line":15,"column":42}}],"line":13}},"s":{"0":1,"1":1,"2":1,"3":0,"4":0,"5":0,"6":0,"7":0,"8":1},"f":{"0":0,"1":0},"b":{"0":[0],"1":[0],"2":[0],"3":[0,0],"4":[0,0]},"_coverageSchema":"1a1c01bbd47fc00a2c39e90264f33305004495a9","hash":"9181f1c49a9c397387c10987a9e6f9b7de7d7267"}
,"/Users/tonyb/_projects/dtfs2/deal-api/src/graphql/resolvers/query-transactions.js": {"path":"/Users/tonyb/_projects/dtfs2/deal-api/src/graphql/resolvers/query-transactions.js","statementMap":{"0":{"start":{"line":1,"column":56},"end":{"line":1,"column":111}},"1":{"start":{"line":3,"column":22},"end":{"line":3,"column":42}},"2":{"start":{"line":5,"column":26},"end":{"line":18,"column":1}},"3":{"start":{"line":6,"column":48},"end":{"line":6,"column":54}},"4":{"start":{"line":8,"column":20},"end":{"line":11,"column":9}},"5":{"start":{"line":8,"column":55},"end":{"line":11,"column":3}},"6":{"start":{"line":13,"column":16},"end":{"line":15,"column":49}},"7":{"start":{"line":17,"column":2},"end":{"line":17,"column":15}},"8":{"start":{"line":20,"column":0},"end":{"line":20,"column":35}}},"fnMap":{"0":{"name":"(anonymous_0)","decl":{"start":{"line":5,"column":26},"end":{"line":5,"column":27}},"loc":{"start":{"line":5,"column":61},"end":{"line":18,"column":1}},"line":5},"1":{"name":"(anonymous_1)","decl":{"start":{"line":8,"column":35},"end":{"line":8,"column":36}},"loc":{"start":{"line":8,"column":55},"end":{"line":11,"column":3}},"line":8}},"branchMap":{"0":{"loc":{"start":{"line":5,"column":38},"end":{"line":5,"column":49}},"type":"default-arg","locations":[{"start":{"line":5,"column":47},"end":{"line":5,"column":49}}],"line":5},"1":{"loc":{"start":{"line":6,"column":10},"end":{"line":6,"column":19}},"type":"default-arg","locations":[{"start":{"line":6,"column":18},"end":{"line":6,"column":19}}],"line":6},"2":{"loc":{"start":{"line":6,"column":31},"end":{"line":6,"column":43}},"type":"default-arg","locations":[{"start":{"line":6,"column":41},"end":{"line":6,"column":43}}],"line":6},"3":{"loc":{"start":{"line":10,"column":15},"end":{"line":10,"column":82}},"type":"cond-expr","locations":[{"start":{"line":10,"column":28},"end":{"line":10,"column":72}},{"start":{"line":10,"column":75},"end":{"line":10,"column":82}}],"line":10},"4":{"loc":{"start":{"line":13,"column":16},"end":{"line":15,"column":49}},"type":"cond-expr","locations":[{"start":{"line":14,"column":6},"end":{"line":14,"column":75}},{"start":{"line":15,"column":6},"end":{"line":15,"column":49}}],"line":13}},"s":{"0":1,"1":1,"2":1,"3":0,"4":0,"5":0,"6":0,"7":0,"8":1},"f":{"0":0,"1":0},"b":{"0":[0],"1":[0],"2":[0],"3":[0,0],"4":[0,0]},"_coverageSchema":"1a1c01bbd47fc00a2c39e90264f33305004495a9","hash":"aa58da9ec22c30624a3093b656fe3cd4d571ac86"}
,"/Users/tonyb/_projects/dtfs2/deal-api/src/graphql/resolvers/helpers/db-helpers.js": {"path":"/Users/tonyb/_projects/dtfs2/deal-api/src/graphql/resolvers/helpers/db-helpers.js","statementMap":{"0":{"start":{"line":1,"column":22},"end":{"line":3,"column":2}},"1":{"start":{"line":1,"column":44},"end":{"line":3,"column":1}},"2":{"start":{"line":5,"column":0},"end":{"line":7,"column":2}}},"fnMap":{"0":{"name":"(anonymous_0)","decl":{"start":{"line":1,"column":22},"end":{"line":1,"column":23}},"loc":{"start":{"line":1,"column":44},"end":{"line":3,"column":1}},"line":1}},"branchMap":{},"s":{"0":1,"1":0,"2":1},"f":{"0":0},"b":{},"_coverageSchema":"1a1c01bbd47fc00a2c39e90264f33305004495a9","hash":"cb7013615634d414c9305b51016c00b6461296fe"}
,"/Users/tonyb/_projects/dtfs2/deal-api/src/graphql/resolvers/helpers/index.js": {"path":"/Users/tonyb/_projects/dtfs2/deal-api/src/graphql/resolvers/helpers/index.js","statementMap":{"0":{"start":{"line":1,"column":18},"end":{"line":1,"column":41}},"1":{"start":{"line":3,"column":0},"end":{"line":5,"column":2}}},"fnMap":{},"branchMap":{},"s":{"0":1,"1":1},"f":{},"b":{},"_coverageSchema":"1a1c01bbd47fc00a2c39e90264f33305004495a9","hash":"f0039fc6b85e9b3aa1d369e7cd7dff24657a6e3d"}
,"/Users/tonyb/_projects/dtfs2/deal-api/src/graphql/schemas/index.js": {"path":"/Users/tonyb/_projects/dtfs2/deal-api/src/graphql/schemas/index.js","statementMap":{"0":{"start":{"line":1,"column":17},"end":{"line":121,"column":1}},"1":{"start":{"line":123,"column":0},"end":{"line":123,"column":26}}},"fnMap":{},"branchMap":{},"s":{"0":1,"1":1},"f":{},"b":{},"_coverageSchema":"1a1c01bbd47fc00a2c39e90264f33305004495a9","hash":"0a93cd8863ca50853b4ea5682ae0de788cf11d84"}
,"/Users/tonyb/_projects/dtfs2/deal-api/src/scheduler/index.js": {"path":"/Users/tonyb/_projects/dtfs2/deal-api/src/scheduler/index.js","statementMap":{"0":{"start":{"line":1,"column":13},"end":{"line":1,"column":33}},"1":{"start":{"line":2,"column":13},"end":{"line":2,"column":30}},"2":{"start":{"line":4,"column":22},"end":{"line":14,"column":1}},"3":{"start":{"line":5,"column":2},"end":{"line":13,"column":3}},"4":{"start":{"line":6,"column":4},"end":{"line":10,"column":7}},"5":{"start":{"line":7,"column":42},"end":{"line":7,"column":52}},"6":{"start":{"line":8,"column":6},"end":{"line":8,"column":48}},"7":{"start":{"line":9,"column":6},"end":{"line":9,"column":36}},"8":{"start":{"line":12,"column":4},"end":{"line":12,"column":48}},"9":{"start":{"line":16,"column":0},"end":{"line":16,"column":31}}},"fnMap":{"0":{"name":"(anonymous_0)","decl":{"start":{"line":4,"column":22},"end":{"line":4,"column":23}},"loc":{"start":{"line":4,"column":28},"end":{"line":14,"column":1}},"line":4},"1":{"name":"(anonymous_1)","decl":{"start":{"line":6,"column":32},"end":{"line":6,"column":33}},"loc":{"start":{"line":6,"column":41},"end":{"line":10,"column":5}},"line":6}},"branchMap":{"0":{"loc":{"start":{"line":5,"column":2},"end":{"line":13,"column":3}},"type":"if","locations":[{"start":{"line":5,"column":2},"end":{"line":13,"column":3}},{"start":{"line":5,"column":2},"end":{"line":13,"column":3}}],"line":5}},"s":{"0":1,"1":1,"2":1,"3":1,"4":0,"5":0,"6":0,"7":0,"8":1,"9":1},"f":{"0":1,"1":0},"b":{"0":[0,1]},"_coverageSchema":"1a1c01bbd47fc00a2c39e90264f33305004495a9","hash":"1dd48ef145ce03787b1e3bbf3e0ddfd6e19ace7c"}
,"/Users/tonyb/_projects/dtfs2/deal-api/src/scheduler/jobs/fetch-workflow-type-b.js": {"path":"/Users/tonyb/_projects/dtfs2/deal-api/src/scheduler/jobs/fetch-workflow-type-b.js","statementMap":{"0":{"start":{"line":2,"column":15},"end":{"line":2,"column":32}},"1":{"start":{"line":6,"column":4},"end":{"line":6,"column":38}},"2":{"start":{"line":7,"column":25},"end":{"line":7,"column":86}},"3":{"start":{"line":9,"column":27},"end":{"line":92,"column":1}},"4":{"start":{"line":10,"column":15},"end":{"line":91,"column":3}},"5":{"start":{"line":14,"column":32},"end":{"line":14,"column":52}},"6":{"start":{"line":16,"column":35},"end":{"line":19,"column":7}},"7":{"start":{"line":21,"column":29},"end":{"line":21,"column":75}},"8":{"start":{"line":22,"column":6},"end":{"line":24,"column":7}},"9":{"start":{"line":23,"column":8},"end":{"line":23,"column":21}},"10":{"start":{"line":26,"column":20},"end":{"line":26,"column":67}},"11":{"start":{"line":26,"column":49},"end":{"line":26,"column":66}},"12":{"start":{"line":28,"column":6},"end":{"line":30,"column":7}},"13":{"start":{"line":29,"column":8},"end":{"line":29,"column":21}},"14":{"start":{"line":32,"column":27},"end":{"line":32,"column":29}},"15":{"start":{"line":33,"column":24},"end":{"line":33,"column":26}},"16":{"start":{"line":35,"column":6},"end":{"line":47,"column":9}},"17":{"start":{"line":36,"column":33},"end":{"line":41,"column":9}},"18":{"start":{"line":43,"column":29},"end":{"line":43,"column":55}},"19":{"start":{"line":45,"column":8},"end":{"line":45,"column":40}},"20":{"start":{"line":46,"column":8},"end":{"line":46,"column":48}},"21":{"start":{"line":49,"column":22},"end":{"line":49,"column":53}},"22":{"start":{"line":51,"column":27},"end":{"line":54,"column":9}},"23":{"start":{"line":51,"column":63},"end":{"line":54,"column":7}},"24":{"start":{"line":56,"column":6},"end":{"line":58,"column":9}},"25":{"start":{"line":57,"column":8},"end":{"line":57,"column":30}},"26":{"start":{"line":60,"column":31},"end":{"line":60,"column":33}},"27":{"start":{"line":62,"column":28},"end":{"line":62,"column":91}},"28":{"start":{"line":64,"column":6},"end":{"line":78,"column":9}},"29":{"start":{"line":65,"column":21},"end":{"line":69,"column":9}},"30":{"start":{"line":71,"column":19},"end":{"line":75,"column":9}},"31":{"start":{"line":77,"column":8},"end":{"line":77,"column":54}},"32":{"start":{"line":80,"column":24},"end":{"line":80,"column":66}},"33":{"start":{"line":81,"column":25},"end":{"line":81,"column":75}},"34":{"start":{"line":81,"column":50},"end":{"line":81,"column":74}},"35":{"start":{"line":83,"column":6},"end":{"line":83,"column":64}},"36":{"start":{"line":84,"column":6},"end":{"line":87,"column":7}},"37":{"start":{"line":85,"column":8},"end":{"line":85,"column":64}},"38":{"start":{"line":86,"column":8},"end":{"line":86,"column":73}},"39":{"start":{"line":86,"column":43},"end":{"line":86,"column":71}},"40":{"start":{"line":89,"column":6},"end":{"line":89,"column":19}},"41":{"start":{"line":94,"column":0},"end":{"line":94,"column":36}}},"fnMap":{"0":{"name":"(anonymous_0)","decl":{"start":{"line":10,"column":8},"end":{"line":10,"column":9}},"loc":{"start":{"line":10,"column":15},"end":{"line":91,"column":3}},"line":10},"1":{"name":"(anonymous_1)","decl":{"start":{"line":13,"column":10},"end":{"line":13,"column":11}},"loc":{"start":{"line":13,"column":61},"end":{"line":90,"column":5}},"line":13},"2":{"name":"(anonymous_2)","decl":{"start":{"line":26,"column":42},"end":{"line":26,"column":43}},"loc":{"start":{"line":26,"column":49},"end":{"line":26,"column":66}},"line":26},"3":{"name":"(anonymous_3)","decl":{"start":{"line":35,"column":20},"end":{"line":35,"column":21}},"loc":{"start":{"line":35,"column":30},"end":{"line":47,"column":7}},"line":35},"4":{"name":"(anonymous_4)","decl":{"start":{"line":51,"column":41},"end":{"line":51,"column":42}},"loc":{"start":{"line":51,"column":63},"end":{"line":54,"column":7}},"line":51},"5":{"name":"(anonymous_5)","decl":{"start":{"line":56,"column":27},"end":{"line":56,"column":28}},"loc":{"start":{"line":56,"column":40},"end":{"line":58,"column":7}},"line":56},"6":{"name":"(anonymous_6)","decl":{"start":{"line":64,"column":24},"end":{"line":64,"column":25}},"loc":{"start":{"line":64,"column":42},"end":{"line":78,"column":7}},"line":64},"7":{"name":"(anonymous_7)","decl":{"start":{"line":81,"column":42},"end":{"line":81,"column":43}},"loc":{"start":{"line":81,"column":50},"end":{"line":81,"column":74}},"line":81},"8":{"name":"(anonymous_8)","decl":{"start":{"line":86,"column":27},"end":{"line":86,"column":28}},"loc":{"start":{"line":86,"column":43},"end":{"line":86,"column":71}},"line":86}},"branchMap":{"0":{"loc":{"start":{"line":13,"column":17},"end":{"line":13,"column":39}},"type":"default-arg","locations":[{"start":{"line":13,"column":29},"end":{"line":13,"column":39}}],"line":13},"1":{"loc":{"start":{"line":18,"column":16},"end":{"line":18,"column":48}},"type":"binary-expr","locations":[{"start":{"line":18,"column":16},"end":{"line":18,"column":31}},{"start":{"line":18,"column":35},"end":{"line":18,"column":48}}],"line":18},"2":{"loc":{"start":{"line":22,"column":6},"end":{"line":24,"column":7}},"type":"if","locations":[{"start":{"line":22,"column":6},"end":{"line":24,"column":7}},{"start":{"line":22,"column":6},"end":{"line":24,"column":7}}],"line":22},"3":{"loc":{"start":{"line":28,"column":6},"end":{"line":30,"column":7}},"type":"if","locations":[{"start":{"line":28,"column":6},"end":{"line":30,"column":7}},{"start":{"line":28,"column":6},"end":{"line":30,"column":7}}],"line":28},"4":{"loc":{"start":{"line":84,"column":6},"end":{"line":87,"column":7}},"type":"if","locations":[{"start":{"line":84,"column":6},"end":{"line":87,"column":7}},{"start":{"line":84,"column":6},"end":{"line":87,"column":7}}],"line":84}},"s":{"0":1,"1":1,"2":1,"3":1,"4":0,"5":0,"6":0,"7":0,"8":0,"9":0,"10":0,"11":0,"12":0,"13":0,"14":0,"15":0,"16":0,"17":0,"18":0,"19":0,"20":0,"21":0,"22":0,"23":0,"24":0,"25":0,"26":0,"27":0,"28":0,"29":0,"30":0,"31":0,"32":0,"33":0,"34":0,"35":0,"36":0,"37":0,"38":0,"39":0,"40":0,"41":1},"f":{"0":0,"1":0,"2":0,"3":0,"4":0,"5":0,"6":0,"7":0,"8":0},"b":{"0":[0],"1":[0,0],"2":[0,0],"3":[0,0],"4":[0,0]},"_coverageSchema":"1a1c01bbd47fc00a2c39e90264f33305004495a9","hash":"ea42009de277d93dba3507620e109e584fe46a7c"}
,"/Users/tonyb/_projects/dtfs2/deal-api/src/scheduler/jobs/index.js": {"path":"/Users/tonyb/_projects/dtfs2/deal-api/src/scheduler/jobs/index.js","statementMap":{"0":{"start":{"line":1,"column":27},"end":{"line":1,"column":61}},"1":{"start":{"line":3,"column":0},"end":{"line":5,"column":2}}},"fnMap":{},"branchMap":{},"s":{"0":1,"1":1},"f":{},"b":{},"_coverageSchema":"1a1c01bbd47fc00a2c39e90264f33305004495a9","hash":"e30ad03cd89129ad0ec292c52f2f3635467e797e"}
,"/Users/tonyb/_projects/dtfs2/deal-api/src/utils/array.js": {"path":"/Users/tonyb/_projects/dtfs2/deal-api/src/utils/array.js","statementMap":{"0":{"start":{"line":1,"column":32},"end":{"line":1,"column":100}},"1":{"start":{"line":1,"column":48},"end":{"line":1,"column":100}},"2":{"start":{"line":1,"column":67},"end":{"line":1,"column":99}},"3":{"start":{"line":3,"column":0},"end":{"line":5,"column":2}}},"fnMap":{"0":{"name":"(anonymous_0)","decl":{"start":{"line":1,"column":32},"end":{"line":1,"column":33}},"loc":{"start":{"line":1,"column":48},"end":{"line":1,"column":100}},"line":1},"1":{"name":"(anonymous_1)","decl":{"start":{"line":1,"column":57},"end":{"line":1,"column":58}},"loc":{"start":{"line":1,"column":67},"end":{"line":1,"column":99}},"line":1}},"branchMap":{},"s":{"0":1,"1":0,"2":0,"3":1},"f":{"0":0,"1":0},"b":{},"_coverageSchema":"1a1c01bbd47fc00a2c39e90264f33305004495a9","hash":"9dabb739f3cb2deade0b405530942f19355fd320"}
,"/Users/tonyb/_projects/dtfs2/deal-api/src/utils/error-list-order-number.js": {"path":"/Users/tonyb/_projects/dtfs2/deal-api/src/utils/error-list-order-number.js","statementMap":{"0":{"start":{"line":1,"column":0},"end":{"line":10,"column":2}},"1":{"start":{"line":2,"column":20},"end":{"line":2,"column":53}},"2":{"start":{"line":4,"column":2},"end":{"line":8,"column":3}},"3":{"start":{"line":5,"column":26},"end":{"line":5,"column":83}},"4":{"start":{"line":6,"column":33},"end":{"line":6,"column":71}},"5":{"start":{"line":7,"column":4},"end":{"line":7,"column":44}},"6":{"start":{"line":9,"column":2},"end":{"line":9,"column":13}}},"fnMap":{"0":{"name":"(anonymous_0)","decl":{"start":{"line":1,"column":22},"end":{"line":1,"column":23}},"loc":{"start":{"line":1,"column":37},"end":{"line":10,"column":1}},"line":1}},"branchMap":{"0":{"loc":{"start":{"line":4,"column":2},"end":{"line":8,"column":3}},"type":"if","locations":[{"start":{"line":4,"column":2},"end":{"line":8,"column":3}},{"start":{"line":4,"column":2},"end":{"line":8,"column":3}}],"line":4}},"s":{"0":1,"1":166,"2":166,"3":152,"4":152,"5":152,"6":14},"f":{"0":166},"b":{"0":[152,14]},"_coverageSchema":"1a1c01bbd47fc00a2c39e90264f33305004495a9","hash":"40b28fbd7af0f3e9ff50ab377d291a5db1a9cd3a"}
,"/Users/tonyb/_projects/dtfs2/deal-api/src/utils/formatFilenameForSharepoint.js": {"path":"/Users/tonyb/_projects/dtfs2/deal-api/src/utils/formatFilenameForSharepoint.js","statementMap":{"0":{"start":{"line":15,"column":36},"end":{"line":21,"column":1}},"1":{"start":{"line":16,"column":22},"end":{"line":16,"column":72}},"2":{"start":{"line":17,"column":35},"end":{"line":17,"column":81}},"3":{"start":{"line":18,"column":28},"end":{"line":18,"column":86}},"4":{"start":{"line":20,"column":2},"end":{"line":20,"column":44}},"5":{"start":{"line":23,"column":0},"end":{"line":23,"column":45}}},"fnMap":{"0":{"name":"(anonymous_0)","decl":{"start":{"line":15,"column":36},"end":{"line":15,"column":37}},"loc":{"start":{"line":15,"column":63},"end":{"line":21,"column":1}},"line":15}},"branchMap":{},"s":{"0":1,"1":0,"2":0,"3":0,"4":0,"5":1},"f":{"0":0},"b":{},"_coverageSchema":"1a1c01bbd47fc00a2c39e90264f33305004495a9","hash":"8dc1a30854fbd77bba3f22fbfa46b37eb1a1a961"}
,"/Users/tonyb/_projects/dtfs2/deal-api/src/utils/generateIds.js": {"path":"/Users/tonyb/_projects/dtfs2/deal-api/src/utils/generateIds.js","statementMap":{"0":{"start":{"line":1,"column":11},"end":{"line":1,"column":42}},"1":{"start":{"line":3,"column":23},"end":{"line":13,"column":1}},"2":{"start":{"line":4,"column":21},"end":{"line":4,"column":57}},"3":{"start":{"line":5,"column":20},"end":{"line":10,"column":3}},"4":{"start":{"line":12,"column":2},"end":{"line":12,"column":26}},"5":{"start":{"line":15,"column":27},"end":{"line":24,"column":1}},"6":{"start":{"line":16,"column":21},"end":{"line":16,"column":57}},"7":{"start":{"line":17,"column":20},"end":{"line":22,"column":3}},"8":{"start":{"line":23,"column":2},"end":{"line":23,"column":26}},"9":{"start":{"line":26,"column":0},"end":{"line":29,"column":2}}},"fnMap":{"0":{"name":"(anonymous_0)","decl":{"start":{"line":3,"column":23},"end":{"line":3,"column":24}},"loc":{"start":{"line":3,"column":35},"end":{"line":13,"column":1}},"line":3},"1":{"name":"(anonymous_1)","decl":{"start":{"line":15,"column":27},"end":{"line":15,"column":28}},"loc":{"start":{"line":15,"column":39},"end":{"line":24,"column":1}},"line":15}},"branchMap":{},"s":{"0":1,"1":1,"2":19,"3":19,"4":19,"5":1,"6":16,"7":16,"8":16,"9":1},"f":{"0":19,"1":16},"b":{},"_coverageSchema":"1a1c01bbd47fc00a2c39e90264f33305004495a9","hash":"f63f6bc69b60b48347f679d2c2a32a3dbe0f3a24"}
,"/Users/tonyb/_projects/dtfs2/deal-api/src/utils/index.js": {"path":"/Users/tonyb/_projects/dtfs2/deal-api/src/utils/index.js","statementMap":{"0":{"start":{"line":1,"column":36},"end":{"line":1,"column":76}},"1":{"start":{"line":2,"column":19},"end":{"line":2,"column":37}},"2":{"start":{"line":4,"column":0},"end":{"line":7,"column":2}}},"fnMap":{},"branchMap":{},"s":{"0":1,"1":1,"2":1},"f":{},"b":{},"_coverageSchema":"1a1c01bbd47fc00a2c39e90264f33305004495a9","hash":"69cde21d8ee15f5e94d1af14ebaac49813f1d120"}
,"/Users/tonyb/_projects/dtfs2/deal-api/src/utils/number.js": {"path":"/Users/tonyb/_projects/dtfs2/deal-api/src/utils/number.js","statementMap":{"0":{"start":{"line":1,"column":18},"end":{"line":2,"column":82}},"1":{"start":{"line":2,"column":2},"end":{"line":2,"column":82}},"2":{"start":{"line":4,"column":18},"end":{"line":4,"column":52}},"3":{"start":{"line":4,"column":29},"end":{"line":4,"column":52}},"4":{"start":{"line":6,"column":22},"end":{"line":12,"column":1}},"5":{"start":{"line":7,"column":19},"end":{"line":7,"column":48}},"6":{"start":{"line":8,"column":2},"end":{"line":10,"column":3}},"7":{"start":{"line":9,"column":4},"end":{"line":9,"column":27}},"8":{"start":{"line":11,"column":2},"end":{"line":11,"column":11}},"9":{"start":{"line":14,"column":22},"end":{"line":17,"column":1}},"10":{"start":{"line":15,"column":26},"end":{"line":15,"column":55}},"11":{"start":{"line":16,"column":2},"end":{"line":16,"column":33}},"12":{"start":{"line":19,"column":20},"end":{"line":31,"column":1}},"13":{"start":{"line":20,"column":22},"end":{"line":20,"column":27}},"14":{"start":{"line":21,"column":10},"end":{"line":21,"column":16}},"15":{"start":{"line":23,"column":2},"end":{"line":25,"column":3}},"16":{"start":{"line":24,"column":4},"end":{"line":24,"column":10}},"17":{"start":{"line":27,"column":2},"end":{"line":27,"column":27}},"18":{"start":{"line":28,"column":2},"end":{"line":28,"column":44}},"19":{"start":{"line":29,"column":2},"end":{"line":29,"column":27}},"20":{"start":{"line":30,"column":2},"end":{"line":30,"column":23}},"21":{"start":{"line":33,"column":25},"end":{"line":42,"column":1}},"22":{"start":{"line":34,"column":25},"end":{"line":34,"column":65}},"23":{"start":{"line":35,"column":21},"end":{"line":35,"column":78}},"24":{"start":{"line":37,"column":2},"end":{"line":41,"column":4}},"25":{"start":{"line":44,"column":24},"end":{"line":44,"column":113}},"26":{"start":{"line":44,"column":61},"end":{"line":44,"column":113}},"27":{"start":{"line":46,"column":0},"end":{"line":54,"column":2}}},"fnMap":{"0":{"name":"(anonymous_0)","decl":{"start":{"line":1,"column":18},"end":{"line":1,"column":19}},"loc":{"start":{"line":2,"column":2},"end":{"line":2,"column":82}},"line":2},"1":{"name":"(anonymous_1)","decl":{"start":{"line":4,"column":18},"end":{"line":4,"column":19}},"loc":{"start":{"line":4,"column":29},"end":{"line":4,"column":52}},"line":4},"2":{"name":"(anonymous_2)","decl":{"start":{"line":6,"column":22},"end":{"line":6,"column":23}},"loc":{"start":{"line":6,"column":32},"end":{"line":12,"column":1}},"line":6},"3":{"name":"(anonymous_3)","decl":{"start":{"line":14,"column":22},"end":{"line":14,"column":23}},"loc":{"start":{"line":14,"column":32},"end":{"line":17,"column":1}},"line":14},"4":{"name":"(anonymous_4)","decl":{"start":{"line":19,"column":20},"end":{"line":19,"column":21}},"loc":{"start":{"line":19,"column":39},"end":{"line":31,"column":1}},"line":19},"5":{"name":"(anonymous_5)","decl":{"start":{"line":33,"column":25},"end":{"line":33,"column":26}},"loc":{"start":{"line":33,"column":49},"end":{"line":42,"column":1}},"line":33},"6":{"name":"(anonymous_6)","decl":{"start":{"line":44,"column":24},"end":{"line":44,"column":25}},"loc":{"start":{"line":44,"column":61},"end":{"line":44,"column":113}},"line":44}},"branchMap":{"0":{"loc":{"start":{"line":2,"column":2},"end":{"line":2,"column":82}},"type":"binary-expr","locations":[{"start":{"line":2,"column":3},"end":{"line":2,"column":28}},{"start":{"line":2,"column":33},"end":{"line":2,"column":56}},{"start":{"line":2,"column":60},"end":{"line":2,"column":82}}],"line":2},"1":{"loc":{"start":{"line":8,"column":2},"end":{"line":10,"column":3}},"type":"if","locations":[{"start":{"line":8,"column":2},"end":{"line":10,"column":3}},{"start":{"line":8,"column":2},"end":{"line":10,"column":3}}],"line":8},"2":{"loc":{"start":{"line":23,"column":2},"end":{"line":25,"column":3}},"type":"if","locations":[{"start":{"line":23,"column":2},"end":{"line":25,"column":3}},{"start":{"line":23,"column":2},"end":{"line":25,"column":3}}],"line":23},"3":{"loc":{"start":{"line":33,"column":26},"end":{"line":33,"column":44}},"type":"default-arg","locations":[{"start":{"line":33,"column":42},"end":{"line":33,"column":44}}],"line":33},"4":{"loc":{"start":{"line":35,"column":29},"end":{"line":35,"column":77}},"type":"binary-expr","locations":[{"start":{"line":35,"column":29},"end":{"line":35,"column":51}},{"start":{"line":35,"column":55},"end":{"line":35,"column":77}}],"line":35},"5":{"loc":{"start":{"line":38,"column":20},"end":{"line":38,"column":63}},"type":"cond-expr","locations":[{"start":{"line":38,"column":33},"end":{"line":38,"column":47}},{"start":{"line":38,"column":50},"end":{"line":38,"column":63}}],"line":38},"6":{"loc":{"start":{"line":44,"column":31},"end":{"line":44,"column":56}},"type":"default-arg","locations":[{"start":{"line":44,"column":55},"end":{"line":44,"column":56}}],"line":44}},"s":{"0":1,"1":47,"2":1,"3":0,"4":1,"5":96,"6":96,"7":66,"8":30,"9":1,"10":16,"11":16,"12":1,"13":70,"14":70,"15":70,"16":0,"17":70,"18":70,"19":70,"20":70,"21":1,"22":33,"23":33,"24":33,"25":1,"26":82,"27":1},"f":{"0":47,"1":0,"2":96,"3":16,"4":70,"5":33,"6":82},"b":{"0":[47,47,47],"1":[66,30],"2":[0,70],"3":[2],"4":[33,2],"5":[31,2],"6":[60]},"_coverageSchema":"1a1c01bbd47fc00a2c39e90264f33305004495a9","hash":"a2693e2a28cbf34eca0c895b753781825fd72927"}
,"/Users/tonyb/_projects/dtfs2/deal-api/src/utils/string.js": {"path":"/Users/tonyb/_projects/dtfs2/deal-api/src/utils/string.js","statementMap":{"0":{"start":{"line":1,"column":22},"end":{"line":6,"column":1}},"1":{"start":{"line":2,"column":2},"end":{"line":4,"column":3}},"2":{"start":{"line":3,"column":4},"end":{"line":3,"column":16}},"3":{"start":{"line":5,"column":2},"end":{"line":5,"column":15}},"4":{"start":{"line":8,"column":17},"end":{"line":13,"column":1}},"5":{"start":{"line":9,"column":2},"end":{"line":11,"column":3}},"6":{"start":{"line":10,"column":4},"end":{"line":10,"column":16}},"7":{"start":{"line":12,"column":2},"end":{"line":12,"column":15}},"8":{"start":{"line":15,"column":0},"end":{"line":18,"column":2}}},"fnMap":{"0":{"name":"(anonymous_0)","decl":{"start":{"line":1,"column":22},"end":{"line":1,"column":23}},"loc":{"start":{"line":1,"column":31},"end":{"line":6,"column":1}},"line":1},"1":{"name":"(anonymous_1)","decl":{"start":{"line":8,"column":17},"end":{"line":8,"column":18}},"loc":{"start":{"line":8,"column":26},"end":{"line":13,"column":1}},"line":8}},"branchMap":{"0":{"loc":{"start":{"line":2,"column":2},"end":{"line":4,"column":3}},"type":"if","locations":[{"start":{"line":2,"column":2},"end":{"line":4,"column":3}},{"start":{"line":2,"column":2},"end":{"line":4,"column":3}}],"line":2},"1":{"loc":{"start":{"line":2,"column":6},"end":{"line":2,"column":88}},"type":"binary-expr","locations":[{"start":{"line":2,"column":6},"end":{"line":2,"column":10}},{"start":{"line":2,"column":16},"end":{"line":2,"column":39}},{"start":{"line":2,"column":43},"end":{"line":2,"column":64}},{"start":{"line":2,"column":69},"end":{"line":2,"column":87}}],"line":2},"2":{"loc":{"start":{"line":9,"column":2},"end":{"line":11,"column":3}},"type":"if","locations":[{"start":{"line":9,"column":2},"end":{"line":11,"column":3}},{"start":{"line":9,"column":2},"end":{"line":11,"column":3}}],"line":9},"3":{"loc":{"start":{"line":9,"column":6},"end":{"line":9,"column":32}},"type":"binary-expr","locations":[{"start":{"line":9,"column":6},"end":{"line":9,"column":9}},{"start":{"line":9,"column":13},"end":{"line":9,"column":32}}],"line":9}},"s":{"0":1,"1":338,"2":0,"3":338,"4":1,"5":580,"6":338,"7":242,"8":1},"f":{"0":338,"1":580},"b":{"0":[0,338],"1":[338,338,15,323],"2":[338,242],"3":[580,338]},"_coverageSchema":"1a1c01bbd47fc00a2c39e90264f33305004495a9","hash":"3d53fe74927c3a90e2872dd57ba37bb6ee06e0df"}
,"/Users/tonyb/_projects/dtfs2/deal-api/src/v1/routes.js": {"path":"/Users/tonyb/_projects/dtfs2/deal-api/src/v1/routes.js","statementMap":{"0":{"start":{"line":1,"column":16},"end":{"line":1,"column":34}},"1":{"start":{"line":2,"column":17},"end":{"line":2,"column":36}},"2":{"start":{"line":3,"column":15},"end":{"line":3,"column":32}},"3":{"start":{"line":5,"column":21},"end":{"line":5,"column":49}},"4":{"start":{"line":7,"column":14},"end":{"line":7,"column":54}},"5":{"start":{"line":8,"column":17},"end":{"line":8,"column":62}},"6":{"start":{"line":9,"column":19},"end":{"line":9,"column":66}},"7":{"start":{"line":10,"column":30},"end":{"line":10,"column":89}},"8":{"start":{"line":11,"column":18},"end":{"line":11,"column":64}},"9":{"start":{"line":12,"column":14},"end":{"line":12,"column":55}},"10":{"start":{"line":13,"column":19},"end":{"line":13,"column":65}},"11":{"start":{"line":14,"column":18},"end":{"line":14,"column":63}},"12":{"start":{"line":15,"column":17},"end":{"line":15,"column":61}},"13":{"start":{"line":16,"column":24},"end":{"line":16,"column":75}},"14":{"start":{"line":17,"column":26},"end":{"line":17,"column":79}},"15":{"start":{"line":18,"column":28},"end":{"line":18,"column":84}},"16":{"start":{"line":19,"column":14},"end":{"line":19,"column":55}},"17":{"start":{"line":20,"column":14},"end":{"line":20,"column":55}},"18":{"start":{"line":21,"column":33},"end":{"line":21,"column":94}},"19":{"start":{"line":22,"column":19},"end":{"line":22,"column":66}},"20":{"start":{"line":23,"column":12},"end":{"line":23,"column":51}},"21":{"start":{"line":25,"column":14},"end":{"line":25,"column":39}},"22":{"start":{"line":27,"column":19},"end":{"line":27,"column":35}},"23":{"start":{"line":28,"column":19},"end":{"line":28,"column":35}},"24":{"start":{"line":30,"column":15},"end":{"line":30,"column":23}},"25":{"start":{"line":32,"column":0},"end":{"line":32,"column":65}},"26":{"start":{"line":35,"column":0},"end":{"line":39,"column":4}},"27":{"start":{"line":41,"column":0},"end":{"line":49,"column":4}},"28":{"start":{"line":51,"column":0},"end":{"line":59,"column":4}},"29":{"start":{"line":61,"column":0},"end":{"line":65,"column":4}},"30":{"start":{"line":67,"column":0},"end":{"line":71,"column":4}},"31":{"start":{"line":73,"column":0},"end":{"line":81,"column":4}},"32":{"start":{"line":83,"column":0},"end":{"line":87,"column":4}},"33":{"start":{"line":89,"column":0},"end":{"line":93,"column":4}},"34":{"start":{"line":95,"column":0},"end":{"line":103,"column":4}},"35":{"start":{"line":105,"column":0},"end":{"line":117,"column":4}},"36":{"start":{"line":119,"column":0},"end":{"line":123,"column":4}},"37":{"start":{"line":125,"column":0},"end":{"line":129,"column":4}},"38":{"start":{"line":131,"column":0},"end":{"line":136,"column":4}},"39":{"start":{"line":138,"column":0},"end":{"line":142,"column":4}},"40":{"start":{"line":144,"column":0},"end":{"line":151,"column":4}},"41":{"start":{"line":153,"column":0},"end":{"line":164,"column":4}},"42":{"start":{"line":166,"column":0},"end":{"line":173,"column":4}},"43":{"start":{"line":175,"column":0},"end":{"line":186,"column":4}},"44":{"start":{"line":188,"column":0},"end":{"line":195,"column":4}},"45":{"start":{"line":197,"column":0},"end":{"line":208,"column":4}},"46":{"start":{"line":210,"column":0},"end":{"line":218,"column":4}},"47":{"start":{"line":220,"column":0},"end":{"line":228,"column":4}},"48":{"start":{"line":230,"column":0},"end":{"line":237,"column":4}},"49":{"start":{"line":239,"column":0},"end":{"line":250,"column":4}},"50":{"start":{"line":252,"column":0},"end":{"line":259,"column":4}},"51":{"start":{"line":261,"column":0},"end":{"line":272,"column":4}},"52":{"start":{"line":274,"column":0},"end":{"line":277,"column":4}},"53":{"start":{"line":279,"column":0},"end":{"line":282,"column":4}},"54":{"start":{"line":285,"column":0},"end":{"line":289,"column":4}},"55":{"start":{"line":291,"column":0},"end":{"line":297,"column":4}},"56":{"start":{"line":299,"column":0},"end":{"line":307,"column":4}},"57":{"start":{"line":309,"column":0},"end":{"line":312,"column":4}},"58":{"start":{"line":315,"column":0},"end":{"line":321,"column":2}},"59":{"start":{"line":319,"column":4},"end":{"line":319,"column":27}},"60":{"start":{"line":323,"column":0},"end":{"line":325,"column":3}},"61":{"start":{"line":324,"column":2},"end":{"line":324,"column":100}},"62":{"start":{"line":327,"column":0},"end":{"line":332,"column":3}},"63":{"start":{"line":328,"column":2},"end":{"line":330,"column":3}},"64":{"start":{"line":329,"column":4},"end":{"line":329,"column":82}},"65":{"start":{"line":331,"column":2},"end":{"line":331,"column":100}},"66":{"start":{"line":334,"column":0},"end":{"line":339,"column":3}},"67":{"start":{"line":335,"column":2},"end":{"line":337,"column":3}},"68":{"start":{"line":336,"column":4},"end":{"line":336,"column":82}},"69":{"start":{"line":338,"column":2},"end":{"line":338,"column":100}},"70":{"start":{"line":341,"column":0},"end":{"line":341,"column":44}}},"fnMap":{"0":{"name":"(anonymous_0)","decl":{"start":{"line":318,"column":2},"end":{"line":318,"column":3}},"loc":{"start":{"line":318,"column":16},"end":{"line":320,"column":3}},"line":318},"1":{"name":"(anonymous_1)","decl":{"start":{"line":323,"column":34},"end":{"line":323,"column":35}},"loc":{"start":{"line":323,"column":48},"end":{"line":325,"column":1}},"line":323},"2":{"name":"(anonymous_2)","decl":{"start":{"line":327,"column":40},"end":{"line":327,"column":41}},"loc":{"start":{"line":327,"column":54},"end":{"line":332,"column":1}},"line":327},"3":{"name":"(anonymous_3)","decl":{"start":{"line":334,"column":42},"end":{"line":334,"column":43}},"loc":{"start":{"line":334,"column":56},"end":{"line":339,"column":1}},"line":334}},"branchMap":{"0":{"loc":{"start":{"line":328,"column":2},"end":{"line":330,"column":3}},"type":"if","locations":[{"start":{"line":328,"column":2},"end":{"line":330,"column":3}},{"start":{"line":328,"column":2},"end":{"line":330,"column":3}}],"line":328},"1":{"loc":{"start":{"line":335,"column":2},"end":{"line":337,"column":3}},"type":"if","locations":[{"start":{"line":335,"column":2},"end":{"line":337,"column":3}},{"start":{"line":335,"column":2},"end":{"line":337,"column":3}}],"line":335}},"s":{"0":1,"1":1,"2":1,"3":1,"4":1,"5":1,"6":1,"7":1,"8":1,"9":1,"10":1,"11":1,"12":1,"13":1,"14":1,"15":1,"16":1,"17":1,"18":1,"19":1,"20":1,"21":1,"22":1,"23":1,"24":1,"25":1,"26":1,"27":1,"28":1,"29":1,"30":1,"31":1,"32":1,"33":1,"34":1,"35":1,"36":1,"37":1,"38":1,"39":1,"40":1,"41":1,"42":1,"43":1,"44":1,"45":1,"46":1,"47":1,"48":1,"49":1,"50":1,"51":1,"52":1,"53":1,"54":1,"55":1,"56":1,"57":1,"58":1,"59":0,"60":1,"61":0,"62":1,"63":0,"64":0,"65":0,"66":1,"67":0,"68":0,"69":0,"70":1},"f":{"0":0,"1":0,"2":0,"3":0},"b":{"0":[0,0],"1":[0,0]},"_coverageSchema":"1a1c01bbd47fc00a2c39e90264f33305004495a9","hash":"b679395e3c4253e1a882f1cb19be157cc4e29358"}
,"/Users/tonyb/_projects/dtfs2/deal-api/src/v1/controllers/banks.controller.js": {"path":"/Users/tonyb/_projects/dtfs2/deal-api/src/v1/controllers/banks.controller.js","statementMap":{"0":{"start":{"line":1,"column":15},"end":{"line":1,"column":32}},"1":{"start":{"line":3,"column":11},"end":{"line":3,"column":45}},"2":{"start":{"line":5,"column":18},"end":{"line":12,"column":1}},"3":{"start":{"line":6,"column":21},"end":{"line":6,"column":52}},"4":{"start":{"line":8,"column":2},"end":{"line":11,"column":5}},"5":{"start":{"line":9,"column":4},"end":{"line":9,"column":28}},"6":{"start":{"line":10,"column":4},"end":{"line":10,"column":21}},"7":{"start":{"line":14,"column":20},"end":{"line":21,"column":1}},"8":{"start":{"line":15,"column":21},"end":{"line":15,"column":52}},"9":{"start":{"line":17,"column":2},"end":{"line":20,"column":5}},"10":{"start":{"line":18,"column":4},"end":{"line":18,"column":28}},"11":{"start":{"line":19,"column":4},"end":{"line":19,"column":21}},"12":{"start":{"line":22,"column":0},"end":{"line":22,"column":34}},"13":{"start":{"line":24,"column":0},"end":{"line":29,"column":2}},"14":{"start":{"line":25,"column":21},"end":{"line":25,"column":52}},"15":{"start":{"line":26,"column":15},"end":{"line":26,"column":51}},"16":{"start":{"line":28,"column":2},"end":{"line":28,"column":29}},"17":{"start":{"line":31,"column":0},"end":{"line":36,"column":2}},"18":{"start":{"line":32,"column":2},"end":{"line":35,"column":5}},"19":{"start":{"line":32,"column":23},"end":{"line":35,"column":4}},"20":{"start":{"line":38,"column":0},"end":{"line":40,"column":2}},"21":{"start":{"line":39,"column":2},"end":{"line":39,"column":66}},"22":{"start":{"line":39,"column":39},"end":{"line":39,"column":65}},"23":{"start":{"line":43,"column":0},"end":{"line":48,"column":2}},"24":{"start":{"line":44,"column":21},"end":{"line":44,"column":52}},"25":{"start":{"line":45,"column":22},"end":{"line":45,"column":104}},"26":{"start":{"line":47,"column":2},"end":{"line":47,"column":36}},"27":{"start":{"line":50,"column":0},"end":{"line":54,"column":2}},"28":{"start":{"line":51,"column":21},"end":{"line":51,"column":52}},"29":{"start":{"line":52,"column":17},"end":{"line":52,"column":66}},"30":{"start":{"line":53,"column":2},"end":{"line":53,"column":31}}},"fnMap":{"0":{"name":"(anonymous_0)","decl":{"start":{"line":5,"column":18},"end":{"line":5,"column":19}},"loc":{"start":{"line":5,"column":38},"end":{"line":12,"column":1}},"line":5},"1":{"name":"(anonymous_1)","decl":{"start":{"line":8,"column":30},"end":{"line":8,"column":31}},"loc":{"start":{"line":8,"column":47},"end":{"line":11,"column":3}},"line":8},"2":{"name":"(anonymous_2)","decl":{"start":{"line":14,"column":20},"end":{"line":14,"column":21}},"loc":{"start":{"line":14,"column":44},"end":{"line":21,"column":1}},"line":14},"3":{"name":"(anonymous_3)","decl":{"start":{"line":17,"column":29},"end":{"line":17,"column":30}},"loc":{"start":{"line":17,"column":46},"end":{"line":20,"column":3}},"line":17},"4":{"name":"(anonymous_4)","decl":{"start":{"line":24,"column":17},"end":{"line":24,"column":18}},"loc":{"start":{"line":24,"column":37},"end":{"line":29,"column":1}},"line":24},"5":{"name":"(anonymous_5)","decl":{"start":{"line":31,"column":18},"end":{"line":31,"column":19}},"loc":{"start":{"line":32,"column":2},"end":{"line":35,"column":5}},"line":32},"6":{"name":"(anonymous_6)","decl":{"start":{"line":32,"column":12},"end":{"line":32,"column":13}},"loc":{"start":{"line":32,"column":23},"end":{"line":35,"column":4}},"line":32},"7":{"name":"(anonymous_7)","decl":{"start":{"line":38,"column":18},"end":{"line":38,"column":19}},"loc":{"start":{"line":39,"column":2},"end":{"line":39,"column":66}},"line":39},"8":{"name":"(anonymous_8)","decl":{"start":{"line":39,"column":29},"end":{"line":39,"column":30}},"loc":{"start":{"line":39,"column":39},"end":{"line":39,"column":65}},"line":39},"9":{"name":"(anonymous_9)","decl":{"start":{"line":43,"column":17},"end":{"line":43,"column":18}},"loc":{"start":{"line":43,"column":37},"end":{"line":48,"column":1}},"line":43},"10":{"name":"(anonymous_10)","decl":{"start":{"line":50,"column":17},"end":{"line":50,"column":18}},"loc":{"start":{"line":50,"column":37},"end":{"line":54,"column":1}},"line":50}},"branchMap":{},"s":{"0":1,"1":1,"2":1,"3":0,"4":0,"5":0,"6":0,"7":1,"8":0,"9":0,"10":0,"11":0,"12":1,"13":1,"14":0,"15":0,"16":0,"17":1,"18":0,"19":0,"20":1,"21":0,"22":0,"23":1,"24":0,"25":0,"26":0,"27":1,"28":0,"29":0,"30":0},"f":{"0":0,"1":0,"2":0,"3":0,"4":0,"5":0,"6":0,"7":0,"8":0,"9":0,"10":0},"b":{},"_coverageSchema":"1a1c01bbd47fc00a2c39e90264f33305004495a9","hash":"2472ebdae8c5802721addee74dac241903874117"}
,"/Users/tonyb/_projects/dtfs2/deal-api/src/v1/controllers/bonds.controller.js": {"path":"/Users/tonyb/_projects/dtfs2/deal-api/src/v1/controllers/bonds.controller.js","statementMap":{"0":{"start":{"line":1,"column":36},"end":{"line":1,"column":64}},"1":{"start":{"line":2,"column":28},"end":{"line":2,"column":54}},"2":{"start":{"line":3,"column":29},"end":{"line":3,"column":58}},"3":{"start":{"line":4,"column":31},"end":{"line":4,"column":65}},"4":{"start":{"line":5,"column":23},"end":{"line":5,"column":56}},"5":{"start":{"line":9,"column":4},"end":{"line":9,"column":38}},"6":{"start":{"line":10,"column":44},"end":{"line":10,"column":74}},"7":{"start":{"line":11,"column":29},"end":{"line":11,"column":58}},"8":{"start":{"line":13,"column":28},"end":{"line":26,"column":1}},"9":{"start":{"line":14,"column":24},"end":{"line":15,"column":31}},"10":{"start":{"line":15,"column":4},"end":{"line":15,"column":30}},"11":{"start":{"line":17,"column":2},"end":{"line":25,"column":4}},"12":{"start":{"line":28,"column":25},"end":{"line":43,"column":1}},"13":{"start":{"line":29,"column":23},"end":{"line":29,"column":54}},"14":{"start":{"line":31,"column":17},"end":{"line":35,"column":3}},"15":{"start":{"line":37,"column":22},"end":{"line":37,"column":46}},"16":{"start":{"line":39,"column":21},"end":{"line":40,"column":31}},"17":{"start":{"line":40,"column":4},"end":{"line":40,"column":30}},"18":{"start":{"line":42,"column":2},"end":{"line":42,"column":20}},"19":{"start":{"line":46,"column":0},"end":{"line":77,"column":2}},"20":{"start":{"line":50,"column":6},"end":{"line":50,"column":16}},"21":{"start":{"line":52,"column":2},"end":{"line":76,"column":5}},"22":{"start":{"line":53,"column":4},"end":{"line":74,"column":5}},"23":{"start":{"line":54,"column":6},"end":{"line":56,"column":7}},"24":{"start":{"line":55,"column":8},"end":{"line":55,"column":31}},"25":{"start":{"line":58,"column":19},"end":{"line":59,"column":33}},"26":{"start":{"line":59,"column":8},"end":{"line":59,"column":32}},"27":{"start":{"line":61,"column":6},"end":{"line":72,"column":7}},"28":{"start":{"line":62,"column":33},"end":{"line":62,"column":59}},"29":{"start":{"line":64,"column":8},"end":{"line":71,"column":11}},"30":{"start":{"line":73,"column":6},"end":{"line":73,"column":36}},"31":{"start":{"line":75,"column":4},"end":{"line":75,"column":34}},"32":{"start":{"line":79,"column":0},"end":{"line":108,"column":2}},"33":{"start":{"line":80,"column":2},"end":{"line":107,"column":5}},"34":{"start":{"line":81,"column":4},"end":{"line":81,"column":45}},"35":{"start":{"line":81,"column":15},"end":{"line":81,"column":45}},"36":{"start":{"l
[...]
,"/Users/tonyb/_projects/dtfs2/deal-api/src/v1/validation/submission-details-rules/supplier-correspondence-address-is-required-if-different.js": {"path":"/Users/tonyb/_projects/dtfs2/deal-api/src/v1/validation/submission-details-rules/supplier-correspondence-address-is-required-if-different.js","statementMap":{"0":{"start":{"line":1,"column":24},"end":{"line":1,"column":73}},"1":{"start":{"line":2,"column":21},"end":{"line":2,"column":53}},"2":{"start":{"line":4,"column":0},"end":{"line":46,"column":2}},"3":{"start":{"line":5,"column":23},"end":{"line":5,"column":39}},"4":{"start":{"line":7,"column":35},"end":{"line":7,"column":100}},"5":{"start":{"line":9,"column":2},"end":{"line":42,"column":3}},"6":{"start":{"line":10,"column":4},"end":{"line":13,"column":6}},"7":{"start":{"line":14,"column":9},"end":{"line":42,"column":3}},"8":{"start":{"line":15,"column":4},"end":{"line":20,"column":5}},"9":{"start":{"line":16,"column":6},"end":{"line":19,"column":8}},"10":{"start":{"line":22,"column":4},"end":{"line":34,"column":5}},"11":{"start":{"line":23,"column":6},"end":{"line":28,"column":7}},"12":{"start":{"line":24,"column":8},"end":{"line":27,"column":10}},"13":{"start":{"line":29,"column":11},"end":{"line":34,"column":5}},"14":{"start":{"line":30,"column":6},"end":{"line":33,"column":8}},"15":{"start":{"line":36,"column":4},"end":{"line":41,"column":5}},"16":{"start":{"line":37,"column":6},"end":{"line":40,"column":8}},"17":{"start":{"line":45,"column":2},"end":{"line":45,"column":22}}},"fnMap":{"0":{"name":"(anonymous_0)","decl":{"start":{"line":4,"column":17},"end":{"line":4,"column":18}},"loc":{"start":{"line":4,"column":51},"end":{"line":46,"column":1}},"line":4}},"branchMap":{"0":{"loc":{"start":{"line":9,"column":2},"end":{"line":42,"column":3}},"type":"if","locations":[{"start":{"line":9,"column":2},"end":{"line":42,"column":3}},{"start":{"line":9,"column":2},"end":{"line":42,"column":3}}],"line":9},"1":{"loc":{"start":{"line":9,"column":6},"end":{"line":9,"column":81}},"type":"binary-expr","locations":[{"start":{"line":9,"column":6},"end":{"line":9,"column":42}},{"start":{"line":9,"column":46},"end":{"line":9,"column":81}}],"line":9},"2":{"loc":{"start":{"line":14,"column":9},"end":{"line":42,"column":3}},"type":"if","locations":[{"start":{"line":14,"column":9},"end":{"line":42,"column":3}},{"start":{"line":14,"column":9},"end":{"line":42,"column":3}}],"line":14},"3":{"loc":{"start":{"line":15,"column":4},"end":{"line":20,"column":5}},"type":"if","locations":[{"start":{"line":15,"column":4},"end":{"line":20,"column":5}},{"start":{"line":15,"column":4},"end":{"line":20,"column":5}}],"line":15},"4":{"loc":{"start":{"line":22,"column":4},"end":{"line":34,"column":5}},"type":"if","locations":[{"start":{"line":22,"column":4},"end":{"line":34,"column":5}},{"start":{"line":22,"column":4},"end":{"line":34,"column":5}}],"line":22},"5":{"loc":{"start":{"line":22,"column":8},"end":{"line":22,"column":147}},"type":"binary-expr","locations":[{"start":{"line":22,"column":8},"end":{"line":22,"column":68}},{"start":{"line":22,"column":72},"end":{"line":22,"column":147}}],"line":22},"6":{"loc":{"start":{"line":23,"column":6},"end":{"line":28,"column":7}},"type":"if","locations":[{"start":{"line":23,"column":6},"end":{"line":28,"column":7}},{"start":{"line":23,"column":6},"end":{"line":28,"column":7}}],"line":23},"7":{"loc":{"start":{"line":29,"column":11},"end":{"line":34,"column":5}},"type":"if","locations":[{"start":{"line":29,"column":11},"end":{"line":34,"column":5}},{"start":{"line":29,"column":11},"end":{"line":34,"column":5}}],"line":29},"8":{"loc":{"start":{"line":36,"column":4},"end":{"line":41,"column":5}},"type":"if","locations":[{"start":{"line":36,"column":4},"end":{"line":41,"column":5}},{"start":{"line":36,"column":4},"end":{"line":41,"column":5}}],"line":36}},"s":{"0":1,"1":1,"2":1,"3":7,"4":7,"5":7,"6":7,"7":0,"8":0,"9":0,"10":0,"11":0,"12":0,"13":0,"14":0,"15":0,"16":0,"17":7},"f":{"0":7},"b":{"0":[7,0],"1":[7,7],"2":[0,0],"3":[0,0],"4":[0,0],"5":[0,0],"6":[0,0],"7":[0,0],"8":[0,0]},"_coverageSchema":"1a1c01bbd47fc00a2c39e90264f33305004495a9","hash":"9f7870083914ea2cd39f6fa8a67ecf9de2696169"}
,"/Users/tonyb/_projects/dtfs2/deal-api/src/v1/validation/submission-details-rules/supplier-name-is-required.js": {"path":"/Users/tonyb/_projects/dtfs2/deal-api/src/v1/validation/submission-details-rules/supplier-name-is-required.js","statementMap":{"0":{"start":{"line":1,"column":24},"end":{"line":1,"column":73}},"1":{"start":{"line":2,"column":21},"end":{"line":2,"column":53}},"2":{"start":{"line":4,"column":0},"end":{"line":15,"column":2}},"3":{"start":{"line":5,"column":23},"end":{"line":5,"column":39}},"4":{"start":{"line":7,"column":2},"end":{"line":12,"column":3}},"5":{"start":{"line":8,"column":4},"end":{"line":11,"column":6}},"6":{"start":{"line":14,"column":2},"end":{"line":14,"column":22}}},"fnMap":{"0":{"name":"(anonymous_0)","decl":{"start":{"line":4,"column":17},"end":{"line":4,"column":18}},"loc":{"start":{"line":4,"column":51},"end":{"line":15,"column":1}},"line":4}},"branchMap":{"0":{"loc":{"start":{"line":7,"column":2},"end":{"line":12,"column":3}},"type":"if","locations":[{"start":{"line":7,"column":2},"end":{"line":12,"column":3}},{"start":{"line":7,"column":2},"end":{"line":12,"column":3}}],"line":7}},"s":{"0":1,"1":1,"2":1,"3":7,"4":7,"5":7,"6":7},"f":{"0":7},"b":{"0":[7,0]},"_coverageSchema":"1a1c01bbd47fc00a2c39e90264f33305004495a9","hash":"0f3fb91315a95db779e210d9a99843430af61e8e"}
,"/Users/tonyb/_projects/dtfs2/deal-api/src/v1/validation/submission-details-rules/supplier-type-is-required.js": {"path":"/Users/tonyb/_projects/dtfs2/deal-api/src/v1/validation/submission-details-rules/supplier-type-is-required.js","statementMap":{"0":{"start":{"line":1,"column":24},"end":{"line":1,"column":73}},"1":{"start":{"line":2,"column":21},"end":{"line":2,"column":53}},"2":{"start":{"line":4,"column":0},"end":{"line":15,"column":2}},"3":{"start":{"line":5,"column":23},"end":{"line":5,"column":39}},"4":{"start":{"line":7,"column":2},"end":{"line":12,"column":3}},"5":{"start":{"line":8,"column":4},"end":{"line":11,"column":6}},"6":{"start":{"line":14,"column":2},"end":{"line":14,"column":22}}},"fnMap":{"0":{"name":"(anonymous_0)","decl":{"start":{"line":4,"column":17},"end":{"line":4,"column":18}},"loc":{"start":{"line":4,"column":51},"end":{"line":15,"column":1}},"line":4}},"branchMap":{"0":{"loc":{"start":{"line":7,"column":2},"end":{"line":12,"column":3}},"type":"if","locations":[{"start":{"line":7,"column":2},"end":{"line":12,"column":3}},{"start":{"line":7,"column":2},"end":{"line":12,"column":3}}],"line":7}},"s":{"0":1,"1":1,"2":1,"3":7,"4":7,"5":7,"6":7},"f":{"0":7},"b":{"0":[7,0]},"_coverageSchema":"1a1c01bbd47fc00a2c39e90264f33305004495a9","hash":"3491d02c43cddc6f694f7943c6d6c347b8abde12"}
,"/Users/tonyb/_projects/dtfs2/deal-api/src/v1/validation/submission-details-rules/supply-contract-conversion-rate-date-is-required-for-non-GBP.js": {"path":"/Users/tonyb/_projects/dtfs2/deal-api/src/v1/validation/submission-details-rules/supply-contract-conversion-rate-date-is-required-for-non-GBP.js","statementMap":{"0":{"start":{"line":1,"column":15},"end":{"line":1,"column":32}},"1":{"start":{"line":3,"column":24},"end":{"line":3,"column":73}},"2":{"start":{"line":4,"column":21},"end":{"line":4,"column":53}},"3":{"start":{"line":6,"column":0},"end":{"line":67,"column":2}},"4":{"start":{"line":7,"column":23},"end":{"line":7,"column":39}},"5":{"start":{"line":10,"column":2},"end":{"line":65,"column":3}},"6":{"start":{"line":11,"column":16},"end":{"line":11,"column":69}},"7":{"start":{"line":12,"column":18},"end":{"line":12,"column":73}},"8":{"start":{"line":13,"column":17},"end":{"line":13,"column":71}},"9":{"start":{"line":16,"column":4},"end":{"line":64,"column":5}},"10":{"start":{"line":17,"column":19},"end":{"line":17,"column":52}},"11":{"start":{"line":18,"column":18},"end":{"line":18,"column":104}},"12":{"start":{"line":19,"column":28},"end":{"line":19,"column":134}},"13":{"start":{"line":22,"column":6},"end":{"line":27,"column":7}},"14":{"start":{"line":23,"column":8},"end":{"line":26,"column":10}},"15":{"start":{"line":30,"column":6},"end":{"line":35,"column":7}},"16":{"start":{"line":31,"column":8},"end":{"line":34,"column":10}},"17":{"start":{"line":38,"column":6},"end":{"line":41,"column":8}},"18":{"start":{"line":44,"column":6},"end":{"line":63,"column":7}},"19":{"start":{"line":45,"column":8},"end":{"line":50,"column":9}},"20":{"start":{"line":46,"column":10},"end":{"line":49,"column":12}},"21":{"start":{"line":51,"column":8},"end":{"line":56,"column":9}},"22":{"start":{"line":52,"column":10},"end":{"line":55,"column":12}},"23":{"start":{"line":57,"column":8},"end":{"line":62,"column":9}},"24":{"start":{"line":58,"column":10},"end":{"line":61,"column":12}},"25":{"start":{"line":66,"column":2},"end":{"line":66,"column":22}}},"fnMap":{"0":{"name":"(anonymous_0)","decl":{"start":{"line":6,"column":17},"end":{"line":6,"column":18}},"loc":{"start":{"line":6,"column":51},"end":{"line":67,"column":1}},"line":6}},"branchMap":{"0":{"loc":{"start":{"line":10,"column":2},"end":{"line":65,"column":3}},"type":"if","locations":[{"start":{"line":10,"column":2},"end":{"line":65,"column":3}},{"start":{"line":10,"column":2},"end":{"line":65,"column":3}}],"line":10},"1":{"loc":{"start":{"line":10,"column":6},"end":{"line":10,"column":113}},"type":"binary-expr","locations":[{"start":{"line":10,"column":6},"end":{"line":10,"column":56}},{"start":{"line":10,"column":60},"end":{"line":10,"column":113}}],"line":10},"2":{"loc":{"start":{"line":16,"column":4},"end":{"line":64,"column":5}},"type":"if","locations":[{"start":{"line":16,"column":4},"end":{"line":64,"column":5}},{"start":{"line":16,"column":4},"end":{"line":64,"column":5}}],"line":16},"3":{"loc":{"start":{"line":16,"column":8},"end":{"line":16,"column":58}},"type":"binary-expr","locations":[{"start":{"line":16,"column":8},"end":{"line":16,"column":21}},{"start":{"line":16,"column":25},"end":{"line":16,"column":40}},{"start":{"line":16,"column":44},"end":{"line":16,"column":58}}],"line":16},"4":{"loc":{"start":{"line":22,"column":6},"end":{"line":27,"column":7}},"type":"if","locations":[{"start":{"line":22,"column":6},"end":{"line":27,"column":7}},{"start":{"line":22,"column":6},"end":{"line":27,"column":7}}],"line":22},"5":{"loc":{"start":{"line":30,"column":6},"end":{"line":35,"column":7}},"type":"if","locations":[{"start":{"line":30,"column":6},"end":{"line":35,"column":7}},{"start":{"line":30,"column":6},"end":{"line":35,"column":7}}],"line":30},"6":{"loc":{"start":{"line":44,"column":6},"end":{"line":63,"column":7}},"type":"if","locations":[{"start":{"line":44,"column":6},"end":{"line":63,"column":7}},{"start":{"line":44,"column":6},"end":{"line":63,"column":7}}],"line":44},"7":{"loc":{"start":{"line":44,"column":10},"end":{"line":44,"column":60}},"type":"binary-expr","locations":[{"start":{"line":44,"column":10},"end":{"line":44,"column":23}},{"start":{"line":44,"column":27},"end":{"line":44,"column":42}},{"start":{"line":44,"column":46},"end":{"line":44,"column":60}}],"line":44},"8":{"loc":{"start":{"line":45,"column":8},"end":{"line":50,"column":9}},"type":"if","locations":[{"start":{"line":45,"column":8},"end":{"line":50,"column":9}},{"start":{"line":45,"column":8},"end":{"line":50,"column":9}}],"line":45},"9":{"loc":{"start":{"line":51,"column":8},"end":{"line":56,"column":9}},"type":"if","locations":[{"start":{"line":51,"column":8},"end":{"line":56,"column":9}},{"start":{"line":51,"column":8},"end":{"line":56,"column":9}}],"line":51},"10":{"loc":{"start":{"line":57,"column":8},"end":{"line":62,"column":9}},"type":"if","locations":[{"start":{"line":57,"column":8},"end":{"line":62,"column":9}},{"start":{"line":57,"column":8},"end":{"line":62,"column":9}}],"line":57}},"s":{"0":1,"1":1,"2":1,"3":1,"4":7,"5":7,"6":0,"7":0,"8":0,"9":0,"10":0,"11":0,"12":0,"13":0,"14":0,"15":0,"16":0,"17":0,"18":0,"19":0,"20":0,"21":0,"22":0,"23":0,"24":0,"25":7},"f":{"0":7},"b":{"0":[0,7],"1":[7,7],"2":[0,0],"3":[0,0,0],"4":[0,0],"5":[0,0],"6":[0,0],"7":[0,0,0],"8":[0,0],"9":[0,0],"10":[0,0]},"_coverageSchema":"1a1c01bbd47fc00a2c39e90264f33305004495a9","hash":"cbf1ca56bdf2483fc3768fe59ac5889340851a56"}
,"/Users/tonyb/_projects/dtfs2/deal-api/src/v1/validation/submission-details-rules/supply-contract-conversion-rate-is-required-for-non-GBP.js": {"path":"/Users/tonyb/_projects/dtfs2/deal-api/src/v1/validation/submission-details-rules/supply-contract-conversion-rate-is-required-for-non-GBP.js","statementMap":{"0":{"start":{"line":1,"column":24},"end":{"line":1,"column":73}},"1":{"start":{"line":2,"column":21},"end":{"line":2,"column":53}},"2":{"start":{"line":4,"column":47},"end":{"line":4,"column":76}},"3":{"start":{"line":6,"column":0},"end":{"line":23,"column":2}},"4":{"start":{"line":7,"column":23},"end":{"line":7,"column":39}},"5":{"start":{"line":9,"column":2},"end":{"line":21,"column":3}},"6":{"start":{"line":10,"column":4},"end":{"line":20,"column":5}},"7":{"start":{"line":11,"column":6},"end":{"line":14,"column":8}},"8":{"start":{"line":15,"column":11},"end":{"line":20,"column":5}},"9":{"start":{"line":16,"column":6},"end":{"line":19,"column":8}},"10":{"start":{"line":22,"column":2},"end":{"line":22,"column":22}}},"fnMap":{"0":{"name":"(anonymous_0)","decl":{"start":{"line":6,"column":17},"end":{"line":6,"column":18}},"loc":{"start":{"line":6,"column":51},"end":{"line":23,"column":1}},"line":6}},"branchMap":{"0":{"loc":{"start":{"line":9,"column":2},"end":{"line":21,"column":3}},"type":"if","locations":[{"start":{"line":9,"column":2},"end":{"line":21,"column":3}},{"start":{"line":9,"column":2},"end":{"line":21,"column":3}}],"line":9},"1":{"loc":{"start":{"line":9,"column":6},"end":{"line":9,"column":113}},"type":"binary-expr","locations":[{"start":{"line":9,"column":6},"end":{"line":9,"column":56}},{"start":{"line":9,"column":60},"end":{"line":9,"column":113}}],"line":9},"2":{"loc":{"start":{"line":10,"column":4},"end":{"line":20,"column":5}},"type":"if","locations":[{"start":{"line":10,"column":4},"end":{"line":20,"column":5}},{"start":{"line":10,"column":4},"end":{"line":20,"column":5}}],"line":10},"3":{"loc":{"start":{"line":15,"column":11},"end":{"line":20,"column":5}},"type":"if","locations":[{"start":{"line":15,"column":11},"end":{"line":20,"column":5}},{"start":{"line":15,"column":11},"end":{"line":20,"column":5}}],"line":15}},"s":{"0":1,"1":1,"2":1,"3":1,"4":7,"5":7,"6":0,"7":0,"8":0,"9":0,"10":7},"f":{"0":7},"b":{"0":[0,7],"1":[7,7],"2":[0,0],"3":[0,0]},"_coverageSchema":"1a1c01bbd47fc00a2c39e90264f33305004495a9","hash":"a08954db6370e6b8965d38c5472acf465b26a05f"}
,"/Users/tonyb/_projects/dtfs2/deal-api/src/v1/validation/submission-details-rules/supply-contract-currency-is-required.js": {"path":"/Users/tonyb/_projects/dtfs2/deal-api/src/v1/validation/submission-details-rules/supply-contract-currency-is-required.js","statementMap":{"0":{"start":{"line":1,"column":24},"end":{"line":1,"column":73}},"1":{"start":{"line":2,"column":21},"end":{"line":2,"column":53}},"2":{"start":{"line":4,"column":0},"end":{"line":14,"column":2}},"3":{"start":{"line":5,"column":23},"end":{"line":5,"column":39}},"4":{"start":{"line":6,"column":2},"end":{"line":11,"column":3}},"5":{"start":{"line":7,"column":4},"end":{"line":10,"column":6}},"6":{"start":{"line":13,"column":2},"end":{"line":13,"column":22}}},"fnMap":{"0":{"name":"(anonymous_0)","decl":{"start":{"line":4,"column":17},"end":{"line":4,"column":18}},"loc":{"start":{"line":4,"column":51},"end":{"line":14,"column":1}},"line":4}},"branchMap":{"0":{"loc":{"start":{"line":6,"column":2},"end":{"line":11,"column":3}},"type":"if","locations":[{"start":{"line":6,"column":2},"end":{"line":11,"column":3}},{"start":{"line":6,"column":2},"end":{"line":11,"column":3}}],"line":6},"1":{"loc":{"start":{"line":6,"column":6},"end":{"line":6,"column":105}},"type":"binary-expr","locations":[{"start":{"line":6,"column":6},"end":{"line":6,"column":47}},{"start":{"line":6,"column":51},"end":{"line":6,"column":105}}],"line":6}},"s":{"0":1,"1":1,"2":1,"3":7,"4":7,"5":0,"6":7},"f":{"0":7},"b":{"0":[0,7],"1":[7,7]},"_coverageSchema":"1a1c01bbd47fc00a2c39e90264f33305004495a9","hash":"450bd708327a7b15ca7063b9575b788610da4d29"}
,"/Users/tonyb/_projects/dtfs2/deal-api/src/v1/validation/submission-details-rules/supply-contract-description-is-required.js": {"path":"/Users/tonyb/_projects/dtfs2/deal-api/src/v1/validation/submission-details-rules/supply-contract-description-is-required.js","statementMap":{"0":{"start":{"line":1,"column":24},"end":{"line":1,"column":73}},"1":{"start":{"line":2,"column":21},"end":{"line":2,"column":53}},"2":{"start":{"line":4,"column":0},"end":{"line":14,"column":2}},"3":{"start":{"line":5,"column":23},"end":{"line":5,"column":39}},"4":{"start":{"line":6,"column":2},"end":{"line":11,"column":3}},"5":{"start":{"line":7,"column":4},"end":{"line":10,"column":6}},"6":{"start":{"line":13,"column":2},"end":{"line":13,"column":22}}},"fnMap":{"0":{"name":"(anonymous_0)","decl":{"start":{"line":4,"column":17},"end":{"line":4,"column":18}},"loc":{"start":{"line":4,"column":51},"end":{"line":14,"column":1}},"line":4}},"branchMap":{"0":{"loc":{"start":{"line":6,"column":2},"end":{"line":11,"column":3}},"type":"if","locations":[{"start":{"line":6,"column":2},"end":{"line":11,"column":3}},{"start":{"line":6,"column":2},"end":{"line":11,"column":3}}],"line":6}},"s":{"0":1,"1":1,"2":1,"3":7,"4":7,"5":7,"6":7},"f":{"0":7},"b":{"0":[7,0]},"_coverageSchema":"1a1c01bbd47fc00a2c39e90264f33305004495a9","hash":"d949f70cc8f9d75477d03cfae1c25fb6699b3b59"}
,"/Users/tonyb/_projects/dtfs2/deal-api/src/v1/validation/submission-details-rules/supply-contract-value-is-required.js": {"path":"/Users/tonyb/_projects/dtfs2/deal-api/src/v1/validation/submission-details-rules/supply-contract-value-is-required.js","statementMap":{"0":{"start":{"line":1,"column":24},"end":{"line":1,"column":73}},"1":{"start":{"line":2,"column":21},"end":{"line":2,"column":53}},"2":{"start":{"line":3,"column":29},"end":{"line":3,"column":61}},"3":{"start":{"line":5,"column":0},"end":{"line":25,"column":2}},"4":{"start":{"line":6,"column":23},"end":{"line":6,"column":39}},"5":{"start":{"line":7,"column":2},"end":{"line":13,"column":3}},"6":{"start":{"line":8,"column":4},"end":{"line":11,"column":6}},"7":{"start":{"line":12,"column":4},"end":{"line":12,"column":24}},"8":{"start":{"line":15,"column":25},"end":{"line":15,"column":80}},"9":{"start":{"line":17,"column":2},"end":{"line":22,"column":3}},"10":{"start":{"line":18,"column":4},"end":{"line":21,"column":6}},"11":{"start":{"line":24,"column":2},"end":{"line":24,"column":22}}},"fnMap":{"0":{"name":"(anonymous_0)","decl":{"start":{"line":5,"column":17},"end":{"line":5,"column":18}},"loc":{"start":{"line":5,"column":51},"end":{"line":25,"column":1}},"line":5}},"branchMap":{"0":{"loc":{"start":{"line":7,"column":2},"end":{"line":13,"column":3}},"type":"if","locations":[{"start":{"line":7,"column":2},"end":{"line":13,"column":3}},{"start":{"line":7,"column":2},"end":{"line":13,"column":3}}],"line":7},"1":{"loc":{"start":{"line":17,"column":2},"end":{"line":22,"column":3}},"type":"if","locations":[{"start":{"line":17,"column":2},"end":{"line":22,"column":3}},{"start":{"line":17,"column":2},"end":{"line":22,"column":3}}],"line":17}},"s":{"0":1,"1":1,"2":1,"3":1,"4":7,"5":7,"6":7,"7":7,"8":0,"9":0,"10":0,"11":0},"f":{"0":7},"b":{"0":[7,0],"1":[0,0]},"_coverageSchema":"1a1c01bbd47fc00a2c39e90264f33305004495a9","hash":"01ef836161fbfef7d56e2b6a30d9413df1ff8634"}
}
