TN:
SF:src/createApp.js
FN:43,(anonymous_0)
FN:51,(anonymous_1)
FN:60,(anonymous_2)
FNF:3
FNH:0
FNDA:0,(anonymous_0)
FNDA:0,(anonymous_1)
FNDA:0,(anonymous_2)
DA:1,1
DA:2,1
DA:3,1
DA:4,1
DA:5,1
DA:6,1
DA:7,1
DA:8,1
DA:10,1
DA:11,1
DA:12,1
DA:14,1
DA:16,1
DA:18,1
DA:19,1
DA:21,1
DA:22,1
DA:24,1
DA:25,1
DA:26,1
DA:28,1
DA:33,1
DA:34,1
DA:35,1
DA:37,1
DA:38,1
DA:40,1
DA:43,0
DA:49,1
DA:51,1
DA:52,0
DA:55,1
DA:59,1
DA:60,1
DA:61,0
DA:63,1
DA:65,1
LF:37
LH:34
BRF:0
BRH:0
end_of_record
TN:
SF:src/index.js
FN:3,(anonymous_0)
FN:15,(anonymous_1)
FNF:2
FNH:0
FNDA:0,(anonymous_0)
FNDA:0,(anonymous_1)
DA:3,0
DA:4,0
DA:5,0
DA:6,0
DA:7,0
DA:11,0
DA:13,0
DA:15,0
LF:8
LH:0
BRDA:4,0,0,0
BRDA:4,0,1,0
BRDA:13,1,0,0
BRDA:13,1,1,0
BRF:4
BRH:0
end_of_record
TN:
SF:src/now.js
FN:6,(anonymous_0)
FNF:1
FNH:1
FNDA:86,(anonymous_0)
DA:1,1
DA:6,86
LF:2
LH:2
BRF:0
BRH:0
end_of_record
TN:
SF:src/role-validator.js
FN:3,(anonymous_0)
FN:7,(anonymous_1)
FN:8,(anonymous_2)
FN:12,(anonymous_3)
FN:15,(anonymous_4)
FNF:5
FNH:5
FNDA:124,(anonymous_0)
FNDA:124,(anonymous_1)
FNDA:124,(anonymous_2)
FNDA:41,(anonymous_3)
FNDA:124,(anonymous_4)
DA:1,1
DA:3,1
DA:4,124
DA:5,0
DA:7,124
DA:8,124
DA:9,124
DA:12,1
DA:13,41
DA:15,41
DA:16,124
DA:17,121
DA:19,3
DA:24,1
LF:14
LH:13
BRDA:4,0,0,0
BRDA:4,0,1,124
BRDA:4,1,0,124
BRDA:4,1,1,124
BRDA:7,2,0,124
BRDA:7,2,1,124
BRDA:13,3,0,40
BRDA:13,3,1,1
BRDA:16,4,0,121
BRDA:16,4,1,3
BRF:10
BRH:9
end_of_record
TN:
SF:src/config/database.config.js
FNF:0
FNH:0
DA:1,1
DA:3,1
DA:5,1
DA:6,1
DA:8,1
LF:5
LH:5
BRF:0
BRH:0
end_of_record
TN:
SF:src/config/fileshare.config.js
FNF:0
FNH:0
DA:2,1
DA:10,1
DA:18,1
LF:3
LH:3
BRF:0
BRH:0
end_of_record
TN:
SF:src/constants/deal.js
FNF:0
FNH:0
DA:1,1
DA:9,1
DA:14,1
DA:20,1
DA:25,1
DA:32,1
DA:47,1
LF:7
LH:7
BRF:0
BRH:0
end_of_record
TN:
SF:src/constants/facilities.js
FNF:0
FNH:0
DA:1,1
DA:7,1
DA:14,1
DA:19,1
DA:24,1
DA:29,1
DA:34,1
DA:45,1
LF:8
LH:8
BRF:0
BRH:0
end_of_record
TN:
SF:src/constants/index.js
FNF:0
FNH:0
DA:1,1
DA:2,1
DA:4,1
LF:3
LH:3
BRF:0
BRH:0
end_of_record
TN:
SF:src/crypto/utils.js
FN:18,validPassword
FN:34,genPassword
FN:48,issueJWT
FNF:3
FNH:3
FNDA:11,validPassword
FNDA:11,genPassword
FNDA:11,issueJWT
DA:1,1
DA:2,1
DA:3,1
DA:5,1
DA:7,1
DA:19,11
DA:20,11
DA:35,11
DA:36,11
DA:38,11
DA:49,11
DA:51,11
DA:53,11
DA:61,11
DA:63,11
DA:69,1
DA:70,1
DA:71,1
LF:18
LH:18
BRF:0
BRH:0
end_of_record
TN:
SF:src/drivers/db-client.js
FN:10,(anonymous_0)
FN:16,(anonymous_1)
FN:26,(anonymous_2)
FNF:3
FNH:3
FNDA:1,(anonymous_0)
FNDA:1,(anonymous_1)
FNDA:424,(anonymous_2)
DA:1,1
DA:3,1
DA:7,1
DA:10,1
DA:11,1
DA:12,1
DA:13,1
DA:16,1
DA:17,1
DA:18,1
DA:21,1
DA:24,1
DA:26,1
DA:27,424
DA:28,1
DA:31,424
LF:16
LH:16
BRDA:17,0,0,1
BRDA:17,0,1,0
BRDA:27,1,0,1
BRDA:27,1,1,423
BRF:4
BRH:3
end_of_record
TN:
SF:src/drivers/fileshare.js
FN:5,(anonymous_0)
FN:12,(anonymous_1)
FN:22,(anonymous_2)
FN:32,(anonymous_3)
FN:41,(anonymous_4)
FN:46,(anonymous_5)
FN:66,(anonymous_6)
FN:75,(anonymous_7)
FN:89,(anonymous_8)
FN:113,(anonymous_9)
FN:133,(anonymous_10)
FN:136,(anonymous_11)
FN:139,(anonymous_12)
FN:143,(anonymous_13)
FN:151,(anonymous_14)
FN:157,(anonymous_15)
FN:180,(anonymous_16)
FN:192,(anonymous_17)
FNF:18
FNH:1
FNDA:1,(anonymous_0)
FNDA:0,(anonymous_1)
FNDA:0,(anonymous_2)
FNDA:0,(anonymous_3)
FNDA:0,(anonymous_4)
FNDA:0,(anonymous_5)
FNDA:0,(anonymous_6)
FNDA:0,(anonymous_7)
FNDA:0,(anonymous_8)
FNDA:0,(anonymous_9)
FNDA:0,(anonymous_10)
FNDA:0,(anonymous_11)
FNDA:0,(anonymous_12)
FNDA:0,(anonymous_13)
FNDA:0,(anonymous_14)
FNDA:0,(anonymous_15)
FNDA:0,(anonymous_16)
FNDA:0,(anonymous_17)
DA:1,1
DA:3,1
DA:5,1
DA:6,1
DA:9,1
DA:12,1
DA:15,0
DA:17,0
DA:19,0
DA:22,1
DA:23,0
DA:24,0
DA:26,0
DA:31,0
DA:32,0
DA:33,0
DA:34,0
DA:35,0
DA:38,0
DA:41,1
DA:42,0
DA:44,0
DA:46,0
DA:47,0
DA:48,0
DA:49,0
DA:50,0
DA:51,0
DA:52,0
DA:55,0
DA:63,0
DA:66,1
DA:73,0
DA:75,0
DA:76,0
DA:77,0
DA:78,0
DA:79,0
DA:88,0
DA:89,0
DA:91,0
DA:92,0
DA:95,0
DA:96,0
DA:97,0
DA:105,0
DA:113,1
DA:116,0
DA:118,0
DA:120,0
DA:121,0
DA:122,0
DA:124,0
DA:133,1
DA:134,0
DA:136,0
DA:139,1
DA:140,0
DA:142,0
DA:143,0
DA:144,0
DA:148,0
DA:151,1
DA:152,0
DA:153,0
DA:154,0
DA:157,1
DA:158,0
DA:164,0
DA:165,0
DA:166,0
DA:169,0
DA:176,0
DA:177,0
DA:180,1
DA:181,0
DA:183,0
DA:185,0
DA:186,0
DA:188,0
DA:189,0
DA:192,1
DA:193,0
DA:195,0
DA:196,0
DA:198,0
DA:199,0
DA:202,0
DA:204,0
DA:205,0
DA:206,0
DA:209,0
DA:212,1
LF:93
LH:17
BRDA:5,0,0,0
BRDA:6,1,0,0
BRDA:6,1,1,1
BRDA:12,2,0,0
BRDA:33,3,0,0
BRDA:33,3,1,0
BRDA:34,4,0,0
BRDA:34,4,1,0
BRDA:41,5,0,0
BRDA:47,6,0,0
BRDA:47,6,1,0
BRDA:48,7,0,0
BRDA:48,7,1,0
BRDA:49,8,0,0
BRDA:49,8,1,0
BRDA:76,9,0,0
BRDA:76,9,1,0
BRDA:77,10,0,0
BRDA:77,10,1,0
BRDA:91,11,0,0
BRDA:91,11,1,0
BRDA:91,12,0,0
BRDA:91,12,1,0
BRDA:95,13,0,0
BRDA:95,13,1,0
BRDA:95,14,0,0
BRDA:95,14,1,0
BRDA:114,15,0,0
BRDA:140,16,0,0
BRDA:140,16,1,0
BRDA:142,17,0,0
BRDA:142,17,1,0
BRDA:165,18,0,0
BRDA:165,18,1,0
BRDA:185,19,0,0
BRDA:185,19,1,0
BRDA:198,20,0,0
BRDA:198,20,1,0
BRF:38
BRH:1
end_of_record
TN:
SF:src/graphql/index.js
FNF:0
FNH:0
DA:1,1
DA:2,1
DA:3,1
DA:5,1
LF:4
LH:4
BRF:0
BRH:0
end_of_record
TN:
SF:src/graphql/routes.js
FNF:0
FNH:0
DA:1,1
DA:2,1
DA:4,1
DA:6,1
DA:8,1
DA:10,1
LF:6
LH:6
BRF:0
BRH:0
end_of_record
TN:
SF:src/graphql/middleware/index.js
FNF:0
FNH:0
DA:1,1
DA:3,1
LF:2
LH:2
BRF:0
BRH:0
end_of_record
TN:
SF:src/graphql/middleware/validate-user.js
FN:5,(anonymous_0)
FNF:1
FNH:0
FNDA:0,(anonymous_0)
DA:1,1
DA:3,1
DA:7,0
DA:9,0
DA:10,0
DA:12,0
DA:20,0
DA:30,1
LF:8
LH:3
BRDA:9,0,0,0
BRDA:9,0,1,0
BRF:2
BRH:0
end_of_record
TN:
SF:src/graphql/resolvers/index.js
FNF:0
FNH:0
DA:1,1
DA:2,1
DA:4,1
DA:11,1
LF:4
LH:4
BRF:0
BRH:0
end_of_record
TN:
SF:src/graphql/resolvers/query-deals.js
FN:5,(anonymous_0)
FN:8,(anonymous_1)
FNF:2
FNH:0
FNDA:0,(anonymous_0)
FNDA:0,(anonymous_1)
DA:1,1
DA:3,1
DA:5,1
DA:6,0
DA:8,0
DA:13,0
DA:17,0
DA:20,1
LF:8
LH:4
BRDA:5,0,0,0
BRDA:6,1,0,0
BRDA:6,2,0,0
BRDA:10,3,0,0
BRDA:10,3,1,0
BRDA:13,4,0,0
BRDA:13,4,1,0
BRF:7
BRH:0
end_of_record
TN:
SF:src/graphql/resolvers/query-transactions.js
FN:5,(anonymous_0)
FN:8,(anonymous_1)
FNF:2
FNH:0
FNDA:0,(anonymous_0)
FNDA:0,(anonymous_1)
DA:1,1
DA:3,1
DA:5,1
DA:6,0
DA:8,0
DA:13,0
DA:17,0
DA:20,1
LF:8
LH:4
BRDA:5,0,0,0
BRDA:6,1,0,0
BRDA:6,2,0,0
BRDA:10,3,0,0
BRDA:10,3,1,0
BRDA:13,4,0,0
BRDA:13,4,1,0
BRF:7
BRH:0
end_of_record
TN:
SF:src/graphql/resolvers/helpers/db-helpers.js
FN:1,(anonymous_0)
FNF:1
FNH:0
FNDA:0,(anonymous_0)
DA:1,1
DA:5,1
LF:2
LH:2
BRF:0
BRH:0
end_of_record
TN:
SF:src/graphql/resolvers/helpers/index.js
FNF:0
FNH:0
DA:1,1
DA:3,1
LF:2
LH:2
BRF:0
BRH:0
end_of_record
TN:
SF:src/graphql/schemas/index.js
FNF:0
FNH:0
DA:1,1
DA:123,1
LF:2
LH:2
BRF:0
BRH:0
end_of_record
TN:
SF:src/scheduler/index.js
FN:4,(anonymous_0)
FN:6,(anonymous_1)
FNF:2
FNH:1
FNDA:1,(anonymous_0)
FNDA:0,(anonymous_1)
DA:1,1
DA:2,1
DA:4,1
DA:5,1
DA:6,0
DA:7,0
DA:8,0
DA:9,0
DA:12,1
DA:16,1
LF:10
LH:6
BRDA:5,0,0,0
BRDA:5,0,1,1
BRF:2
BRH:1
end_of_record
TN:
SF:src/scheduler/jobs/fetch-workflow-type-b.js
FN:10,(anonymous_0)
FN:13,(anonymous_1)
FN:26,(anonymous_2)
FN:35,(anonymous_3)
FN:51,(anonymous_4)
FN:56,(anonymous_5)
FN:64,(anonymous_6)
FN:81,(anonymous_7)
FN:86,(anonymous_8)
FNF:9
FNH:0
FNDA:0,(anonymous_0)
FNDA:0,(anonymous_1)
FNDA:0,(anonymous_2)
FNDA:0,(anonymous_3)
FNDA:0,(anonymous_4)
FNDA:0,(anonymous_5)
FNDA:0,(anonymous_6)
FNDA:0,(anonymous_7)
FNDA:0,(anonymous_8)
DA:2,1
DA:6,1
DA:7,1
DA:9,1
DA:10,0
DA:14,0
DA:16,0
DA:21,0
DA:22,0
DA:23,0
DA:26,0
DA:28,0
DA:29,0
DA:32,0
DA:33,0
DA:35,0
DA:36,0
DA:43,0
DA:45,0
DA:46,0
DA:49,0
DA:51,0
DA:56,0
DA:57,0
DA:60,0
DA:62,0
DA:64,0
DA:65,0
DA:71,0
DA:77,0
DA:80,0
DA:81,0
DA:83,0
DA:84,0
DA:85,0
DA:86,0
DA:89,0
DA:94,1
LF:38
LH:5
BRDA:13,0,0,0
BRDA:18,1,0,0
BRDA:18,1,1,0
BRDA:22,2,0,0
BRDA:22,2,1,0
BRDA:28,3,0,0
BRDA:28,3,1,0
BRDA:84,4,0,0
BRDA:84,4,1,0
BRF:9
BRH:0
end_of_record
TN:
SF:src/scheduler/jobs/index.js
FNF:0
FNH:0
DA:1,1
DA:3,1
LF:2
LH:2
BRF:0
BRH:0
end_of_record
TN:
SF:src/utils/array.js
FN:1,(anonymous_0)
FN:1,(anonymous_1)
FNF:2
FNH:0
FNDA:0,(anonymous_0)
FNDA:0,(anonymous_1)
DA:1,1
DA:3,1
LF:2
LH:2
BRF:0
BRH:0
end_of_record
TN:
SF:src/utils/error-list-order-number.js
FN:1,(anonymous_0)
FNF:1
FNH:1
FNDA:166,(anonymous_0)
DA:1,1
DA:2,166
DA:4,166
DA:5,152
DA:6,152
DA:7,152
DA:9,14
LF:7
LH:7
BRDA:4,0,0,152
BRDA:4,0,1,14
BRF:2
BRH:2
end_of_record
TN:
SF:src/utils/formatFilenameForSharepoint.js
FN:15,(anonymous_0)
FNF:1
FNH:0
FNDA:0,(anonymous_0)
DA:15,1
DA:16,0
DA:17,0
DA:18,0
DA:20,0
DA:23,1
LF:6
LH:2
BRF:0
BRH:0
end_of_record
TN:
SF:src/utils/generateIds.js
FN:3,(anonymous_0)
FN:15,(anonymous_1)
FNF:2
FNH:2
FNDA:19,(anonymous_0)
FNDA:16,(anonymous_1)
DA:1,1
DA:3,1
DA:4,19
DA:5,19
DA:12,19
DA:15,1
DA:16,16
DA:17,16
DA:23,16
DA:26,1
LF:10
LH:10
BRF:0
BRH:0
end_of_record
TN:
SF:src/utils/index.js
FNF:0
FNH:0
DA:1,1
DA:2,1
DA:4,1
LF:3
LH:3
BRF:0
BRH:0
end_of_record
TN:
SF:src/utils/number.js
FN:1,(anonymous_0)
FN:4,(anonymous_1)
FN:6,(anonymous_2)
FN:14,(anonymous_3)
FN:19,(anonymous_4)
FN:33,(anonymous_5)
FN:44,(anonymous_6)
FNF:7
FNH:6
FNDA:47,(anonymous_0)
FNDA:0,(anonymous_1)
FNDA:96,(anonymous_2)
FNDA:16,(anonymous_3)
FNDA:70,(anonymous_4)
FNDA:33,(anonymous_5)
FNDA:82,(anonymous_6)
DA:1,1
DA:2,47
DA:4,1
DA:6,1
DA:7,96
DA:8,96
DA:9,66
DA:11,30
DA:14,1
DA:15,16
DA:16,16
DA:19,1
DA:20,70
DA:21,70
DA:23,70
DA:24,0
DA:27,70
DA:28,70
DA:29,70
DA:30,70
DA:33,1
DA:34,33
DA:35,33
DA:37,33
DA:44,82
DA:46,1
LF:26
LH:25
BRDA:2,0,0,47
BRDA:2,0,1,47
BRDA:2,0,2,47
BRDA:8,1,0,66
BRDA:8,1,1,30
BRDA:23,2,0,0
BRDA:23,2,1,70
BRDA:33,3,0,2
BRDA:35,4,0,33
BRDA:35,4,1,2
BRDA:38,5,0,31
BRDA:38,5,1,2
BRDA:44,6,0,60
BRF:13
BRH:12
end_of_record
TN:
SF:src/utils/string.js
FN:1,(anonymous_0)
FN:8,(anonymous_1)
FNF:2
FNH:2
FNDA:338,(anonymous_0)
FNDA:580,(anonymous_1)
DA:1,1
DA:2,338
DA:3,0
DA:5,338
DA:8,1
DA:9,580
DA:10,338
DA:12,242
DA:15,1
LF:9
LH:8
BRDA:2,0,0,0
BRDA:2,0,1,338
BRDA:2,1,0,338
BRDA:2,1,1,338
BRDA:2,1,2,15
BRDA:2,1,3,323
BRDA:9,2,0,338
BRDA:9,2,1,242
BRDA:9,3,0,580
BRDA:9,3,1,338
BRF:10
BRH:9
end_of_record
TN:
SF:src/v1/routes.js
FN:318,(anonymous_0)
FN:323,(anonymous_1)
FN:327,(anonymous_2)
FN:334,(anonymous_3)
FNF:4
FNH:0
FNDA:0,(anonymous_0)
FNDA:0,(anonymous_1)
FNDA:0,(anonymous_2)
FNDA:0,(anonymous_3)
DA:1,1
DA:2,1
DA:3,1
DA:5,1
DA:7,1
DA:8,1
DA:9,1
DA:10,1
DA:11,1
DA:12,1
DA:13,1
DA:14,1
DA:15,1
DA:16,1
DA:17,1
DA:18,1
DA:19,1
DA:20,1
DA:21,1
DA:22,1
DA:23,1
DA:25,1
DA:27,1
DA:28,1
DA:30,1
DA:32,1
DA:35,1
DA:41,1
DA:51,1
DA:61,1
DA:67,1
DA:73,1
DA:83,1
DA:89,1
DA:95,1
DA:105,1
DA:119,1
DA:125,1
DA:131,1
DA:138,1
DA:144,1
DA:153,1
DA:166,1
DA:175,1
DA:188,1
DA:197,1
DA:210,1
DA:220,1
DA:230,1
DA:239,1
DA:252,1
DA:261,1
DA:274,1
DA:279,1
DA:285,1
DA:291,1
DA:299,1
DA:309,1
DA:315,1
DA:319,0
DA:323,1
DA:324,0
DA:327,1
DA:328,0
DA:329,0
DA:331,0
DA:334,1
DA:335,0
DA:336,0
DA:338,0
DA:341,1
LF:71
LH:63
BRDA:328,0,0,0
BRDA:328,0,1,0
BRDA:335,1,0,0
BRDA:335,1,1,0
BRF:4
BRH:0
end_of_record
TN:
SF:src/v1/controllers/banks.controller.js
FN:5,(anonymous_0)
FN:8,(anonymous_1)
FN:14,(anonymous_2)
FN:17,(anonymous_3)
FN:24,(anonymous_4)
FN:31,(anonymous_5)
FN:32,(anonymous_6)
FN:38,(anonymous_7)
FN:39,(anonymous_8)
FN:43,(anonymous_9)
FN:50,(anonymous_10)
FNF:11
FNH:0
FNDA:0,(anonymous_0)
FNDA:0,(anonymous_1)
FNDA:0,(anonymous_2)
FNDA:0,(anonymous_3)
FNDA:0,(anonymous_4)
FNDA:0,(anonymous_5)
FNDA:0,(anonymous_6)
FNDA:0,(anonymous_7)
FNDA:0,(anonymous_8)
FNDA:0,(anonymous_9)
FNDA:0,(anonymous_10)
DA:1,1
DA:3,1
DA:5,1
DA:6,0
DA:8,0
DA:9,0
DA:10,0
DA:14,1
DA:15,0
DA:17,0
DA:18,0
DA:19,0
DA:22,1
DA:24,1
DA:25,0
DA:26,0
DA:28,0
DA:31,1
DA:32,0
DA:38,1
DA:39,0
DA:43,1
DA:44,0
DA:45,0
DA:47,0
DA:50,1
DA:51,0
DA:52,0
DA:53,0
LF:29
LH:10
BRF:0
BRH:0
end_of_record
TN:
SF:src/v1/controllers/bonds.controller.js
FN:13,(anonymous_0)
FN:14,(anonymous_1)
FN:28,(anonymous_2)
FN:39,(anonymous_3)
FN:46,(anonymous_4)
FN:52,(anonymous_5)
FN:58,(anonymous_6)
FN:79,(anonymous_7)
FN:80,(anonymous_8)
FN:110,(anonymous_9)
FN:133,(anonymous_10)
FN:143,(anonymous_11)
FN:148,(anonymous_12)
FN:154,(anonymous_13)
FNF:14
FNH:14
FNDA:28,(anonymous_0)
FNDA:16,(anonymous_1)
FNDA:12,(anonymous_2)
FNDA:12,(anonymous_3)
FNDA:6,(anonymous_4)
FNDA:6,(anonymous_5)
FNDA:3,(anonymous_6)
FNDA:18,(anonymous_7)
FNDA:18,(anonymous_8)
FNDA:12,(anonymous_9)
FNDA:12,(anonymous_10)
FNDA:15,(anonymous_11)
FNDA:15,(anonymous_12)
FNDA:12,(anonymous_13)
DA:1,1
DA:2,1
DA:3,1
DA:4,1
DA:5,1
DA:9,1
DA:10,1
DA:11,1
DA:13,1
DA:14,28
DA:15,16
DA:17,28
DA:28,1
DA:29,12
DA:31,12
DA:37,12
DA:39,12
DA:40,12
DA:42,12
DA:46,1
DA:50,6
DA:52,6
DA:53,6
DA:54,5
DA:55,1
DA:58,5
DA:59,3
DA:61,5
DA:62,3
DA:64,3
DA:73,2
DA:75,1
DA:79,1
DA:80,18
DA:81,18
DA:83,17
DA:84,1
DA:87,16
DA:89,16
DA:93,16
DA:95,16
DA:101,16
DA:103,16
DA:110,1
DA:111,12
DA:112,12
DA:114,12
DA:116,2
DA:119,12
DA:121,2
DA:122,2
DA:123,2
DA:124,2
DA:125,2
DA:126,2
DA:127,2
DA:130,12
DA:133,1
DA:134,12
DA:135,12
DA:136,12
DA:137,1
DA:140,12
DA:143,1
DA:146,15
DA:148,15
DA:149,15
DA:150,14
DA:151,1
DA:154,14
DA:155,12
DA:157,14
DA:158,2
DA:161,12
DA:167,12
DA:169,12
DA:174,12
DA:176,12
DA:177,12
DA:179,12
DA:181,12
DA:182,10
DA:183,10
DA:186,12
DA:188,12
DA:190,12
DA:191,2
DA:197,10
DA:199,1
LF:89
LH:89
BRDA:53,0,0,5
BRDA:53,0,1,1
BRDA:54,1,0,1
BRDA:54,1,1,4
BRDA:61,2,0,3
BRDA:61,2,1,2
BRDA:81,3,0,1
BRDA:81,3,1,17
BRDA:83,4,0,1
BRDA:83,4,1,16
BRDA:114,5,0,2
BRDA:114,5,1,10
BRDA:119,6,0,2
BRDA:119,6,1,10
BRDA:136,7,0,1
BRDA:136,7,1,11
BRDA:149,8,0,14
BRDA:149,8,1,1
BRDA:150,9,0,1
BRDA:150,9,1,13
BRDA:157,10,0,2
BRDA:157,10,1,12
BRDA:181,11,0,10
BRDA:181,11,1,2
BRDA:190,12,0,2
BRDA:190,12,1,10
BRF:26
BRH:26
end_of_record
TN:
SF:src/v1/controllers/countries.controller.js
FN:5,(anonymous_0)
FN:5,(anonymous_1)
FN:7,(anonymous_2)
FN:8,(anonymous_3)
FN:25,(anonymous_4)
FN:28,(anonymous_5)
FN:34,(anonymous_6)
FN:40,(anonymous_7)
FN:51,(anonymous_8)
FN:58,(anonymous_9)
FN:59,(anonymous_10)
FN:59,(anonymous_11)
FN:65,(anonymous_12)
FN:66,(anonymous_13)
FN:69,(anonymous_14)
FN:75,(anonymous_15)
FNF:16
FNH:0
FNDA:0,(anonymous_0)
FNDA:0,(anonymous_1)
FNDA:0,(anonymous_2)
FNDA:0,(anonymous_3)
FNDA:0,(anonymous_4)
FNDA:0,(anonymous_5)
FNDA:0,(anonymous_6)
FNDA:0,(anonymous_7)
FNDA:0,(anonymous_8)
FNDA:0,(anonymous_9)
FNDA:0,(anonymous_10)
FNDA:0,(anonymous_11)
FNDA:0,(anonymous_12)
FNDA:0,(anonymous_13)
FNDA:0,(anonymous_14)
FNDA:0,(anonymous_15)
DA:1,1
DA:2,1
DA:3,1
DA:5,1
DA:7,1
DA:8,0
DA:9,0
DA:11,0
DA:15,0
DA:16,0
DA:22,0
DA:25,1
DA:26,0
DA:28,0
DA:29,0
DA:30,0
DA:34,1
DA:35,0
DA:39,0
DA:40,0
DA:41,0
DA:42,0
DA:46,0
DA:49,1
DA:51,1
DA:52,0
DA:53,0
DA:55,0
DA:58,1
DA:59,0
DA:65,1
DA:66,0
DA:69,1
DA:70,0
DA:71,0
DA:72,0
DA:75,1
DA:76,0
DA:77,0
DA:78,0
LF:40
LH:13
BRDA:15,0,0,0
BRDA:15,0,1,0
BRDA:39,1,0,0
BRDA:39,1,1,0
BRF:4
BRH:0
end_of_record
TN:
SF:src/v1/controllers/currencies.controller.js
FN:4,(anonymous_0)
FN:10,(anonymous_1)
FN:18,(anonymous_2)
FN:25,(anonymous_3)
FN:33,(anonymous_4)
FN:38,(anonymous_5)
FN:44,(anonymous_6)
FNF:7
FNH:2
FNDA:0,(anonymous_0)
FNDA:15,(anonymous_1)
FNDA:56,(anonymous_2)
FNDA:0,(anonymous_3)
FNDA:0,(anonymous_4)
FNDA:0,(anonymous_5)
FNDA:0,(anonymous_6)
DA:1,1
DA:2,1
DA:4,1
DA:5,0
DA:6,0
DA:8,1
DA:10,1
DA:11,15
DA:13,15
DA:14,15
DA:16,1
DA:18,1
DA:19,56
DA:20,56
DA:22,56
DA:25,1
DA:26,0
DA:27,0
DA:33,1
DA:34,0
DA:35,0
DA:38,1
DA:39,0
DA:40,0
DA:41,0
DA:44,1
DA:45,0
DA:46,0
DA:47,0
LF:29
LH:17
BRF:0
BRH:0
end_of_record
TN:
SF:src/v1/controllers/deal-clone.controller.js
FN:46,(anonymous_0)
FN:49,(anonymous_1)
FN:58,(anonymous_2)
FN:59,(anonymous_3)
FN:95,(anonymous_4)
FN:100,(anonymous_5)
FNF:6
FNH:0
FNDA:0,(anonymous_0)
FNDA:0,(anonymous_1)
FNDA:0,(anonymous_2)
FNDA:0,(anonymous_3)
FNDA:0,(anonymous_4)
FNDA:0,(anonymous_5)
DA:1,1
DA:2,1
DA:3,1
DA:4,1
DA:6,1
DA:26,1
DA:46,1
DA:47,0
DA:49,0
DA:50,0
DA:51,0
DA:55,0
DA:58,1
DA:59,0
DA:60,0
DA:61,0
DA:68,0
DA:70,0
DA:72,0
DA:87,0
DA:88,0
DA:89,0
DA:91,0
DA:92,0
DA:94,0
DA:95,0
DA:96,0
DA:99,0
DA:100,0
DA:101,0
DA:105,0
DA:107,0
DA:108,0
DA:114,0
DA:115,0
LF:35
LH:8
BRDA:50,0,0,0
BRDA:50,0,1,0
BRDA:60,1,0,0
BRDA:60,1,1,0
BRDA:87,2,0,0
BRDA:87,2,1,0
BRDA:94,3,0,0
BRDA:94,3,1,0
BRDA:99,4,0,0
BRDA:99,4,1,0
BRDA:107,5,0,0
BRDA:107,5,1,0
BRF:12
BRH:0
end_of_record
TN:
SF:src/v1/controllers/deal-comments.controller.js
FN:4,(anonymous_0)
FN:25,(anonymous_1)
FN:36,(anonymous_2)
FNF:3
FNH:0
FNDA:0,(anonymous_0)
FNDA:0,(anonymous_1)
FNDA:0,(anonymous_2)
DA:1,1
DA:2,1
DA:4,1
DA:5,0
DA:7,0
DA:20,0
DA:22,0
DA:25,1
DA:26,0
DA:32,0
DA:33,0
DA:36,1
DA:37,0
DA:43,0
DA:44,0
LF:15
LH:5
BRF:0
BRH:0
end_of_record
TN:
SF:src/v1/controllers/deal-integration.controller.js
FNF:0
FNH:0
LF:0
LH:0
BRF:0
BRH:0
end_of_record
TN:
SF:src/v1/controllers/deal-name.controller.js
FN:8,(anonymous_0)
FN:26,(anonymous_1)
FN:30,(anonymous_2)
FNF:3
FNH:0
FNDA:0,(anonymous_0)
FNDA:0,(anonymous_1)
FNDA:0,(anonymous_2)
DA:1,1
DA:2,1
DA:3,1
DA:4,1
DA:5,1
DA:6,1
DA:8,1
DA:9,0
DA:16,0
DA:22,0
DA:23,0
DA:26,1
DA:27,0
DA:28,0
DA:30,0
DA:31,0
DA:32,0
DA:34,0
DA:36,0
DA:37,0
DA:43,0
DA:44,0
DA:45,0
LF:23
LH:8
BRDA:31,0,0,0
BRDA:31,0,1,0
BRDA:32,1,0,0
BRDA:32,1,1,0
BRDA:36,2,0,0
BRDA:36,2,1,0
BRF:6
BRH:0
end_of_record
TN:
SF:src/v1/controllers/deal-status.controller.js
FN:17,(anonymous_0)
FN:18,(anonymous_1)
FN:29,(anonymous_2)
FN:56,(anonymous_3)
FN:62,(anonymous_4)
FN:63,(anonymous_5)
FN:96,(anonymous_6)
FN:115,(anonymous_7)
FN:130,(anonymous_8)
FN:140,(anonymous_9)
FN:175,(anonymous_10)
FN:184,(anonymous_11)
FN:187,(anonymous_12)
FNF:13
FNH:0
FNDA:0,(anonymous_0)
FNDA:0,(anonymous_1)
FNDA:0,(anonymous_2)
FNDA:0,(anonymous_3)
FNDA:0,(anonymous_4)
FNDA:0,(anonymous_5)
FNDA:0,(anonymous_6)
FNDA:0,(anonymous_7)
FNDA:0,(anonymous_8)
FNDA:0,(anonymous_9)
FNDA:0,(anonymous_10)
FNDA:0,(anonymous_11)
FNDA:0,(anonymous_12)
DA:1,1
DA:2,1
DA:3,1
DA:4,1
DA:6,1
DA:7,1
DA:9,1
DA:11,1
DA:13,1
DA:15,1
DA:17,1
DA:18,0
DA:19,0
DA:20,0
DA:21,0
DA:22,0
DA:24,0
DA:29,1
DA:30,0
DA:33,0
DA:41,0
DA:42,0
DA:45,0
DA:51,0
DA:53,0
DA:56,1
DA:57,0
DA:62,0
DA:63,0
DA:64,0
DA:65,0
DA:68,0
DA:71,0
DA:72,0
DA:73,0
DA:74,0
DA:75,0
DA:78,0
DA:81,0
DA:82,0
DA:83,0
DA:85,0
DA:91,0
DA:93,0
DA:96,1
DA:97,0
DA:104,0
DA:110,0
DA:112,0
DA:115,1
DA:116,0
DA:118,0
DA:119,0
DA:122,0
DA:123,0
DA:124,0
DA:126,0
DA:127,0
DA:130,0
DA:131,0
DA:133,0
DA:134,0
DA:137,0
DA:140,1
DA:146,0
DA:150,0
DA:156,0
DA:158,0
DA:159,0
DA:161,0
DA:163,0
DA:175,0
DA:176,0
DA:184,1
DA:185,0
DA:187,0
DA:188,0
DA:189,0
DA:191,0
DA:192,0
DA:194,0
DA:196,0
DA:197,0
DA:201,0
DA:203,0
DA:204,0
DA:210,0
DA:211,0
DA:212,0
DA:214,0
DA:215,0
DA:216,0
DA:219,0
DA:221,0
DA:227,0
DA:229,0
DA:230,0
DA:233,0
DA:235,0
DA:237,0
DA:239,0
DA:240,0
DA:244,0
DA:246,0
DA:248,0
LF:105
LH:17
BRDA:19,0,0,0
BRDA:19,0,1,0
BRDA:21,1,0,0
BRDA:21,1,1,0
BRDA:41,2,0,0
BRDA:41,2,1,0
BRDA:41,3,0,0
BRDA:41,3,1,0
BRDA:65,4,0,0
BRDA:65,4,1,0
BRDA:65,4,2,0
BRDA:68,5,0,0
BRDA:68,5,1,0
BRDA:68,5,2,0
BRDA:68,5,3,0
BRDA:71,6,0,0
BRDA:71,6,1,0
BRDA:116,7,0,0
BRDA:116,7,1,0
BRDA:118,8,0,0
BRDA:118,8,1,0
BRDA:126,9,0,0
BRDA:126,9,1,0
BRDA:133,10,0,0
BRDA:133,10,1,0
BRDA:188,11,0,0
BRDA:188,11,1,0
BRDA:189,12,0,0
BRDA:189,12,1,0
BRDA:194,13,0,0
BRDA:194,13,1,0
BRDA:194,14,0,0
BRDA:194,14,1,0
BRDA:196,15,0,0
BRDA:196,15,1,0
BRDA:203,16,0,0
BRDA:203,16,1,0
BRDA:214,17,0,0
BRDA:214,17,1,0
BRDA:215,18,0,0
BRDA:215,18,1,0
BRDA:229,19,0,0
BRDA:229,19,1,0
BRDA:237,20,0,0
BRDA:237,20,1,0
BRF:45
BRH:0
end_of_record
TN:
SF:src/v1/controllers/deal-submission-details.controller.js
FN:9,(anonymous_0)
FN:10,(anonymous_1)
FN:25,(anonymous_2)
FN:43,(anonymous_3)
FN:54,(anonymous_4)
FN:67,(anonymous_5)
FN:97,(anonymous_6)
FN:111,(anonymous_7)
FN:115,(anonymous_8)
FNF:9
FNH:0
FNDA:0,(anonymous_0)
FNDA:0,(anonymous_1)
FNDA:0,(anonymous_2)
FNDA:0,(anonymous_3)
FNDA:0,(anonymous_4)
FNDA:0,(anonymous_5)
FNDA:0,(anonymous_6)
FNDA:0,(anonymous_7)
FNDA:0,(anonymous_8)
DA:1,1
DA:2,1
DA:3,1
DA:4,1
DA:5,1
DA:6,1
DA:7,1
DA:9,1
DA:10,0
DA:11,0
DA:12,0
DA:13,0
DA:14,0
DA:16,0
DA:17,0
DA:25,1
DA:26,0
DA:33,0
DA:39,0
DA:40,0
DA:43,1
DA:44,0
DA:46,0
DA:48,0
DA:54,1
DA:55,0
DA:56,0
DA:58,0
DA:60,0
DA:61,0
DA:62,0
DA:64,0
DA:67,1
DA:68,0
DA:70,0
DA:71,0
DA:74,0
DA:75,0
DA:78,0
DA:79,0
DA:82,0
DA:83,0
DA:86,0
DA:87,0
DA:90,0
DA:91,0
DA:94,0
DA:97,1
DA:98,0
DA:99,0
DA:100,0
DA:101,0
DA:102,0
DA:103,0
DA:105,0
DA:106,0
DA:108,0
DA:111,1
DA:112,0
DA:113,0
DA:115,0
DA:116,0
DA:117,0
DA:123,0
DA:127,0
DA:128,0
DA:129,0
DA:130,0
DA:131,0
DA:134,0
DA:135,0
DA:136,0
DA:139,0
DA:141,0
DA:142,0
DA:148,0
DA:150,0
DA:152,0
DA:157,0
LF:79
LH:14
BRDA:11,0,0,0
BRDA:11,0,1,0
BRDA:13,1,0,0
BRDA:13,1,1,0
BRDA:55,2,0,0
BRDA:55,2,1,0
BRDA:58,3,0,0
BRDA:58,3,1,0
BRDA:60,4,0,0
BRDA:60,4,1,0
BRDA:70,5,0,0
BRDA:70,5,1,0
BRDA:74,6,0,0
BRDA:74,6,1,0
BRDA:78,7,0,0
BRDA:78,7,1,0
BRDA:82,8,0,0
BRDA:82,8,1,0
BRDA:86,9,0,0
BRDA:86,9,1,0
BRDA:90,10,0,0
BRDA:90,10,1,0
BRDA:98,11,0,0
BRDA:98,11,1,0
BRDA:99,12,0,0
BRDA:99,12,1,0
BRDA:100,13,0,0
BRDA:100,13,1,0
BRDA:100,13,2,0
BRDA:101,14,0,0
BRDA:101,14,1,0
BRDA:105,15,0,0
BRDA:105,15,1,0
BRDA:116,16,0,0
BRDA:116,16,1,0
BRDA:117,17,0,0
BRDA:117,17,1,0
BRDA:130,18,0,0
BRDA:130,18,1,0
BRDA:130,19,0,0
BRDA:130,19,1,0
BRDA:130,19,2,0
BRDA:135,20,0,0
BRDA:135,20,1,0
BRDA:141,21,0,0
BRDA:141,21,1,0
BRF:46
BRH:0
end_of_record
TN:
SF:src/v1/controllers/deal.controller.js
FN:14,(anonymous_0)
FN:20,(anonymous_1)
FN:33,(anonymous_2)
FN:50,(anonymous_3)
FN:71,(anonymous_4)
FN:74,(anonymous_5)
FN:83,(anonymous_6)
FN:118,(anonymous_7)
FN:123,(anonymous_8)
FN:124,(anonymous_9)
FN:148,(anonymous_10)
FN:174,(anonymous_11)
FN:191,(anonymous_12)
FN:217,(anonymous_13)
FN:218,(anonymous_14)
FN:233,(anonymous_15)
FN:234,(anonymous_16)
FNF:17
FNH:9
FNDA:28,(anonymous_0)
FNDA:0,(anonymous_1)
FNDA:0,(anonymous_2)
FNDA:0,(anonymous_3)
FNDA:46,(anonymous_4)
FNDA:46,(anonymous_5)
FNDA:19,(anonymous_6)
FNDA:19,(anonymous_7)
FNDA:7,(anonymous_8)
FNDA:7,(anonymous_9)
FNDA:28,(anonymous_10)
FNDA:0,(anonymous_11)
FNDA:28,(anonymous_12)
FNDA:0,(anonymous_13)
FNDA:0,(anonymous_14)
FNDA:0,(anonymous_15)
FNDA:0,(anonymous_16)
DA:1,1
DA:2,1
DA:4,1
DA:5,1
DA:6,1
DA:7,1
DA:8,1
DA:9,1
DA:10,1
DA:11,1
DA:12,1
DA:14,1
DA:15,28
DA:16,28
DA:17,28
DA:20,1
DA:21,0
DA:22,0
DA:23,0
DA:26,0
DA:27,0
DA:30,0
DA:33,1
DA:34,0
DA:36,0
DA:38,0
DA:39,0
DA:43,0
DA:48,1
DA:50,1
DA:51,0
DA:53,0
DA:55,0
DA:57,0
DA:58,0
DA:64,0
DA:69,1
DA:71,1
DA:72,46
DA:73,46
DA:74,46
DA:75,46
DA:76,46
DA:79,46
DA:81,1
DA:83,1
DA:84,19
DA:86,19
DA:88,19
DA:89,19
DA:103,19
DA:105,19
DA:106,0
DA:112,19
DA:114,19
DA:115,19
DA:118,1
DA:119,19
DA:120,19
DA:123,1
DA:124,7
DA:125,7
DA:126,0
DA:127,7
DA:128,0
DA:132,7
DA:133,7
DA:135,7
DA:140,7
DA:148,1
DA:149,28
DA:153,28
DA:159,28
DA:161,28
DA:173,28
DA:174,0
DA:175,0
DA:181,28
DA:188,28
DA:191,1
DA:192,28
DA:194,28
DA:196,28
DA:205,28
DA:211,28
DA:213,28
DA:215,1
DA:217,1
DA:218,0
DA:219,0
DA:221,0
DA:222,0
DA:223,0
DA:225,0
DA:226,0
DA:229,0
DA:233,1
DA:234,0
DA:235,0
DA:237,0
DA:238,0
DA:239,0
DA:241,0
DA:242,0
DA:243,0
LF:105
LH:67
BRDA:22,0,0,0
BRDA:22,0,1,0
BRDA:22,1,0,0
BRDA:22,1,1,0
BRDA:26,2,0,0
BRDA:26,2,1,0
BRDA:50,3,0,0
BRDA:50,4,0,0
BRDA:73,5,0,46
BRDA:73,5,1,0
BRDA:105,6,0,0
BRDA:105,6,1,19
BRDA:125,7,0,0
BRDA:125,7,1,7
BRDA:127,8,0,0
BRDA:127,8,1,7
BRDA:153,9,0,28
BRDA:153,9,1,0
BRDA:173,10,0,0
BRDA:173,10,1,28
BRDA:219,11,0,0
BRDA:219,11,1,0
BRDA:221,12,0,0
BRDA:221,12,1,0
BRDA:222,13,0,0
BRDA:222,13,1,0
BRDA:235,14,0,0
BRDA:235,14,1,0
BRDA:237,15,0,0
BRDA:237,15,1,0
BRDA:238,16,0,0
BRDA:238,16,1,0
BRF:32
BRH:6
end_of_record
TN:
SF:src/v1/controllers/eligibility-criteria.controller.js
FN:7,(anonymous_0)
FN:8,(anonymous_1)
FN:23,(anonymous_2)
FN:45,(anonymous_3)
FNF:4
FNH:0
FNDA:0,(anonymous_0)
FNDA:0,(anonymous_1)
FNDA:0,(anonymous_2)
FNDA:0,(anonymous_3)
DA:1,1
DA:2,1
DA:3,1
DA:4,1
DA:5,1
DA:7,1
DA:8,0
DA:9,0
DA:10,0
DA:13,0
DA:14,0
DA:15,0
DA:19,0
DA:20,0
DA:21,0
DA:23,0
DA:24,0
DA:25,0
DA:26,0
DA:27,0
DA:30,0
DA:32,0
DA:38,0
DA:39,0
DA:41,0
DA:42,0
DA:45,0
DA:47,0
DA:49,0
DA:59,0
DA:61,0
DA:62,0
DA:67,0
DA:73,0
DA:91,0
DA:97,0
LF:36
LH:6
BRDA:9,0,0,0
BRDA:9,0,1,0
BRDA:13,1,0,0
BRDA:13,1,1,0
BRDA:14,2,0,0
BRDA:14,2,1,0
BRDA:19,3,0,0
BRDA:24,4,0,0
BRDA:24,4,1,0
BRDA:30,5,0,0
BRDA:30,5,1,0
BRDA:38,6,0,0
BRDA:38,6,1,0
BRDA:39,7,0,0
BRDA:39,7,1,0
BRDA:47,8,0,0
BRDA:47,8,1,0
BRDA:50,9,0,0
BRDA:50,9,1,0
BRDA:50,10,0,0
BRDA:50,10,1,0
BRDA:51,11,0,0
BRDA:51,11,1,0
BRDA:52,12,0,0
BRDA:52,12,1,0
BRDA:53,13,0,0
BRDA:53,13,1,0
BRDA:54,14,0,0
BRDA:54,14,1,0
BRDA:55,15,0,0
BRDA:55,15,1,0
BRDA:56,16,0,0
BRDA:56,16,1,0
BRF:33
BRH:0
end_of_record
TN:
SF:src/v1/controllers/eligibility-documentation.controller.js
FN:11,(anonymous_0)
FN:22,(anonymous_1)
FN:27,(anonymous_2)
FN:30,(anonymous_3)
FN:41,(anonymous_4)
FN:44,(anonymous_5)
FN:52,(anonymous_6)
FN:98,(anonymous_7)
FN:103,(anonymous_8)
FN:140,(anonymous_9)
FN:149,(anonymous_10)
FN:171,(anonymous_11)
FN:174,(anonymous_12)
FN:188,(anonymous_13)
FNF:14
FNH:0
FNDA:0,(anonymous_0)
FNDA:0,(anonymous_1)
FNDA:0,(anonymous_2)
FNDA:0,(anonymous_3)
FNDA:0,(anonymous_4)
FNDA:0,(anonymous_5)
FNDA:0,(anonymous_6)
FNDA:0,(anonymous_7)
FNDA:0,(anonymous_8)
FNDA:0,(anonymous_9)
FNDA:0,(anonymous_10)
FNDA:0,(anonymous_11)
FNDA:0,(anonymous_12)
FNDA:0,(anonymous_13)
DA:1,1
DA:2,1
DA:3,1
DA:4,1
DA:5,1
DA:6,1
DA:7,1
DA:9,1
DA:11,1
DA:12,0
DA:15,0
DA:18,0
DA:22,1
DA:23,0
DA:25,0
DA:27,0
DA:28,0
DA:29,0
DA:30,0
DA:33,0
DA:36,0
DA:39,1
DA:41,1
DA:42,0
DA:44,0
DA:45,0
DA:46,0
DA:47,0
DA:50,0
DA:52,0
DA:55,0
DA:57,0
DA:58,0
DA:65,0
DA:66,0
DA:71,0
DA:74,0
DA:83,0
DA:89,0
DA:92,0
DA:94,0
DA:98,0
DA:99,0
DA:100,0
DA:101,0
DA:103,0
DA:104,0
DA:109,0
DA:113,0
DA:119,0
DA:131,0
DA:137,0
DA:140,0
DA:141,0
DA:144,0
DA:149,0
DA:151,0
DA:159,0
DA:167,0
DA:171,1
DA:172,0
DA:174,0
DA:175,0
DA:176,0
DA:179,0
DA:180,0
DA:183,0
DA:184,0
DA:185,0
DA:188,0
DA:189,0
DA:190,0
DA:193,0
DA:199,0
DA:201,0
DA:202,0
DA:204,0
DA:205,0
DA:207,0
LF:79
LH:13
BRDA:12,0,0,0
BRDA:12,0,1,0
BRDA:12,0,2,0
BRDA:23,1,0,0
BRDA:23,1,1,0
BRDA:28,2,0,0
BRDA:28,2,1,0
BRDA:45,3,0,0
BRDA:45,3,1,0
BRDA:57,4,0,0
BRDA:57,4,1,0
BRDA:65,5,0,0
BRDA:65,5,1,0
BRDA:99,6,0,0
BRDA:99,6,1,0
BRDA:100,7,0,0
BRDA:100,7,1,0
BRDA:103,8,0,0
BRDA:103,8,1,0
BRDA:115,9,0,0
BRDA:115,9,1,0
BRDA:141,10,0,0
BRDA:141,10,1,0
BRDA:175,11,0,0
BRDA:175,11,1,0
BRDA:179,12,0,0
BRDA:179,12,1,0
BRDA:183,13,0,0
BRDA:183,13,1,0
BRDA:184,14,0,0
BRDA:184,14,1,0
BRDA:189,15,0,0
BRDA:189,15,1,0
BRF:33
BRH:0
end_of_record
TN:
SF:src/v1/controllers/feedback.controller.js
FN:11,(anonymous_0)
FN:14,(anonymous_1)
FN:20,(anonymous_2)
FN:23,(anonymous_3)
FN:29,(anonymous_4)
FN:95,(anonymous_5)
FN:96,(anonymous_6)
FN:106,(anonymous_7)
FN:107,(anonymous_8)
FN:109,(anonymous_9)
FN:110,(anonymous_10)
FNF:11
FNH:0
FNDA:0,(anonymous_0)
FNDA:0,(anonymous_1)
FNDA:0,(anonymous_2)
FNDA:0,(anonymous_3)
FNDA:0,(anonymous_4)
FNDA:0,(anonymous_5)
FNDA:0,(anonymous_6)
FNDA:0,(anonymous_7)
FNDA:0,(anonymous_8)
FNDA:0,(anonymous_9)
FNDA:0,(anonymous_10)
DA:1,1
DA:2,1
DA:3,1
DA:4,1
DA:6,1
DA:7,1
DA:8,1
DA:9,1
DA:11,1
DA:12,0
DA:14,0
DA:15,0
DA:16,0
DA:20,1
DA:21,0
DA:23,0
DA:24,0
DA:25,0
DA:29,1
DA:30,0
DA:32,0
DA:33,0
DA:39,0
DA:45,0
DA:46,0
DA:48,0
DA:51,0
DA:52,0
DA:53,0
DA:54,0
DA:67,0
DA:69,0
DA:83,0
DA:84,0
DA:86,0
DA:92,0
DA:95,1
DA:96,0
DA:97,0
DA:98,0
DA:100,0
DA:102,0
DA:106,1
DA:107,0
DA:109,1
DA:110,0
DA:111,0
DA:112,0
DA:114,0
DA:115,0
DA:116,0
LF:51
LH:14
BRDA:32,0,0,0
BRDA:32,0,1,0
BRDA:97,1,0,0
BRDA:97,1,1,0
BRDA:111,2,0,0
BRDA:111,2,1,0
BRF:6
BRH:0
end_of_record
TN:
SF:src/v1/controllers/id-counters.controller.js
FN:26,(anonymous_0)
FNF:1
FNH:0
FNDA:0,(anonymous_0)
DA:1,1
DA:15,1
DA:26,1
DA:27,0
DA:28,0
DA:30,0
DA:31,0
LF:7
LH:3
BRF:0
BRH:0
end_of_record
TN:
SF:src/v1/controllers/industrySectors.controller.js
FN:5,(anonymous_0)
FN:5,(anonymous_1)
FN:10,(anonymous_2)
FN:13,(anonymous_3)
FN:19,(anonymous_4)
FN:22,(anonymous_5)
FN:28,(anonymous_6)
FN:35,(anonymous_7)
FN:36,(anonymous_8)
FN:42,(anonymous_9)
FN:43,(anonymous_10)
FN:46,(anonymous_11)
FN:52,(anonymous_12)
FNF:13
FNH:0
FNDA:0,(anonymous_0)
FNDA:0,(anonymous_1)
FNDA:0,(anonymous_2)
FNDA:0,(anonymous_3)
FNDA:0,(anonymous_4)
FNDA:0,(anonymous_5)
FNDA:0,(anonymous_6)
FNDA:0,(anonymous_7)
FNDA:0,(anonymous_8)
FNDA:0,(anonymous_9)
FNDA:0,(anonymous_10)
FNDA:0,(anonymous_11)
FNDA:0,(anonymous_12)
DA:1,1
DA:2,1
DA:3,1
DA:5,1
DA:10,1
DA:11,0
DA:13,0
DA:14,0
DA:15,0
DA:19,1
DA:20,0
DA:22,0
DA:23,0
DA:24,0
DA:28,1
DA:29,0
DA:30,0
DA:32,0
DA:35,1
DA:36,0
DA:42,1
DA:43,0
DA:46,1
DA:47,0
DA:48,0
DA:49,0
DA:52,1
DA:53,0
DA:54,0
DA:55,0
LF:30
LH:11
BRF:0
BRH:0
end_of_record
TN:
SF:src/v1/controllers/loans.controller.js
FN:13,(anonymous_0)
FN:14,(anonymous_1)
FN:28,(anonymous_2)
FN:39,(anonymous_3)
FN:45,(anonymous_4)
FN:51,(anonymous_5)
FN:57,(anonymous_6)
FN:78,(anonymous_7)
FN:79,(anonymous_8)
FN:109,(anonymous_9)
FN:133,(anonymous_10)
FN:143,(anonymous_11)
FN:148,(anonymous_12)
FN:154,(anonymous_13)
FN:207,(anonymous_14)
FN:212,(anonymous_15)
FN:218,(anonymous_16)
FNF:17
FNH:0
FNDA:0,(anonymous_0)
FNDA:0,(anonymous_1)
FNDA:0,(anonymous_2)
FNDA:0,(anonymous_3)
FNDA:0,(anonymous_4)
FNDA:0,(anonymous_5)
FNDA:0,(anonymous_6)
FNDA:0,(anonymous_7)
FNDA:0,(anonymous_8)
FNDA:0,(anonymous_9)
FNDA:0,(anonymous_10)
FNDA:0,(anonymous_11)
FNDA:0,(anonymous_12)
FNDA:0,(anonymous_13)
FNDA:0,(anonymous_14)
FNDA:0,(anonymous_15)
FNDA:0,(anonymous_16)
DA:1,1
DA:2,1
DA:3,1
DA:4,1
DA:8,1
DA:9,1
DA:10,1
DA:11,1
DA:13,1
DA:14,0
DA:15,0
DA:17,0
DA:28,1
DA:29,0
DA:31,0
DA:37,0
DA:39,0
DA:40,0
DA:42,0
DA:45,1
DA:49,0
DA:51,0
DA:52,0
DA:53,0
DA:54,0
DA:57,0
DA:58,0
DA:60,0
DA:61,0
DA:63,0
DA:72,0
DA:74,0
DA:78,1
DA:79,0
DA:80,0
DA:82,0
DA:83,0
DA:86,0
DA:88,0
DA:92,0
DA:94,0
DA:100,0
DA:102,0
DA:109,1
DA:110,0
DA:111,0
DA:113,0
DA:116,0
DA:117,0
DA:118,0
DA:119,0
DA:120,0
DA:121,0
DA:122,0
DA:125,0
DA:127,0
DA:130,0
DA:133,1
DA:134,0
DA:135,0
DA:136,0
DA:137,0
DA:140,0
DA:143,1
DA:146,0
DA:148,0
DA:149,0
DA:150,0
DA:151,0
DA:154,0
DA:155,0
DA:157,0
DA:158,0
DA:161,0
DA:167,0
DA:169,0
DA:174,0
DA:176,0
DA:177,0
DA:179,0
DA:180,0
DA:181,0
DA:182,0
DA:185,0
DA:186,0
DA:187,0
DA:190,0
DA:192,0
DA:194,0
DA:195,0
DA:201,0
DA:203,0
DA:207,1
DA:210,0
DA:212,0
DA:213,0
DA:214,0
DA:215,0
DA:218,0
DA:219,0
DA:221,0
DA:222,0
DA:225,0
DA:234,0
DA:236,0
DA:245,0
DA:247,0
LF:107
LH:16
BRDA:52,0,0,0
BRDA:52,0,1,0
BRDA:53,1,0,0
BRDA:53,1,1,0
BRDA:60,2,0,0
BRDA:60,2,1,0
BRDA:80,3,0,0
BRDA:80,3,1,0
BRDA:82,4,0,0
BRDA:82,4,1,0
BRDA:113,5,0,0
BRDA:113,5,1,0
BRDA:125,6,0,0
BRDA:125,6,1,0
BRDA:136,7,0,0
BRDA:136,7,1,0
BRDA:149,8,0,0
BRDA:149,8,1,0
BRDA:150,9,0,0
BRDA:150,9,1,0
BRDA:157,10,0,0
BRDA:157,10,1,0
BRDA:180,11,0,0
BRDA:180,11,1,0
BRDA:186,12,0,0
BRDA:186,12,1,0
BRDA:194,13,0,0
BRDA:194,13,1,0
BRDA:213,14,0,0
BRDA:213,14,1,0
BRDA:214,15,0,0
BRDA:214,15,1,0
BRDA:221,16,0,0
BRDA:221,16,1,0
BRF:34
BRH:0
end_of_record
TN:
SF:src/v1/controllers/mandatoryCriteria.controller.js
FN:5,(anonymous_0)
FN:6,(anonymous_1)
FN:10,(anonymous_2)
FN:13,(anonymous_3)
FN:19,(anonymous_4)
FN:21,(anonymous_5)
FN:27,(anonymous_6)
FN:34,(anonymous_7)
FN:35,(anonymous_8)
FN:36,(anonymous_9)
FN:43,(anonymous_10)
FN:46,(anonymous_11)
FN:50,(anonymous_12)
FN:56,(anonymous_13)
FNF:14
FNH:0
FNDA:0,(anonymous_0)
FNDA:0,(anonymous_1)
FNDA:0,(anonymous_2)
FNDA:0,(anonymous_3)
FNDA:0,(anonymous_4)
FNDA:0,(anonymous_5)
FNDA:0,(anonymous_6)
FNDA:0,(anonymous_7)
FNDA:0,(anonymous_8)
FNDA:0,(anonymous_9)
FNDA:0,(anonymous_10)
FNDA:0,(anonymous_11)
FNDA:0,(anonymous_12)
FNDA:0,(anonymous_13)
DA:1,1
DA:3,1
DA:5,1
DA:6,0
DA:7,0
DA:10,1
DA:11,0
DA:13,0
DA:14,0
DA:15,0
DA:19,1
DA:20,0
DA:21,0
DA:22,0
DA:23,0
DA:27,1
DA:28,0
DA:29,0
DA:31,0
DA:34,1
DA:35,0
DA:36,0
DA:37,0
DA:43,1
DA:44,0
DA:46,0
DA:50,1
DA:51,0
DA:52,0
DA:53,0
DA:56,1
DA:57,0
DA:58,0
DA:59,0
LF:34
LH:10
BRF:0
BRH:0
end_of_record
TN:
SF:src/v1/controllers/mga.controller.js
FN:6,(anonymous_0)
FN:13,(anonymous_1)
FN:19,(anonymous_2)
FNF:3
FNH:0
FNDA:0,(anonymous_0)
FNDA:0,(anonymous_1)
FNDA:0,(anonymous_2)
DA:2,1
DA:3,1
DA:4,1
DA:6,1
DA:7,0
DA:9,0
DA:10,0
DA:13,0
DA:14,0
DA:15,0
DA:19,1
DA:20,0
DA:21,0
DA:23,0
DA:29,0
DA:31,0
DA:32,0
DA:35,0
DA:36,0
DA:38,0
DA:40,0
LF:21
LH:5
BRDA:9,0,0,0
BRDA:9,0,1,0
BRDA:14,1,0,0
BRDA:14,1,1,0
BRDA:14,2,0,0
BRDA:14,2,1,0
BRDA:31,3,0,0
BRDA:31,3,1,0
BRF:8
BRH:0
end_of_record
TN:
SF:src/v1/controllers/transactions.controller.js
FN:5,(anonymous_0)
FN:19,(anonymous_1)
FN:44,(anonymous_2)
FNF:3
FNH:0
FNDA:0,(anonymous_0)
FNDA:0,(anonymous_1)
FNDA:0,(anonymous_2)
DA:1,1
DA:3,1
DA:5,1
DA:7,0
DA:10,0
DA:13,0
DA:14,0
DA:15,0
DA:19,0
DA:21,0
DA:22,0
DA:30,0
DA:32,0
DA:37,0
DA:44,1
DA:62,0
LF:16
LH:4
BRDA:5,0,0,0
BRDA:5,1,0,0
BRDA:32,2,0,0
BRDA:32,2,1,0
BRF:4
BRH:0
end_of_record
TN:
SF:src/v1/controllers/integration/k2-messages.js
FN:21,(anonymous_0)
FN:220,(anonymous_1)
FN:222,(anonymous_2)
FN:255,(anonymous_3)
FN:268,(anonymous_4)
FN:307,(anonymous_5)
FN:310,(anonymous_6)
FNF:7
FNH:0
FNDA:0,(anonymous_0)
FNDA:0,(anonymous_1)
FNDA:0,(anonymous_2)
FNDA:0,(anonymous_3)
FNDA:0,(anonymous_4)
FNDA:0,(anonymous_5)
FNDA:0,(anonymous_6)
DA:1,1
DA:2,1
DA:3,1
DA:5,1
DA:6,1
DA:19,1
DA:21,1
DA:22,0
DA:24,0
DA:28,0
DA:32,0
DA:139,0
DA:140,0
DA:141,0
DA:143,0
DA:170,0
DA:171,0
DA:174,0
DA:178,0
DA:179,0
DA:180,0
DA:181,0
DA:209,0
DA:210,0
DA:213,0
DA:219,0
DA:220,0
DA:221,0
DA:222,0
DA:223,0
DA:231,0
DA:234,0
DA:238,0
DA:239,0
DA:241,0
DA:242,0
DA:248,0
DA:249,0
DA:251,0
DA:254,0
DA:255,0
DA:257,0
DA:265,0
DA:268,1
DA:271,0
DA:274,0
DA:275,0
DA:281,0
DA:282,0
DA:284,0
DA:285,0
DA:287,0
DA:294,0
DA:301,0
DA:302,0
DA:305,0
DA:306,0
DA:307,0
DA:308,0
DA:310,0
DA:311,0
DA:321,0
DA:323,0
DA:325,0
DA:328,1
LF:65
LH:9
BRDA:24,0,0,0
BRDA:24,0,1,0
BRDA:24,1,0,0
BRDA:24,1,1,0
BRDA:28,2,0,0
BRDA:28,2,1,0
BRDA:28,3,0,0
BRDA:28,3,1,0
BRDA:67,4,0,0
BRDA:67,4,1,0
BRDA:68,5,0,0
BRDA:68,5,1,0
BRDA:70,6,0,0
BRDA:70,6,1,0
BRDA:70,6,2,0
BRDA:71,7,0,0
BRDA:71,7,1,0
BRDA:71,7,2,0
BRDA:72,8,0,0
BRDA:72,8,1,0
BRDA:74,9,0,0
BRDA:74,9,1,0
BRDA:96,10,0,0
BRDA:96,10,1,0
BRDA:139,11,0,0
BRDA:139,11,1,0
BRDA:139,12,0,0
BRDA:139,12,1,0
BRDA:153,13,0,0
BRDA:153,13,1,0
BRDA:170,14,0,0
BRDA:170,14,1,0
BRDA:178,15,0,0
BRDA:178,15,1,0
BRDA:178,16,0,0
BRDA:178,16,1,0
BRDA:185,17,0,0
BRDA:185,17,1,0
BRDA:191,18,0,0
BRDA:191,18,1,0
BRDA:209,19,0,0
BRDA:209,19,1,0
BRDA:219,20,0,0
BRDA:219,20,1,0
BRDA:221,21,0,0
BRDA:221,21,1,0
BRDA:241,22,0,0
BRDA:241,22,1,0
BRDA:248,23,0,0
BRDA:248,23,1,0
BRDA:254,24,0,0
BRDA:254,24,1,0
BRDA:274,25,0,0
BRDA:274,25,1,0
BRDA:306,26,0,0
BRDA:306,26,1,0
BRDA:308,27,0,0
BRDA:308,27,1,0
BRDA:308,28,0,0
BRDA:308,28,1,0
BRF:60
BRH:0
end_of_record
TN:
SF:src/v1/controllers/integration/type-b.controller.js
FN:8,(anonymous_0)
FN:10,(anonymous_1)
FNF:2
FNH:0
FNDA:0,(anonymous_0)
FNDA:0,(anonymous_1)
DA:2,1
DA:3,1
DA:6,1
DA:8,1
DA:9,0
DA:10,0
DA:12,0
DA:13,0
DA:19,0
DA:21,0
DA:22,0
DA:23,0
DA:26,0
DA:33,0
DA:40,0
DA:41,0
DA:43,0
DA:46,1
LF:18
LH:5
BRDA:12,0,0,0
BRDA:12,0,1,0
BRDA:22,1,0,0
BRDA:22,1,1,0
BRF:4
BRH:0
end_of_record
TN:
SF:src/v1/controllers/integration/helpers/business-rules.js
FN:5,(anonymous_0)
FNF:1
FNH:0
FNDA:0,(anonymous_0)
DA:2,1
DA:4,1
DA:5,0
DA:8,1
LF:4
LH:3
BRF:0
BRH:0
end_of_record
TN:
SF:src/v1/controllers/integration/helpers/calculate-exposure-period.js
FN:4,(anonymous_0)
FNF:1
FNH:0
FNDA:0,(anonymous_0)
DA:2,1
DA:4,1
DA:5,0
DA:11,0
DA:17,0
DA:18,0
DA:23,0
DA:24,0
DA:26,0
DA:28,0
DA:30,0
DA:35,0
DA:36,0
DA:37,0
DA:40,0
DA:44,1
LF:16
LH:3
BRDA:17,0,0,0
BRDA:17,0,1,0
BRDA:17,1,0,0
BRDA:17,1,1,0
BRDA:30,2,0,0
BRDA:30,2,1,0
BRDA:35,3,0,0
BRDA:35,3,1,0
BRDA:35,4,0,0
BRDA:35,4,1,0
BRDA:36,5,0,0
BRDA:36,5,1,0
BRDA:37,6,0,0
BRDA:37,6,1,0
BRF:14
BRH:0
end_of_record
TN:
SF:src/v1/controllers/integration/helpers/convert-country-code-to-id.js
FN:3,(anonymous_0)
FNF:1
FNH:0
FNDA:0,(anonymous_0)
DA:1,1
DA:3,1
DA:4,0
DA:5,0
DA:8,1
LF:5
LH:3
BRDA:5,0,0,0
BRDA:5,0,1,0
BRF:2
BRH:0
end_of_record
TN:
SF:src/v1/controllers/integration/helpers/convert-currency-code-to-id.js
FN:3,(anonymous_0)
FNF:1
FNH:0
FNDA:0,(anonymous_0)
DA:1,1
DA:3,1
DA:4,0
DA:5,0
DA:8,1
LF:5
LH:3
BRDA:5,0,0,0
BRDA:5,0,1,0
BRF:2
BRH:0
end_of_record
TN:
SF:src/v1/controllers/integration/helpers/convert-currency-format.js
FN:3,(anonymous_0)
FNF:1
FNH:0
FNDA:0,(anonymous_0)
DA:1,1
DA:3,1
DA:4,0
DA:5,0
DA:8,1
LF:5
LH:3
BRDA:5,0,0,0
BRDA:5,0,1,0
BRF:2
BRH:0
end_of_record
TN:
SF:src/v1/controllers/integration/helpers/date-helpers.js
FN:3,(anonymous_0)
FNF:1
FNH:0
FNDA:0,(anonymous_0)
DA:1,1
DA:3,1
DA:4,0
DA:5,0
DA:8,1
LF:5
LH:3
BRDA:5,0,0,0
BRDA:5,0,1,0
BRF:2
BRH:0
end_of_record
TN:
SF:src/v1/controllers/integration/helpers/eligibility-criteria.js
FN:1,(anonymous_0)
FN:4,(anonymous_1)
FNF:2
FNH:0
FNDA:0,(anonymous_0)
FNDA:0,(anonymous_1)
DA:1,1
DA:2,0
DA:4,0
DA:5,0
DA:8,1
LF:5
LH:2
BRDA:2,0,0,0
BRDA:2,0,1,0
BRDA:5,1,0,0
BRDA:5,1,1,0
BRDA:5,2,0,0
BRDA:5,2,1,0
BRF:6
BRH:0
end_of_record
TN:
SF:src/v1/controllers/integration/helpers/get-action-code-and-name.js
FN:3,(anonymous_0)
FNF:1
FNH:0
FNDA:0,(anonymous_0)
DA:1,1
DA:3,1
DA:4,0
DA:6,0
DA:8,0
DA:10,0
DA:12,0
DA:13,0
DA:16,0
DA:17,0
DA:21,0
DA:22,0
DA:27,0
DA:28,0
DA:33,0
DA:36,1
LF:16
LH:3
BRDA:4,0,0,0
BRDA:4,0,1,0
BRDA:10,1,0,0
BRDA:10,1,1,0
BRDA:10,1,2,0
BRDA:10,1,3,0
BRDA:10,1,4,0
BRDA:10,1,5,0
BRDA:10,1,6,0
BRDA:10,1,7,0
BRF:10
BRH:0
end_of_record
TN:
SF:src/v1/controllers/integration/helpers/get-application-group.js
FN:3,(anonymous_0)
FNF:1
FNH:0
FNDA:0,(anonymous_0)
DA:1,1
DA:3,1
DA:4,0
DA:5,0
DA:7,0
DA:8,0
DA:11,0
DA:12,0
DA:15,0
DA:16,0
DA:19,0
DA:22,1
LF:12
LH:3
BRDA:7,0,0,0
BRDA:7,0,1,0
BRDA:7,1,0,0
BRDA:7,1,1,0
BRDA:11,2,0,0
BRDA:11,2,1,0
BRDA:15,3,0,0
BRDA:15,3,1,0
BRF:8
BRH:0
end_of_record
TN:
SF:src/v1/controllers/integration/helpers/index.js
FNF:0
FNH:0
DA:1,1
DA:2,1
DA:3,1
DA:4,1
DA:5,1
DA:6,1
DA:7,1
DA:8,1
DA:9,1
DA:10,1
DA:11,1
DA:13,1
LF:12
LH:12
BRF:0
BRH:0
end_of_record
TN:
SF:src/v1/controllers/integration/helpers/k2-mapping.js
FN:87,(anonymous_0)
FN:98,(anonymous_1)
FNF:2
FNH:0
FNDA:0,(anonymous_0)
FNDA:0,(anonymous_1)
DA:1,1
DA:3,1
DA:40,1
DA:82,1
DA:87,1
DA:88,0
DA:89,0
DA:90,0
DA:93,0
DA:94,0
DA:95,0
DA:98,0
DA:99,0
DA:100,0
DA:103,0
DA:106,1
DA:111,1
LF:17
LH:7
BRDA:89,0,0,0
BRDA:89,0,1,0
BRDA:94,1,0,0
BRDA:94,1,1,0
BRDA:99,2,0,0
BRDA:99,2,1,0
BRF:6
BRH:0
end_of_record
TN:
SF:src/v1/controllers/integration/helpers/whitespace-collapse.js
FN:1,(anonymous_0)
FNF:1
FNH:0
FNDA:0,(anonymous_0)
DA:1,1
DA:3,1
LF:2
LH:2
BRDA:1,0,0,0
BRDA:1,0,1,0
BRF:2
BRH:0
end_of_record
TN:
SF:src/v1/controllers/integration/type-a-defs/type-a-bss-builder.js
FN:3,(anonymous_0)
FN:8,(anonymous_1)
FN:12,(anonymous_2)
FN:16,(anonymous_3)
FN:20,(anonymous_4)
FN:24,(anonymous_5)
FN:28,(anonymous_6)
FN:32,(anonymous_7)
FN:36,(anonymous_8)
FN:40,(anonymous_9)
FN:44,(anonymous_10)
FN:48,(anonymous_11)
FN:52,(anonymous_12)
FN:56,(anonymous_13)
FN:60,(anonymous_14)
FN:64,(anonymous_15)
FN:68,(anonymous_16)
FN:72,(anonymous_17)
FN:76,(anonymous_18)
FN:80,(anonymous_19)
FN:84,(anonymous_20)
FN:88,(anonymous_21)
FN:92,(anonymous_22)
FN:96,(anonymous_23)
FNF:24
FNH:0
FNDA:0,(anonymous_0)
FNDA:0,(anonymous_1)
FNDA:0,(anonymous_2)
FNDA:0,(anonymous_3)
FNDA:0,(anonymous_4)
FNDA:0,(anonymous_5)
FNDA:0,(anonymous_6)
FNDA:0,(anonymous_7)
FNDA:0,(anonymous_8)
FNDA:0,(anonymous_9)
FNDA:0,(anonymous_10)
FNDA:0,(anonymous_11)
FNDA:0,(anonymous_12)
FNDA:0,(anonymous_13)
FNDA:0,(anonymous_14)
FNDA:0,(anonymous_15)
FNDA:0,(anonymous_16)
FNDA:0,(anonymous_17)
FNDA:0,(anonymous_18)
FNDA:0,(anonymous_19)
FNDA:0,(anonymous_20)
FNDA:0,(anonymous_21)
FNDA:0,(anonymous_22)
FNDA:0,(anonymous_23)
DA:1,1
DA:3,1
DA:4,0
DA:6,0
DA:9,0
DA:10,0
DA:13,0
DA:14,0
DA:17,0
DA:18,0
DA:21,0
DA:22,0
DA:25,0
DA:26,0
DA:29,0
DA:30,0
DA:33,0
DA:34,0
DA:37,0
DA:38,0
DA:41,0
DA:42,0
DA:45,0
DA:46,0
DA:49,0
DA:50,0
DA:53,0
DA:54,0
DA:57,0
DA:58,0
DA:61,0
DA:62,0
DA:65,0
DA:66,0
DA:69,0
DA:70,0
DA:73,0
DA:74,0
DA:77,0
DA:78,0
DA:81,0
DA:82,0
DA:85,0
DA:86,0
DA:89,0
DA:90,0
DA:93,0
DA:94,0
DA:97,0
DA:98,0
DA:102,0
DA:105,1
LF:52
LH:3
BRDA:8,0,0,0
BRDA:12,1,0,0
BRDA:16,2,0,0
BRDA:20,3,0,0
BRDA:24,4,0,0
BRDA:28,5,0,0
BRDA:32,6,0,0
BRDA:36,7,0,0
BRDA:40,8,0,0
BRDA:44,9,0,0
BRDA:48,10,0,0
BRDA:52,11,0,0
BRDA:56,12,0,0
BRDA:60,13,0,0
BRDA:64,14,0,0
BRDA:68,15,0,0
BRDA:72,16,0,0
BRDA:76,17,0,0
BRDA:80,18,0,0
BRDA:84,19,0,0
BRDA:88,20,0,0
BRDA:92,21,0,0
BRDA:96,22,0,0
BRF:23
BRH:0
end_of_record
TN:
SF:src/v1/controllers/integration/type-a-defs/type-a-builder.js
FN:12,(anonymous_0)
FN:18,(anonymous_1)
FN:22,(anonymous_2)
FN:26,(anonymous_3)
FN:30,(anonymous_4)
FN:34,(anonymous_5)
FN:38,(anonymous_6)
FN:42,(anonymous_7)
FN:46,(anonymous_8)
FN:50,(anonymous_9)
FN:58,(anonymous_10)
FN:61,(anonymous_11)
FN:65,(anonymous_12)
FN:69,(anonymous_13)
FN:73,(anonymous_14)
FN:77,(anonymous_15)
FN:81,(anonymous_16)
FN:85,(anonymous_17)
FN:89,(anonymous_18)
FN:93,(anonymous_19)
FN:97,(anonymous_20)
FN:101,(anonymous_21)
FN:105,(anonymous_22)
FN:109,(anonymous_23)
FN:113,(anonymous_24)
FN:117,(anonymous_25)
FN:121,(anonymous_26)
FN:125,(anonymous_27)
FN:129,(anonymous_28)
FN:133,(anonymous_29)
FN:137,(anonymous_30)
FN:141,(anonymous_31)
FN:145,(anonymous_32)
FN:149,(anonymous_33)
FN:153,(anonymous_34)
FN:157,(anonymous_35)
FN:161,(anonymous_36)
FN:165,(anonymous_37)
FN:169,(anonymous_38)
FN:173,(anonymous_39)
FN:177,(anonymous_40)
FN:181,(anonymous_41)
FN:185,(anonymous_42)
FN:189,(anonymous_43)
FN:193,(anonymous_44)
FN:197,(anonymous_45)
FN:201,(anonymous_46)
FN:205,(anonymous_47)
FN:209,(anonymous_48)
FN:213,(anonymous_49)
FN:217,(anonymous_50)
FN:221,(anonymous_51)
FN:225,(anonymous_52)
FN:229,(anonymous_53)
FN:233,(anonymous_54)
FN:237,(anonymous_55)
FN:241,(anonymous_56)
FN:245,(anonymous_57)
FN:249,(anonymous_58)
FN:253,(anonymous_59)
FN:257,(anonymous_60)
FN:261,(anonymous_61)
FN:265,(anonymous_62)
FN:269,(anonymous_63)
FN:273,(anonymous_64)
FN:277,(anonymous_65)
FN:281,(anonymous_66)
FN:285,(anonymous_67)
FN:289,(anonymous_68)
FN:293,(anonymous_69)
FN:297,(anonymous_70)
FN:301,(anonymous_71)
FN:305,(anonymous_72)
FN:309,(anonymous_73)
FN:314,(anonymous_74)
FN:319,(anonymous_75)
FN:323,(anonymous_76)
FN:327,(anonymous_77)
FN:331,(anonymous_78)
FN:335,(anonymous_79)
FN:339,(anonymous_80)
FN:343,(anonymous_81)
FN:347,(anonymous_82)
FN:351,(anonymous_83)
FN:356,(anonymous_84)
FN:360,(anonymous_85)
FN:364,(anonymous_86)
FN:368,(anonymous_87)
FN:373,(anonymous_88)
FN:377,(anonymous_89)
FN:381,(anonymous_90)
FN:385,(anonymous_91)
FN:390,(anonymous_92)
FN:409,(anonymous_93)
FNF:94
FNH:0
FNDA:0,(anonymous_0)
FNDA:0,(anonymous_1)
FNDA:0,(anonymous_2)
FNDA:0,(anonymous_3)
FNDA:0,(anonymous_4)
FNDA:0,(anonymous_5)
FNDA:0,(anonymous_6)
FNDA:0,(anonymous_7)
FNDA:0,(anonymous_8)
FNDA:0,(anonymous_9)
FNDA:0,(anonymous_10)
FNDA:0,(anonymous_11)
FNDA:0,(anonymous_12)
FNDA:0,(anonymous_13)
FNDA:0,(anonymous_14)
FNDA:0,(anonymous_15)
FNDA:0,(anonymous_16)
FNDA:0,(anonymous_17)
FNDA:0,(anonymous_18)
FNDA:0,(anonymous_19)
FNDA:0,(anonymous_20)
FNDA:0,(anonymous_21)
FNDA:0,(anonymous_22)
FNDA:0,(anonymous_23)
FNDA:0,(anonymous_24)
FNDA:0,(anonymous_25)
FNDA:0,(anonymous_26)
FNDA:0,(anonymous_27)
FNDA:0,(anonymous_28)
FNDA:0,(anonymous_29)
FNDA:0,(anonymous_30)
FNDA:0,(anonymous_31)
FNDA:0,(anonymous_32)
FNDA:0,(anonymous_33)
FNDA:0,(anonymous_34)
FNDA:0,(anonymous_35)
FNDA:0,(anonymous_36)
FNDA:0,(anonymous_37)
FNDA:0,(anonymous_38)
FNDA:0,(anonymous_39)
FNDA:0,(anonymous_40)
FNDA:0,(anonymous_41)
FNDA:0,(anonymous_42)
FNDA:0,(anonymous_43)
FNDA:0,(anonymous_44)
FNDA:0,(anonymous_45)
FNDA:0,(anonymous_46)
FNDA:0,(anonymous_47)
FNDA:0,(anonymous_48)
FNDA:0,(anonymous_49)
FNDA:0,(anonymous_50)
FNDA:0,(anonymous_51)
FNDA:0,(anonymous_52)
FNDA:0,(anonymous_53)
FNDA:0,(anonymous_54)
FNDA:0,(anonymous_55)
FNDA:0,(anonymous_56)
FNDA:0,(anonymous_57)
FNDA:0,(anonymous_58)
FNDA:0,(anonymous_59)
FNDA:0,(anonymous_60)
FNDA:0,(anonymous_61)
FNDA:0,(anonymous_62)
FNDA:0,(anonymous_63)
FNDA:0,(anonymous_64)
FNDA:0,(anonymous_65)
FNDA:0,(anonymous_66)
FNDA:0,(anonymous_67)
FNDA:0,(anonymous_68)
FNDA:0,(anonymous_69)
FNDA:0,(anonymous_70)
FNDA:0,(anonymous_71)
FNDA:0,(anonymous_72)
FNDA:0,(anonymous_73)
FNDA:0,(anonymous_74)
FNDA:0,(anonymous_75)
FNDA:0,(anonymous_76)
FNDA:0,(anonymous_77)
FNDA:0,(anonymous_78)
FNDA:0,(anonymous_79)
FNDA:0,(anonymous_80)
FNDA:0,(anonymous_81)
FNDA:0,(anonymous_82)
FNDA:0,(anonymous_83)
FNDA:0,(anonymous_84)
FNDA:0,(anonymous_85)
FNDA:0,(anonymous_86)
FNDA:0,(anonymous_87)
FNDA:0,(anonymous_88)
FNDA:0,(anonymous_89)
FNDA:0,(anonymous_90)
FNDA:0,(anonymous_91)
FNDA:0,(anonymous_92)
FNDA:0,(anonymous_93)
DA:1,1
DA:2,1
DA:3,1
DA:5,1
DA:7,1
DA:10,1
DA:12,1
DA:13,0
DA:17,0
DA:19,0
DA:20,0
DA:23,0
DA:24,0
DA:27,0
DA:28,0
DA:31,0
DA:32,0
DA:35,0
DA:36,0
DA:39,0
DA:40,0
DA:43,0
DA:44,0
DA:47,0
DA:48,0
DA:57,0
DA:58,0
DA:59,0
DA:62,0
DA:63,0
DA:66,0
DA:67,0
DA:70,0
DA:71,0
DA:74,0
DA:75,0
DA:78,0
DA:79,0
DA:82,0
DA:83,0
DA:86,0
DA:87,0
DA:90,0
DA:91,0
DA:94,0
DA:95,0
DA:98,0
DA:99,0
DA:102,0
DA:103,0
DA:106,0
DA:107,0
DA:110,0
DA:111,0
DA:114,0
DA:115,0
DA:118,0
DA:119,0
DA:122,0
DA:123,0
DA:126,0
DA:127,0
DA:130,0
DA:131,0
DA:134,0
DA:135,0
DA:138,0
DA:139,0
DA:142,0
DA:143,0
DA:146,0
DA:147,0
DA:150,0
DA:151,0
DA:154,0
DA:155,0
DA:158,0
DA:159,0
DA:162,0
DA:163,0
DA:166,0
DA:167,0
DA:170,0
DA:171,0
DA:174,0
DA:175,0
DA:178,0
DA:179,0
DA:182,0
DA:183,0
DA:186,0
DA:187,0
DA:190,0
DA:191,0
DA:194,0
DA:195,0
DA:198,0
DA:199,0
DA:202,0
DA:203,0
DA:206,0
DA:207,0
DA:210,0
DA:211,0
DA:214,0
DA:215,0
DA:218,0
DA:219,0
DA:222,0
DA:223,0
DA:226,0
DA:227,0
DA:230,0
DA:231,0
DA:234,0
DA:235,0
DA:238,0
DA:239,0
DA:242,0
DA:243,0
DA:246,0
DA:247,0
DA:250,0
DA:251,0
DA:254,0
DA:255,0
DA:258,0
DA:259,0
DA:262,0
DA:263,0
DA:266,0
DA:267,0
DA:270,0
DA:271,0
DA:274,0
DA:275,0
DA:278,0
DA:279,0
DA:282,0
DA:283,0
DA:286,0
DA:287,0
DA:290,0
DA:291,0
DA:294,0
DA:295,0
DA:298,0
DA:299,0
DA:302,0
DA:303,0
DA:306,0
DA:307,0
DA:310,0
DA:311,0
DA:315,0
DA:316,0
DA:320,0
DA:321,0
DA:324,0
DA:325,0
DA:328,0
DA:329,0
DA:332,0
DA:333,0
DA:336,0
DA:337,0
DA:340,0
DA:341,0
DA:344,0
DA:345,0
DA:348,0
DA:349,0
DA:352,0
DA:353,0
DA:357,0
DA:358,0
DA:361,0
DA:362,0
DA:365,0
DA:366,0
DA:369,0
DA:370,0
DA:374,0
DA:375,0
DA:378,0
DA:379,0
DA:382,0
DA:383,0
DA:386,0
DA:387,0
DA:391,0
DA:392,0
DA:394,0
DA:403,0
DA:409,0
DA:412,0
LF:196
LH:7
BRDA:18,0,0,0
BRDA:22,1,0,0
BRDA:26,2,0,0
BRDA:30,3,0,0
BRDA:34,4,0,0
BRDA:38,5,0,0
BRDA:42,6,0,0
BRDA:46,7,0,0
BRDA:58,8,0,0
BRDA:58,8,1,0
BRDA:58,9,0,0
BRDA:58,9,1,0
BRDA:61,10,0,0
BRDA:65,11,0,0
BRDA:69,12,0,0
BRDA:73,13,0,0
BRDA:77,14,0,0
BRDA:81,15,0,0
BRDA:85,16,0,0
BRDA:89,17,0,0
BRDA:93,18,0,0
BRDA:97,19,0,0
BRDA:101,20,0,0
BRDA:105,21,0,0
BRDA:109,22,0,0
BRDA:113,23,0,0
BRDA:117,24,0,0
BRDA:121,25,0,0
BRDA:125,26,0,0
BRDA:129,27,0,0
BRDA:133,28,0,0
BRDA:137,29,0,0
BRDA:141,30,0,0
BRDA:145,31,0,0
BRDA:149,32,0,0
BRDA:153,33,0,0
BRDA:157,34,0,0
BRDA:161,35,0,0
BRDA:165,36,0,0
BRDA:169,37,0,0
BRDA:173,38,0,0
BRDA:177,39,0,0
BRDA:181,40,0,0
BRDA:185,41,0,0
BRDA:189,42,0,0
BRDA:193,43,0,0
BRDA:197,44,0,0
BRDA:201,45,0,0
BRDA:205,46,0,0
BRDA:209,47,0,0
BRDA:213,48,0,0
BRDA:217,49,0,0
BRDA:221,50,0,0
BRDA:225,51,0,0
BRDA:229,52,0,0
BRDA:233,53,0,0
BRDA:237,54,0,0
BRDA:241,55,0,0
BRDA:245,56,0,0
BRDA:249,57,0,0
BRDA:253,58,0,0
BRDA:257,59,0,0
BRDA:261,60,0,0
BRDA:265,61,0,0
BRDA:269,62,0,0
BRDA:273,63,0,0
BRDA:277,64,0,0
BRDA:281,65,0,0
BRDA:285,66,0,0
BRDA:289,67,0,0
BRDA:293,68,0,0
BRDA:297,69,0,0
BRDA:301,70,0,0
BRDA:305,71,0,0
BRDA:309,72,0,0
BRDA:323,73,0,0
BRDA:327,74,0,0
BRDA:331,75,0,0
BRDA:335,76,0,0
BRDA:339,77,0,0
BRDA:343,78,0,0
BRDA:347,79,0,0
BRDA:351,80,0,0
BRDA:356,81,0,0
BRDA:360,82,0,0
BRDA:364,83,0,0
BRDA:368,84,0,0
BRDA:373,85,0,0
BRDA:377,86,0,0
BRDA:381,87,0,0
BRDA:385,88,0,0
BRDA:391,89,0,0
BRDA:391,89,1,0
BRDA:392,90,0,0
BRDA:392,90,1,0
BRF:95
BRH:0
end_of_record
TN:
SF:src/v1/controllers/integration/type-a-defs/type-a-ewcs-builder.js
FN:3,(anonymous_0)
FN:8,(anonymous_1)
FN:12,(anonymous_2)
FN:16,(anonymous_3)
FN:20,(anonymous_4)
FN:24,(anonymous_5)
FN:28,(anonymous_6)
FN:32,(anonymous_7)
FN:36,(anonymous_8)
FN:40,(anonymous_9)
FN:44,(anonymous_10)
FN:48,(anonymous_11)
FN:52,(anonymous_12)
FN:56,(anonymous_13)
FN:60,(anonymous_14)
FN:64,(anonymous_15)
FN:68,(anonymous_16)
FN:72,(anonymous_17)
FN:76,(anonymous_18)
FN:80,(anonymous_19)
FN:84,(anonymous_20)
FN:88,(anonymous_21)
FNF:22
FNH:0
FNDA:0,(anonymous_0)
FNDA:0,(anonymous_1)
FNDA:0,(anonymous_2)
FNDA:0,(anonymous_3)
FNDA:0,(anonymous_4)
FNDA:0,(anonymous_5)
FNDA:0,(anonymous_6)
FNDA:0,(anonymous_7)
FNDA:0,(anonymous_8)
FNDA:0,(anonymous_9)
FNDA:0,(anonymous_10)
FNDA:0,(anonymous_11)
FNDA:0,(anonymous_12)
FNDA:0,(anonymous_13)
FNDA:0,(anonymous_14)
FNDA:0,(anonymous_15)
FNDA:0,(anonymous_16)
FNDA:0,(anonymous_17)
FNDA:0,(anonymous_18)
FNDA:0,(anonymous_19)
FNDA:0,(anonymous_20)
FNDA:0,(anonymous_21)
DA:1,1
DA:3,1
DA:4,0
DA:6,0
DA:9,0
DA:10,0
DA:13,0
DA:14,0
DA:17,0
DA:18,0
DA:21,0
DA:22,0
DA:25,0
DA:26,0
DA:29,0
DA:30,0
DA:33,0
DA:34,0
DA:37,0
DA:38,0
DA:41,0
DA:42,0
DA:45,0
DA:46,0
DA:49,0
DA:50,0
DA:53,0
DA:54,0
DA:57,0
DA:58,0
DA:61,0
DA:62,0
DA:65,0
DA:66,0
DA:69,0
DA:70,0
DA:73,0
DA:74,0
DA:77,0
DA:78,0
DA:81,0
DA:82,0
DA:85,0
DA:86,0
DA:89,0
DA:90,0
DA:94,0
DA:97,1
LF:48
LH:3
BRDA:8,0,0,0
BRDA:12,1,0,0
BRDA:16,2,0,0
BRDA:20,3,0,0
BRDA:24,4,0,0
BRDA:28,5,0,0
BRDA:32,6,0,0
BRDA:36,7,0,0
BRDA:40,8,0,0
BRDA:44,9,0,0
BRDA:48,10,0,0
BRDA:52,11,0,0
BRDA:56,12,0,0
BRDA:61,13,0,0
BRDA:61,13,1,0
BRDA:64,14,0,0
BRDA:68,15,0,0
BRDA:72,16,0,0
BRDA:76,17,0,0
BRDA:80,18,0,0
BRDA:84,19,0,0
BRDA:88,20,0,0
BRF:22
BRH:0
end_of_record
TN:
SF:src/v1/controllers/integration/type-a-defs/type-a-schema.js
FNF:0
FNH:0
DA:1,0
DA:2,0
DA:3,0
DA:4,0
DA:5,0
DA:7,0
DA:15,0
DA:24,0
DA:198,0
LF:9
LH:0
BRF:0
BRH:0
end_of_record
TN:
SF:src/v1/controllers/integration/type-a-defs/type-a-template.js
FNF:0
FNH:0
DA:1,1
DA:8,1
DA:149,1
DA:182,1
DA:213,1
LF:5
LH:5
BRF:0
BRH:0
end_of_record
TN:
SF:src/v1/controllers/integration/type-b-helpers/generate-status.js
FN:3,(anonymous_0)
FNF:1
FNH:0
FNDA:0,(anonymous_0)
DA:1,1
DA:3,1
DA:4,0
DA:5,0
DA:7,0
DA:9,0
DA:10,0
DA:13,0
DA:16,1
LF:9
LH:3
BRDA:9,0,0,0
BRDA:9,0,1,0
BRDA:9,1,0,0
BRDA:9,1,1,0
BRDA:9,1,2,0
BRF:5
BRH:0
end_of_record
TN:
SF:src/v1/controllers/integration/type-b-helpers/index.js
FNF:0
FNH:0
DA:1,1
DA:2,1
DA:4,1
LF:3
LH:3
BRF:0
BRH:0
end_of_record
TN:
SF:src/v1/controllers/integration/type-b-helpers/update-comments.js
FN:3,(anonymous_0)
FNF:1
FNH:0
FNDA:0,(anonymous_0)
DA:1,1
DA:3,1
DA:4,0
DA:5,0
DA:7,0
DA:11,0
DA:12,0
DA:13,0
DA:15,0
DA:20,1
LF:10
LH:3
BRDA:4,0,0,0
BRDA:11,1,0,0
BRDA:11,1,1,0
BRDA:12,2,0,0
BRDA:12,2,1,0
BRF:5
BRH:0
end_of_record
TN:
SF:src/v1/controllers/transactions/bondFixer.js
FN:23,(anonymous_0)
FN:27,(anonymous_1)
FN:39,(anonymous_2)
FN:58,(anonymous_3)
FN:60,(anonymous_4)
FN:66,(anonymous_5)
FN:78,(anonymous_6)
FN:83,(anonymous_7)
FN:96,(anonymous_8)
FN:100,(anonymous_9)
FN:132,(anonymous_10)
FN:152,(anonymous_11)
FNF:12
FNH:0
FNDA:0,(anonymous_0)
FNDA:0,(anonymous_1)
FNDA:0,(anonymous_2)
FNDA:0,(anonymous_3)
FNDA:0,(anonymous_4)
FNDA:0,(anonymous_5)
FNDA:0,(anonymous_6)
FNDA:0,(anonymous_7)
FNDA:0,(anonymous_8)
FNDA:0,(anonymous_9)
FNDA:0,(anonymous_10)
FNDA:0,(anonymous_11)
DA:1,1
DA:2,1
DA:3,1
DA:9,1
DA:23,1
DA:27,1
DA:28,0
DA:29,0
DA:31,0
DA:39,1
DA:40,0
DA:41,0
DA:58,1
DA:60,0
DA:66,0
DA:67,0
DA:68,0
DA:69,0
DA:70,0
DA:72,0
DA:73,0
DA:74,0
DA:78,0
DA:80,0
DA:83,0
DA:96,0
DA:100,0
DA:101,0
DA:103,0
DA:104,0
DA:108,0
DA:115,0
DA:118,0
DA:122,0
DA:123,0
DA:131,0
DA:136,0
DA:137,0
DA:138,0
DA:140,0
DA:144,0
DA:145,0
DA:146,0
DA:147,0
DA:151,0
DA:152,0
DA:170,0
DA:177,1
LF:48
LH:9
BRDA:28,0,0,0
BRDA:28,0,1,0
BRDA:69,1,0,0
BRDA:69,1,1,0
BRDA:80,2,0,0
BRDA:80,2,1,0
BRDA:80,3,0,0
BRDA:80,3,1,0
BRDA:103,4,0,0
BRDA:103,4,1,0
BRDA:122,5,0,0
BRDA:122,5,1,0
BRDA:131,6,0,0
BRDA:131,6,1,0
BRDA:136,7,0,0
BRDA:136,7,1,0
BRDA:138,8,0,0
BRDA:138,8,1,0
BRDA:138,9,0,0
BRDA:138,9,1,0
BRDA:144,10,0,0
BRDA:144,10,1,0
BRDA:146,11,0,0
BRDA:146,11,1,0
BRDA:146,12,0,0
BRDA:146,12,1,0
BRDA:165,13,0,0
BRDA:165,13,1,0
BRDA:165,14,0,0
BRDA:165,14,1,0
BRDA:165,15,0,0
BRDA:165,15,1,0
BRDA:166,16,0,0
BRDA:166,16,1,0
BRDA:166,17,0,0
BRDA:166,17,1,0
BRDA:166,18,0,0
BRDA:166,18,1,0
BRF:38
BRH:0
end_of_record
TN:
SF:src/v1/controllers/transactions/loanFixer.js
FN:24,(anonymous_0)
FN:28,(anonymous_1)
FN:40,(anonymous_2)
FN:59,(anonymous_3)
FN:61,(anonymous_4)
FN:67,(anonymous_5)
FN:79,(anonymous_6)
FN:84,(anonymous_7)
FN:97,(anonymous_8)
FN:101,(anonymous_9)
FN:133,(anonymous_10)
FN:152,(anonymous_11)
FNF:12
FNH:0
FNDA:0,(anonymous_0)
FNDA:0,(anonymous_1)
FNDA:0,(anonymous_2)
FNDA:0,(anonymous_3)
FNDA:0,(anonymous_4)
FNDA:0,(anonymous_5)
FNDA:0,(anonymous_6)
FNDA:0,(anonymous_7)
FNDA:0,(anonymous_8)
FNDA:0,(anonymous_9)
FNDA:0,(anonymous_10)
FNDA:0,(anonymous_11)
DA:1,1
DA:2,1
DA:3,1
DA:10,1
DA:24,1
DA:28,1
DA:29,0
DA:30,0
DA:32,0
DA:40,1
DA:41,0
DA:42,0
DA:59,1
DA:61,0
DA:67,0
DA:68,0
DA:69,0
DA:70,0
DA:71,0
DA:73,0
DA:74,0
DA:75,0
DA:79,0
DA:81,0
DA:84,0
DA:97,0
DA:101,0
DA:102,0
DA:104,0
DA:105,0
DA:109,0
DA:116,0
DA:119,0
DA:123,0
DA:124,0
DA:132,0
DA:136,0
DA:137,0
DA:138,0
DA:140,0
DA:144,0
DA:145,0
DA:146,0
DA:147,0
DA:151,0
DA:152,0
DA:169,0
DA:176,1
LF:48
LH:9
BRDA:29,0,0,0
BRDA:29,0,1,0
BRDA:70,1,0,0
BRDA:70,1,1,0
BRDA:81,2,0,0
BRDA:81,2,1,0
BRDA:81,3,0,0
BRDA:81,3,1,0
BRDA:104,4,0,0
BRDA:104,4,1,0
BRDA:123,5,0,0
BRDA:123,5,1,0
BRDA:132,6,0,0
BRDA:132,6,1,0
BRDA:136,7,0,0
BRDA:136,7,1,0
BRDA:138,8,0,0
BRDA:138,8,1,0
BRDA:138,9,0,0
BRDA:138,9,1,0
BRDA:144,10,0,0
BRDA:144,10,1,0
BRDA:146,11,0,0
BRDA:146,11,1,0
BRDA:146,12,0,0
BRDA:146,12,1,0
BRDA:164,13,0,0
BRDA:164,13,1,0
BRDA:164,14,0,0
BRDA:164,14,1,0
BRDA:164,15,0,0
BRDA:164,15,1,0
BRDA:165,16,0,0
BRDA:165,16,1,0
BRDA:165,17,0,0
BRDA:165,17,1,0
BRDA:165,18,0,0
BRDA:165,18,1,0
BRF:38
BRH:0
end_of_record
TN:
SF:src/v1/controllers/transactions/transactionFixer.js
FN:17,(anonymous_0)
FN:21,(anonymous_1)
FN:75,(anonymous_2)
FN:85,(anonymous_3)
FNF:4
FNH:0
FNDA:0,(anonymous_0)
FNDA:0,(anonymous_1)
FNDA:0,(anonymous_2)
FNDA:0,(anonymous_3)
DA:1,1
DA:2,1
DA:3,1
DA:5,1
DA:6,1
DA:7,1
DA:9,1
DA:17,1
DA:18,0
DA:19,0
DA:21,0
DA:23,0
DA:24,0
DA:25,0
DA:30,0
DA:31,0
DA:36,0
DA:38,0
DA:39,0
DA:40,0
DA:41,0
DA:44,0
DA:45,0
DA:46,0
DA:48,0
DA:51,0
DA:52,0
DA:54,0
DA:57,0
DA:59,0
DA:63,0
DA:65,0
DA:75,0
DA:76,0
DA:77,0
DA:79,0
DA:82,0
DA:85,0
DA:90,0
DA:92,0
DA:94,0
DA:97,0
DA:104,1
LF:43
LH:9
BRDA:24,0,0,0
BRDA:24,0,1,0
BRDA:24,1,0,0
BRDA:24,1,1,0
BRDA:30,2,0,0
BRDA:30,2,1,0
BRDA:38,3,0,0
BRDA:38,3,1,0
BRDA:44,4,0,0
BRDA:44,4,1,0
BRDA:51,5,0,0
BRDA:51,5,1,0
BRDA:57,6,0,0
BRDA:57,6,1,0
BRDA:63,7,0,0
BRDA:63,7,1,0
BRDA:76,8,0,0
BRDA:76,8,1,0
BRDA:90,9,0,0
BRDA:90,9,1,0
BRDA:92,10,0,0
BRDA:92,10,1,0
BRF:22
BRH:0
end_of_record
TN:
SF:src/v1/deal-summary/index.js
FN:9,(anonymous_0)
FN:11,(anonymous_1)
FN:18,(anonymous_2)
FN:36,(anonymous_3)
FN:41,(anonymous_4)
FN:66,(anonymous_5)
FN:92,(anonymous_6)
FN:93,(anonymous_7)
FN:94,(anonymous_8)
FN:113,(anonymous_9)
FNF:10
FNH:9
FNDA:60,(anonymous_0)
FNDA:30,(anonymous_1)
FNDA:10,(anonymous_2)
FNDA:10,(anonymous_3)
FNDA:5,(anonymous_4)
FNDA:10,(anonymous_5)
FNDA:7,(anonymous_6)
FNDA:8,(anonymous_7)
FNDA:0,(anonymous_8)
FNDA:7,(anonymous_9)
DA:6,1
DA:7,1
DA:9,60
DA:11,1
DA:12,30
DA:13,0
DA:15,30
DA:18,1
DA:23,10
DA:25,10
DA:26,10
DA:29,10
DA:30,0
DA:33,10
DA:36,1
DA:37,10
DA:38,10
DA:40,10
DA:41,5
DA:46,5
DA:48,5
DA:50,5
DA:51,0
DA:52,0
DA:54,5
DA:55,5
DA:60,10
DA:66,1
DA:71,10
DA:73,10
DA:79,10
DA:80,10
DA:82,10
DA:92,1
DA:93,8
DA:94,7
DA:96,7
DA:100,7
DA:103,7
DA:106,7
DA:107,5
DA:110,2
DA:113,1
DA:118,7
DA:123,7
DA:125,7
DA:126,7
DA:128,7
DA:132,5
DA:137,5
DA:139,5
DA:152,2
DA:155,1
LF:53
LH:49
BRDA:12,0,0,0
BRDA:12,0,1,30
BRDA:12,1,0,30
BRDA:12,1,1,0
BRDA:25,2,0,10
BRDA:25,2,1,0
BRDA:29,3,0,0
BRDA:29,3,1,10
BRDA:40,4,0,5
BRDA:40,4,1,5
BRDA:50,5,0,0
BRDA:50,5,1,5
BRDA:96,6,0,7
BRDA:96,6,1,7
BRDA:96,6,2,7
BRDA:100,7,0,7
BRDA:100,7,1,0
BRDA:103,8,0,7
BRDA:103,8,1,7
BRDA:103,8,2,0
BRDA:103,8,3,0
BRDA:106,9,0,5
BRDA:106,9,1,2
BRDA:106,10,0,7
BRDA:106,10,1,7
BRDA:106,10,2,2
BRDA:128,11,0,5
BRDA:128,11,1,2
BRF:28
BRH:20
end_of_record
TN:
SF:src/v1/defaults/index.js
FNF:0
FNH:0
DA:2,1
DA:37,1
DA:61,1
LF:3
LH:3
BRF:0
BRH:0
end_of_record
TN:
SF:src/v1/email/index.js
FN:5,(anonymous_0)
FN:13,(anonymous_1)
FN:14,(anonymous_2)
FNF:3
FNH:0
FNDA:0,(anonymous_0)
FNDA:0,(anonymous_1)
FNDA:0,(anonymous_2)
DA:1,1
DA:3,1
DA:5,1
DA:6,0
DA:8,0
DA:13,0
DA:15,0
DA:19,1
LF:8
LH:4
BRF:0
BRH:0
end_of_record
TN:
SF:src/v1/section-calculations/index.js
FN:9,(anonymous_0)
FN:18,(anonymous_1)
FNF:2
FNH:2
FNDA:13,(anonymous_0)
FNDA:11,(anonymous_1)
DA:1,1
DA:7,1
DA:9,1
DA:10,13
DA:11,11
DA:12,11
DA:13,11
DA:15,2
DA:18,1
DA:19,11
DA:21,11
DA:22,11
DA:23,11
DA:25,11
DA:28,11
DA:29,11
DA:30,11
DA:32,11
DA:33,10
DA:35,1
DA:38,11
DA:39,11
DA:41,0
LF:23
LH:22
BRDA:10,0,0,11
BRDA:10,0,1,2
BRDA:22,1,0,11
BRDA:22,1,1,11
BRDA:23,2,0,11
BRDA:23,2,1,11
BRDA:25,3,0,11
BRDA:25,3,1,0
BRDA:32,4,0,10
BRDA:32,4,1,1
BRF:10
BRH:9
end_of_record
TN:
SF:src/v1/section-currency/index.js
FN:3,(anonymous_0)
FN:13,(anonymous_1)
FNF:2
FNH:2
FNDA:10,(anonymous_0)
FNDA:12,(anonymous_1)
DA:1,1
DA:3,1
DA:4,10
DA:5,10
DA:7,10
DA:13,1
DA:14,12
DA:17,12
DA:18,12
DA:24,12
DA:26,12
DA:28,9
DA:29,9
DA:30,9
DA:31,9
DA:32,9
DA:34,9
DA:35,9
DA:37,3
DA:41,1
DA:42,1
DA:45,12
DA:49,1
LF:23
LH:23
BRDA:17,0,0,12
BRDA:17,0,1,0
BRDA:26,1,0,9
BRDA:26,1,1,3
BRDA:26,2,0,12
BRDA:26,2,1,10
BRDA:34,3,0,9
BRDA:34,3,1,0
BRDA:37,4,0,1
BRDA:37,4,1,2
BRDA:41,5,0,0
BRDA:41,5,1,1
BRF:12
BRH:9
end_of_record
TN:
SF:src/v1/section-status/about.js
FN:3,(anonymous_0)
FNF:1
FNH:0
FNDA:0,(anonymous_0)
DA:1,0
DA:3,0
DA:4,0
DA:5,0
DA:8,0
DA:9,0
DA:10,0
DA:12,0
DA:15,0
LF:9
LH:0
BRDA:4,0,0,0
BRDA:4,0,1,0
BRDA:9,1,0,0
BRDA:9,1,1,0
BRF:4
BRH:0
end_of_record
TN:
SF:src/v1/section-status/aboutSupplyContractStatus.js
FN:1,(anonymous_0)
FNF:1
FNH:1
FNDA:7,(anonymous_0)
DA:1,1
DA:6,7
DA:7,0
DA:10,7
DA:11,7
DA:14,0
LF:6
LH:4
BRDA:6,0,0,0
BRDA:6,0,1,7
BRDA:10,1,0,7
BRDA:10,1,1,0
BRDA:10,2,0,7
BRDA:10,2,1,7
BRF:6
BRH:4
end_of_record
TN:
SF:src/v1/section-status/addAccurateStatusesToBonds.js
FN:3,(anonymous_0)
FN:10,(anonymous_1)
FN:12,(anonymous_2)
FNF:3
FNH:3
FNDA:8,(anonymous_0)
FNDA:7,(anonymous_1)
FNDA:8,(anonymous_2)
DA:3,1
DA:4,8
DA:5,5
DA:7,3
DA:10,1
DA:11,7
DA:12,7
DA:13,8
DA:14,8
DA:15,8
DA:19,7
LF:11
LH:11
BRDA:4,0,0,5
BRDA:4,0,1,3
BRDA:4,1,0,8
BRDA:4,1,1,3
BRDA:11,2,0,7
BRDA:11,2,1,0
BRDA:11,3,0,7
BRDA:11,3,1,7
BRDA:11,3,2,7
BRDA:11,3,3,7
BRF:10
BRH:9
end_of_record
TN:
SF:src/v1/section-status/addAccurateStatusesToLoans.js
FN:3,(anonymous_0)
FN:10,(anonymous_1)
FN:12,(anonymous_2)
FNF:3
FNH:1
FNDA:0,(anonymous_0)
FNDA:7,(anonymous_1)
FNDA:0,(anonymous_2)
DA:3,1
DA:4,0
DA:5,0
DA:7,0
DA:10,1
DA:11,7
DA:12,0
DA:13,0
DA:14,0
DA:15,0
DA:19,7
LF:11
LH:4
BRDA:4,0,0,0
BRDA:4,0,1,0
BRDA:4,1,0,0
BRDA:4,1,1,0
BRDA:11,2,0,0
BRDA:11,2,1,7
BRDA:11,3,0,7
BRDA:11,3,1,7
BRDA:11,3,2,7
BRDA:11,3,3,0
BRF:10
BRH:4
end_of_record
TN:
SF:src/v1/section-status/bond.js
FN:5,(anonymous_0)
FN:12,(anonymous_1)
FN:14,(anonymous_2)
FNF:3
FNH:1
FNDA:3,(anonymous_0)
FNDA:0,(anonymous_1)
FNDA:0,(anonymous_2)
DA:3,1
DA:5,1
DA:6,3
DA:7,1
DA:9,2
DA:12,1
DA:13,0
DA:14,0
DA:15,0
DA:16,0
DA:17,0
DA:20,0
DA:23,1
LF:13
LH:7
BRDA:6,0,0,1
BRDA:6,0,1,2
BRDA:13,1,0,0
BRDA:13,1,1,0
BRF:4
BRH:2
end_of_record
TN:
SF:src/v1/section-status/calculateStatuses.js
FN:5,(anonymous_0)
FNF:1
FNH:1
FNDA:7,(anonymous_0)
DA:1,1
DA:2,1
DA:3,1
DA:5,7
LF:4
LH:4
BRF:0
BRH:0
end_of_record
TN:
SF:src/v1/section-status/index.js
FN:5,(anonymous_0)
FNF:1
FNH:0
FNDA:0,(anonymous_0)
DA:1,0
DA:2,0
DA:3,0
DA:5,0
LF:4
LH:0
BRF:0
BRH:0
end_of_record
TN:
SF:src/v1/section-status/loan.js
FN:3,(anonymous_0)
FN:10,(anonymous_1)
FN:12,(anonymous_2)
FNF:3
FNH:0
FNDA:0,(anonymous_0)
FNDA:0,(anonymous_1)
FNDA:0,(anonymous_2)
DA:1,1
DA:3,1
DA:4,0
DA:5,0
DA:7,0
DA:10,1
DA:11,0
DA:12,0
DA:13,0
DA:14,0
DA:15,0
DA:18,0
DA:21,1
LF:13
LH:4
BRDA:4,0,0,0
BRDA:4,0,1,0
BRDA:11,1,0,0
BRDA:11,1,1,0
BRF:4
BRH:0
end_of_record
TN:
SF:src/v1/users/checks.js
FN:1,(anonymous_0)
FN:3,(anonymous_1)
FN:24,(anonymous_2)
FNF:3
FNH:2
FNDA:43,(anonymous_0)
FNDA:43,(anonymous_1)
FNDA:0,(anonymous_2)
DA:1,43
DA:3,1
DA:5,43
DA:6,3
DA:10,40
DA:11,0
DA:16,40
DA:17,0
DA:21,40
DA:24,1
DA:25,0
DA:28,1
LF:12
LH:9
BRDA:1,0,0,43
BRDA:1,0,1,43
BRDA:1,0,2,43
BRDA:5,1,0,3
BRDA:5,1,1,40
BRDA:10,2,0,0
BRDA:10,2,1,40
BRDA:10,3,0,40
BRDA:10,3,1,40
BRDA:10,3,2,40
BRDA:16,4,0,0
BRDA:16,4,1,40
BRDA:16,5,0,40
BRDA:16,5,1,40
BRDA:16,5,2,40
BRF:15
BRH:13
end_of_record
TN:
SF:src/v1/users/controller.js
FN:6,(anonymous_0)
FN:16,(anonymous_1)
FN:22,(anonymous_2)
FN:28,(anonymous_3)
FN:34,(anonymous_4)
FN:47,(anonymous_5)
FN:50,(anonymous_6)
FN:62,(anonymous_7)
FN:76,(anonymous_8)
FNF:9
FNH:5
FNDA:0,(anonymous_0)
FNDA:1,(anonymous_1)
FNDA:0,(anonymous_2)
FNDA:135,(anonymous_3)
FNDA:11,(anonymous_4)
FNDA:0,(anonymous_5)
FNDA:0,(anonymous_6)
FNDA:11,(anonymous_7)
FNDA:11,(anonymous_8)
DA:1,1
DA:2,1
DA:3,1
DA:4,1
DA:6,1
DA:7,0
DA:9,0
DA:16,1
DA:17,1
DA:19,1
DA:22,1
DA:23,0
DA:25,0
DA:28,1
DA:29,135
DA:31,135
DA:34,1
DA:35,11
DA:41,11
DA:42,11
DA:44,11
DA:47,1
DA:48,0
DA:50,0
DA:51,0
DA:53,0
DA:56,0
DA:58,0
DA:62,1
DA:63,11
DA:64,11
DA:67,11
DA:73,11
DA:76,1
DA:77,11
DA:78,11
DA:80,11
LF:37
LH:27
BRDA:38,0,0,11
BRDA:38,0,1,11
BRDA:51,1,0,0
BRDA:51,1,1,0
BRDA:51,2,0,0
BRDA:51,2,1,0
BRF:6
BRH:2
end_of_record
TN:
SF:src/v1/users/passport.js
FN:17,(anonymous_0)
FN:29,(anonymous_1)
FN:30,(anonymous_2)
FN:31,(anonymous_3)
FNF:4
FNH:4
FNDA:124,(anonymous_0)
FNDA:1,(anonymous_1)
FNDA:124,(anonymous_2)
FNDA:124,(anonymous_3)
DA:1,1
DA:2,1
DA:3,1
DA:5,1
DA:7,1
DA:9,1
DA:11,1
DA:17,124
DA:29,1
DA:30,1
DA:31,124
DA:32,124
DA:33,0
DA:35,124
DA:36,124
DA:38,0
LF:16
LH:14
BRDA:32,0,0,0
BRDA:32,0,1,124
BRDA:35,1,0,124
BRDA:35,1,1,0
BRF:4
BRH:2
end_of_record
TN:
SF:src/v1/users/routes.js
FN:9,(anonymous_0)
FN:10,(anonymous_1)
FN:23,(anonymous_2)
FN:35,(anonymous_3)
FN:44,(anonymous_4)
FN:45,(anonymous_5)
FN:56,(anonymous_6)
FN:57,(anonymous_7)
FN:66,(anonymous_8)
FN:67,(anonymous_9)
FN:76,(anonymous_10)
FN:79,(anonymous_11)
FN:93,(anonymous_12)
FNF:13
FNH:9
FNDA:1,(anonymous_0)
FNDA:1,(anonymous_1)
FNDA:11,(anonymous_2)
FNDA:11,(anonymous_3)
FNDA:0,(anonymous_4)
FNDA:0,(anonymous_5)
FNDA:0,(anonymous_6)
FNDA:0,(anonymous_7)
FNDA:11,(anonymous_8)
FNDA:11,(anonymous_9)
FNDA:11,(anonymous_10)
FNDA:11,(anonymous_11)
FNDA:11,(anonymous_12)
DA:1,1
DA:5,1
DA:7,1
DA:9,1
DA:10,1
DA:11,1
DA:12,0
DA:14,1
DA:23,1
DA:24,11
DA:25,11
DA:27,11
DA:29,11
DA:35,11
DA:36,11
DA:37,0
DA:39,11
DA:44,1
DA:45,0
DA:46,0
DA:47,0
DA:48,0
DA:49,0
DA:51,0
DA:56,1
DA:57,0
DA:58,0
DA:59,0
DA:61,0
DA:66,1
DA:67,11
DA:68,11
DA:69,0
DA:71,11
DA:76,1
DA:77,11
DA:79,11
DA:80,11
DA:81,0
DA:82,11
DA:83,0
DA:85,11
DA:87,11
DA:88,11
DA:89,0
DA:91,11
DA:93,11
DA:98,0
LF:48
LH:31
BRDA:11,0,0,0
BRDA:11,0,1,1
BRDA:36,1,0,0
BRDA:36,1,1,11
BRDA:46,2,0,0
BRDA:46,2,1,0
BRDA:48,3,0,0
BRDA:48,3,1,0
BRDA:58,4,0,0
BRDA:58,4,1,0
BRDA:68,5,0,0
BRDA:68,5,1,11
BRDA:80,6,0,0
BRDA:80,6,1,11
BRDA:82,7,0,0
BRDA:82,7,1,11
BRDA:87,8,0,11
BRDA:87,8,1,0
BRDA:88,9,0,0
BRDA:88,9,1,11
BRF:20
BRH:7
end_of_record
TN:
SF:src/v1/users/sanitizeUserData.js
FN:1,(anonymous_0)
FN:14,(anonymous_1)
FNF:2
FNH:2
FNDA:33,(anonymous_0)
FNDA:1,(anonymous_1)
DA:1,33
DA:14,1
DA:16,1
LF:3
LH:3
BRF:0
BRH:0
end_of_record
TN:
SF:src/v1/validation/bond.js
FN:4,(anonymous_0)
FNF:1
FNH:1
FNDA:23,(anonymous_0)
DA:1,1
DA:2,1
DA:4,1
DA:5,23
DA:6,23
DA:8,23
DA:9,16
DA:15,7
LF:8
LH:8
BRDA:8,0,0,16
BRDA:8,0,1,7
BRF:2
BRH:2
end_of_record
TN:
SF:src/v1/validation/clone-deal.js
FN:3,(anonymous_0)
FNF:1
FNH:0
FNDA:0,(anonymous_0)
DA:1,1
DA:3,1
DA:4,0
DA:5,0
DA:7,0
DA:8,0
DA:9,0
DA:12,0
DA:13,0
DA:14,0
DA:20,0
DA:25,0
DA:27,0
DA:28,0
DA:31,0
LF:15
LH:2
BRDA:8,0,0,0
BRDA:8,0,1,0
BRDA:12,1,0,0
BRDA:12,1,1,0
BRDA:13,2,0,0
BRDA:13,2,1,0
BRDA:27,3,0,0
BRDA:27,3,1,0
BRF:8
BRH:0
end_of_record
TN:
SF:src/v1/validation/completeDealValidation-flat.js
FN:5,(anonymous_0)
FN:21,(anonymous_1)
FN:29,(anonymous_2)
FNF:3
FNH:0
FNDA:0,(anonymous_0)
FNDA:0,(anonymous_1)
FNDA:0,(anonymous_2)
DA:1,1
DA:2,1
DA:3,1
DA:5,1
DA:17,0
DA:21,0
DA:22,0
DA:26,0
DA:29,0
DA:30,0
DA:34,0
DA:37,0
LF:12
LH:4
BRF:0
BRH:0
end_of_record
TN:
SF:src/v1/validation/completeDealValidation.js
FN:5,(anonymous_0)
FN:23,(anonymous_1)
FN:28,(anonymous_2)
FNF:3
FNH:2
FNDA:7,(anonymous_0)
FNDA:8,(anonymous_1)
FNDA:0,(anonymous_2)
DA:1,1
DA:2,1
DA:3,1
DA:5,1
DA:17,7
DA:23,7
DA:24,8
DA:25,8
DA:28,7
DA:29,0
DA:30,0
DA:33,7
LF:12
LH:10
BRF:0
BRH:0
end_of_record
TN:
SF:src/v1/validation/deal-name.js
FN:2,(anonymous_0)
FNF:1
FNH:0
FNDA:0,(anonymous_0)
DA:2,1
DA:3,0
DA:5,0
DA:6,0
DA:12,0
DA:14,0
DA:15,0
DA:18,0
LF:8
LH:1
BRDA:5,0,0,0
BRDA:5,0,1,0
BRDA:14,1,0,0
BRDA:14,1,1,0
BRF:4
BRH:0
end_of_record
TN:
SF:src/v1/validation/deal-status.js
FN:3,(anonymous_0)
FNF:1
FNH:0
FNDA:0,(anonymous_0)
DA:1,1
DA:3,1
DA:4,0
DA:6,0
DA:7,0
DA:9,0
DA:10,0
DA:17,0
DA:18,0
DA:20,0
DA:21,0
DA:28,0
DA:29,0
DA:31,0
DA:32,0
DA:39,0
DA:40,0
DA:43,0
DA:44,0
DA:50,0
DA:52,0
DA:53,0
DA:61,0
DA:63,0
DA:64,0
DA:67,0
LF:26
LH:2
BRDA:6,0,0,0
BRDA:6,0,1,0
BRDA:7,1,0,0
BRDA:7,1,1,0
BRDA:9,2,0,0
BRDA:9,2,1,0
BRDA:17,3,0,0
BRDA:17,3,1,0
BRDA:18,4,0,0
BRDA:18,4,1,0
BRDA:20,5,0,0
BRDA:20,5,1,0
BRDA:28,6,0,0
BRDA:28,6,1,0
BRDA:29,7,0,0
BRDA:29,7,1,0
BRDA:31,8,0,0
BRDA:31,8,1,0
BRDA:39,9,0,0
BRDA:39,9,1,0
BRDA:40,10,0,0
BRDA:40,10,1,0
BRDA:43,11,0,0
BRDA:43,11,1,0
BRDA:52,12,0,0
BRDA:52,12,1,0
BRDA:63,13,0,0
BRDA:63,13,1,0
BRF:28
BRH:0
end_of_record
TN:
SF:src/v1/validation/deal.js
FN:3,(anonymous_0)
FNF:1
FNH:1
FNDA:19,(anonymous_0)
DA:1,1
DA:3,1
DA:4,19
DA:5,19
DA:7,19
DA:8,19
DA:13,0
LF:7
LH:6
BRDA:7,0,0,19
BRDA:7,0,1,0
BRF:2
BRH:1
end_of_record
TN:
SF:src/v1/validation/eligibility-criteria.js
FN:1,(anonymous_0)
FN:2,(anonymous_1)
FN:13,(anonymous_2)
FN:18,(anonymous_3)
FN:71,(anonymous_4)
FN:76,(anonymous_5)
FNF:6
FNH:0
FNDA:0,(anonymous_0)
FNDA:0,(anonymous_1)
FNDA:0,(anonymous_2)
FNDA:0,(anonymous_3)
FNDA:0,(anonymous_4)
FNDA:0,(anonymous_5)
DA:1,1
DA:2,0
DA:3,0
DA:12,0
DA:13,0
DA:18,1
DA:19,0
DA:27,0
DA:28,0
DA:35,0
DA:36,0
DA:42,0
DA:43,0
DA:49,0
DA:50,0
DA:56,0
DA:57,0
DA:63,0
DA:64,0
DA:70,0
DA:71,0
DA:76,1
DA:77,0
DA:81,0
LF:24
LH:3
BRDA:5,0,0,0
BRDA:5,0,1,0
BRDA:27,1,0,0
BRDA:27,1,1,0
BRDA:35,2,0,0
BRDA:35,2,1,0
BRDA:42,3,0,0
BRDA:42,3,1,0
BRDA:49,4,0,0
BRDA:49,4,1,0
BRDA:56,5,0,0
BRDA:56,5,1,0
BRDA:56,6,0,0
BRDA:56,6,1,0
BRDA:56,6,2,0
BRDA:63,7,0,0
BRDA:63,7,1,0
BRDA:63,8,0,0
BRDA:63,8,1,0
BRDA:77,9,0,0
BRDA:77,9,1,0
BRDA:77,10,0,0
BRDA:77,10,1,0
BRDA:77,10,2,0
BRF:24
BRH:0
end_of_record
TN:
SF:src/v1/validation/eligibility-documentation.js
FN:4,(anonymous_0)
FN:10,(anonymous_1)
FN:26,(anonymous_2)
FN:27,(anonymous_3)
FN:33,(anonymous_4)
FN:58,(anonymous_5)
FN:62,(anonymous_6)
FNF:7
FNH:0
FNDA:0,(anonymous_0)
FNDA:0,(anonymous_1)
FNDA:0,(anonymous_2)
FNDA:0,(anonymous_3)
FNDA:0,(anonymous_4)
FNDA:0,(anonymous_5)
FNDA:0,(anonymous_6)
DA:2,1
DA:4,1
DA:5,0
DA:6,0
DA:8,0
DA:10,0
DA:11,0
DA:13,0
DA:14,0
DA:16,0
DA:19,0
DA:20,0
DA:26,0
DA:27,0
DA:29,0
DA:30,0
DA:33,0
DA:34,0
DA:36,0
DA:37,0
DA:45,0
DA:46,0
DA:47,0
DA:49,0
DA:50,0
DA:51,0
DA:52,0
DA:54,0
DA:56,0
DA:58,0
DA:62,0
LF:31
LH:2
BRDA:4,0,0,0
BRDA:11,1,0,0
BRDA:11,1,1,0
BRDA:13,2,0,0
BRDA:13,2,1,0
BRDA:13,3,0,0
BRDA:13,3,1,0
BRDA:29,4,0,0
BRDA:29,4,1,0
BRF:9
BRH:0
end_of_record
TN:
SF:src/v1/validation/feedback.js
FN:3,(anonymous_0)
FNF:1
FNH:0
FNDA:0,(anonymous_0)
DA:1,1
DA:3,1
DA:4,0
DA:5,0
DA:7,0
DA:8,0
DA:13,0
LF:7
LH:2
BRDA:7,0,0,0
BRDA:7,0,1,0
BRF:2
BRH:0
end_of_record
TN:
SF:src/v1/validation/loan.js
FN:4,(anonymous_0)
FNF:1
FNH:0
FNDA:0,(anonymous_0)
DA:1,1
DA:2,1
DA:4,1
DA:5,0
DA:6,0
DA:8,0
DA:9,0
DA:15,0
LF:8
LH:3
BRDA:8,0,0,0
BRDA:8,0,1,0
BRF:2
BRH:0
end_of_record
TN:
SF:src/v1/validation/submission-details.js
FN:3,(anonymous_0)
FNF:1
FNH:0
FNDA:0,(anonymous_0)
DA:1,1
DA:3,1
DA:4,0
DA:6,0
DA:8,0
LF:5
LH:2
BRF:0
BRH:0
end_of_record
TN:
SF:src/v1/validation/bond-rules/bond-stage-unissued.js
FN:4,(anonymous_0)
FNF:1
FNH:1
FNDA:23,(anonymous_0)
DA:1,1
DA:2,1
DA:4,1
DA:5,23
DA:6,23
DA:8,23
DA:10,23
DA:11,3
DA:14,23
LF:9
LH:9
BRDA:8,0,0,23
BRDA:8,0,1,16
BRDA:10,1,0,3
BRDA:10,1,1,20
BRF:4
BRH:4
end_of_record
TN:
SF:src/v1/validation/bond-rules/bond-stage.js
FN:4,(anonymous_0)
FNF:1
FNH:1
FNDA:23,(anonymous_0)
DA:1,1
DA:2,1
DA:4,1
DA:5,23
DA:7,23
DA:8,7
DA:14,23
LF:7
LH:7
BRDA:7,0,0,7
BRDA:7,0,1,16
BRF:2
BRH:2
end_of_record
TN:
SF:src/v1/validation/bond-rules/bond-type.js
FN:4,(anonymous_0)
FNF:1
FNH:1
FNDA:23,(anonymous_0)
DA:1,1
DA:2,1
DA:4,1
DA:5,23
DA:7,23
DA:8,7
DA:14,23
LF:7
LH:7
BRDA:7,0,0,7
BRDA:7,0,1,16
BRF:2
BRH:2
end_of_record
TN:
SF:src/v1/validation/bond-rules/conditional-error-list.js
FNF:0
FNH:0
DA:22,1
LF:1
LH:1
BRF:0
BRH:0
end_of_record
TN:
SF:src/v1/validation/bond-rules/facility-value.js
FN:3,(anonymous_0)
FNF:1
FNH:1
FNDA:23,(anonymous_0)
DA:1,1
DA:3,1
DA:4,23
DA:6,23
DA:12,23
LF:5
LH:5
BRF:0
BRH:0
end_of_record
TN:
SF:src/v1/validation/bond-rules/fee-type.js
FN:4,(anonymous_0)
FNF:1
FNH:1
FNDA:23,(anonymous_0)
DA:1,1
DA:2,1
DA:4,1
DA:5,23
DA:7,23
DA:8,5
DA:14,23
DA:15,1
DA:16,0
DA:23,23
LF:10
LH:9
BRDA:7,0,0,5
BRDA:7,0,1,18
BRDA:14,1,0,1
BRDA:14,1,1,22
BRDA:14,2,0,23
BRDA:14,2,1,22
BRDA:15,3,0,0
BRDA:15,3,1,1
BRF:8
BRH:7
end_of_record
TN:
SF:src/v1/validation/bond-rules/index.js
FN:29,(anonymous_0)
FNF:1
FNH:1
FNDA:23,(anonymous_0)
DA:1,1
DA:2,1
DA:3,1
DA:4,1
DA:5,1
DA:6,1
DA:7,1
DA:8,1
DA:9,1
DA:10,1
DA:11,1
DA:12,1
DA:14,1
DA:29,1
DA:30,23
DA:32,23
DA:33,276
DA:36,23
LF:18
LH:18
BRF:0
BRH:0
end_of_record
TN:
SF:src/v1/validation/bond-rules/minimum-risk-margin-fee.js
FN:13,(anonymous_0)
FN:15,(anonymous_1)
FN:17,(anonymous_2)
FN:24,(anonymous_3)
FN:44,(anonymous_4)
FN:64,(anonymous_5)
FNF:6
FNH:1
FNDA:0,(anonymous_0)
FNDA:0,(anonymous_1)
FNDA:0,(anonymous_2)
FNDA:0,(anonymous_3)
FNDA:0,(anonymous_4)
FNDA:23,(anonymous_5)
DA:1,1
DA:6,1
DA:7,1
DA:9,1
DA:10,1
DA:11,1
DA:13,1
DA:15,1
DA:17,1
DA:18,0
DA:19,0
DA:21,0
DA:24,1
DA:25,0
DA:26,0
DA:29,0
DA:30,0
DA:33,0
DA:34,0
DA:37,0
DA:38,0
DA:41,0
DA:44,1
DA:45,0
DA:46,0
DA:49,0
DA:50,0
DA:53,0
DA:54,0
DA:57,0
DA:58,0
DA:60,0
DA:64,1
DA:65,23
DA:67,23
DA:68,0
DA:77,23
LF:37
LH:15
BRDA:18,0,0,0
BRDA:18,0,1,0
BRDA:25,1,0,0
BRDA:25,1,1,0
BRDA:29,2,0,0
BRDA:29,2,1,0
BRDA:33,3,0,0
BRDA:33,3,1,0
BRDA:37,4,0,0
BRDA:37,4,1,0
BRDA:45,5,0,0
BRDA:45,5,1,0
BRDA:49,6,0,0
BRDA:49,6,1,0
BRDA:53,7,0,0
BRDA:53,7,1,0
BRDA:57,8,0,0
BRDA:57,8,1,0
BRDA:67,9,0,0
BRDA:67,9,1,23
BRDA:67,10,0,23
BRDA:67,10,1,0
BRF:22
BRH:2
end_of_record
TN:
SF:src/v1/validation/bond-rules/risk-margin-fee.js
FN:3,(anonymous_0)
FNF:1
FNH:1
FNDA:23,(anonymous_0)
DA:1,1
DA:3,1
DA:4,23
DA:6,23
DA:13,23
LF:5
LH:5
BRF:0
BRH:0
end_of_record
TN:
SF:src/v1/validation/bond-rules/bond-stage-issued-rules/index.js
FN:7,(anonymous_0)
FNF:1
FNH:1
FNDA:23,(anonymous_0)
DA:1,1
DA:2,1
DA:3,1
DA:4,1
DA:5,1
DA:7,1
DA:8,23
DA:11,23
DA:13,23
DA:15,23
DA:16,3
DA:17,3
DA:18,3
DA:19,3
DA:22,23
LF:15
LH:15
BRDA:13,0,0,23
BRDA:13,0,1,16
BRDA:15,1,0,3
BRDA:15,1,1,20
BRF:4
BRH:4
end_of_record
TN:
SF:src/v1/validation/bond-rules/bond-stage-issued-rules/unique-identification-number.js
FN:5,(anonymous_0)
FNF:1
FNH:1
FNDA:3,(anonymous_0)
DA:1,1
DA:2,1
DA:3,1
DA:5,1
DA:6,3
DA:8,3
DA:10,3
DA:11,0
DA:17,3
DA:18,3
DA:25,3
DA:26,0
DA:33,3
LF:13
LH:11
BRDA:10,0,0,0
BRDA:10,0,1,3
BRDA:17,1,0,3
BRDA:17,1,1,0
BRDA:25,2,0,0
BRDA:25,2,1,3
BRF:6
BRH:3
end_of_record
TN:
SF:src/v1/validation/deal-rules/bank-supply-contract-id.js
FN:7,(anonymous_0)
FNF:1
FNH:1
FNDA:19,(anonymous_0)
DA:1,1
DA:2,1
DA:3,1
DA:5,1
DA:7,1
DA:8,19
DA:9,19
DA:11,19
DA:12,0
DA:18,19
DA:19,19
DA:26,19
DA:27,0
DA:34,19
LF:14
LH:12
BRDA:11,0,0,0
BRDA:11,0,1,19
BRDA:18,1,0,19
BRDA:18,1,1,0
BRDA:26,2,0,0
BRDA:26,2,1,19
BRF:6
BRH:3
end_of_record
TN:
SF:src/v1/validation/deal-rules/bank-supply-contract-name.js
FN:7,(anonymous_0)
FNF:1
FNH:1
FNDA:19,(anonymous_0)
DA:1,1
DA:2,1
DA:3,1
DA:5,1
DA:7,1
DA:8,19
DA:9,19
DA:11,19
DA:12,0
DA:18,19
DA:19,19
DA:26,19
DA:27,0
DA:34,19
LF:14
LH:12
BRDA:11,0,0,0
BRDA:11,0,1,19
BRDA:18,1,0,19
BRDA:18,1,1,0
BRDA:26,2,0,0
BRDA:26,2,1,19
BRF:6
BRH:3
end_of_record
TN:
SF:src/v1/validation/deal-rules/index.js
FN:9,(anonymous_0)
FNF:1
FNH:1
FNDA:19,(anonymous_0)
DA:1,1
DA:2,1
DA:4,1
DA:9,1
DA:10,19
DA:12,19
DA:13,38
DA:16,19
LF:8
LH:8
BRF:0
BRH:0
end_of_record
TN:
SF:src/v1/validation/feedback-rules/clearly-explained.js
FN:4,(anonymous_0)
FNF:1
FNH:0
FNDA:0,(anonymous_0)
DA:1,1
DA:2,1
DA:4,1
DA:5,0
DA:7,0
DA:8,0
DA:14,0
LF:7
LH:3
BRDA:7,0,0,0
BRDA:7,0,1,0
BRF:2
BRH:0
end_of_record
TN:
SF:src/v1/validation/feedback-rules/easy-to-use.js
FN:4,(anonymous_0)
FNF:1
FNH:0
FNDA:0,(anonymous_0)
DA:1,1
DA:2,1
DA:4,1
DA:5,0
DA:7,0
DA:8,0
DA:14,0
LF:7
LH:3
BRDA:7,0,0,0
BRDA:7,0,1,0
BRF:2
BRH:0
end_of_record
TN:
SF:src/v1/validation/feedback-rules/email-address.js
FN:4,(anonymous_0)
FN:9,(anonymous_1)
FNF:2
FNH:0
FNDA:0,(anonymous_0)
FNDA:0,(anonymous_1)
DA:1,1
DA:2,1
DA:4,1
DA:5,0
DA:6,0
DA:9,1
DA:10,0
DA:12,0
DA:13,0
DA:19,0
LF:10
LH:4
BRDA:12,0,0,0
BRDA:12,0,1,0
BRDA:12,1,0,0
BRDA:12,1,1,0
BRF:4
BRH:0
end_of_record
TN:
SF:src/v1/validation/feedback-rules/index.js
FN:19,(anonymous_0)
FNF:1
FNH:0
FNDA:0,(anonymous_0)
DA:1,1
DA:2,1
DA:3,1
DA:4,1
DA:5,1
DA:6,1
DA:7,1
DA:9,1
DA:19,1
DA:20,0
DA:22,0
DA:23,0
DA:26,0
LF:13
LH:9
BRF:0
BRH:0
end_of_record
TN:
SF:src/v1/validation/feedback-rules/organisation.js
FN:4,(anonymous_0)
FNF:1
FNH:0
FNDA:0,(anonymous_0)
DA:1,1
DA:2,1
DA:4,1
DA:5,0
DA:7,0
DA:8,0
DA:14,0
LF:7
LH:3
BRDA:7,0,0,0
BRDA:7,0,1,0
BRF:2
BRH:0
end_of_record
TN:
SF:src/v1/validation/feedback-rules/reason-for-visiting.js
FN:4,(anonymous_0)
FNF:1
FNH:0
FNDA:0,(anonymous_0)
DA:1,1
DA:2,1
DA:4,1
DA:5,0
DA:7,0
DA:8,0
DA:14,0
DA:17,0
DA:23,0
LF:9
LH:3
BRDA:7,0,0,0
BRDA:7,0,1,0
BRDA:14,1,0,0
BRDA:14,1,1,0
BRDA:14,2,0,0
BRDA:14,2,1,0
BRDA:14,2,2,0
BRF:7
BRH:0
end_of_record
TN:
SF:src/v1/validation/feedback-rules/role.js
FN:4,(anonymous_0)
FNF:1
FNH:0
FNDA:0,(anonymous_0)
DA:1,1
DA:2,1
DA:4,1
DA:5,0
DA:7,0
DA:8,0
DA:14,0
LF:7
LH:3
BRDA:7,0,0,0
BRDA:7,0,1,0
BRF:2
BRH:0
end_of_record
TN:
SF:src/v1/validation/feedback-rules/satisfied.js
FN:4,(anonymous_0)
FNF:1
FNH:0
FNDA:0,(anonymous_0)
DA:1,1
DA:2,1
DA:4,1
DA:5,0
DA:7,0
DA:8,0
DA:14,0
LF:7
LH:3
BRDA:7,0,0,0
BRDA:7,0,1,0
BRF:2
BRH:0
end_of_record
TN:
SF:src/v1/validation/fields/cover-dates.js
FN:7,(anonymous_0)
FNF:1
FNH:1
FNDA:3,(anonymous_0)
DA:1,1
DA:2,1
DA:5,1
DA:7,1
DA:8,3
DA:17,3
DA:19,3
DA:25,3
DA:31,3
DA:33,3
DA:34,1
DA:35,1
DA:37,1
DA:38,0
DA:45,3
LF:15
LH:14
BRDA:19,0,0,3
BRDA:19,0,1,1
BRDA:25,1,0,3
BRDA:25,1,1,3
BRDA:31,2,0,3
BRDA:31,2,1,1
BRDA:33,3,0,1
BRDA:33,3,1,2
BRDA:37,4,0,0
BRDA:37,4,1,1
BRF:10
BRH:9
end_of_record
TN:
SF:src/v1/validation/fields/cover-end-date.js
FN:8,(anonymous_0)
FNF:1
FNH:1
FNDA:3,(anonymous_0)
DA:1,1
DA:2,1
DA:6,1
DA:8,1
DA:9,3
DA:15,3
DA:17,3
DA:18,3
DA:19,3
DA:21,3
DA:22,0
DA:27,0
DA:28,0
DA:39,3
LF:14
LH:11
BRDA:17,0,0,3
BRDA:17,0,1,0
BRDA:21,1,0,0
BRDA:21,1,1,3
BRDA:27,2,0,0
BRDA:27,2,1,0
BRF:6
BRH:2
end_of_record
TN:
SF:src/v1/validation/fields/covered-percentage.js
FN:12,(anonymous_0)
FN:14,(anonymous_1)
FN:21,(anonymous_2)
FN:41,(anonymous_3)
FN:61,(anonymous_4)
FNF:5
FNH:5
FNDA:16,(anonymous_0)
FNDA:16,(anonymous_1)
FNDA:23,(anonymous_2)
FNDA:7,(anonymous_3)
FNDA:23,(anonymous_4)
DA:1,1
DA:5,1
DA:6,1
DA:8,1
DA:9,1
DA:10,1
DA:12,16
DA:14,1
DA:15,16
DA:16,16
DA:18,0
DA:21,1
DA:22,23
DA:23,7
DA:26,16
DA:27,0
DA:30,16
DA:31,0
DA:34,16
DA:35,0
DA:38,16
DA:41,1
DA:42,7
DA:43,7
DA:46,0
DA:47,0
DA:50,0
DA:51,0
DA:54,0
DA:55,0
DA:58,0
DA:61,1
DA:62,23
DA:64,23
DA:65,7
DA:74,23
LF:36
LH:25
BRDA:12,0,0,16
BRDA:12,0,1,16
BRDA:15,1,0,16
BRDA:15,1,1,0
BRDA:22,2,0,7
BRDA:22,2,1,16
BRDA:26,3,0,0
BRDA:26,3,1,16
BRDA:30,4,0,0
BRDA:30,4,1,16
BRDA:34,5,0,0
BRDA:34,5,1,16
BRDA:42,6,0,7
BRDA:42,6,1,0
BRDA:46,7,0,0
BRDA:46,7,1,0
BRDA:50,8,0,0
BRDA:50,8,1,0
BRDA:54,9,0,0
BRDA:54,9,1,0
BRDA:64,10,0,7
BRDA:64,10,1,16
BRF:22
BRH:11
end_of_record
TN:
SF:src/v1/validation/fields/currency-same-as-supply-contract.js
FN:4,(anonymous_0)
FNF:1
FNH:1
FNDA:23,(anonymous_0)
DA:1,1
DA:2,1
DA:4,1
DA:5,23
DA:8,23
DA:10,23
DA:11,7
DA:17,23
LF:8
LH:8
BRDA:10,0,0,7
BRDA:10,0,1,16
BRF:2
BRH:2
end_of_record
TN:
SF:src/v1/validation/fields/date.js
FN:4,(anonymous_0)
FN:13,(anonymous_1)
FN:22,(anonymous_2)
FN:32,(anonymous_3)
FNF:4
FNH:3
FNDA:13,(anonymous_0)
FNDA:2,(anonymous_1)
FNDA:1,(anonymous_2)
FNDA:0,(anonymous_3)
DA:1,1
DA:2,1
DA:4,1
DA:5,13
DA:6,13
DA:7,13
DA:9,13
DA:10,13
DA:13,1
DA:14,2
DA:15,2
DA:16,2
DA:18,2
DA:19,2
DA:22,1
DA:23,1
DA:24,1
DA:26,1
DA:27,1
DA:29,0
DA:32,1
DA:38,0
DA:39,0
DA:40,0
DA:42,0
DA:43,0
DA:46,0
DA:47,0
DA:50,0
DA:51,0
DA:54,0
DA:55,0
DA:58,0
DA:59,0
DA:62,0
DA:63,0
DA:66,0
LF:37
LH:20
BRDA:9,0,0,13
BRDA:9,0,1,9
BRDA:9,0,2,9
BRDA:18,1,0,2
BRDA:18,1,1,2
BRDA:18,1,2,2
BRDA:26,2,0,1
BRDA:26,2,1,0
BRDA:42,3,0,0
BRDA:42,3,1,0
BRDA:42,4,0,0
BRDA:42,4,1,0
BRDA:42,4,2,0
BRDA:46,5,0,0
BRDA:46,5,1,0
BRDA:46,6,0,0
BRDA:46,6,1,0
BRDA:46,6,2,0
BRDA:50,7,0,0
BRDA:50,7,1,0
BRDA:50,8,0,0
BRDA:50,8,1,0
BRDA:50,8,2,0
BRDA:54,9,0,0
BRDA:54,9,1,0
BRDA:54,10,0,0
BRDA:54,10,1,0
BRDA:54,10,2,0
BRDA:58,11,0,0
BRDA:58,11,1,0
BRDA:58,12,0,0
BRDA:58,12,1,0
BRDA:58,12,2,0
BRDA:62,13,0,0
BRDA:62,13,1,0
BRDA:62,14,0,0
BRDA:62,14,1,0
BRDA:62,14,2,0
BRF:38
BRH:7
end_of_record
TN:
SF:src/v1/validation/fields/day-count-basis.js
FN:4,(anonymous_0)
FNF:1
FNH:1
FNDA:23,(anonymous_0)
DA:1,1
DA:2,1
DA:4,1
DA:5,23
DA:7,23
DA:8,7
DA:14,23
LF:7
LH:7
BRDA:7,0,0,7
BRDA:7,0,1,16
BRF:2
BRH:2
end_of_record
TN:
SF:src/v1/validation/fields/facility-value.js
FN:13,(anonymous_0)
FN:15,(anonymous_1)
FN:23,(anonymous_2)
FN:25,(anonymous_3)
FN:51,(anonymous_4)
FN:77,(anonymous_5)
FNF:6
FNH:6
FNDA:16,(anonymous_0)
FNDA:16,(anonymous_1)
FNDA:16,(anonymous_2)
FNDA:23,(anonymous_3)
FNDA:7,(anonymous_4)
FNDA:23,(anonymous_5)
DA:1,1
DA:6,1
DA:7,1
DA:9,1
DA:10,1
DA:11,1
DA:13,16
DA:15,1
DA:16,16
DA:17,16
DA:19,0
DA:23,16
DA:25,1
DA:26,23
DA:27,7
DA:30,16
DA:32,16
DA:33,0
DA:36,16
DA:37,0
DA:40,16
DA:41,0
DA:44,16
DA:45,0
DA:48,16
DA:51,1
DA:52,7
DA:53,7
DA:56,0
DA:58,0
DA:59,0
DA:62,0
DA:63,0
DA:66,0
DA:67,0
DA:70,0
DA:71,0
DA:74,0
DA:77,1
DA:78,23
DA:80,23
DA:81,7
DA:90,23
LF:43
LH:28
BRDA:16,0,0,16
BRDA:16,0,1,0
BRDA:26,1,0,7
BRDA:26,1,1,16
BRDA:32,2,0,0
BRDA:32,2,1,16
BRDA:36,3,0,0
BRDA:36,3,1,16
BRDA:40,4,0,0
BRDA:40,4,1,16
BRDA:44,5,0,0
BRDA:44,5,1,16
BRDA:52,6,0,7
BRDA:52,6,1,0
BRDA:58,7,0,0
BRDA:58,7,1,0
BRDA:62,8,0,0
BRDA:62,8,1,0
BRDA:66,9,0,0
BRDA:66,9,1,0
BRDA:70,10,0,0
BRDA:70,10,1,0
BRDA:80,11,0,7
BRDA:80,11,1,16
BRF:24
BRH:10
end_of_record
TN:
SF:src/v1/validation/fields/id-field.js
FN:3,(anonymous_0)
FNF:1
FNH:1
FNDA:41,(anonymous_0)
DA:1,1
DA:3,1
DA:4,41
DA:6,41
DA:7,0
DA:13,41
LF:6
LH:5
BRDA:6,0,0,0
BRDA:6,0,1,41
BRF:2
BRH:1
end_of_record
TN:
SF:src/v1/validation/fields/margin-fee.js
FN:10,(anonymous_0)
FN:12,(anonymous_1)
FN:19,(anonymous_2)
FN:39,(anonymous_3)
FN:59,(anonymous_4)
FNF:5
FNH:5
FNDA:16,(anonymous_0)
FNDA:16,(anonymous_1)
FNDA:23,(anonymous_2)
FNDA:7,(anonymous_3)
FNDA:23,(anonymous_4)
DA:1,1
DA:5,1
DA:6,1
DA:8,1
DA:10,16
DA:12,1
DA:13,16
DA:14,16
DA:16,0
DA:19,1
DA:20,23
DA:21,7
DA:24,16
DA:25,0
DA:28,16
DA:29,0
DA:32,16
DA:33,0
DA:36,16
DA:39,1
DA:40,7
DA:41,7
DA:44,0
DA:45,0
DA:48,0
DA:49,0
DA:52,0
DA:53,0
DA:56,0
DA:59,1
DA:60,23
DA:62,23
DA:63,7
DA:72,23
LF:34
LH:23
BRDA:10,0,0,16
BRDA:10,0,1,16
BRDA:13,1,0,16
BRDA:13,1,1,0
BRDA:20,2,0,7
BRDA:20,2,1,16
BRDA:20,3,0,23
BRDA:20,3,1,16
BRDA:24,4,0,0
BRDA:24,4,1,16
BRDA:28,5,0,0
BRDA:28,5,1,16
BRDA:32,6,0,0
BRDA:32,6,1,16
BRDA:40,7,0,7
BRDA:40,7,1,0
BRDA:44,8,0,0
BRDA:44,8,1,0
BRDA:48,9,0,0
BRDA:48,9,1,0
BRDA:52,10,0,0
BRDA:52,10,1,0
BRDA:62,11,0,7
BRDA:62,11,1,16
BRF:24
BRH:13
end_of_record
TN:
SF:src/v1/validation/fields/requested-cover-start-date.js
FN:10,(anonymous_0)
FNF:1
FNH:1
FNDA:3,(anonymous_0)
DA:1,1
DA:2,1
DA:8,1
DA:10,1
DA:11,3
DA:17,3
DA:19,3
DA:20,1
DA:21,1
DA:22,1
DA:25,1
DA:32,0
DA:38,1
DA:39,0
DA:44,2
DA:49,0
DA:60,3
LF:17
LH:14
BRDA:19,0,0,1
BRDA:19,0,1,2
BRDA:25,1,0,0
BRDA:25,1,1,1
BRDA:38,2,0,0
BRDA:38,2,1,1
BRDA:44,3,0,0
BRDA:44,3,1,2
BRF:8
BRH:5
end_of_record
TN:
SF:src/v1/validation/fields/ukef-guarantee-in-months.js
FN:8,(anonymous_0)
FN:10,(anonymous_1)
FN:17,(anonymous_2)
FN:37,(anonymous_3)
FN:56,(anonymous_4)
FNF:5
FNH:4
FNDA:3,(anonymous_0)
FNDA:3,(anonymous_1)
FNDA:3,(anonymous_2)
FNDA:0,(anonymous_3)
FNDA:3,(anonymous_4)
DA:1,1
DA:5,1
DA:6,1
DA:8,3
DA:10,1
DA:11,3
DA:12,3
DA:14,0
DA:17,1
DA:18,3
DA:19,0
DA:22,3
DA:23,0
DA:26,3
DA:27,0
DA:30,3
DA:31,0
DA:34,3
DA:37,1
DA:38,0
DA:39,0
DA:42,0
DA:43,0
DA:46,0
DA:47,0
DA:50,0
DA:51,0
DA:53,0
DA:56,1
DA:57,3
DA:59,3
DA:60,0
DA:69,3
LF:33
LH:18
BRDA:8,0,0,3
BRDA:8,0,1,3
BRDA:11,1,0,3
BRDA:11,1,1,0
BRDA:18,2,0,0
BRDA:18,2,1,3
BRDA:22,3,0,0
BRDA:22,3,1,3
BRDA:26,4,0,0
BRDA:26,4,1,3
BRDA:30,5,0,0
BRDA:30,5,1,3
BRDA:38,6,0,0
BRDA:38,6,1,0
BRDA:42,7,0,0
BRDA:42,7,1,0
BRDA:46,8,0,0
BRDA:46,8,1,0
BRDA:50,9,0,0
BRDA:50,9,1,0
BRDA:59,10,0,0
BRDA:59,10,1,3
BRF:22
BRH:8
end_of_record
TN:
SF:src/v1/validation/fields/currency-not-the-same-as-supply-contract-rules/conversion-rate-date.js
FN:8,(anonymous_0)
FNF:1
FNH:1
FNDA:1,(anonymous_0)
DA:1,1
DA:5,1
DA:6,1
DA:8,1
DA:9,1
DA:15,1
DA:17,1
DA:18,1
DA:19,1
DA:21,1
DA:22,0
DA:28,1
DA:30,1
DA:31,0
DA:36,0
DA:37,0
DA:48,1
LF:17
LH:13
BRDA:17,0,0,1
BRDA:17,0,1,0
BRDA:21,1,0,0
BRDA:21,1,1,1
BRDA:30,2,0,0
BRDA:30,2,1,1
BRDA:36,3,0,0
BRDA:36,3,1,0
BRF:8
BRH:3
end_of_record
TN:
SF:src/v1/validation/fields/currency-not-the-same-as-supply-contract-rules/conversion-rate.js
FN:11,(anonymous_0)
FN:13,(anonymous_1)
FN:24,(anonymous_2)
FN:40,(anonymous_3)
FN:56,(anonymous_4)
FNF:5
FNH:4
FNDA:1,(anonymous_0)
FNDA:1,(anonymous_1)
FNDA:1,(anonymous_2)
FNDA:0,(anonymous_3)
FNDA:1,(anonymous_4)
DA:1,1
DA:6,1
DA:7,1
DA:9,1
DA:11,1
DA:13,1
DA:14,1
DA:15,1
DA:16,1
DA:18,1
DA:19,0
DA:21,1
DA:24,1
DA:25,1
DA:26,0
DA:28,1
DA:29,0
DA:31,1
DA:32,0
DA:34,1
DA:35,0
DA:37,1
DA:40,1
DA:41,0
DA:42,0
DA:45,0
DA:46,0
DA:49,0
DA:50,0
DA:53,0
DA:56,1
DA:57,1
DA:59,1
DA:60,0
DA:69,1
LF:35
LH:22
BRDA:14,0,0,1
BRDA:14,0,1,0
BRDA:16,1,0,1
BRDA:16,1,1,1
BRDA:18,2,0,0
BRDA:18,2,1,1
BRDA:25,3,0,0
BRDA:25,3,1,1
BRDA:28,4,0,0
BRDA:28,4,1,1
BRDA:31,5,0,0
BRDA:31,5,1,1
BRDA:34,6,0,0
BRDA:34,6,1,1
BRDA:41,7,0,0
BRDA:41,7,1,0
BRDA:45,8,0,0
BRDA:45,8,1,0
BRDA:49,9,0,0
BRDA:49,9,1,0
BRDA:59,10,0,0
BRDA:59,10,1,1
BRF:22
BRH:9
end_of_record
TN:
SF:src/v1/validation/fields/currency-not-the-same-as-supply-contract-rules/currency.js
FN:4,(anonymous_0)
FNF:1
FNH:1
FNDA:1,(anonymous_0)
DA:1,1
DA:2,1
DA:4,1
DA:5,1
DA:7,1
DA:8,0
DA:14,1
LF:7
LH:6
BRDA:7,0,0,0
BRDA:7,0,1,1
BRF:2
BRH:1
end_of_record
TN:
SF:src/v1/validation/fields/currency-not-the-same-as-supply-contract-rules/index.js
FN:6,(anonymous_0)
FNF:1
FNH:1
FNDA:23,(anonymous_0)
DA:1,1
DA:2,1
DA:3,1
DA:4,1
DA:6,1
DA:7,23
DA:10,23
DA:12,23
DA:14,1
DA:15,1
DA:16,1
DA:19,23
LF:12
LH:12
BRDA:12,0,0,1
BRDA:12,0,1,22
BRDA:12,1,0,23
BRDA:12,1,1,16
BRF:4
BRH:4
end_of_record
TN:
SF:src/v1/validation/loan-rules/bank-reference-number.js
FN:6,(anonymous_0)
FN:8,(anonymous_1)
FN:16,(anonymous_2)
FN:23,(anonymous_3)
FNF:4
FNH:0
FNDA:0,(anonymous_0)
FNDA:0,(anonymous_1)
FNDA:0,(anonymous_2)
FNDA:0,(anonymous_3)
DA:1,1
DA:2,1
DA:4,1
DA:6,1
DA:8,1
DA:9,0
DA:10,0
DA:13,0
DA:16,1
DA:17,0
DA:18,0
DA:20,0
DA:23,1
DA:24,0
DA:26,0
DA:27,0
DA:36,0
LF:17
LH:7
BRDA:9,0,0,0
BRDA:9,0,1,0
BRDA:17,1,0,0
BRDA:17,1,1,0
BRDA:26,2,0,0
BRDA:26,2,1,0
BRDA:26,3,0,0
BRDA:26,3,1,0
BRF:8
BRH:0
end_of_record
TN:
SF:src/v1/validation/loan-rules/conditional-error-list.js
FNF:0
FNH:0
DA:22,1
LF:1
LH:1
BRF:0
BRH:0
end_of_record
TN:
SF:src/v1/validation/loan-rules/facility-stage.js
FN:4,(anonymous_0)
FN:12,(anonymous_1)
FN:19,(anonymous_2)
FNF:3
FNH:0
FNDA:0,(anonymous_0)
FNDA:0,(anonymous_1)
FNDA:0,(anonymous_2)
DA:1,1
DA:2,1
DA:4,1
DA:5,0
DA:6,0
DA:9,0
DA:12,1
DA:13,0
DA:14,0
DA:16,0
DA:19,1
DA:20,0
DA:22,0
DA:23,0
DA:32,0
LF:15
LH:5
BRDA:5,0,0,0
BRDA:5,0,1,0
BRDA:13,1,0,0
BRDA:13,1,1,0
BRDA:22,2,0,0
BRDA:22,2,1,0
BRF:6
BRH:0
end_of_record
TN:
SF:src/v1/validation/loan-rules/facility-value.js
FN:3,(anonymous_0)
FNF:1
FNH:0
FNDA:0,(anonymous_0)
DA:1,1
DA:3,1
DA:4,0
DA:6,0
DA:12,0
LF:5
LH:2
BRF:0
BRH:0
end_of_record
TN:
SF:src/v1/validation/loan-rules/index.js
FN:29,(anonymous_0)
FNF:1
FNH:0
FNDA:0,(anonymous_0)
DA:1,1
DA:2,1
DA:3,1
DA:4,1
DA:5,1
DA:6,1
DA:7,1
DA:8,1
DA:9,1
DA:10,1
DA:11,1
DA:12,1
DA:14,1
DA:29,1
DA:30,0
DA:32,0
DA:33,0
DA:36,0
LF:18
LH:14
BRF:0
BRH:0
end_of_record
TN:
SF:src/v1/validation/loan-rules/interest-margin-fee.js
FN:3,(anonymous_0)
FNF:1
FNH:0
FNDA:0,(anonymous_0)
DA:1,1
DA:3,1
DA:4,0
DA:6,0
DA:13,0
LF:5
LH:2
BRF:0
BRH:0
end_of_record
TN:
SF:src/v1/validation/loan-rules/minimum-quarterly-fee.js
FN:13,(anonymous_0)
FN:15,(anonymous_1)
FN:17,(anonymous_2)
FN:24,(anonymous_3)
FN:44,(anonymous_4)
FN:64,(anonymous_5)
FNF:6
FNH:0
FNDA:0,(anonymous_0)
FNDA:0,(anonymous_1)
FNDA:0,(anonymous_2)
FNDA:0,(anonymous_3)
FNDA:0,(anonymous_4)
FNDA:0,(anonymous_5)
DA:1,1
DA:6,1
DA:7,1
DA:9,1
DA:10,1
DA:11,1
DA:13,1
DA:15,1
DA:17,1
DA:18,0
DA:19,0
DA:21,0
DA:24,1
DA:25,0
DA:26,0
DA:29,0
DA:30,0
DA:33,0
DA:34,0
DA:37,0
DA:38,0
DA:41,0
DA:44,1
DA:45,0
DA:46,0
DA:49,0
DA:50,0
DA:53,0
DA:54,0
DA:57,0
DA:58,0
DA:61,0
DA:64,1
DA:65,0
DA:67,0
DA:68,0
DA:77,0
LF:37
LH:12
BRDA:18,0,0,0
BRDA:18,0,1,0
BRDA:25,1,0,0
BRDA:25,1,1,0
BRDA:29,2,0,0
BRDA:29,2,1,0
BRDA:33,3,0,0
BRDA:33,3,1,0
BRDA:37,4,0,0
BRDA:37,4,1,0
BRDA:45,5,0,0
BRDA:45,5,1,0
BRDA:49,6,0,0
BRDA:49,6,1,0
BRDA:53,7,0,0
BRDA:53,7,1,0
BRDA:57,8,0,0
BRDA:57,8,1,0
BRDA:67,9,0,0
BRDA:67,9,1,0
BRDA:67,10,0,0
BRDA:67,10,1,0
BRF:22
BRH:0
end_of_record
TN:
SF:src/v1/validation/loan-rules/premium-type.js
FN:4,(anonymous_0)
FNF:1
FNH:0
FNDA:0,(anonymous_0)
DA:1,1
DA:2,1
DA:4,1
DA:5,0
DA:7,0
DA:8,0
DA:14,0
DA:15,0
DA:16,0
DA:23,0
LF:10
LH:3
BRDA:7,0,0,0
BRDA:7,0,1,0
BRDA:14,1,0,0
BRDA:14,1,1,0
BRDA:14,2,0,0
BRDA:14,2,1,0
BRDA:15,3,0,0
BRDA:15,3,1,0
BRF:8
BRH:0
end_of_record
TN:
SF:src/v1/validation/loan-rules/facility-stage-conditional/index.js
FN:4,(anonymous_0)
FNF:1
FNH:0
FNDA:0,(anonymous_0)
DA:1,1
DA:2,1
DA:4,1
DA:5,0
DA:8,0
DA:10,0
DA:11,0
DA:14,0
LF:8
LH:3
BRDA:10,0,0,0
BRDA:10,0,1,0
BRDA:10,1,0,0
BRDA:10,1,1,0
BRF:4
BRH:0
end_of_record
TN:
SF:src/v1/validation/loan-rules/facility-stage-unconditional/bank-reference-number.js
FN:6,(anonymous_0)
FN:8,(anonymous_1)
FN:19,(anonymous_2)
FN:30,(anonymous_3)
FNF:4
FNH:0
FNDA:0,(anonymous_0)
FNDA:0,(anonymous_1)
FNDA:0,(anonymous_2)
FNDA:0,(anonymous_3)
DA:1,1
DA:2,1
DA:4,1
DA:6,1
DA:8,1
DA:9,0
DA:10,0
DA:12,0
DA:13,0
DA:16,0
DA:19,1
DA:20,0
DA:21,0
DA:24,0
DA:25,0
DA:27,0
DA:30,1
DA:31,0
DA:33,0
DA:34,0
DA:43,0
LF:21
LH:7
BRDA:9,0,0,0
BRDA:9,0,1,0
BRDA:12,1,0,0
BRDA:12,1,1,0
BRDA:20,2,0,0
BRDA:20,2,1,0
BRDA:24,3,0,0
BRDA:24,3,1,0
BRDA:33,4,0,0
BRDA:33,4,1,0
BRF:10
BRH:0
end_of_record
TN:
SF:src/v1/validation/loan-rules/facility-stage-unconditional/disbursement-amount.js
FN:12,(anonymous_0)
FN:14,(anonymous_1)
FN:16,(anonymous_2)
FN:23,(anonymous_3)
FN:52,(anonymous_4)
FN:63,(anonymous_5)
FN:92,(anonymous_6)
FNF:7
FNH:0
FNDA:0,(anonymous_0)
FNDA:0,(anonymous_1)
FNDA:0,(anonymous_2)
FNDA:0,(anonymous_3)
FNDA:0,(anonymous_4)
FNDA:0,(anonymous_5)
FNDA:0,(anonymous_6)
DA:1,1
DA:6,1
DA:7,1
DA:9,1
DA:10,1
DA:12,1
DA:14,1
DA:16,1
DA:17,0
DA:18,0
DA:20,0
DA:23,1
DA:24,0
DA:25,0
DA:28,0
DA:29,0
DA:31,0
DA:32,0
DA:35,0
DA:36,0
DA:39,0
DA:40,0
DA:43,0
DA:46,0
DA:49,0
DA:52,1
DA:53,0
DA:58,0
DA:60,0
DA:63,1
DA:64,0
DA:65,0
DA:68,0
DA:69,0
DA:71,0
DA:72,0
DA:75,0
DA:76,0
DA:79,0
DA:80,0
DA:83,0
DA:84,0
DA:85,0
DA:89,0
DA:92,1
DA:93,0
DA:97,0
DA:99,0
DA:100,0
DA:110,0
LF:50
LH:12
BRDA:17,0,0,0
BRDA:17,0,1,0
BRDA:24,1,0,0
BRDA:24,1,1,0
BRDA:31,2,0,0
BRDA:31,2,1,0
BRDA:35,3,0,0
BRDA:35,3,1,0
BRDA:39,4,0,0
BRDA:39,4,1,0
BRDA:43,5,0,0
BRDA:43,5,1,0
BRDA:43,6,0,0
BRDA:43,6,1,0
BRDA:53,7,0,0
BRDA:53,7,1,0
BRDA:53,8,0,0
BRDA:53,8,1,0
BRDA:53,8,2,0
BRDA:53,8,3,0
BRDA:53,8,4,0
BRDA:64,9,0,0
BRDA:64,9,1,0
BRDA:71,10,0,0
BRDA:71,10,1,0
BRDA:75,11,0,0
BRDA:75,11,1,0
BRDA:79,12,0,0
BRDA:79,12,1,0
BRDA:83,13,0,0
BRDA:83,13,1,0
BRDA:84,14,0,0
BRDA:84,14,1,0
BRDA:99,15,0,0
BRDA:99,15,1,0
BRF:35
BRH:0
end_of_record
TN:
SF:src/v1/validation/loan-rules/facility-stage-unconditional/index.js
FN:8,(anonymous_0)
FNF:1
FNH:0
FNDA:0,(anonymous_0)
DA:1,1
DA:2,1
DA:3,1
DA:4,1
DA:5,1
DA:6,1
DA:8,1
DA:9,0
DA:12,0
DA:14,0
DA:16,0
DA:17,0
DA:18,0
DA:19,0
DA:20,0
DA:23,0
LF:16
LH:7
BRDA:14,0,0,0
BRDA:14,0,1,0
BRDA:14,1,0,0
BRDA:14,1,1,0
BRF:4
BRH:0
end_of_record
TN:
SF:src/v1/validation/submission-details-rules/buyer-address-is-required.js
FN:4,(anonymous_0)
FNF:1
FNH:1
FNDA:7,(anonymous_0)
DA:1,1
DA:2,1
DA:4,1
DA:5,7
DA:7,7
DA:8,7
DA:14,7
DA:15,0
DA:16,0
DA:21,7
DA:22,7
DA:28,7
DA:29,7
DA:35,7
LF:14
LH:12
BRDA:7,0,0,7
BRDA:7,0,1,0
BRDA:14,1,0,0
BRDA:14,1,1,7
BRDA:14,2,0,7
BRDA:14,2,1,0
BRDA:15,3,0,0
BRDA:15,3,1,0
BRDA:21,4,0,7
BRDA:21,4,1,0
BRDA:28,5,0,7
BRDA:28,5,1,0
BRF:12
BRH:5
end_of_record
TN:
SF:src/v1/validation/submission-details-rules/buyer-name-is-required.js
FN:4,(anonymous_0)
FNF:1
FNH:1
FNDA:7,(anonymous_0)
DA:1,1
DA:2,1
DA:4,1
DA:5,7
DA:7,7
DA:8,7
DA:14,7
LF:7
LH:7
BRDA:7,0,0,7
BRDA:7,0,1,0
BRF:2
BRH:1
end_of_record
TN:
SF:src/v1/validation/submission-details-rules/indemnifier-correspondence-address-is-required-if-different.js
FN:4,(anonymous_0)
FNF:1
FNH:1
FNDA:7,(anonymous_0)
DA:1,1
DA:2,1
DA:4,1
DA:5,7
DA:7,7
DA:9,7
DA:10,0
DA:12,0
DA:13,0
DA:17,0
DA:18,0
DA:19,0
DA:25,0
DA:26,0
DA:27,0
DA:32,0
DA:33,0
DA:39,0
DA:40,0
DA:47,7
LF:20
LH:7
BRDA:9,0,0,0
BRDA:9,0,1,7
BRDA:12,1,0,0
BRDA:12,1,1,0
BRDA:12,2,0,0
BRDA:12,2,1,0
BRDA:17,3,0,0
BRDA:17,3,1,0
BRDA:18,4,0,0
BRDA:18,4,1,0
BRDA:25,5,0,0
BRDA:25,5,1,0
BRDA:25,6,0,0
BRDA:25,6,1,0
BRDA:26,7,0,0
BRDA:26,7,1,0
BRDA:32,8,0,0
BRDA:32,8,1,0
BRDA:39,9,0,0
BRDA:39,9,1,0
BRF:20
BRH:1
end_of_record
TN:
SF:src/v1/validation/submission-details-rules/indemnifier-data-is-required-if-legally-distinct.js
FN:4,(anonymous_0)
FNF:1
FNH:1
FNDA:7,(anonymous_0)
DA:1,1
DA:2,1
DA:4,1
DA:5,7
DA:7,7
DA:9,7
DA:10,7
DA:14,0
DA:15,0
DA:16,0
DA:22,0
DA:23,0
DA:29,0
DA:30,0
DA:31,0
DA:36,0
DA:37,0
DA:43,0
DA:44,0
DA:50,7
LF:20
LH:8
BRDA:9,0,0,7
BRDA:9,0,1,0
BRDA:9,1,0,7
BRDA:9,1,1,7
BRDA:14,2,0,0
BRDA:14,2,1,0
BRDA:15,3,0,0
BRDA:15,3,1,0
BRDA:22,4,0,0
BRDA:22,4,1,0
BRDA:29,5,0,0
BRDA:29,5,1,0
BRDA:29,6,0,0
BRDA:29,6,1,0
BRDA:30,7,0,0
BRDA:30,7,1,0
BRDA:36,8,0,0
BRDA:36,8,1,0
BRDA:43,9,0,0
BRDA:43,9,1,0
BRF:20
BRH:3
end_of_record
TN:
SF:src/v1/validation/submission-details-rules/index.js
FN:37,(anonymous_0)
FNF:1
FNH:1
FNDA:7,(anonymous_0)
DA:1,1
DA:2,1
DA:3,1
DA:4,1
DA:5,1
DA:6,1
DA:7,1
DA:8,1
DA:9,1
DA:10,1
DA:11,1
DA:12,1
DA:13,1
DA:14,1
DA:15,1
DA:16,1
DA:18,1
DA:37,1
DA:38,7
DA:40,7
DA:41,112
DA:44,7
LF:22
LH:22
BRF:0
BRH:0
end_of_record
TN:
SF:src/v1/validation/submission-details-rules/industry-class-is-required.js
FN:4,(anonymous_0)
FNF:1
FNH:1
FNDA:7,(anonymous_0)
DA:1,1
DA:2,1
DA:4,1
DA:5,7
DA:7,7
DA:8,7
DA:14,7
LF:7
LH:7
BRDA:7,0,0,7
BRDA:7,0,1,0
BRF:2
BRH:1
end_of_record
TN:
SF:src/v1/validation/submission-details-rules/industry-sector-is-required.js
FN:4,(anonymous_0)
FNF:1
FNH:1
FNDA:7,(anonymous_0)
DA:1,1
DA:2,1
DA:4,1
DA:5,7
DA:7,7
DA:8,7
DA:14,7
LF:7
LH:7
BRDA:7,0,0,7
BRDA:7,0,1,0
BRF:2
BRH:1
end_of_record
TN:
SF:src/v1/validation/submission-details-rules/sme-type-is-required.js
FN:4,(anonymous_0)
FNF:1
FNH:1
FNDA:7,(anonymous_0)
DA:1,1
DA:2,1
DA:4,1
DA:5,7
DA:7,7
DA:8,7
DA:14,7
LF:7
LH:7
BRDA:7,0,0,7
BRDA:7,0,1,0
BRF:2
BRH:1
end_of_record
TN:
SF:src/v1/validation/submission-details-rules/supplier-address-is-required.js
FN:4,(anonymous_0)
FNF:1
FNH:1
FNDA:7,(anonymous_0)
DA:1,1
DA:2,1
DA:4,1
DA:5,7
DA:7,7
DA:8,7
DA:14,7
DA:15,0
DA:16,0
DA:21,7
DA:22,7
DA:28,7
DA:29,7
DA:35,7
LF:14
LH:12
BRDA:7,0,0,7
BRDA:7,0,1,0
BRDA:14,1,0,0
BRDA:14,1,1,7
BRDA:14,2,0,7
BRDA:14,2,1,0
BRDA:15,3,0,0
BRDA:15,3,1,0
BRDA:21,4,0,7
BRDA:21,4,1,0
BRDA:28,5,0,7
BRDA:28,5,1,0
BRF:12
BRH:5
end_of_record
TN:
SF:src/v1/validation/submission-details-rules/supplier-correspondence-address-is-required-if-different.js
FN:4,(anonymous_0)
FNF:1
FNH:1
FNDA:7,(anonymous_0)
DA:1,1
DA:2,1
DA:4,1
DA:5,7
DA:7,7
DA:9,7
DA:10,7
DA:14,0
DA:15,0
DA:16,0
DA:22,0
DA:23,0
DA:24,0
DA:29,0
DA:30,0
DA:36,0
DA:37,0
DA:45,7
LF:18
LH:8
BRDA:9,0,0,7
BRDA:9,0,1,0
BRDA:9,1,0,7
BRDA:9,1,1,7
BRDA:14,2,0,0
BRDA:14,2,1,0
BRDA:15,3,0,0
BRDA:15,3,1,0
BRDA:22,4,0,0
BRDA:22,4,1,0
BRDA:22,5,0,0
BRDA:22,5,1,0
BRDA:23,6,0,0
BRDA:23,6,1,0
BRDA:29,7,0,0
BRDA:29,7,1,0
BRDA:36,8,0,0
BRDA:36,8,1,0
BRF:18
BRH:3
end_of_record
TN:
SF:src/v1/validation/submission-details-rules/supplier-name-is-required.js
FN:4,(anonymous_0)
FNF:1
FNH:1
FNDA:7,(anonymous_0)
DA:1,1
DA:2,1
DA:4,1
DA:5,7
DA:7,7
DA:8,7
DA:14,7
LF:7
LH:7
BRDA:7,0,0,7
BRDA:7,0,1,0
BRF:2
BRH:1
end_of_record
TN:
SF:src/v1/validation/submission-details-rules/supplier-type-is-required.js
FN:4,(anonymous_0)
FNF:1
FNH:1
FNDA:7,(anonymous_0)
DA:1,1
DA:2,1
DA:4,1
DA:5,7
DA:7,7
DA:8,7
DA:14,7
LF:7
LH:7
BRDA:7,0,0,7
BRDA:7,0,1,0
BRF:2
BRH:1
end_of_record
TN:
SF:src/v1/validation/submission-details-rules/supply-contract-conversion-rate-date-is-required-for-non-GBP.js
FN:6,(anonymous_0)
FNF:1
FNH:1
FNDA:7,(anonymous_0)
DA:1,1
DA:3,1
DA:4,1
DA:6,1
DA:7,7
DA:10,7
DA:11,0
DA:12,0
DA:13,0
DA:16,0
DA:17,0
DA:18,0
DA:19,0
DA:22,0
DA:23,0
DA:30,0
DA:31,0
DA:38,0
DA:44,0
DA:45,0
DA:46,0
DA:51,0
DA:52,0
DA:57,0
DA:58,0
DA:66,7
LF:26
LH:7
BRDA:10,0,0,0
BRDA:10,0,1,7
BRDA:10,1,0,7
BRDA:10,1,1,7
BRDA:16,2,0,0
BRDA:16,2,1,0
BRDA:16,3,0,0
BRDA:16,3,1,0
BRDA:16,3,2,0
BRDA:22,4,0,0
BRDA:22,4,1,0
BRDA:30,5,0,0
BRDA:30,5,1,0
BRDA:44,6,0,0
BRDA:44,6,1,0
BRDA:44,7,0,0
BRDA:44,7,1,0
BRDA:44,7,2,0
BRDA:45,8,0,0
BRDA:45,8,1,0
BRDA:51,9,0,0
BRDA:51,9,1,0
BRDA:57,10,0,0
BRDA:57,10,1,0
BRF:24
BRH:3
end_of_record
TN:
SF:src/v1/validation/submission-details-rules/supply-contract-conversion-rate-is-required-for-non-GBP.js
FN:6,(anonymous_0)
FNF:1
FNH:1
FNDA:7,(anonymous_0)
DA:1,1
DA:2,1
DA:4,1
DA:6,1
DA:7,7
DA:9,7
DA:10,0
DA:11,0
DA:15,0
DA:16,0
DA:22,7
LF:11
LH:7
BRDA:9,0,0,0
BRDA:9,0,1,7
BRDA:9,1,0,7
BRDA:9,1,1,7
BRDA:10,2,0,0
BRDA:10,2,1,0
BRDA:15,3,0,0
BRDA:15,3,1,0
BRF:8
BRH:3
end_of_record
TN:
SF:src/v1/validation/submission-details-rules/supply-contract-currency-is-required.js
FN:4,(anonymous_0)
FNF:1
FNH:1
FNDA:7,(anonymous_0)
DA:1,1
DA:2,1
DA:4,1
DA:5,7
DA:6,7
DA:7,0
DA:13,7
LF:7
LH:6
BRDA:6,0,0,0
BRDA:6,0,1,7
BRDA:6,1,0,7
BRDA:6,1,1,7
BRF:4
BRH:3
end_of_record
TN:
SF:src/v1/validation/submission-details-rules/supply-contract-description-is-required.js
FN:4,(anonymous_0)
FNF:1
FNH:1
FNDA:7,(anonymous_0)
DA:1,1
DA:2,1
DA:4,1
DA:5,7
DA:6,7
DA:7,7
DA:13,7
LF:7
LH:7
BRDA:6,0,0,7
BRDA:6,0,1,0
BRF:2
BRH:1
end_of_record
TN:
SF:src/v1/validation/submission-details-rules/supply-contract-value-is-required.js
FN:5,(anonymous_0)
FNF:1
FNH:1
FNDA:7,(anonymous_0)
DA:1,1
DA:2,1
DA:3,1
DA:5,1
DA:6,7
DA:7,7
DA:8,7
DA:12,7
DA:15,0
DA:17,0
DA:18,0
DA:24,0
LF:12
LH:8
BRDA:7,0,0,7
BRDA:7,0,1,0
BRDA:17,1,0,0
BRDA:17,1,1,0
BRF:4
BRH:1
end_of_record
