<?xml version="1.0" encoding="UTF-8"?>
<coverage generated="1604500431609" clover="3.2.0">
  <project timestamp="1604500431609" name="All files">
    <metrics statements="68" coveredstatements="59" conditionals="8" coveredconditionals="6" methods="19" coveredmethods="14" elements="95" coveredelements="79" complexity="0" loc="68" ncloc="68" packages="5" files="9" classes="9"/>
    <package name="src">
      <metrics statements="26" coveredstatements="17" conditionals="4" coveredconditionals="2" methods="5" coveredmethods="0"/>
      <file name="createApp.js" path="/Users/andrew/Work/LemonCog/projects/ukef/workspace/dtfs2/reference-data-proxy/src/createApp.js">
        <metrics statements="13" coveredstatements="12" conditionals="0" coveredconditionals="0" methods="1" coveredmethods="0"/>
        <line num="3" count="2" type="stmt"/>
        <line num="4" count="2" type="stmt"/>
        <line num="7" count="2" type="stmt"/>
        <line num="9" count="2" type="stmt"/>
        <line num="11" count="2" type="stmt"/>
        <line num="22" count="2" type="stmt"/>
        <line num="24" count="2" type="stmt"/>
        <line num="25" count="2" type="stmt"/>
        <line num="64" count="2" type="stmt"/>
        <line num="65" count="2" type="stmt"/>
        <line num="66" count="0" type="stmt"/>
        <line num="68" count="2" type="stmt"/>
        <line num="70" count="2" type="stmt"/>
      </file>
      <file name="healthcheck.js" path="/Users/andrew/Work/LemonCog/projects/ukef/workspace/dtfs2/reference-data-proxy/src/healthcheck.js">
        <metrics statements="9" coveredstatements="5" conditionals="2" coveredconditionals="2" methods="3" coveredmethods="0"/>
        <line num="1" count="2" type="stmt"/>
        <line num="3" count="2" type="stmt"/>
        <line num="4" count="2" type="cond" truecount="2" falsecount="0"/>
        <line num="7" count="0" type="stmt"/>
        <line num="10" count="2" type="stmt"/>
        <line num="11" count="0" type="stmt"/>
        <line num="12" count="0" type="stmt"/>
        <line num="13" count="0" type="stmt"/>
        <line num="20" count="2" type="stmt"/>
      </file>
      <file name="index.js" path="/Users/andrew/Work/LemonCog/projects/ukef/workspace/dtfs2/reference-data-proxy/src/index.js">
        <metrics statements="4" coveredstatements="0" conditionals="2" coveredconditionals="0" methods="1" coveredmethods="0"/>
        <line num="2" count="0" type="stmt"/>
        <line num="4" count="0" type="cond" truecount="0" falsecount="2"/>
        <line num="6" count="0" type="stmt"/>
        <line num="7" count="0" type="stmt"/>
      </file>
    </package>
    <package name="src.reference-data">
      <metrics statements="4" coveredstatements="4" conditionals="0" coveredconditionals="0" methods="0" coveredmethods="0"/>
      <file name="countries.js" path="/Users/andrew/Work/LemonCog/projects/ukef/workspace/dtfs2/reference-data-proxy/src/reference-data/countries.js">
        <metrics statements="2" coveredstatements="2" conditionals="0" coveredconditionals="0" methods="0" coveredmethods="0"/>
        <line num="1" count="2" type="stmt"/>
        <line num="1152" count="2" type="stmt"/>
      </file>
      <file name="currencies.js" path="/Users/andrew/Work/LemonCog/projects/ukef/workspace/dtfs2/reference-data-proxy/src/reference-data/currencies.js">
        <metrics statements="2" coveredstatements="2" conditionals="0" coveredconditionals="0" methods="0" coveredmethods="0"/>
        <line num="1" count="2" type="stmt"/>
        <line num="303" count="2" type="stmt"/>
      </file>
    </package>
    <package name="src.utils">
      <metrics statements="2" coveredstatements="2" conditionals="0" coveredconditionals="0" methods="2" coveredmethods="2"/>
      <file name="array.js" path="/Users/andrew/Work/LemonCog/projects/ukef/workspace/dtfs2/reference-data-proxy/src/utils/array.js">
        <metrics statements="2" coveredstatements="2" conditionals="0" coveredconditionals="0" methods="2" coveredmethods="2"/>
        <line num="1" count="369" type="stmt"/>
        <line num="3" count="2" type="stmt"/>
      </file>
    </package>
    <package name="src.v1">
      <metrics statements="9" coveredstatements="9" conditionals="0" coveredconditionals="0" methods="0" coveredmethods="0"/>
      <file name="routes.js" path="/Users/andrew/Work/LemonCog/projects/ukef/workspace/dtfs2/reference-data-proxy/src/v1/routes.js">
        <metrics statements="9" coveredstatements="9" conditionals="0" coveredconditionals="0" methods="0" coveredmethods="0"/>
        <line num="1" count="2" type="stmt"/>
        <line num="3" count="2" type="stmt"/>
        <line num="4" count="2" type="stmt"/>
        <line num="5" count="2" type="stmt"/>
        <line num="7" count="2" type="stmt"/>
        <line num="12" count="2" type="stmt"/>
        <line num="17" count="2" type="stmt"/>
        <line num="22" count="2" type="stmt"/>
        <line num="28" count="2" type="stmt"/>
      </file>
    </package>
    <package name="src.v1.controllers">
      <metrics statements="27" coveredstatements="27" conditionals="4" coveredconditionals="4" methods="12" coveredmethods="12"/>
      <file name="countries.controller.js" path="/Users/andrew/Work/LemonCog/projects/ukef/workspace/dtfs2/reference-data-proxy/src/v1/controllers/countries.controller.js">
        <metrics statements="17" coveredstatements="17" conditionals="2" coveredconditionals="2" methods="8" coveredmethods="8"/>
        <line num="1" count="2" type="stmt"/>
        <line num="2" count="2" type="stmt"/>
        <line num="4" count="2" type="stmt"/>
        <line num="5" count="228" type="stmt"/>
        <line num="8" count="2" type="stmt"/>
        <line num="9" count="228" type="stmt"/>
        <line num="11" count="1" type="stmt"/>
        <line num="16" count="1" type="stmt"/>
        <line num="20" count="442" type="stmt"/>
        <line num="21" count="2" type="stmt"/>
        <line num="23" count="2" type="stmt"/>
        <line num="24" count="1" type="stmt"/>
        <line num="25" count="1" type="stmt"/>
        <line num="31" count="2" type="stmt"/>
        <line num="32" count="2" type="stmt"/>
        <line num="33" count="2" type="cond" truecount="2" falsecount="0"/>
        <line num="34" count="2" type="stmt"/>
      </file>
      <file name="currencies.controller.js" path="/Users/andrew/Work/LemonCog/projects/ukef/workspace/dtfs2/reference-data-proxy/src/v1/controllers/currencies.controller.js">
        <metrics statements="10" coveredstatements="10" conditionals="2" coveredconditionals="2" methods="4" coveredmethods="4"/>
        <line num="1" count="2" type="stmt"/>
        <line num="2" count="2" type="stmt"/>
        <line num="4" count="111" type="stmt"/>
        <line num="5" count="2" type="stmt"/>
        <line num="7" count="2" type="stmt"/>
        <line num="8" count="1" type="stmt"/>
        <line num="14" count="2" type="stmt"/>
        <line num="15" count="2" type="stmt"/>
        <line num="16" count="2" type="cond" truecount="2" falsecount="0"/>
        <line num="17" count="2" type="stmt"/>
      </file>
    </package>
  </project>
</coverage>
