{"/Users/andrew/Work/LemonCog/projects/ukef/workspace/dtfs2/reference-data-proxy/src/createApp.js": {"path":"/Users/andrew/Work/LemonCog/projects/ukef/workspace/dtfs2/reference-data-proxy/src/createApp.js","statementMap":{"0":{"start":{"line":3,"column":15},"end":{"line":3,"column":32}},"1":{"start":{"line":4,"column":16},"end":{"line":4,"column":34}},"2":{"start":{"line":7,"column":20},"end":{"line":7,"column":44}},"3":{"start":{"line":9,"column":0},"end":{"line":9,"column":16}},"4":{"start":{"line":11,"column":23},"end":{"line":11,"column":45}},"5":{"start":{"line":22,"column":12},"end":{"line":22,"column":21}},"6":{"start":{"line":24,"column":0},"end":{"line":24,"column":21}},"7":{"start":{"line":25,"column":0},"end":{"line":25,"column":24}},"8":{"start":{"line":64,"column":19},"end":{"line":64,"column":35}},"9":{"start":{"line":65,"column":0},"end":{"line":67,"column":3}},"10":{"start":{"line":66,"column":2},"end":{"line":66,"column":25}},"11":{"start":{"line":68,"column":0},"end":{"line":68,"column":25}},"12":{"start":{"line":70,"column":0},"end":{"line":70,"column":21}}},"fnMap":{"0":{"name":"(anonymous_0)","decl":{"start":{"line":65,"column":20},"end":{"line":65,"column":21}},"loc":{"start":{"line":65,"column":40},"end":{"line":67,"column":1}},"line":65}},"branchMap":{},"s":{"0":2,"1":2,"2":2,"3":2,"4":2,"5":2,"6":2,"7":2,"8":2,"9":2,"10":0,"11":2,"12":2},"f":{"0":0},"b":{},"_coverageSchema":"1a1c01bbd47fc00a2c39e90264f33305004495a9","hash":"ef417f120de45019df6b4775a00c31382f52bff7"}
,"/Users/andrew/Work/LemonCog/projects/ukef/workspace/dtfs2/reference-data-proxy/src/healthcheck.js": {"path":"/Users/andrew/Work/LemonCog/projects/ukef/workspace/dtfs2/reference-data-proxy/src/healthcheck.js","statementMap":{"0":{"start":{"line":1,"column":16},"end":{"line":1,"column":34}},"1":{"start":{"line":3,"column":15},"end":{"line":3,"column":31}},"2":{"start":{"line":4,"column":19},"end":{"line":4,"column":56}},"3":{"start":{"line":7,"column":2},"end":{"line":7,"column":26}},"4":{"start":{"line":10,"column":0},"end":{"line":18,"column":3}},"5":{"start":{"line":11,"column":19},"end":{"line":11,"column":33}},"6":{"start":{"line":12,"column":2},"end":{"line":17,"column":5}},"7":{"start":{"line":13,"column":4},"end":{"line":16,"column":7}},"8":{"start":{"line":20,"column":0},"end":{"line":20,"column":24}}},"fnMap":{"0":{"name":"pingMulesoft","decl":{"start":{"line":6,"column":15},"end":{"line":6,"column":27}},"loc":{"start":{"line":6,"column":30},"end":{"line":8,"column":1}},"line":6},"1":{"name":"(anonymous_1)","decl":{"start":{"line":10,"column":27},"end":{"line":10,"column":28}},"loc":{"start":{"line":10,"column":41},"end":{"line":18,"column":1}},"line":10},"2":{"name":"(anonymous_2)","decl":{"start":{"line":12,"column":31},"end":{"line":12,"column":32}},"loc":{"start":{"line":12,"column":43},"end":{"line":17,"column":3}},"line":12}},"branchMap":{"0":{"loc":{"start":{"line":4,"column":19},"end":{"line":4,"column":56}},"type":"binary-expr","locations":[{"start":{"line":4,"column":19},"end":{"line":4,"column":41}},{"start":{"line":4,"column":45},"end":{"line":4,"column":56}}],"line":4}},"s":{"0":2,"1":2,"2":2,"3":0,"4":2,"5":0,"6":0,"7":0,"8":2},"f":{"0":0,"1":0,"2":0},"b":{"0":[2,2]},"_coverageSchema":"1a1c01bbd47fc00a2c39e90264f33305004495a9","hash":"c96cb7632290f39a6c3ef0ced29428c509028b43"}
,"/Users/andrew/Work/LemonCog/projects/ukef/workspace/dtfs2/reference-data-proxy/src/index.js": {"path":"/Users/andrew/Work/LemonCog/projects/ukef/workspace/dtfs2/reference-data-proxy/src/index.js","statementMap":{"0":{"start":{"line":2,"column":12},"end":{"line":2,"column":34}},"1":{"start":{"line":4,"column":13},"end":{"line":4,"column":37}},"2":{"start":{"line":6,"column":0},"end":{"line":6,"column":53}},"3":{"start":{"line":7,"column":0},"end":{"line":7,"column":75}},"4":{"start":{"line":7,"column":23},"end":{"line":7,"column":73}}},"fnMap":{"0":{"name":"(anonymous_0)","decl":{"start":{"line":7,"column":17},"end":{"line":7,"column":18}},"loc":{"start":{"line":7,"column":23},"end":{"line":7,"column":73}},"line":7}},"branchMap":{"0":{"loc":{"start":{"line":4,"column":13},"end":{"line":4,"column":37}},"type":"binary-expr","locations":[{"start":{"line":4,"column":13},"end":{"line":4,"column":29}},{"start":{"line":4,"column":33},"end":{"line":4,"column":37}}],"line":4}},"s":{"0":0,"1":0,"2":0,"3":0,"4":0},"f":{"0":0},"b":{"0":[0,0]}}
,"/Users/andrew/Work/LemonCog/projects/ukef/workspace/dtfs2/reference-data-proxy/src/reference-data/countries.js": {"path":"/Users/andrew/Work/LemonCog/projects/ukef/workspace/dtfs2/reference-data-proxy/src/reference-data/countries.js","statementMap":{"0":{"start":{"line":1,"column":18},"end":{"line":1150,"column":1}},"1":{"start":{"line":1152,"column":0},"end":{"line":1152,"column":27}}},"fnMap":{},"branchMap":{},"s":{"0":2,"1":2},"f":{},"b":{},"_coverageSchema":"1a1c01bbd47fc00a2c39e90264f33305004495a9","hash":"1fe04356bae28fc82ad28f328c66b47597d7aa54"}
,"/Users/andrew/Work/LemonCog/projects/ukef/workspace/dtfs2/reference-data-proxy/src/reference-data/currencies.js": {"path":"/Users/andrew/Work/LemonCog/projects/ukef/workspace/dtfs2/reference-data-proxy/src/reference-data/currencies.js","statementMap":{"0":{"start":{"line":1,"column":19},"end":{"line":301,"column":1}},"1":{"start":{"line":303,"column":0},"end":{"line":303,"column":28}}},"fnMap":{},"branchMap":{},"s":{"0":2,"1":2},"f":{},"b":{},"_coverageSchema":"1a1c01bbd47fc00a2c39e90264f33305004495a9","hash":"c21027d67f94557d6a9967c5324ad7e4f4932512"}
,"/Users/andrew/Work/LemonCog/projects/ukef/workspace/dtfs2/reference-data-proxy/src/utils/array.js": {"path":"/Users/andrew/Work/LemonCog/projects/ukef/workspace/dtfs2/reference-data-proxy/src/utils/array.js","statementMap":{"0":{"start":{"line":1,"column":32},"end":{"line":1,"column":100}},"1":{"start":{"line":1,"column":48},"end":{"line":1,"column":100}},"2":{"start":{"line":1,"column":67},"end":{"line":1,"column":99}},"3":{"start":{"line":3,"column":0},"end":{"line":5,"column":2}}},"fnMap":{"0":{"name":"(anonymous_0)","decl":{"start":{"line":1,"column":32},"end":{"line":1,"column":33}},"loc":{"start":{"line":1,"column":48},"end":{"line":1,"column":100}},"line":1},"1":{"name":"(anonymous_1)","decl":{"start":{"line":1,"column":57},"end":{"line":1,"column":58}},"loc":{"start":{"line":1,"column":67},"end":{"line":1,"column":99}},"line":1}},"branchMap":{},"s":{"0":2,"1":2,"2":369,"3":2},"f":{"0":2,"1":369},"b":{},"_coverageSchema":"1a1c01bbd47fc00a2c39e90264f33305004495a9","hash":"35929cbd50d79576f8bad81f0b57d67cce08fbd0"}
,"/Users/andrew/Work/LemonCog/projects/ukef/workspace/dtfs2/reference-data-proxy/src/v1/routes.js": {"path":"/Users/andrew/Work/LemonCog/projects/ukef/workspace/dtfs2/reference-data-proxy/src/v1/routes.js","statementMap":{"0":{"start":{"line":1,"column":16},"end":{"line":1,"column":34}},"1":{"start":{"line":3,"column":19},"end":{"line":3,"column":35}},"2":{"start":{"line":4,"column":18},"end":{"line":4,"column":63}},"3":{"start":{"line":5,"column":19},"end":{"line":5,"column":65}},"4":{"start":{"line":7,"column":0},"end":{"line":10,"column":4}},"5":{"start":{"line":12,"column":0},"end":{"line":15,"column":4}},"6":{"start":{"line":17,"column":0},"end":{"line":20,"column":4}},"7":{"start":{"line":22,"column":0},"end":{"line":25,"column":4}},"8":{"start":{"line":28,"column":0},"end":{"line":28,"column":32}}},"fnMap":{},"branchMap":{},"s":{"0":2,"1":2,"2":2,"3":2,"4":2,"5":2,"6":2,"7":2,"8":2},"f":{},"b":{},"_coverageSchema":"1a1c01bbd47fc00a2c39e90264f33305004495a9","hash":"4346ed80d4c1f822e1b885c95b912e3e49eff78e"}
,"/Users/andrew/Work/LemonCog/projects/ukef/workspace/dtfs2/reference-data-proxy/src/v1/controllers/countries.controller.js": {"path":"/Users/andrew/Work/LemonCog/projects/ukef/workspace/dtfs2/reference-data-proxy/src/v1/controllers/countries.controller.js","statementMap":{"0":{"start":{"line":1,"column":14},"end":{"line":1,"column":42}},"1":{"start":{"line":2,"column":18},"end":{"line":2,"column":59}},"2":{"start":{"line":4,"column":28},"end":{"line":6,"column":4}},"3":{"start":{"line":4,"column":43},"end":{"line":6,"column":4}},"4":{"start":{"line":5,"column":15},"end":{"line":5,"column":64}},"5":{"start":{"line":8,"column":22},"end":{"line":17,"column":1}},"6":{"start":{"line":9,"column":29},"end":{"line":9,"column":82}},"7":{"start":{"line":9,"column":59},"end":{"line":9,"column":81}},"8":{"start":{"line":11,"column":22},"end":{"line":14,"column":3}},"9":{"start":{"line":16,"column":2},"end":{"line":16,"column":21}},"10":{"start":{"line":20,"column":23},"end":{"line":20,"column":112}},"11":{"start":{"line":20,"column":37},"end":{"line":20,"column":112}},"12":{"start":{"line":20,"column":66},"end":{"line":20,"column":111}},"13":{"start":{"line":21,"column":0},"end":{"line":21,"column":40}},"14":{"start":{"line":23,"column":0},"end":{"line":29,"column":2}},"15":{"start":{"line":24,"column":26},"end":{"line":24,"column":50}},"16":{"start":{"line":25,"column":2},"end":{"line":28,"column":5}},"17":{"start":{"line":31,"column":0},"end":{"line":35,"column":2}},"18":{"start":{"line":32,"column":18},"end":{"line":32,"column":49}},"19":{"start":{"line":33,"column":17},"end":{"line":33,"column":40}},"20":{"start":{"line":34,"column":2},"end":{"line":34,"column":35}}},"fnMap":{"0":{"name":"(anonymous_0)","decl":{"start":{"line":4,"column":28},"end":{"line":4,"column":29}},"loc":{"start":{"line":4,"column":43},"end":{"line":6,"column":4}},"line":4},"1":{"name":"(anonymous_1)","decl":{"start":{"line":5,"column":2},"end":{"line":5,"column":3}},"loc":{"start":{"line":5,"column":15},"end":{"line":5,"column":64}},"line":5},"2":{"name":"(anonymous_2)","decl":{"start":{"line":8,"column":22},"end":{"line":8,"column":23}},"loc":{"start":{"line":8,"column":28},"end":{"line":17,"column":1}},"line":8},"3":{"name":"(anonymous_3)","decl":{"start":{"line":9,"column":46},"end":{"line":9,"column":47}},"loc":{"start":{"line":9,"column":59},"end":{"line":9,"column":81}},"line":9},"4":{"name":"(anonymous_4)","decl":{"start":{"line":20,"column":23},"end":{"line":20,"column":24}},"loc":{"start":{"line":20,"column":37},"end":{"line":20,"column":112}},"line":20},"5":{"name":"(anonymous_5)","decl":{"start":{"line":20,"column":52},"end":{"line":20,"column":53}},"loc":{"start":{"line":20,"column":66},"end":{"line":20,"column":111}},"line":20},"6":{"name":"(anonymous_6)","decl":{"start":{"line":23,"column":18},"end":{"line":23,"column":19}},"loc":{"start":{"line":23,"column":32},"end":{"line":29,"column":1}},"line":23},"7":{"name":"(anonymous_7)","decl":{"start":{"line":31,"column":18},"end":{"line":31,"column":19}},"loc":{"start":{"line":31,"column":32},"end":{"line":35,"column":1}},"line":31}},"branchMap":{"0":{"loc":{"start":{"line":33,"column":17},"end":{"line":33,"column":40}},"type":"cond-expr","locations":[{"start":{"line":33,"column":27},"end":{"line":33,"column":32}},{"start":{"line":33,"column":35},"end":{"line":33,"column":40}}],"line":33}},"s":{"0":2,"1":2,"2":2,"3":1,"4":228,"5":2,"6":1,"7":228,"8":1,"9":1,"10":2,"11":2,"12":442,"13":2,"14":2,"15":1,"16":1,"17":2,"18":2,"19":2,"20":2},"f":{"0":1,"1":228,"2":1,"3":228,"4":2,"5":442,"6":1,"7":2},"b":{"0":[1,1]},"_coverageSchema":"1a1c01bbd47fc00a2c39e90264f33305004495a9","hash":"830de8a245ed610e1f523100b9672c43755a2b6a"}
,"/Users/andrew/Work/LemonCog/projects/ukef/workspace/dtfs2/reference-data-proxy/src/v1/controllers/currencies.controller.js": {"path":"/Users/andrew/Work/LemonCog/projects/ukef/workspace/dtfs2/reference-data-proxy/src/v1/controllers/currencies.controller.js","statementMap":{"0":{"start":{"line":1,"column":14},"end":{"line":1,"column":42}},"1":{"start":{"line":2,"column":19},"end":{"line":2,"column":61}},"2":{"start":{"line":4,"column":24},"end":{"line":4,"column":95}},"3":{"start":{"line":4,"column":32},"end":{"line":4,"column":95}},"4":{"start":{"line":4,"column":55},"end":{"line":4,"column":94}},"5":{"start":{"line":5,"column":0},"end":{"line":5,"column":42}},"6":{"start":{"line":7,"column":0},"end":{"line":12,"column":2}},"7":{"start":{"line":8,"column":2},"end":{"line":11,"column":5}},"8":{"start":{"line":14,"column":0},"end":{"line":18,"column":2}},"9":{"start":{"line":15,"column":19},"end":{"line":15,"column":49}},"10":{"start":{"line":16,"column":17},"end":{"line":16,"column":41}},"11":{"start":{"line":17,"column":2},"end":{"line":17,"column":43}}},"fnMap":{"0":{"name":"(anonymous_0)","decl":{"start":{"line":4,"column":24},"end":{"line":4,"column":25}},"loc":{"start":{"line":4,"column":32},"end":{"line":4,"column":95}},"line":4},"1":{"name":"(anonymous_1)","decl":{"start":{"line":4,"column":48},"end":{"line":4,"column":49}},"loc":{"start":{"line":4,"column":55},"end":{"line":4,"column":94}},"line":4},"2":{"name":"(anonymous_2)","decl":{"start":{"line":7,"column":18},"end":{"line":7,"column":19}},"loc":{"start":{"line":7,"column":32},"end":{"line":12,"column":1}},"line":7},"3":{"name":"(anonymous_3)","decl":{"start":{"line":14,"column":18},"end":{"line":14,"column":19}},"loc":{"start":{"line":14,"column":32},"end":{"line":18,"column":1}},"line":14}},"branchMap":{"0":{"loc":{"start":{"line":16,"column":17},"end":{"line":16,"column":41}},"type":"cond-expr","locations":[{"start":{"line":16,"column":28},"end":{"line":16,"column":33}},{"start":{"line":16,"column":36},"end":{"line":16,"column":41}}],"line":16}},"s":{"0":2,"1":2,"2":2,"3":2,"4":111,"5":2,"6":2,"7":1,"8":2,"9":2,"10":2,"11":2},"f":{"0":2,"1":111,"2":1,"3":2},"b":{"0":[1,1]},"_coverageSchema":"1a1c01bbd47fc00a2c39e90264f33305004495a9","hash":"2432ce41dc3d6146854fe22f38474e5427c49b55"}
}
