TN:
SF:src/createApp.js
FN:65,(anonymous_0)
FNF:1
FNH:0
FNDA:0,(anonymous_0)
DA:3,2
DA:4,2
DA:7,2
DA:9,2
DA:11,2
DA:22,2
DA:24,2
DA:25,2
DA:64,2
DA:65,2
DA:66,0
DA:68,2
DA:70,2
LF:13
LH:12
BRF:0
BRH:0
end_of_record
TN:
SF:src/healthcheck.js
FN:6,pingMulesoft
FN:10,(anonymous_1)
FN:12,(anonymous_2)
FNF:3
FNH:0
FNDA:0,pingMulesoft
FNDA:0,(anonymous_1)
FNDA:0,(anonymous_2)
DA:1,2
DA:3,2
DA:4,2
DA:7,0
DA:10,2
DA:11,0
DA:12,0
DA:13,0
DA:20,2
LF:9
LH:5
BRDA:4,0,0,2
BRDA:4,0,1,2
BRF:2
BRH:2
end_of_record
TN:
SF:src/index.js
FN:7,(anonymous_0)
FNF:1
FNH:0
FNDA:0,(anonymous_0)
DA:2,0
DA:4,0
DA:6,0
DA:7,0
LF:4
LH:0
BRDA:4,0,0,0
BRDA:4,0,1,0
BRF:2
BRH:0
end_of_record
TN:
SF:src/reference-data/countries.js
FNF:0
FNH:0
DA:1,2
DA:1152,2
LF:2
LH:2
BRF:0
BRH:0
end_of_record
TN:
SF:src/reference-data/currencies.js
FNF:0
FNH:0
DA:1,2
DA:303,2
LF:2
LH:2
BRF:0
BRH:0
end_of_record
TN:
SF:src/utils/array.js
FN:1,(anonymous_0)
FN:1,(anonymous_1)
FNF:2
FNH:2
FNDA:2,(anonymous_0)
FNDA:369,(anonymous_1)
DA:1,369
DA:3,2
LF:2
LH:2
BRF:0
BRH:0
end_of_record
TN:
SF:src/v1/routes.js
FNF:0
FNH:0
DA:1,2
DA:3,2
DA:4,2
DA:5,2
DA:7,2
DA:12,2
DA:17,2
DA:22,2
DA:28,2
LF:9
LH:9
BRF:0
BRH:0
end_of_record
TN:
SF:src/v1/controllers/countries.controller.js
FN:4,(anonymous_0)
FN:5,(anonymous_1)
FN:8,(anonymous_2)
FN:9,(anonymous_3)
FN:20,(anonymous_4)
FN:20,(anonymous_5)
FN:23,(anonymous_6)
FN:31,(anonymous_7)
FNF:8
FNH:8
FNDA:1,(anonymous_0)
FNDA:228,(anonymous_1)
FNDA:1,(anonymous_2)
FNDA:228,(anonymous_3)
FNDA:2,(anonymous_4)
FNDA:442,(anonymous_5)
FNDA:1,(anonymous_6)
FNDA:2,(anonymous_7)
DA:1,2
DA:2,2
DA:4,2
DA:5,228
DA:8,2
DA:9,228
DA:11,1
DA:16,1
DA:20,442
DA:21,2
DA:23,2
DA:24,1
DA:25,1
DA:31,2
DA:32,2
DA:33,2
DA:34,2
LF:17
LH:17
BRDA:33,0,0,1
BRDA:33,0,1,1
BRF:2
BRH:2
end_of_record
TN:
SF:src/v1/controllers/currencies.controller.js
FN:4,(anonymous_0)
FN:4,(anonymous_1)
FN:7,(anonymous_2)
FN:14,(anonymous_3)
FNF:4
FNH:4
FNDA:2,(anonymous_0)
FNDA:111,(anonymous_1)
FNDA:1,(anonymous_2)
FNDA:2,(anonymous_3)
DA:1,2
DA:2,2
DA:4,111
DA:5,2
DA:7,2
DA:8,1
DA:14,2
DA:15,2
DA:16,2
DA:17,2
LF:10
LH:10
BRDA:16,0,0,1
BRDA:16,0,1,1
BRF:2
BRH:2
end_of_record
