{"/Users/tonyb/_projects/dtfs2/portal/scripts/change-industry-classes.js": {"path":"/Users/tonyb/_projects/dtfs2/portal/scripts/change-industry-classes.js","statementMap":{"0":{"start":{"line":1,"column":36},"end":{"line":1,"column":83}},"1":{"start":{"line":1,"column":42},"end":{"line":1,"column":83}},"2":{"start":{"line":3,"column":34},"end":{"line":11,"column":1}},"3":{"start":{"line":4,"column":24},"end":{"line":4,"column":56}},"4":{"start":{"line":5,"column":2},"end":{"line":5,"column":37}},"5":{"start":{"line":6,"column":2},"end":{"line":6,"column":40}},"6":{"start":{"line":7,"column":2},"end":{"line":9,"column":3}},"7":{"start":{"line":8,"column":4},"end":{"line":8,"column":34}},"8":{"start":{"line":10,"column":2},"end":{"line":10,"column":43}},"9":{"start":{"line":13,"column":48},"end":{"line":16,"column":1}},"10":{"start":{"line":14,"column":22},"end":{"line":14,"column":74}},"11":{"start":{"line":14,"column":47},"end":{"line":14,"column":73}},"12":{"start":{"line":15,"column":2},"end":{"line":15,"column":29}},"13":{"start":{"line":18,"column":37},"end":{"line":44,"column":1}},"14":{"start":{"line":19,"column":2},"end":{"line":43,"column":3}},"15":{"start":{"line":20,"column":23},"end":{"line":20,"column":41}},"16":{"start":{"line":21,"column":26},"end":{"line":21,"column":48}},"17":{"start":{"line":22,"column":28},"end":{"line":22,"column":81}},"18":{"start":{"line":24,"column":4},"end":{"line":24,"column":33}},"19":{"start":{"line":26,"column":4},"end":{"line":29,"column":6}},"20":{"start":{"line":31,"column":4},"end":{"line":40,"column":7}},"21":{"start":{"line":32,"column":6},"end":{"line":39,"column":8}},"22":{"start":{"line":42,"column":4},"end":{"line":42,"column":38}},"23":{"start":{"line":46,"column":23},"end":{"line":51,"column":1}},"24":{"start":{"line":47,"column":2},"end":{"line":50,"column":4}}},"fnMap":{"0":{"name":"(anonymous_0)","decl":{"start":{"line":1,"column":36},"end":{"line":1,"column":37}},"loc":{"start":{"line":1,"column":42},"end":{"line":1,"column":83}},"line":1},"1":{"name":"(anonymous_1)","decl":{"start":{"line":3,"column":34},"end":{"line":3,"column":35}},"loc":{"start":{"line":3,"column":61},"end":{"line":11,"column":1}},"line":3},"2":{"name":"(anonymous_2)","decl":{"start":{"line":13,"column":48},"end":{"line":13,"column":49}},"loc":{"start":{"line":13,"column":73},"end":{"line":16,"column":1}},"line":13},"3":{"name":"(anonymous_3)","decl":{"start":{"line":14,"column":35},"end":{"line":14,"column":36}},"loc":{"start":{"line":14,"column":47},"end":{"line":14,"column":73}},"line":14},"4":{"name":"(anonymous_4)","decl":{"start":{"line":18,"column":37},"end":{"line":18,"column":38}},"loc":{"start":{"line":18,"column":72},"end":{"line":44,"column":1}},"line":18},"5":{"name":"(anonymous_5)","decl":{"start":{"line":31,"column":28},"end":{"line":31,"column":29}},"loc":{"start":{"line":31,"column":35},"end":{"line":40,"column":5}},"line":31},"6":{"name":"(anonymous_6)","decl":{"start":{"line":46,"column":23},"end":{"line":46,"column":24}},"loc":{"start":{"line":46,"column":29},"end":{"line":51,"column":1}},"line":46}},"branchMap":{"0":{"loc":{"start":{"line":7,"column":2},"end":{"line":9,"column":3}},"type":"if","locations":[{"start":{"line":7,"column":2},"end":{"line":9,"column":3}},{"start":{"line":7,"column":2},"end":{"line":9,"column":3}}],"line":7},"1":{"loc":{"start":{"line":19,"column":2},"end":{"line":43,"column":3}},"type":"if","locations":[{"start":{"line":19,"column":2},"end":{"line":43,"column":3}},{"start":{"line":19,"column":2},"end":{"line":43,"column":3}}],"line":19}},"s":{"0":2,"1":3,"2":2,"3":4,"4":4,"5":4,"6":4,"7":4,"8":4,"9":2,"10":3,"11":6,"12":3,"13":2,"14":1,"15":1,"16":1,"17":1,"18":1,"19":1,"20":1,"21":2,"22":1,"23":2,"24":5},"f":{"0":3,"1":4,"2":3,"3":6,"4":1,"5":2,"6":5},"b":{"0":[4,0],"1":[1,0]},"_coverageSchema":"1a1c01bbd47fc00a2c39e90264f33305004495a9","hash":"7d803b919f2d3549ae135aecd496676059a5985a"}
,"/Users/tonyb/_projects/dtfs2/portal/scripts/main.js": {"path":"/Users/tonyb/_projects/dtfs2/portal/scripts/main.js","statementMap":{"0":{"start":{"line":8,"column":12},"end":{"line":14,"column":1}},"1":{"start":{"line":9,"column":2},"end":{"line":9,"column":12}},"2":{"start":{"line":10,"column":2},"end":{"line":10,"column":20}},"3":{"start":{"line":11,"column":2},"end":{"line":11,"column":17}},"4":{"start":{"line":12,"column":2},"end":{"line":12,"column":26}},"5":{"start":{"line":13,"column":2},"end":{"line":13,"column":11}},"6":{"start":{"line":16,"column":0},"end":{"line":16,"column":6}}},"fnMap":{"0":{"name":"(anonymous_0)","decl":{"start":{"line":8,"column":12},"end":{"line":8,"column":13}},"loc":{"start":{"line":8,"column":18},"end":{"line":14,"column":1}},"line":8}},"branchMap":{},"s":{"0":1,"1":6,"2":6,"3":6,"4":6,"5":6,"6":1},"f":{"0":6},"b":{},"_coverageSchema":"1a1c01bbd47fc00a2c39e90264f33305004495a9","hash":"723d74a6421005ff736ddd8cbc18f8ab8d323321"}
,"/Users/tonyb/_projects/dtfs2/portal/scripts/masked-inputs.js": {"path":"/Users/tonyb/_projects/dtfs2/portal/scripts/masked-inputs.js","statementMap":{"0":{"start":{"line":3,"column":14},"end":{"line":14,"column":1}},"1":{"start":{"line":18,"column":28},"end":{"line":33,"column":1}},"2":{"start":{"line":19,"column":2},"end":{"line":32,"column":5}},"3":{"start":{"line":20,"column":19},"end":{"line":20,"column":73}},"4":{"start":{"line":22,"column":4},"end":{"line":31,"column":7}},"5":{"start":{"line":23,"column":6},"end":{"line":27,"column":7}},"6":{"start":{"line":24,"column":25},"end":{"line":24,"column":54}},"7":{"start":{"line":25,"column":8},"end":{"line":25,"column":56}},"8":{"start":{"line":26,"column":8},"end":{"line":26,"column":15}},"9":{"start":{"line":29,"column":6},"end":{"line":29,"column":53}},"10":{"start":{"line":30,"column":6},"end":{"line":30,"column":34}}},"fnMap":{"0":{"name":"(anonymous_0)","decl":{"start":{"line":18,"column":28},"end":{"line":18,"column":29}},"loc":{"start":{"line":18,"column":34},"end":{"line":33,"column":1}},"line":18},"1":{"name":"(anonymous_1)","decl":{"start":{"line":19,"column":16},"end":{"line":19,"column":17}},"loc":{"start":{"line":19,"column":47},"end":{"line":32,"column":3}},"line":19},"2":{"name":"(anonymous_2)","decl":{"start":{"line":22,"column":19},"end":{"line":22,"column":20}},"loc":{"start":{"line":22,"column":32},"end":{"line":31,"column":5}},"line":22}},"branchMap":{"0":{"loc":{"start":{"line":23,"column":6},"end":{"line":27,"column":7}},"type":"if","locations":[{"start":{"line":23,"column":6},"end":{"line":27,"column":7}},{"start":{"line":23,"column":6},"end":{"line":27,"column":7}}],"line":23}},"s":{"0":2,"1":2,"2":8,"3":8,"4":8,"5":5,"6":0,"7":0,"8":0,"9":5,"10":5},"f":{"0":8,"1":8,"2":5},"b":{"0":[0,5]},"_coverageSchema":"1a1c01bbd47fc00a2c39e90264f33305004495a9","hash":"980025013fae7dc9f5c77fcb07a43a07dd4465d7"}
,"/Users/tonyb/_projects/dtfs2/portal/scripts/number.js": {"path":"/Users/tonyb/_projects/dtfs2/portal/scripts/number.js","statementMap":{"0":{"start":{"line":1,"column":25},"end":{"line":6,"column":1}},"1":{"start":{"line":2,"column":2},"end":{"line":4,"column":3}},"2":{"start":{"line":3,"column":4},"end":{"line":3,"column":16}},"3":{"start":{"line":5,"column":2},"end":{"line":5,"column":15}},"4":{"start":{"line":8,"column":29},"end":{"line":14,"column":1}},"5":{"start":{"line":9,"column":19},"end":{"line":9,"column":48}},"6":{"start":{"line":10,"column":2},"end":{"line":12,"column":3}},"7":{"start":{"line":11,"column":4},"end":{"line":11,"column":27}},"8":{"start":{"line":13,"column":2},"end":{"line":13,"column":11}},"9":{"start":{"line":16,"column":27},"end":{"line":28,"column":1}},"10":{"start":{"line":17,"column":22},"end":{"line":17,"column":27}},"11":{"start":{"line":18,"column":10},"end":{"line":18,"column":16}},"12":{"start":{"line":20,"column":2},"end":{"line":22,"column":3}},"13":{"start":{"line":21,"column":4},"end":{"line":21,"column":10}},"14":{"start":{"line":24,"column":2},"end":{"line":24,"column":27}},"15":{"start":{"line":25,"column":2},"end":{"line":25,"column":44}},"16":{"start":{"line":26,"column":2},"end":{"line":26,"column":27}},"17":{"start":{"line":27,"column":2},"end":{"line":27,"column":23}},"18":{"start":{"line":30,"column":23},"end":{"line":37,"column":1}},"19":{"start":{"line":31,"column":2},"end":{"line":36,"column":4}}},"fnMap":{"0":{"name":"(anonymous_0)","decl":{"start":{"line":1,"column":25},"end":{"line":1,"column":26}},"loc":{"start":{"line":1,"column":36},"end":{"line":6,"column":1}},"line":1},"1":{"name":"(anonymous_1)","decl":{"start":{"line":8,"column":29},"end":{"line":8,"column":30}},"loc":{"start":{"line":8,"column":39},"end":{"line":14,"column":1}},"line":8},"2":{"name":"(anonymous_2)","decl":{"start":{"line":16,"column":27},"end":{"line":16,"column":28}},"loc":{"start":{"line":16,"column":46},"end":{"line":28,"column":1}},"line":16},"3":{"name":"(anonymous_3)","decl":{"start":{"line":30,"column":23},"end":{"line":30,"column":24}},"loc":{"start":{"line":30,"column":29},"end":{"line":37,"column":1}},"line":30}},"branchMap":{"0":{"loc":{"start":{"line":2,"column":2},"end":{"line":4,"column":3}},"type":"if","locations":[{"start":{"line":2,"column":2},"end":{"line":4,"column":3}},{"start":{"line":2,"column":2},"end":{"line":4,"column":3}}],"line":2},"1":{"loc":{"start":{"line":2,"column":6},"end":{"line":2,"column":86}},"type":"binary-expr","locations":[{"start":{"line":2,"column":7},"end":{"line":2,"column":32}},{"start":{"line":2,"column":37},"end":{"line":2,"column":60}},{"start":{"line":2,"column":64},"end":{"line":2,"column":86}}],"line":2},"2":{"loc":{"start":{"line":10,"column":2},"end":{"line":12,"column":3}},"type":"if","locations":[{"start":{"line":10,"column":2},"end":{"line":12,"column":3}},{"start":{"line":10,"column":2},"end":{"line":12,"column":3}}],"line":10},"3":{"loc":{"start":{"line":20,"column":2},"end":{"line":22,"column":3}},"type":"if","locations":[{"start":{"line":20,"column":2},"end":{"line":22,"column":3}},{"start":{"line":20,"column":2},"end":{"line":22,"column":3}}],"line":20}},"s":{"0":2,"1":2,"2":1,"3":1,"4":2,"5":4,"6":4,"7":2,"8":2,"9":2,"10":6,"11":6,"12":6,"13":2,"14":6,"15":6,"16":6,"17":6,"18":2,"19":6},"f":{"0":2,"1":4,"2":6,"3":6},"b":{"0":[1,1],"1":[2,1,1],"2":[2,2],"3":[2,4]},"_coverageSchema":"1a1c01bbd47fc00a2c39e90264f33305004495a9","hash":"4a69f24049c07eaff06daa563d4dff5c038a75ba"}
,"/Users/tonyb/_projects/dtfs2/portal/scripts/show-hide-element.js": {"path":"/Users/tonyb/_projects/dtfs2/portal/scripts/show-hide-element.js","statementMap":{"0":{"start":{"line":1,"column":26},"end":{"line":1,"column":61}},"1":{"start":{"line":1,"column":34},"end":{"line":1,"column":61}},"2":{"start":{"line":3,"column":47},"end":{"line":11,"column":1}},"3":{"start":{"line":4,"column":18},"end":{"line":4,"column":39}},"4":{"start":{"line":6,"column":2},"end":{"line":10,"column":3}},"5":{"start":{"line":7,"column":4},"end":{"line":7,"column":27}},"6":{"start":{"line":9,"column":4},"end":{"line":9,"column":48}},"7":{"start":{"line":13,"column":31},"end":{"line":21,"column":1}},"8":{"start":{"line":14,"column":18},"end":{"line":14,"column":39}},"9":{"start":{"line":16,"column":2},"end":{"line":20,"column":3}},"10":{"start":{"line":17,"column":4},"end":{"line":17,"column":38}},"11":{"start":{"line":19,"column":4},"end":{"line":19,"column":41}},"12":{"start":{"line":23,"column":23},"end":{"line":29,"column":1}},"13":{"start":{"line":24,"column":2},"end":{"line":28,"column":4}}},"fnMap":{"0":{"name":"(anonymous_0)","decl":{"start":{"line":1,"column":26},"end":{"line":1,"column":27}},"loc":{"start":{"line":1,"column":34},"end":{"line":1,"column":61}},"line":1},"1":{"name":"(anonymous_1)","decl":{"start":{"line":3,"column":47},"end":{"line":3,"column":48}},"loc":{"start":{"line":3,"column":75},"end":{"line":11,"column":1}},"line":3},"2":{"name":"(anonymous_2)","decl":{"start":{"line":13,"column":31},"end":{"line":13,"column":32}},"loc":{"start":{"line":13,"column":59},"end":{"line":21,"column":1}},"line":13},"3":{"name":"(anonymous_3)","decl":{"start":{"line":23,"column":23},"end":{"line":23,"column":24}},"loc":{"start":{"line":23,"column":29},"end":{"line":29,"column":1}},"line":23}},"branchMap":{"0":{"loc":{"start":{"line":6,"column":2},"end":{"line":10,"column":3}},"type":"if","locations":[{"start":{"line":6,"column":2},"end":{"line":10,"column":3}},{"start":{"line":6,"column":2},"end":{"line":10,"column":3}}],"line":6},"1":{"loc":{"start":{"line":16,"column":2},"end":{"line":20,"column":3}},"type":"if","locations":[{"start":{"line":16,"column":2},"end":{"line":20,"column":3}},{"start":{"line":16,"column":2},"end":{"line":20,"column":3}}],"line":16}},"s":{"0":2,"1":11,"2":2,"3":3,"4":3,"5":2,"6":1,"7":2,"8":3,"9":3,"10":2,"11":1,"12":2,"13":4},"f":{"0":11,"1":3,"2":3,"3":4},"b":{"0":[2,1],"1":[2,1]},"_coverageSchema":"1a1c01bbd47fc00a2c39e90264f33305004495a9","hash":"048817c4efe5aac25431d0de4d5659cf192f8c1f"}
,"/Users/tonyb/_projects/dtfs2/portal/server/helpers/dealFormsCompleted.js": {"path":"/Users/tonyb/_projects/dtfs2/portal/server/helpers/dealFormsCompleted.js","statementMap":{"0":{"start":{"line":3,"column":27},"end":{"line":13,"column":1}},"1":{"start":{"line":4,"column":19},"end":{"line":4,"column":71}},"2":{"start":{"line":5,"column":21},"end":{"line":5,"column":36}},"3":{"start":{"line":6,"column":20},"end":{"line":6,"column":68}},"4":{"start":{"line":6,"column":43},"end":{"line":6,"column":67}},"5":{"start":{"line":8,"column":2},"end":{"line":10,"column":3}},"6":{"start":{"line":9,"column":4},"end":{"line":9,"column":17}},"7":{"start":{"line":12,"column":2},"end":{"line":12,"column":14}},"8":{"start":{"line":15,"column":27},"end":{"line":25,"column":1}},"9":{"start":{"line":16,"column":19},"end":{"line":16,"column":71}},"10":{"start":{"line":17,"column":21},"end":{"line":17,"column":36}},"11":{"start":{"line":18,"column":20},"end":{"line":18,"column":68}},"12":{"start":{"line":18,"column":43},"end":{"line":18,"column":67}},"13":{"start":{"line":20,"column":2},"end":{"line":22,"column":3}},"14":{"start":{"line":21,"column":4},"end":{"line":21,"column":17}},"15":{"start":{"line":24,"column":2},"end":{"line":24,"column":14}},"16":{"start":{"line":27,"column":32},"end":{"line":28,"column":80}},"17":{"start":{"line":27,"column":42},"end":{"line":28,"column":80}},"18":{"start":{"line":30,"column":34},"end":{"line":30,"column":115}},"19":{"start":{"line":30,"column":44},"end":{"line":30,"column":115}},"20":{"start":{"line":32,"column":28},"end":{"line":32,"column":97}},"21":{"start":{"line":32,"column":38},"end":{"line":32,"column":97}},"22":{"start":{"line":34,"column":45},"end":{"line":34,"column":109}},"23":{"start":{"line":34,"column":56},"end":{"line":34,"column":108}},"24":{"start":{"line":36,"column":27},"end":{"line":40,"column":43}},"25":{"start":{"line":37,"column":2},"end":{"line":40,"column":43}}},"fnMap":{"0":{"name":"(anonymous_0)","decl":{"start":{"line":3,"column":27},"end":{"line":3,"column":28}},"loc":{"start":{"line":3,"column":37},"end":{"line":13,"column":1}},"line":3},"1":{"name":"(anonymous_1)","decl":{"start":{"line":6,"column":36},"end":{"line":6,"column":37}},"loc":{"start":{"line":6,"column":43},"end":{"line":6,"column":67}},"line":6},"2":{"name":"(anonymous_2)","decl":{"start":{"line":15,"column":27},"end":{"line":15,"column":28}},"loc":{"start":{"line":15,"column":37},"end":{"line":25,"column":1}},"line":15},"3":{"name":"(anonymous_3)","decl":{"start":{"line":18,"column":36},"end":{"line":18,"column":37}},"loc":{"start":{"line":18,"column":43},"end":{"line":18,"column":67}},"line":18},"4":{"name":"(anonymous_4)","decl":{"start":{"line":27,"column":32},"end":{"line":27,"column":33}},"loc":{"start":{"line":27,"column":42},"end":{"line":28,"column":80}},"line":27},"5":{"name":"(anonymous_5)","decl":{"start":{"line":30,"column":34},"end":{"line":30,"column":35}},"loc":{"start":{"line":30,"column":44},"end":{"line":30,"column":115}},"line":30},"6":{"name":"(anonymous_6)","decl":{"start":{"line":32,"column":28},"end":{"line":32,"column":29}},"loc":{"start":{"line":32,"column":38},"end":{"line":32,"column":97}},"line":32},"7":{"name":"(anonymous_7)","decl":{"start":{"line":34,"column":45},"end":{"line":34,"column":46}},"loc":{"start":{"line":34,"column":56},"end":{"line":34,"column":108}},"line":34},"8":{"name":"(anonymous_8)","decl":{"start":{"line":36,"column":27},"end":{"line":36,"column":28}},"loc":{"start":{"line":37,"column":2},"end":{"line":40,"column":43}},"line":37}},"branchMap":{"0":{"loc":{"start":{"line":4,"column":19},"end":{"line":4,"column":71}},"type":"binary-expr","locations":[{"start":{"line":4,"column":19},"end":{"line":4,"column":40}},{"start":{"line":4,"column":44},"end":{"line":4,"column":71}}],"line":4},"1":{"loc":{"start":{"line":8,"column":2},"end":{"line":10,"column":3}},"type":"if","locations":[{"start":{"line":8,"column":2},"end":{"line":10,"column":3}},{"start":{"line":8,"column":2},"end":{"line":10,"column":3}}],"line":8},"2":{"loc":{"start":{"line":16,"column":19},"end":{"line":16,"column":71}},"type":"binary-expr","locations":[{"start":{"line":16,"column":19},"end":{"line":16,"column":40}},{"start":{"line":16,"column":44},"end":{"line":16,"column":71}}],"line":16},"3":{"loc":{"start":{"line":20,"column":2},"end":{"line":22,"column":3}},"type":"if","locations":[{"start":{"line":20,"column":2},"end":{"line":22,"column":3}},{"start":{"line":20,"column":2},"end":{"line":22,"column":3}}],"line":20},"4":{"loc":{"start":{"line":27,"column":42},"end":{"line":28,"column":80}},"type":"binary-expr","locations":[{"start":{"line":27,"column":42},"end":{"line":27,"column":80}},{"start":{"line":28,"column":42},"end":{"line":28,"column":80}}],"line":27},"5":{"loc":{"start":{"line":30,"column":44},"end":{"line":30,"column":115}},"type":"binary-expr","locations":[{"start":{"line":30,"column":44},"end":{"line":30,"column":66}},{"start":{"line":30,"column":70},"end":{"line":30,"column":115}}],"line":30},"6":{"loc":{"start":{"line":32,"column":38},"end":{"line":32,"column":97}},"type":"binary-expr","locations":[{"start":{"line":32,"column":38},"end":{"line":32,"column":54}},{"start":{"line":32,"column":58},"end":{"line":32,"column":97}}],"line":32},"7":{"loc":{"start":{"line":34,"column":56},"end":{"line":34,"column":108}},"type":"binary-expr","locations":[{"start":{"line":34,"column":56},"end":{"line":34,"column":80}},{"start":{"line":34,"column":84},"end":{"line":34,"column":108}}],"line":34},"8":{"loc":{"start":{"line":37,"column":2},"end":{"line":40,"column":43}},"type":"binary-expr","locations":[{"start":{"line":37,"column":2},"end":{"line":37,"column":27}},{"start":{"line":38,"column":7},"end":{"line":38,"column":38}},{"start":{"line":39,"column":7},"end":{"line":39,"column":36}},{"start":{"line":40,"column":7},"end":{"line":40,"column":43}}],"line":37}},"s":{"0":3,"1":9,"2":9,"3":9,"4":10,"5":9,"6":7,"7":2,"8":3,"9":7,"10":7,"11":7,"12":10,"13":7,"14":5,"15":2,"16":3,"17":6,"18":3,"19":7,"20":3,"21":8,"22":3,"23":9,"24":3,"25":8},"f":{"0":9,"1":10,"2":7,"3":10,"4":6,"5":7,"6":8,"7":9,"8":8},"b":{"0":[9,9],"1":[7,2],"2":[7,7],"3":[5,2],"4":[6,3],"5":[7,7],"6":[8,8],"7":[9,7],"8":[8,7,6,5]},"_coverageSchema":"1a1c01bbd47fc00a2c39e90264f33305004495a9","hash":"d13d4e191f8edc9c546e792f5583f0e8b30052c5"}
,"/Users/tonyb/_projects/dtfs2/portal/server/helpers/errorHref.js": {"path":"/Users/tonyb/_projects/dtfs2/portal/server/helpers/errorHref.js","statementMap":{"0":{"start":{"line":1,"column":18},"end":{"line":1,"column":34}},"1":{"start":{"line":1,"column":26},"end":{"line":1,"column":34}}},"fnMap":{"0":{"name":"(anonymous_0)","decl":{"start":{"line":1,"column":18},"end":{"line":1,"column":19}},"loc":{"start":{"line":1,"column":26},"end":{"line":1,"column":34}},"line":1}},"branchMap":{},"s":{"0":4,"1":17},"f":{"0":17},"b":{},"_coverageSchema":"1a1c01bbd47fc00a2c39e90264f33305004495a9","hash":"f96f27ab5b33570140d5f0c4bea357ac36ddfa40"}
,"/Users/tonyb/_projects/dtfs2/portal/server/helpers/formCompleted.js": {"path":"/Users/tonyb/_projects/dtfs2/portal/server/helpers/formCompleted.js","statementMap":{"0":{"start":{"line":6,"column":37},"end":{"line":14,"column":1}},"1":{"start":{"line":7,"column":2},"end":{"line":12,"column":3}},"2":{"start":{"line":8,"column":30},"end":{"line":8,"column":57}},"3":{"start":{"line":9,"column":32},"end":{"line":9,"column":94}},"4":{"start":{"line":11,"column":4},"end":{"line":11,"column":51}},"5":{"start":{"line":13,"column":2},"end":{"line":13,"column":11}},"6":{"start":{"line":16,"column":27},"end":{"line":23,"column":1}},"7":{"start":{"line":17,"column":22},"end":{"line":17,"column":69}},"8":{"start":{"line":19,"column":2},"end":{"line":21,"column":3}},"9":{"start":{"line":20,"column":4},"end":{"line":20,"column":16}},"10":{"start":{"line":22,"column":2},"end":{"line":22,"column":15}}},"fnMap":{"0":{"name":"(anonymous_0)","decl":{"start":{"line":6,"column":37},"end":{"line":6,"column":38}},"loc":{"start":{"line":6,"column":67},"end":{"line":14,"column":1}},"line":6},"1":{"name":"(anonymous_1)","decl":{"start":{"line":16,"column":27},"end":{"line":16,"column":28}},"loc":{"start":{"line":16,"column":57},"end":{"line":23,"column":1}},"line":16}},"branchMap":{"0":{"loc":{"start":{"line":7,"column":2},"end":{"line":12,"column":3}},"type":"if","locations":[{"start":{"line":7,"column":2},"end":{"line":12,"column":3}},{"start":{"line":7,"column":2},"end":{"line":12,"column":3}}],"line":7},"1":{"loc":{"start":{"line":19,"column":2},"end":{"line":21,"column":3}},"type":"if","locations":[{"start":{"line":19,"column":2},"end":{"line":21,"column":3}},{"start":{"line":19,"column":2},"end":{"line":21,"column":3}}],"line":19}},"s":{"0":3,"1":16,"2":14,"3":14,"4":14,"5":2,"6":3,"7":14,"8":14,"9":9,"10":5},"f":{"0":16,"1":14},"b":{"0":[14,2],"1":[9,5]},"_coverageSchema":"1a1c01bbd47fc00a2c39e90264f33305004495a9","hash":"f1df87126c5cf3c9dd6332de2f6eda789c82884a"}
,"/Users/tonyb/_projects/dtfs2/portal/server/helpers/formatCountriesForGDSComponent.js": {"path":"/Users/tonyb/_projects/dtfs2/portal/server/helpers/formatCountriesForGDSComponent.js","statementMap":{"0":{"start":{"line":1,"column":40},"end":{"line":17,"column":1}},"1":{"start":{"line":2,"column":25},"end":{"line":6,"column":5}},"2":{"start":{"line":2,"column":47},"end":{"line":6,"column":3}},"3":{"start":{"line":8,"column":22},"end":{"line":11,"column":3}},"4":{"start":{"line":13,"column":2},"end":{"line":15,"column":3}},"5":{"start":{"line":14,"column":4},"end":{"line":14,"column":48}},"6":{"start":{"line":16,"column":2},"end":{"line":16,"column":24}}},"fnMap":{"0":{"name":"(anonymous_0)","decl":{"start":{"line":1,"column":40},"end":{"line":1,"column":41}},"loc":{"start":{"line":1,"column":93},"end":{"line":17,"column":1}},"line":1},"1":{"name":"(anonymous_1)","decl":{"start":{"line":2,"column":39},"end":{"line":2,"column":40}},"loc":{"start":{"line":2,"column":47},"end":{"line":6,"column":3}},"line":2}},"branchMap":{"0":{"loc":{"start":{"line":13,"column":2},"end":{"line":15,"column":3}},"type":"if","locations":[{"start":{"line":13,"column":2},"end":{"line":15,"column":3}},{"start":{"line":13,"column":2},"end":{"line":15,"column":3}}],"line":13}},"s":{"0":2,"1":0,"2":0,"3":0,"4":0,"5":0,"6":0},"f":{"0":0,"1":0},"b":{"0":[0,0]},"_coverageSchema":"1a1c01bbd47fc00a2c39e90264f33305004495a9","hash":"167266db2df6122aac0d29b4d9655a7984bb9f73"}
,"/Users/tonyb/_projects/dtfs2/portal/server/helpers/generateErrorSummary.js": {"path":"/Users/tonyb/_projects/dtfs2/portal/server/helpers/generateErrorSummary.js","statementMap":{"0":{"start":{"line":1,"column":29},"end":{"line":68,"column":1}},"1":{"start":{"line":3,"column":26},"end":{"line":3,"column":28}},"2":{"start":{"line":5,"column":2},"end":{"line":5,"column":42}},"3":{"start":{"line":5,"column":27},"end":{"line":5,"column":40}},"4":{"start":{"line":41,"column":43},"end":{"line":47,"column":6}},"5":{"start":{"line":42,"column":27},"end":{"line":42,"column":37}},"6":{"start":{"line":44,"column":6},"end":{"line":44,"column":65}},"7":{"start":{"line":44,"column":55},"end":{"line":44,"column":65}},"8":{"start":{"line":45,"column":6},"end":{"line":45,"column":64}},"9":{"start":{"line":45,"column":55},"end":{"line":45,"column":64}},"10":{"start":{"line":46,"column":6},"end":{"line":46,"column":15}},"11":{"start":{"line":50,"column":38},"end":{"line":50,"column":90}},"12":{"start":{"line":52,"column":18},"end":{"line":61,"column":4}},"13":{"start":{"line":53,"column":44},"end":{"line":53,"column":49}},"14":{"start":{"line":55,"column":17},"end":{"line":55,"column":87}},"15":{"start":{"line":57,"column":4},"end":{"line":60,"column":6}},"16":{"start":{"line":63,"column":2},"end":{"line":67,"column":4}}},"fnMap":{"0":{"name":"(anonymous_0)","decl":{"start":{"line":1,"column":29},"end":{"line":1,"column":30}},"loc":{"start":{"line":4,"column":5},"end":{"line":68,"column":1}},"line":4},"1":{"name":"(anonymous_1)","decl":{"start":{"line":3,"column":18},"end":{"line":3,"column":19}},"loc":{"start":{"line":3,"column":26},"end":{"line":3,"column":28}},"line":3},"2":{"name":"(anonymous_2)","decl":{"start":{"line":42,"column":12},"end":{"line":42,"column":13}},"loc":{"start":{"line":42,"column":27},"end":{"line":42,"column":37}},"line":42},"3":{"name":"(anonymous_3)","decl":{"start":{"line":43,"column":10},"end":{"line":43,"column":11}},"loc":{"start":{"line":43,"column":38},"end":{"line":47,"column":5}},"line":43},"4":{"name":"(anonymous_4)","decl":{"start":{"line":52,"column":55},"end":{"line":52,"column":56}},"loc":{"start":{"line":52,"column":72},"end":{"line":61,"column":3}},"line":52}},"branchMap":{"0":{"loc":{"start":{"line":3,"column":2},"end":{"line":3,"column":28}},"type":"default-arg","locations":[{"start":{"line":3,"column":18},"end":{"line":3,"column":28}}],"line":3},"1":{"loc":{"start":{"line":5,"column":2},"end":{"line":5,"column":42}},"type":"if","locations":[{"start":{"line":5,"column":2},"end":{"line":5,"column":42}},{"start":{"line":5,"column":2},"end":{"line":5,"column":42}}],"line":5},"2":{"loc":{"start":{"line":44,"column":6},"end":{"line":44,"column":65}},"type":"if","locations":[{"start":{"line":44,"column":6},"end":{"line":44,"column":65}},{"start":{"line":44,"column":6},"end":{"line":44,"column":65}}],"line":44},"3":{"loc":{"start":{"line":45,"column":6},"end":{"line":45,"column":64}},"type":"if","locations":[{"start":{"line":45,"column":6},"end":{"line":45,"column":64}},{"start":{"line":45,"column":6},"end":{"line":45,"column":64}}],"line":45},"4":{"loc":{"start":{"line":55,"column":17},"end":{"line":55,"column":87}},"type":"cond-expr","locations":[{"start":{"line":55,"column":28},"end":{"line":55,"column":67}},{"start":{"line":55,"column":70},"end":{"line":55,"column":87}}],"line":55},"5":{"loc":{"start":{"line":58,"column":12},"end":{"line":58,"column":31}},"type":"binary-expr","locations":[{"start":{"line":58,"column":12},"end":{"line":58,"column":23}},{"start":{"line":58,"column":27},"end":{"line":58,"column":31}}],"line":58}},"s":{"0":3,"1":0,"2":7,"3":0,"4":7,"5":16,"6":10,"7":0,"8":10,"9":10,"10":0,"11":7,"12":7,"13":16,"14":16,"15":16,"16":7},"f":{"0":7,"1":0,"2":16,"3":10,"4":16},"b":{"0":[0],"1":[0,7],"2":[0,10],"3":[10,0],"4":[0,16],"5":[16,16]},"_coverageSchema":"1a1c01bbd47fc00a2c39e90264f33305004495a9","hash":"f9c74c56f3b9d908c63322eb16958e53c818bea3"}
,"/Users/tonyb/_projects/dtfs2/portal/server/helpers/getApiData.js": {"path":"/Users/tonyb/_projects/dtfs2/portal/server/helpers/getApiData.js","statementMap":{"0":{"start":{"line":1,"column":20},"end":{"line":11,"column":1}},"1":{"start":{"line":2,"column":2},"end":{"line":10,"column":3}},"2":{"start":{"line":3,"column":19},"end":{"line":3,"column":30}},"3":{"start":{"line":4,"column":4},"end":{"line":6,"column":5}},"4":{"start":{"line":5,"column":6},"end":{"line":5,"column":43}},"5":{"start":{"line":7,"column":4},"end":{"line":7,"column":18}},"6":{"start":{"line":9,"column":4},"end":{"line":9,"column":30}},"7":{"start":{"line":14,"column":19},"end":{"line":22,"column":7}},"8":{"start":{"line":14,"column":35},"end":{"line":22,"column":7}},"9":{"start":{"line":15,"column":2},"end":{"line":22,"column":6}},"10":{"start":{"line":15,"column":36},"end":{"line":15,"column":49}},"11":{"start":{"line":20,"column":6},"end":{"line":20,"column":23}},"12":{"start":{"line":21,"column":6},"end":{"line":21,"column":31}}},"fnMap":{"0":{"name":"(anonymous_0)","decl":{"start":{"line":1,"column":20},"end":{"line":1,"column":21}},"loc":{"start":{"line":1,"column":37},"end":{"line":11,"column":1}},"line":1},"1":{"name":"(anonymous_1)","decl":{"start":{"line":14,"column":19},"end":{"line":14,"column":20}},"loc":{"start":{"line":14,"column":35},"end":{"line":22,"column":7}},"line":14},"2":{"name":"(anonymous_2)","decl":{"start":{"line":14,"column":47},"end":{"line":14,"column":48}},"loc":{"start":{"line":15,"column":2},"end":{"line":22,"column":6}},"line":15},"3":{"name":"(anonymous_3)","decl":{"start":{"line":15,"column":26},"end":{"line":15,"column":27}},"loc":{"start":{"line":15,"column":36},"end":{"line":15,"column":49}},"line":15},"4":{"name":"(anonymous_4)","decl":{"start":{"line":16,"column":11},"end":{"line":16,"column":12}},"loc":{"start":{"line":16,"column":20},"end":{"line":22,"column":5}},"line":16}},"branchMap":{"0":{"loc":{"start":{"line":4,"column":4},"end":{"line":6,"column":5}},"type":"if","locations":[{"start":{"line":4,"column":4},"end":{"line":6,"column":5}},{"start":{"line":4,"column":4},"end":{"line":6,"column":5}}],"line":4},"1":{"loc":{"start":{"line":4,"column":8},"end":{"line":4,"column":69}},"type":"binary-expr","locations":[{"start":{"line":4,"column":8},"end":{"line":4,"column":27}},{"start":{"line":4,"column":31},"end":{"line":4,"column":69}}],"line":4}},"s":{"0":2,"1":0,"2":0,"3":0,"4":0,"5":0,"6":0,"7":2,"8":0,"9":0,"10":0,"11":0,"12":0},"f":{"0":0,"1":0,"2":0,"3":0,"4":0},"b":{"0":[0,0],"1":[0,0]},"_coverageSchema":"1a1c01bbd47fc00a2c39e90264f33305004495a9","hash":"b242ddc7d81b1dbd64864f7cc7728c77c7c193d9"}
,"/Users/tonyb/_projects/dtfs2/portal/server/helpers/getFlashSuccessMessage.js": {"path":"/Users/tonyb/_projects/dtfs2/portal/server/helpers/getFlashSuccessMessage.js","statementMap":{"0":{"start":{"line":1,"column":31},"end":{"line":1,"column":70}},"1":{"start":{"line":1,"column":40},"end":{"line":1,"column":70}}},"fnMap":{"0":{"name":"(anonymous_0)","decl":{"start":{"line":1,"column":31},"end":{"line":1,"column":32}},"loc":{"start":{"line":1,"column":40},"end":{"line":1,"column":70}},"line":1}},"branchMap":{},"s":{"0":3,"1":1},"f":{"0":1},"b":{},"_coverageSchema":"1a1c01bbd47fc00a2c39e90264f33305004495a9","hash":"a841277c9cde7fee37ab34bb042be0eb21f27c79"}
,"/Users/tonyb/_projects/dtfs2/portal/server/helpers/index.js": {"path":"/Users/tonyb/_projects/dtfs2/portal/server/helpers/index.js","statementMap":{},"fnMap":{},"branchMap":{},"s":{},"f":{},"b":{},"_coverageSchema":"1a1c01bbd47fc00a2c39e90264f33305004495a9","hash":"c055791f9e2b6c19f208d117b1037da500a35d28"}
,"/Users/tonyb/_projects/dtfs2/portal/server/helpers/mapCountries.js": {"path":"/Users/tonyb/_projects/dtfs2/portal/server/helpers/mapCountries.js","statementMap":{"0":{"start":{"line":5,"column":21},"end":{"line":12,"column":2}},"1":{"start":{"line":5,"column":53},"end":{"line":12,"column":2}},"2":{"start":{"line":6,"column":18},"end":{"line":10,"column":3}},"3":{"start":{"line":11,"column":2},"end":{"line":11,"column":17}}},"fnMap":{"0":{"name":"(anonymous_0)","decl":{"start":{"line":5,"column":21},"end":{"line":5,"column":22}},"loc":{"start":{"line":5,"column":53},"end":{"line":12,"column":2}},"line":5},"1":{"name":"(anonymous_1)","decl":{"start":{"line":5,"column":67},"end":{"line":5,"column":68}},"loc":{"start":{"line":5,"column":74},"end":{"line":12,"column":1}},"line":5}},"branchMap":{},"s":{"0":2,"1":0,"2":0,"3":0},"f":{"0":0,"1":0},"b":{},"_coverageSchema":"1a1c01bbd47fc00a2c39e90264f33305004495a9","hash":"0bd443992908256483741ecee1ffb5274bf292d8"}
,"/Users/tonyb/_projects/dtfs2/portal/server/helpers/mapCurrencies.js": {"path":"/Users/tonyb/_projects/dtfs2/portal/server/helpers/mapCurrencies.js","statementMap":{"0":{"start":{"line":5,"column":22},"end":{"line":18,"column":1}},"1":{"start":{"line":6,"column":27},"end":{"line":16,"column":3}},"2":{"start":{"line":9,"column":23},"end":{"line":13,"column":7}},"3":{"start":{"line":14,"column":6},"end":{"line":14,"column":22}},"4":{"start":{"line":17,"column":2},"end":{"line":17,"column":26}}},"fnMap":{"0":{"name":"(anonymous_0)","decl":{"start":{"line":5,"column":22},"end":{"line":5,"column":23}},"loc":{"start":{"line":5,"column":56},"end":{"line":18,"column":1}},"line":5},"1":{"name":"(anonymous_1)","decl":{"start":{"line":8,"column":22},"end":{"line":8,"column":23}},"loc":{"start":{"line":8,"column":29},"end":{"line":15,"column":5}},"line":8}},"branchMap":{"0":{"loc":{"start":{"line":12,"column":18},"end":{"line":12,"column":66}},"type":"binary-expr","locations":[{"start":{"line":12,"column":18},"end":{"line":12,"column":34}},{"start":{"line":12,"column":38},"end":{"line":12,"column":66}}],"line":12}},"s":{"0":3,"1":2,"2":6,"3":6,"4":2},"f":{"0":2,"1":6},"b":{"0":[6,3]},"_coverageSchema":"1a1c01bbd47fc00a2c39e90264f33305004495a9","hash":"7584929b81bc9aad77d6f7579638e93b0529732b"}
,"/Users/tonyb/_projects/dtfs2/portal/server/helpers/mapIndustryClasses.js": {"path":"/Users/tonyb/_projects/dtfs2/portal/server/helpers/mapIndustryClasses.js","statementMap":{"0":{"start":{"line":5,"column":27},"end":{"line":25,"column":1}},"1":{"start":{"line":6,"column":26},"end":{"line":11,"column":8}},"2":{"start":{"line":7,"column":4},"end":{"line":9,"column":5}},"3":{"start":{"line":8,"column":6},"end":{"line":8,"column":38}},"4":{"start":{"line":10,"column":4},"end":{"line":10,"column":15}},"5":{"start":{"line":13,"column":32},"end":{"line":23,"column":3}},"6":{"start":{"line":16,"column":20},"end":{"line":20,"column":7}},"7":{"start":{"line":21,"column":6},"end":{"line":21,"column":19}},"8":{"start":{"line":24,"column":2},"end":{"line":24,"column":31}}},"fnMap":{"0":{"name":"(anonymous_0)","decl":{"start":{"line":5,"column":27},"end":{"line":5,"column":28}},"loc":{"start":{"line":5,"column":95},"end":{"line":25,"column":1}},"line":5},"1":{"name":"(anonymous_1)","decl":{"start":{"line":6,"column":49},"end":{"line":6,"column":50}},"loc":{"start":{"line":6,"column":64},"end":{"line":11,"column":3}},"line":6},"2":{"name":"(anonymous_2)","decl":{"start":{"line":15,"column":27},"end":{"line":15,"column":28}},"loc":{"start":{"line":15,"column":44},"end":{"line":22,"column":5}},"line":15}},"branchMap":{"0":{"loc":{"start":{"line":7,"column":4},"end":{"line":9,"column":5}},"type":"if","locations":[{"start":{"line":7,"column":4},"end":{"line":9,"column":5}},{"start":{"line":7,"column":4},"end":{"line":9,"column":5}}],"line":7}},"s":{"0":2,"1":0,"2":0,"3":0,"4":0,"5":0,"6":0,"7":0,"8":0},"f":{"0":0,"1":0,"2":0},"b":{"0":[0,0]},"_coverageSchema":"1a1c01bbd47fc00a2c39e90264f33305004495a9","hash":"6557a5a731540a2cad2d322813cec5ea3c37e067"}
,"/Users/tonyb/_projects/dtfs2/portal/server/helpers/mapIndustrySectors.js": {"path":"/Users/tonyb/_projects/dtfs2/portal/server/helpers/mapIndustrySectors.js","statementMap":{"0":{"start":{"line":5,"column":27},"end":{"line":18,"column":1}},"1":{"start":{"line":6,"column":24},"end":{"line":16,"column":3}},"2":{"start":{"line":9,"column":21},"end":{"line":13,"column":7}},"3":{"start":{"line":14,"column":6},"end":{"line":14,"column":20}},"4":{"start":{"line":17,"column":2},"end":{"line":17,"column":23}}},"fnMap":{"0":{"name":"(anonymous_0)","decl":{"start":{"line":5,"column":27},"end":{"line":5,"column":28}},"loc":{"start":{"line":5,"column":72},"end":{"line":18,"column":1}},"line":5},"1":{"name":"(anonymous_1)","decl":{"start":{"line":8,"column":27},"end":{"line":8,"column":28}},"loc":{"start":{"line":8,"column":45},"end":{"line":15,"column":5}},"line":8}},"branchMap":{},"s":{"0":2,"1":0,"2":0,"3":0,"4":0},"f":{"0":0,"1":0},"b":{},"_coverageSchema":"1a1c01bbd47fc00a2c39e90264f33305004495a9","hash":"3a62729d7099d648e906d8890d0458e8f637504b"}
,"/Users/tonyb/_projects/dtfs2/portal/server/helpers/pageFields.js": {"path":"/Users/tonyb/_projects/dtfs2/portal/server/helpers/pageFields.js","statementMap":{"0":{"start":{"line":1,"column":35},"end":{"line":10,"column":1}},"1":{"start":{"line":2,"column":61},"end":{"line":2,"column":67}},"2":{"start":{"line":3,"column":28},"end":{"line":3,"column":48}},"3":{"start":{"line":5,"column":2},"end":{"line":7,"column":3}},"4":{"start":{"line":6,"column":4},"end":{"line":6,"column":61}},"5":{"start":{"line":9,"column":2},"end":{"line":9,"column":27}},"6":{"start":{"line":12,"column":31},"end":{"line":24,"column":1}},"7":{"start":{"line":13,"column":28},"end":{"line":13,"column":30}},"8":{"start":{"line":15,"column":2},"end":{"line":21,"column":3}},"9":{"start":{"line":16,"column":4},"end":{"line":20,"column":7}},"10":{"start":{"line":17,"column":6},"end":{"line":19,"column":7}},"11":{"start":{"line":18,"column":8},"end":{"line":18,"column":52}},"12":{"start":{"line":23,"column":2},"end":{"line":23,"column":27}}},"fnMap":{"0":{"name":"(anonymous_0)","decl":{"start":{"line":1,"column":35},"end":{"line":1,"column":36}},"loc":{"start":{"line":1,"column":47},"end":{"line":10,"column":1}},"line":1},"1":{"name":"(anonymous_1)","decl":{"start":{"line":12,"column":31},"end":{"line":12,"column":32}},"loc":{"start":{"line":12,"column":54},"end":{"line":24,"column":1}},"line":12},"2":{"name":"(anonymous_2)","decl":{"start":{"line":16,"column":35},"end":{"line":16,"column":36}},"loc":{"start":{"line":16,"column":46},"end":{"line":20,"column":5}},"line":16}},"branchMap":{"0":{"loc":{"start":{"line":5,"column":2},"end":{"line":7,"column":3}},"type":"if","locations":[{"start":{"line":5,"column":2},"end":{"line":7,"column":3}},{"start":{"line":5,"column":2},"end":{"line":7,"column":3}}],"line":5},"1":{"loc":{"start":{"line":15,"column":2},"end":{"line":21,"column":3}},"type":"if","locations":[{"start":{"line":15,"column":2},"end":{"line":21,"column":3}},{"start":{"line":15,"column":2},"end":{"line":21,"column":3}}],"line":15},"2":{"loc":{"start":{"line":17,"column":6},"end":{"line":19,"column":7}},"type":"if","locations":[{"start":{"line":17,"column":6},"end":{"line":19,"column":7}},{"start":{"line":17,"column":6},"end":{"line":19,"column":7}}],"line":17}},"s":{"0":7,"1":38,"2":38,"3":38,"4":21,"5":38,"6":7,"7":22,"8":22,"9":21,"10":47,"11":23,"12":22},"f":{"0":38,"1":22,"2":47},"b":{"0":[21,17],"1":[21,1],"2":[23,24]},"_coverageSchema":"1a1c01bbd47fc00a2c39e90264f33305004495a9","hash":"0c99b4eb9eeef539d3e2dcceecb2ca7fe7909ccb"}
,"/Users/tonyb/_projects/dtfs2/portal/server/helpers/pageSpecificValidationErrors.js": {"path":"/Users/tonyb/_projects/dtfs2/portal/server/helpers/pageSpecificValidationErrors.js","statementMap":{"0":{"start":{"line":12,"column":30},"end":{"line":21,"column":1}},"1":{"start":{"line":13,"column":30},"end":{"line":13,"column":36}},"2":{"start":{"line":14,"column":20},"end":{"line":14,"column":47}},"3":{"start":{"line":16,"column":2},"end":{"line":18,"column":3}},"4":{"start":{"line":17,"column":4},"end":{"line":17,"column":39}},"5":{"start":{"line":20,"column":2},"end":{"line":20,"column":19}},"6":{"start":{"line":26,"column":46},"end":{"line":37,"column":1}},"7":{"start":{"line":27,"column":20},"end":{"line":27,"column":42}},"8":{"start":{"line":29,"column":27},"end":{"line":30,"column":71}},"9":{"start":{"line":30,"column":4},"end":{"line":30,"column":70}},"10":{"start":{"line":32,"column":2},"end":{"line":34,"column":3}},"11":{"start":{"line":33,"column":4},"end":{"line":33,"column":16}},"12":{"start":{"line":36,"column":2},"end":{"line":36,"column":15}},"13":{"start":{"line":39,"column":43},"end":{"line":52,"column":1}},"14":{"start":{"line":40,"column":23},"end":{"line":40,"column":39}},"15":{"start":{"line":41,"column":28},"end":{"line":41,"column":55}},"16":{"start":{"line":43,"column":2},"end":{"line":43,"column":90}},"17":{"start":{"line":45,"column":2},"end":{"line":51,"column":4}},"18":{"start":{"line":54,"column":44},"end":{"line":64,"column":1}},"19":{"start":{"line":55,"column":2},"end":{"line":59,"column":3}},"20":{"start":{"line":56,"column":4},"end":{"line":58,"column":5}},"21":{"start":{"line":57,"column":6},"end":{"line":57,"column":67}},"22":{"start":{"line":61,"column":2},"end":{"line":63,"column":4}}},"fnMap":{"0":{"name":"(anonymous_0)","decl":{"start":{"line":12,"column":30},"end":{"line":12,"column":31}},"loc":{"start":{"line":12,"column":42},"end":{"line":21,"column":1}},"line":12},"1":{"name":"(anonymous_1)","decl":{"start":{"line":26,"column":46},"end":{"line":26,"column":47}},"loc":{"start":{"line":26,"column":71},"end":{"line":37,"column":1}},"line":26},"2":{"name":"(anonymous_2)","decl":{"start":{"line":29,"column":59},"end":{"line":29,"column":60}},"loc":{"start":{"line":30,"column":4},"end":{"line":30,"column":70}},"line":30},"3":{"name":"(anonymous_3)","decl":{"start":{"line":39,"column":43},"end":{"line":39,"column":44}},"loc":{"start":{"line":39,"column":73},"end":{"line":52,"column":1}},"line":39},"4":{"name":"(anonymous_4)","decl":{"start":{"line":54,"column":44},"end":{"line":54,"column":45}},"loc":{"start":{"line":54,"column":91},"end":{"line":64,"column":1}},"line":54}},"branchMap":{"0":{"loc":{"start":{"line":16,"column":2},"end":{"line":18,"column":3}},"type":"if","locations":[{"start":{"line":16,"column":2},"end":{"line":18,"column":3}},{"start":{"line":16,"column":2},"end":{"line":18,"column":3}}],"line":16},"1":{"loc":{"start":{"line":30,"column":4},"end":{"line":30,"column":70}},"type":"binary-expr","locations":[{"start":{"line":30,"column":4},"end":{"line":30,"column":33}},{"start":{"line":30,"column":37},"end":{"line":30,"column":70}}],"line":30},"2":{"loc":{"start":{"line":32,"column":2},"end":{"line":34,"column":3}},"type":"if","locations":[{"start":{"line":32,"column":2},"end":{"line":34,"column":3}},{"start":{"line":32,"column":2},"end":{"line":34,"column":3}}],"line":32},"3":{"loc":{"start":{"line":32,"column":6},"end":{"line":32,"column":66}},"type":"binary-expr","locations":[{"start":{"line":32,"column":6},"end":{"line":32,"column":33}},{"start":{"line":32,"column":37},"end":{"line":32,"column":66}}],"line":32},"4":{"loc":{"start":{"line":55,"column":2},"end":{"line":59,"column":3}},"type":"if","locations":[{"start":{"line":55,"column":2},"end":{"line":59,"column":3}},{"start":{"line":55,"column":2},"end":{"line":59,"column":3}}],"line":55},"5":{"loc":{"start":{"line":55,"column":6},"end":{"line":55,"column":52}},"type":"binary-expr","locations":[{"start":{"line":55,"column":6},"end":{"line":55,"column":22}},{"start":{"line":55,"column":26},"end":{"line":55,"column":52}}],"line":55},"6":{"loc":{"start":{"line":56,"column":4},"end":{"line":58,"column":5}},"type":"if","locations":[{"start":{"line":56,"column":4},"end":{"line":58,"column":5}},{"start":{"line":56,"column":4},"end":{"line":58,"column":5}}],"line":56}},"s":{"0":3,"1":17,"2":17,"3":17,"4":5,"5":17,"6":3,"7":16,"8":16,"9":29,"10":16,"11":3,"12":13,"13":3,"14":5,"15":5,"16":5,"17":5,"18":3,"19":14,"20":13,"21":1,"22":13},"f":{"0":17,"1":16,"2":29,"3":5,"4":14},"b":{"0":[5,12],"1":[29,2],"2":[3,13],"3":[16,14],"4":[13,1],"5":[14,14],"6":[1,12]},"_coverageSchema":"1a1c01bbd47fc00a2c39e90264f33305004495a9","hash":"140a08ca426c8afd2cc13bbd25adcf3d14fd5b99"}
,"/Users/tonyb/_projects/dtfs2/portal/server/helpers/postToApi.js": {"path":"/Users/tonyb/_projects/dtfs2/portal/server/helpers/postToApi.js","statementMap":{"0":{"start":{"line":3,"column":20},"end":{"line":10,"column":1}},"1":{"start":{"line":4,"column":2},"end":{"line":9,"column":3}},"2":{"start":{"line":5,"column":21},"end":{"line":5,"column":32}},"3":{"start":{"line":6,"column":4},"end":{"line":6,"column":20}},"4":{"start":{"line":8,"column":4},"end":{"line":8,"column":20}},"5":{"start":{"line":12,"column":24},"end":{"line":12,"column":102}},"6":{"start":{"line":12,"column":42},"end":{"line":12,"column":101}},"7":{"start":{"line":14,"column":37},"end":{"line":24,"column":1}},"8":{"start":{"line":15,"column":27},"end":{"line":18,"column":3}},"9":{"start":{"line":20,"column":2},"end":{"line":23,"column":4}},"10":{"start":{"line":26,"column":18},"end":{"line":33,"column":1}},"11":{"start":{"line":27,"column":22},"end":{"line":27,"column":46}},"12":{"start":{"line":28,"column":2},"end":{"line":30,"column":3}},"13":{"start":{"line":29,"column":4},"end":{"line":29,"column":64}},"14":{"start":{"line":32,"column":2},"end":{"line":32,"column":21}}},"fnMap":{"0":{"name":"(anonymous_0)","decl":{"start":{"line":3,"column":20},"end":{"line":3,"column":21}},"loc":{"start":{"line":3,"column":37},"end":{"line":10,"column":1}},"line":3},"1":{"name":"(anonymous_1)","decl":{"start":{"line":12,"column":24},"end":{"line":12,"column":25}},"loc":{"start":{"line":12,"column":42},"end":{"line":12,"column":101}},"line":12},"2":{"name":"(anonymous_2)","decl":{"start":{"line":14,"column":37},"end":{"line":14,"column":38}},"loc":{"start":{"line":14,"column":65},"end":{"line":24,"column":1}},"line":14},"3":{"name":"(anonymous_3)","decl":{"start":{"line":26,"column":18},"end":{"line":26,"column":19}},"loc":{"start":{"line":26,"column":46},"end":{"line":33,"column":1}},"line":26}},"branchMap":{"0":{"loc":{"start":{"line":12,"column":42},"end":{"line":12,"column":101}},"type":"binary-expr","locations":[{"start":{"line":12,"column":42},"end":{"line":12,"column":62}},{"start":{"line":12,"column":66},"end":{"line":12,"column":101}}],"line":12},"1":{"loc":{"start":{"line":28,"column":2},"end":{"line":30,"column":3}},"type":"if","locations":[{"start":{"line":28,"column":2},"end":{"line":30,"column":3}},{"start":{"line":28,"column":2},"end":{"line":30,"column":3}}],"line":28}},"s":{"0":2,"1":0,"2":0,"3":0,"4":0,"5":2,"6":0,"7":2,"8":0,"9":0,"10":2,"11":0,"12":0,"13":0,"14":0},"f":{"0":0,"1":0,"2":0,"3":0},"b":{"0":[0,0],"1":[0,0]},"_coverageSchema":"1a1c01bbd47fc00a2c39e90264f33305004495a9","hash":"10b8b0a01d908d1a0169fe18848e001fc3fd49da"}
,"/Users/tonyb/_projects/dtfs2/portal/server/helpers/requestParams.js": {"path":"/Users/tonyb/_projects/dtfs2/portal/server/helpers/requestParams.js","statementMap":{"0":{"start":{"line":1,"column":22},"end":{"line":15,"column":1}},"1":{"start":{"line":6,"column":6},"end":{"line":6,"column":16}},"2":{"start":{"line":7,"column":24},"end":{"line":7,"column":35}},"3":{"start":{"line":9,"column":2},"end":{"line":14,"column":4}}},"fnMap":{"0":{"name":"(anonymous_0)","decl":{"start":{"line":1,"column":22},"end":{"line":1,"column":23}},"loc":{"start":{"line":1,"column":31},"end":{"line":15,"column":1}},"line":1}},"branchMap":{},"s":{"0":3,"1":1,"2":1,"3":1},"f":{"0":1},"b":{},"_coverageSchema":"1a1c01bbd47fc00a2c39e90264f33305004495a9","hash":"0223a67d3b4ae8dfe637623e22d1b23fc55f88e0"}
,"/Users/tonyb/_projects/dtfs2/portal/server/routes/api-data-provider.js": {"path":"/Users/tonyb/_projects/dtfs2/portal/server/routes/api-data-provider.js","statementMap":{"0":{"start":{"line":3,"column":25},"end":{"line":3,"column":42}},"1":{"start":{"line":4,"column":18},"end":{"line":4,"column":29}},"2":{"start":{"line":5,"column":19},"end":{"line":5,"column":31}},"3":{"start":{"line":6,"column":27},"end":{"line":6,"column":46}},"4":{"start":{"line":7,"column":13},"end":{"line":7,"column":19}},"5":{"start":{"line":8,"column":24},"end":{"line":8,"column":40}},"6":{"start":{"line":9,"column":13},"end":{"line":9,"column":19}},"7":{"start":{"line":10,"column":13},"end":{"line":10,"column":19}},"8":{"start":{"line":12,"column":12},"end":{"line":94,"column":1}},"9":{"start":{"line":13,"column":16},"end":{"line":13,"column":37}},"10":{"start":{"line":15,"column":2},"end":{"line":27,"column":3}},"11":{"start":{"line":16,"column":19},"end":{"line":16,"column":33}},"12":{"start":{"line":17,"column":39},"end":{"line":22,"column":5}},"13":{"start":{"line":19,"column":8},"end":{"line":19,"column":81}},"14":{"start":{"line":20,"column":8},"end":{"line":20,"column":50}},"15":{"start":{"line":24,"column":4},"end":{"line":24,"column":83}},"16":{"start":{"line":25,"column":4},"end":{"line":25,"column":29}},"17":{"start":{"line":26,"column":4},"end":{"line":26,"column":11}},"18":{"start":{"line":27,"column":4},"end":{"line":36,"column":3}},"19":{"start":{"line":28,"column":32},"end":{"line":33,"column":5}},"20":{"start":{"line":30,"column":8},"end":{"line":30,"column":82}},"21":{"start":{"line":31,"column":8},"end":{"line":31,"column":39}},"22":{"start":{"line":34,"column":4},"end":{"line":34,"column":52}},"23":{"start":{"line":35,"column":4},"end":{"line":35,"column":11}},"24":{"start":{"line":36,"column":4},"end":{"line":45,"column":3}},"25":{"start":{"line":37,"column":26},"end":{"line":42,"column":5}},"26":{"start":{"line":39,"column":8},"end":{"line":39,"column":75}},"27":{"start":{"line":40,"column":8},"end":{"line":40,"column":33}},"28":{"start":{"line":43,"column":4},"end":{"line":43,"column":39}},"29":{"start":{"line":44,"column":4},"end":{"line":44,"column":11}},"30":{"start":{"line":45,"column":4},"end":{"line":54,"column":3}},"31":{"start":{"line":46,"column":27},"end":{"line":51,"column":5}},"32":{"start":{"line":48,"column":8},"end":{"line":48,"column":76}},"33":{"start":{"line":49,"column":8},"end":{"line":49,"column":34}},"34":{"start":{"line":52,"column":4},"end":{"line":52,"column":41}},"35":{"start":{"line":53,"column":4},"end":{"line":53,"column":11}},"36":{"start":{"line":54,"column":4},"end":{"line":64,"column":3}},"37":{"start":{"line":55,"column":34},"end":{"line":60,"column":5}},"38":{"start":{"line":57,"column":8},"end":{"line":57,"column":84}},"39":{"start":{"line":58,"column":8},"end":{"line":58,"column":41}},"40":{"start":{"line":62,"column":4},"end":{"line":62,"column":56}},"41":{"start":{"line":63,"column":4},"end":{"line":63,"column":11}},"42":{"start":{"line":64,"column":4},"end":{"line":78,"column":3}},"43":{"start":{"line":68,"column":8},"end":{"line":68,"column":18}},"44":{"start":{"line":70,"column":17},"end":{"line":75,"column":5}},"45":{"start":{"line":72,"column":8},"end":{"line":72,"column":70}},"46":{"start":{"line":73,"column":8},"end":{"line":73,"column":28}},"47":{"start":{"line":76,"column":4},"end":{"line":76,"column":29}},"48":{"start":{"line":77,"column":4},"end":{"line":77,"column":11}},"49":{"start":{"line":78,"column":4},"end":{"line":92,"column":3}},"50":{"start":{"line":82,"column":8},"end":{"line":82,"column":18}},"51":{"start":{"line":84,"column":17},"end":{"line":89,"column":5}},"52":{"start":{"line":86,"column":8},"end":{"line":86,"column":70}},"53":{"start":{"line":87,"column":8},"end":{"line":87,"column":28}},"54":{"start":{"line":90,"column":4},"end":{"line":90,"column":29}},"55":{"start":{"line":91,"column":4},"end":{"line":91,"column":11}},"56":{"start":{"line":93,"column":2},"end":{"line":93,"column":97}},"57":{"start":{"line":96,"column":16},"end":{"line":108,"column":1}},"58":{"start":{"line":96,"column":37},"end":{"line":108,"column":1}},"59":{"start":{"line":97,"column":2},"end":{"line":99,"column":3}},"60":{"start":{"line":98,"column":4},"end":{"line":98,"column":21}},"61":{"start":{"line":101,"column":19},"end":{"line":101,"column":21}},"62":{"start":{"line":102,"column":2},"end":{"line":104,"column":5}},"63":{"start":{"line":103,"column":4},"end":{"line":103,"column":38}},"64":{"start":{"line":106,"column":2},"end":{"line":106,"column":30}},"65":{"start":{"line":107,"column":2},"end":{"line":107,"column":16}}},"fnMap":{"0":{"name":"(anonymous_0)","decl":{"start":{"line":12,"column":12},"end":{"line":12,"column":13}},"loc":{"start":{"line":12,"column":37},"end":{"line":94,"column":1}},"line":12},"1":{"name":"(anonymous_1)","decl":{"start":{"line":18,"column":6},"end":{"line":18,"column":7}},"loc":{"start":{"line":18,"column":15},"end":{"line":21,"column":7}},"line":18},"2":{"name":"(anonymous_2)","decl":{"start":{"line":29,"column":6},"end":{"line":29,"column":7}},"loc":{"start":{"line":29,"column":15},"end":{"line":32,"column":7}},"line":29},"3":{"name":"(anonymous_3)","decl":{"start":{"line":38,"column":6},"end":{"line":38,"column":7}},"loc":{"start":{"line":38,"column":15},"end":{"line":41,"column":7}},"line":38},"4":{"name":"(anonymous_4)","decl":{"start":{"line":47,"column":6},"end":{"line":47,"column":7}},"loc":{"start":{"line":47,"column":15},"end":{"line":50,"column":7}},"line":47},"5":{"name":"(anonymous_5)","decl":{"start":{"line":56,"column":6},"end":{"line":56,"column":7}},"loc":{"start":{"line":56,"column":15},"end":{"line":59,"column":7}},"line":56},"6":{"name":"(anonymous_6)","decl":{"start":{"line":71,"column":6},"end":{"line":71,"column":7}},"loc":{"start":{"line":71,"column":15},"end":{"line":74,"column":7}},"line":71},"7":{"name":"(anonymous_7)","decl":{"start":{"line":85,"column":6},"end":{"line":85,"column":7}},"loc":{"start":{"line":85,"column":15},"end":{"line":88,"column":7}},"line":85},"8":{"name":"(anonymous_8)","decl":{"start":{"line":96,"column":16},"end":{"line":96,"column":17}},"loc":{"start":{"line":96,"column":37},"end":{"line":108,"column":1}},"line":96},"9":{"name":"(anonymous_9)","decl":{"start":{"line":96,"column":37},"end":{"line":96,"column":38}},"loc":{"start":{"line":96,"column":63},"end":{"line":108,"column":1}},"line":96},"10":{"name":"(anonymous_10)","decl":{"start":{"line":102,"column":26},"end":{"line":102,"column":27}},"loc":{"start":{"line":102,"column":46},"end":{"line":104,"column":3}},"line":102}},"branchMap":{"0":{"loc":{"start":{"line":15,"column":2},"end":{"line":27,"column":3}},"type":"if","locations":[{"start":{"line":15,"column":2},"end":{"line":27,"column":3}},{"start":{"line":15,"column":2},"end":{"line":27,"column":3}}],"line":15},"1":{"loc":{"start":{"line":24,"column":35},"end":{"line":24,"column":82}},"type":"binary-expr","locations":[{"start":{"line":24,"column":35},"end":{"line":24,"column":51}},{"start":{"line":24,"column":55},"end":{"line":24,"column":82}}],"line":24},"2":{"loc":{"start":{"line":27,"column":4},"end":{"line":36,"column":3}},"type":"if","locations":[{"start":{"line":27,"column":4},"end":{"line":36,"column":3}},{"start":{"line":27,"column":4},"end":{"line":36,"column":3}}],"line":27},"3":{"loc":{"start":{"line":36,"column":4},"end":{"line":45,"column":3}},"type":"if","locations":[{"start":{"line":36,"column":4},"end":{"line":45,"column":3}},{"start":{"line":36,"column":4},"end":{"line":45,"column":3}}],"line":36},"4":{"loc":{"start":{"line":45,"column":4},"end":{"line":54,"column":3}},"type":"if","locations":[{"start":{"line":45,"column":4},"end":{"line":54,"column":3}},{"start":{"line":45,"column":4},"end":{"line":54,"column":3}}],"line":45},"5":{"loc":{"start":{"line":54,"column":4},"end":{"line":64,"column":3}},"type":"if","locations":[{"start":{"line":54,"column":4},"end":{"line":64,"column":3}},{"start":{"line":54,"column":4},"end":{"line":64,"column":3}}],"line":54},"6":{"loc":{"start":{"line":64,"column":4},"end":{"line":78,"column":3}},"type":"if","locations":[{"start":{"line":64,"column":4},"end":{"line":78,"column":3}},{"start":{"line":64,"column":4},"end":{"line":78,"column":3}}],"line":64},"7":{"loc":{"start":{"line":78,"column":4},"end":{"line":92,"column":3}},"type":"if","locations":[{"start":{"line":78,"column":4},"end":{"line":92,"column":3}},{"start":{"line":78,"column":4},"end":{"line":92,"column":3}}],"line":78},"8":{"loc":{"start":{"line":97,"column":2},"end":{"line":99,"column":3}},"type":"if","locations":[{"start":{"line":97,"column":2},"end":{"line":99,"column":3}},{"start":{"line":97,"column":2},"end":{"line":99,"column":3}}],"line":97}},"s":{"0":0,"1":0,"2":0,"3":0,"4":0,"5":0,"6":0,"7":0,"8":0,"9":0,"10":0,"11":0,"12":0,"13":0,"14":0,"15":0,"16":0,"17":0,"18":0,"19":0,"20":0,"21":0,"22":0,"23":0,"24":0,"25":0,"26":0,"27":0,"28":0,"29":0,"30":0,"31":0,"32":0,"33":0,"34":0,"35":0,"36":0,"37":0,"38":0,"39":0,"40":0,"41":0,"42":0,"43":0,"44":0,"45":0,"46":0,"47":0,"48":0,"49":0,"50":0,"51":0,"52":0,"53":0,"54":0,"55":0,"56":0,"57":0,"58":0,"59":0,"60":0,"61":0,"62":0,"63":0,"64":0,"65":0},"f":{"0":0,"1":0,"2":0,"3":0,"4":0,"5":0,"6":0,"7":0,"8":0,"9":0,"10":0},"b":{"0":[0,0],"1":[0,0],"2":[0,0],"3":[0,0],"4":[0,0],"5":[0,0],"6":[0,0],"7":[0,0],"8":[0,0]}}
,"/Users/tonyb/_projects/dtfs2/portal/server/routes/buildDashboardFilters.js": {"path":"/Users/tonyb/_projects/dtfs2/portal/server/routes/buildDashboardFilters.js","statementMap":{"0":{"start":{"line":4,"column":23},"end":{"line":24,"column":1}},"1":{"start":{"line":5,"column":37},"end":{"line":5,"column":43}},"2":{"start":{"line":7,"column":2},"end":{"line":12,"column":3}},"3":{"start":{"line":8,"column":4},"end":{"line":11,"column":6}},"4":{"start":{"line":14,"column":2},"end":{"line":21,"column":3}},"5":{"start":{"line":15,"column":4},"end":{"line":19,"column":6}},"6":{"start":{"line":23,"column":2},"end":{"line":23,"column":15}},"7":{"start":{"line":26,"column":30},"end":{"line":122,"column":1}},"8":{"start":{"line":27,"column":18},"end":{"line":27,"column":20}},"9":{"start":{"line":28,"column":30},"end":{"line":28,"column":35}},"10":{"start":{"line":30,"column":2},"end":{"line":35,"column":3}},"11":{"start":{"line":31,"column":4},"end":{"line":34,"column":6}},"12":{"start":{"line":37,"column":21},"end":{"line":37,"column":49}},"13":{"start":{"line":38,"column":2},"end":{"line":40,"column":3}},"14":{"start":{"line":39,"column":4},"end":{"line":39,"column":29}},"15":{"start":{"line":43,"column":2},"end":{"line":50,"column":3}},"16":{"start":{"line":44,"column":4},"end":{"line":49,"column":6}},"17":{"start":{"line":52,"column":2},"end":{"line":60,"column":3}},"18":{"start":{"line":53,"column":4},"end":{"line":53,"column":33}},"19":{"start":{"line":54,"column":4},"end":{"line":59,"column":6}},"20":{"start":{"line":62,"column":2},"end":{"line":68,"column":3}},"21":{"start":{"line":63,"column":4},"end":{"line":63,"column":33}},"22":{"start":{"line":64,"column":4},"end":{"line":67,"column":7}},"23":{"start":{"line":70,"column":2},"end":{"line":84,"column":3}},"24":{"start":{"line":71,"column":4},"end":{"line":71,"column":33}},"25":{"start":{"line":73,"column":17},"end":{"line":73,"column":61}},"26":{"start":{"line":74,"column":18},"end":{"line":74,"column":62}},"27":{"start":{"line":75,"column":16},"end":{"line":75,"column":58}},"28":{"start":{"line":77,"column":24},"end":{"line":77,"column":81}},"29":{"start":{"line":79,"column":4},"end":{"line":83,"column":7}},"30":{"start":{"line":86,"column":2},"end":{"line":100,"column":3}},"31":{"start":{"line":87,"column":4},"end":{"line":87,"column":33}},"32":{"start":{"line":89,"column":17},"end":{"line":89,"column":59}},"33":{"start":{"line":90,"column":18},"end":{"line":90,"column":60}},"34":{"start":{"line":91,"column":16},"end":{"line":91,"column":56}},"35":{"start":{"line":93,"column":22},"end":{"line":93,"column":93}},"36":{"start":{"line":95,"column":4},"end":{"line":99,"column":7}},"37":{"start":{"line":102,"column":2},"end":{"line":108,"column":3}},"38":{"start":{"line":103,"column":4},"end":{"line":103,"column":33}},"39":{"start":{"line":104,"column":4},"end":{"line":107,"column":7}},"40":{"start":{"line":110,"column":2},"end":{"line":116,"column":3}},"41":{"start":{"line":111,"column":4},"end":{"line":111,"column":33}},"42":{"start":{"line":112,"column":4},"end":{"line":115,"column":7}},"43":{"start":{"line":118,"column":2},"end":{"line":121,"column":4}}},"fnMap":{"0":{"name":"(anonymous_0)","decl":{"start":{"line":4,"column":23},"end":{"line":4,"column":24}},"loc":{"start":{"line":4,"column":46},"end":{"line":24,"column":1}},"line":4},"1":{"name":"(anonymous_1)","decl":{"start":{"line":26,"column":30},"end":{"line":26,"column":31}},"loc":{"start":{"line":26,"column":48},"end":{"line":122,"column":1}},"line":26}},"branchMap":{"0":{"loc":{"start":{"line":4,"column":32},"end":{"line":4,"column":41}},"type":"default-arg","locations":[{"start":{"line":4,"column":39},"end":{"line":4,"column":41}}],"line":4},"1":{"loc":{"start":{"line":7,"column":2},"end":{"line":12,"column":3}},"type":"if","locations":[{"start":{"line":7,"column":2},"end":{"line":12,"column":3}},{"start":{"line":7,"column":2},"end":{"line":12,"column":3}}],"line":7},"2":{"loc":{"start":{"line":14,"column":2},"end":{"line":21,"column":3}},"type":"if","locations":[{"start":{"line":14,"column":2},"end":{"line":21,"column":3}},{"start":{"line":14,"column":2},"end":{"line":21,"column":3}}],"line":14},"3":{"loc":{"start":{"line":30,"column":2},"end":{"line":35,"column":3}},"type":"if","locations":[{"start":{"line":30,"column":2},"end":{"line":35,"column":3}},{"start":{"line":30,"column":2},"end":{"line":35,"column":3}}],"line":30},"4":{"loc":{"start":{"line":38,"column":2},"end":{"line":40,"column":3}},"type":"if","locations":[{"start":{"line":38,"column":2},"end":{"line":40,"column":3}},{"start":{"line":38,"column":2},"end":{"line":40,"column":3}}],"line":38},"5":{"loc":{"start":{"line":43,"column":2},"end":{"line":50,"column":3}},"type":"if","locations":[{"start":{"line":43,"column":2},"end":{"line":50,"column":3}},{"start":{"line":43,"column":2},"end":{"line":50,"column":3}}],"line":43},"6":{"loc":{"start":{"line":52,"column":2},"end":{"line":60,"column":3}},"type":"if","locations":[{"start":{"line":52,"column":2},"end":{"line":60,"column":3}},{"start":{"line":52,"column":2},"end":{"line":60,"column":3}}],"line":52},"7":{"loc":{"start":{"line":62,"column":2},"end":{"line":68,"column":3}},"type":"if","locations":[{"start":{"line":62,"column":2},"end":{"line":68,"column":3}},{"start":{"line":62,"column":2},"end":{"line":68,"column":3}}],"line":62},"8":{"loc":{"start":{"line":70,"column":2},"end":{"line":84,"column":3}},"type":"if","locations":[{"start":{"line":70,"column":2},"end":{"line":84,"column":3}},{"start":{"line":70,"column":2},"end":{"line":84,"column":3}}],"line":70},"9":{"loc":{"start":{"line":86,"column":2},"end":{"line":100,"column":3}},"type":"if","locations":[{"start":{"line":86,"column":2},"end":{"line":100,"column":3}},{"start":{"line":86,"column":2},"end":{"line":100,"column":3}}],"line":86},"10":{"loc":{"start":{"line":102,"column":2},"end":{"line":108,"column":3}},"type":"if","locations":[{"start":{"line":102,"column":2},"end":{"line":108,"column":3}},{"start":{"line":102,"column":2},"end":{"line":108,"column":3}}],"line":102},"11":{"loc":{"start":{"line":110,"column":2},"end":{"line":116,"column":3}},"type":"if","locations":[{"start":{"line":110,"column":2},"end":{"line":116,"column":3}},{"start":{"line":110,"column":2},"end":{"line":116,"column":3}}],"line":110}},"s":{"0":0,"1":0,"2":0,"3":0,"4":0,"5":0,"6":0,"7":0,"8":0,"9":0,"10":0,"11":0,"12":0,"13":0,"14":0,"15":0,"16":0,"17":0,"18":0,"19":0,"20":0,"21":0,"22":0,"23":0,"24":0,"25":0,"26":0,"27":0,"28":0,"29":0,"30":0,"31":0,"32":0,"33":0,"34":0,"35":0,"36":0,"37":0,"38":0,"39":0,"40":0,"41":0,"42":0,"43":0},"f":{"0":0,"1":0},"b":{"0":[0],"1":[0,0],"2":[0,0],"3":[0,0],"4":[0,0],"5":[0,0],"6":[0,0],"7":[0,0],"8":[0,0],"9":[0,0],"10":[0,0],"11":[0,0]}}
,"/Users/tonyb/_projects/dtfs2/portal/server/routes/buildReportFilters.js": {"path":"/Users/tonyb/_projects/dtfs2/portal/server/routes/buildReportFilters.js","statementMap":{"0":{"start":{"line":4,"column":23},"end":{"line":24,"column":1}},"1":{"start":{"line":5,"column":37},"end":{"line":5,"column":43}},"2":{"start":{"line":7,"column":2},"end":{"line":12,"column":3}},"3":{"start":{"line":8,"column":4},"end":{"line":11,"column":6}},"4":{"start":{"line":14,"column":2},"end":{"line":21,"column":3}},"5":{"start":{"line":15,"column":4},"end":{"line":19,"column":6}},"6":{"start":{"line":23,"column":2},"end":{"line":23,"column":15}},"7":{"start":{"line":26,"column":30},"end":{"line":116,"column":1}},"8":{"start":{"line":27,"column":18},"end":{"line":27,"column":20}},"9":{"start":{"line":29,"column":2},"end":{"line":31,"column":3}},"10":{"start":{"line":30,"column":4},"end":{"line":30,"column":19}},"11":{"start":{"line":33,"column":21},"end":{"line":33,"column":49}},"12":{"start":{"line":34,"column":2},"end":{"line":36,"column":3}},"13":{"start":{"line":35,"column":4},"end":{"line":35,"column":29}},"14":{"start":{"line":39,"column":2},"end":{"line":46,"column":3}},"15":{"start":{"line":40,"column":4},"end":{"line":45,"column":6}},"16":{"start":{"line":48,"column":2},"end":{"line":55,"column":3}},"17":{"start":{"line":49,"column":4},"end":{"line":54,"column":6}},"18":{"start":{"line":57,"column":2},"end":{"line":62,"column":3}},"19":{"start":{"line":58,"column":4},"end":{"line":61,"column":7}},"20":{"start":{"line":64,"column":2},"end":{"line":69,"column":3}},"21":{"start":{"line":65,"column":4},"end":{"line":68,"column":7}},"22":{"start":{"line":71,"column":2},"end":{"line":83,"column":3}},"23":{"start":{"line":72,"column":17},"end":{"line":72,"column":61}},"24":{"start":{"line":73,"column":18},"end":{"line":73,"column":62}},"25":{"start":{"line":74,"column":16},"end":{"line":74,"column":58}},"26":{"start":{"line":76,"column":24},"end":{"line":76,"column":81}},"27":{"start":{"line":78,"column":4},"end":{"line":82,"column":7}},"28":{"start":{"line":85,"column":2},"end":{"line":97,"column":3}},"29":{"start":{"line":86,"column":17},"end":{"line":86,"column":59}},"30":{"start":{"line":87,"column":18},"end":{"line":87,"column":60}},"31":{"start":{"line":88,"column":16},"end":{"line":88,"column":56}},"32":{"start":{"line":90,"column":22},"end":{"line":90,"column":93}},"33":{"start":{"line":92,"column":4},"end":{"line":96,"column":7}},"34":{"start":{"line":99,"column":2},"end":{"line":104,"column":3}},"35":{"start":{"line":100,"column":4},"end":{"line":103,"column":7}},"36":{"start":{"line":106,"column":2},"end":{"line":113,"column":3}},"37":{"start":{"line":107,"column":4},"end":{"line":112,"column":5}},"38":{"start":{"line":108,"column":6},"end":{"line":111,"column":9}},"39":{"start":{"line":115,"column":2},"end":{"line":115,"column":17}}},"fnMap":{"0":{"name":"(anonymous_0)","decl":{"start":{"line":4,"column":23},"end":{"line":4,"column":24}},"loc":{"start":{"line":4,"column":46},"end":{"line":24,"column":1}},"line":4},"1":{"name":"(anonymous_1)","decl":{"start":{"line":26,"column":30},"end":{"line":26,"column":31}},"loc":{"start":{"line":26,"column":48},"end":{"line":116,"column":1}},"line":26}},"branchMap":{"0":{"loc":{"start":{"line":4,"column":32},"end":{"line":4,"column":41}},"type":"default-arg","locations":[{"start":{"line":4,"column":39},"end":{"line":4,"column":41}}],"line":4},"1":{"loc":{"start":{"line":7,"column":2},"end":{"line":12,"column":3}},"type":"if","locations":[{"start":{"line":7,"column":2},"end":{"line":12,"column":3}},{"start":{"line":7,"column":2},"end":{"line":12,"column":3}}],"line":7},"2":{"loc":{"start":{"line":14,"column":2},"end":{"line":21,"column":3}},"type":"if","locations":[{"start":{"line":14,"column":2},"end":{"line":21,"column":3}},{"start":{"line":14,"column":2},"end":{"line":21,"column":3}}],"line":14},"3":{"loc":{"start":{"line":29,"column":2},"end":{"line":31,"column":3}},"type":"if","locations":[{"start":{"line":29,"column":2},"end":{"line":31,"column":3}},{"start":{"line":29,"column":2},"end":{"line":31,"column":3}}],"line":29},"4":{"loc":{"start":{"line":34,"column":2},"end":{"line":36,"column":3}},"type":"if","locations":[{"start":{"line":34,"column":2},"end":{"line":36,"column":3}},{"start":{"line":34,"column":2},"end":{"line":36,"column":3}}],"line":34},"5":{"loc":{"start":{"line":39,"column":2},"end":{"line":46,"column":3}},"type":"if","locations":[{"start":{"line":39,"column":2},"end":{"line":46,"column":3}},{"start":{"line":39,"column":2},"end":{"line":46,"column":3}}],"line":39},"6":{"loc":{"start":{"line":48,"column":2},"end":{"line":55,"column":3}},"type":"if","locations":[{"start":{"line":48,"column":2},"end":{"line":55,"column":3}},{"start":{"line":48,"column":2},"end":{"line":55,"column":3}}],"line":48},"7":{"loc":{"start":{"line":57,"column":2},"end":{"line":62,"column":3}},"type":"if","locations":[{"start":{"line":57,"column":2},"end":{"line":62,"column":3}},{"start":{"line":57,"column":2},"end":{"line":62,"column":3}}],"line":57},"8":{"loc":{"start":{"line":64,"column":2},"end":{"line":69,"column":3}},"type":"if","locations":[{"start":{"line":64,"column":2},"end":{"line":69,"column":3}},{"start":{"line":64,"column":2},"end":{"line":69,"column":3}}],"line":64},"9":{"loc":{"start":{"line":71,"column":2},"end":{"line":83,"column":3}},"type":"if","locations":[{"start":{"line":71,"column":2},"end":{"line":83,"column":3}},{"start":{"line":71,"column":2},"end":{"line":83,"column":3}}],"line":71},"10":{"loc":{"start":{"line":71,"column":6},"end":{"line":71,"column":92}},"type":"binary-expr","locations":[{"start":{"line":71,"column":6},"end":{"line":71,"column":32}},{"start":{"line":71,"column":36},"end":{"line":71,"column":63}},{"start":{"line":71,"column":67},"end":{"line":71,"column":92}}],"line":71},"11":{"loc":{"start":{"line":85,"column":2},"end":{"line":97,"column":3}},"type":"if","locations":[{"start":{"line":85,"column":2},"end":{"line":97,"column":3}},{"start":{"line":85,"column":2},"end":{"line":97,"column":3}}],"line":85},"12":{"loc":{"start":{"line":85,"column":6},"end":{"line":85,"column":86}},"type":"binary-expr","locations":[{"start":{"line":85,"column":6},"end":{"line":85,"column":30}},{"start":{"line":85,"column":34},"end":{"line":85,"column":59}},{"start":{"line":85,"column":63},"end":{"line":85,"column":86}}],"line":85},"13":{"loc":{"start":{"line":99,"column":2},"end":{"line":104,"column":3}},"type":"if","locations":[{"start":{"line":99,"column":2},"end":{"line":104,"column":3}},{"start":{"line":99,"column":2},"end":{"line":104,"column":3}}],"line":99},"14":{"loc":{"start":{"line":106,"column":2},"end":{"line":113,"column":3}},"type":"if","locations":[{"start":{"line":106,"column":2},"end":{"line":113,"column":3}},{"start":{"line":106,"column":2},"end":{"line":113,"column":3}}],"line":106},"15":{"loc":{"start":{"line":107,"column":4},"end":{"line":112,"column":5}},"type":"if","locations":[{"start":{"line":107,"column":4},"end":{"line":112,"column":5}},{"start":{"line":107,"column":4},"end":{"line":112,"column":5}}],"line":107}},"s":{"0":0,"1":0,"2":0,"3":0,"4":0,"5":0,"6":0,"7":0,"8":0,"9":0,"10":0,"11":0,"12":0,"13":0,"14":0,"15":0,"16":0,"17":0,"18":0,"19":0,"20":0,"21":0,"22":0,"23":0,"24":0,"25":0,"26":0,"27":0,"28":0,"29":0,"30":0,"31":0,"32":0,"33":0,"34":0,"35":0,"36":0,"37":0,"38":0,"39":0},"f":{"0":0,"1":0},"b":{"0":[0],"1":[0,0],"2":[0,0],"3":[0,0],"4":[0,0],"5":[0,0],"6":[0,0],"7":[0,0],"8":[0,0],"9":[0,0],"10":[0,0,0],"11":[0,0],"12":[0,0,0],"13":[0,0],"14":[0,0],"15":[0,0]}}
,"/Users/tonyb/_projects/dtfs2/portal/server/routes/buildTransactionFilters.js": {"path":"/Users/tonyb/_projects/dtfs2/portal/server/routes/buildTransactionFilters.js","statementMap":{"0":{"start":{"line":5,"column":30},"end":{"line":102,"column":1}},"1":{"start":{"line":6,"column":18},"end":{"line":6,"column":20}},"2":{"start":{"line":7,"column":30},"end":{"line":7,"column":35}},"3":{"start":{"line":9,"column":2},"end":{"line":14,"column":3}},"4":{"start":{"line":10,"column":4},"end":{"line":13,"column":6}},"5":{"start":{"line":16,"column":2},"end":{"line":24,"column":3}},"6":{"start":{"line":18,"column":4},"end":{"line":23,"column":6}},"7":{"start":{"line":26,"column":2},"end":{"line":34,"column":3}},"8":{"start":{"line":28,"column":4},"end":{"line":33,"column":6}},"9":{"start":{"line":36,"column":2},"end":{"line":44,"column":3}},"10":{"start":{"line":37,"column":4},"end":{"line":37,"column":33}},"11":{"start":{"line":38,"column":4},"end":{"line":43,"column":6}},"12":{"start":{"line":47,"column":2},"end":{"line":55,"column":3}},"13":{"start":{"line":48,"column":4},"end":{"line":48,"column":33}},"14":{"start":{"line":49,"column":4},"end":{"line":54,"column":6}},"15":{"start":{"line":57,"column":2},"end":{"line":71,"column":3}},"16":{"start":{"line":58,"column":4},"end":{"line":58,"column":33}},"17":{"start":{"line":60,"column":17},"end":{"line":60,"column":61}},"18":{"start":{"line":61,"column":18},"end":{"line":61,"column":62}},"19":{"start":{"line":62,"column":16},"end":{"line":62,"column":58}},"20":{"start":{"line":64,"column":24},"end":{"line":64,"column":81}},"21":{"start":{"line":66,"column":4},"end":{"line":70,"column":7}},"22":{"start":{"line":73,"column":2},"end":{"line":87,"column":3}},"23":{"start":{"line":74,"column":4},"end":{"line":74,"column":33}},"24":{"start":{"line":76,"column":17},"end":{"line":76,"column":59}},"25":{"start":{"line":77,"column":18},"end":{"line":77,"column":60}},"26":{"start":{"line":78,"column":16},"end":{"line":78,"column":56}},"27":{"start":{"line":80,"column":22},"end":{"line":80,"column":93}},"28":{"start":{"line":82,"column":4},"end":{"line":86,"column":7}},"29":{"start":{"line":98,"column":2},"end":{"line":101,"column":4}}},"fnMap":{"0":{"name":"(anonymous_0)","decl":{"start":{"line":5,"column":30},"end":{"line":5,"column":31}},"loc":{"start":{"line":5,"column":42},"end":{"line":102,"column":1}},"line":5}},"branchMap":{"0":{"loc":{"start":{"line":9,"column":2},"end":{"line":14,"column":3}},"type":"if","locations":[{"start":{"line":9,"column":2},"end":{"line":14,"column":3}},{"start":{"line":9,"column":2},"end":{"line":14,"column":3}}],"line":9},"1":{"loc":{"start":{"line":16,"column":2},"end":{"line":24,"column":3}},"type":"if","locations":[{"start":{"line":16,"column":2},"end":{"line":24,"column":3}},{"start":{"line":16,"column":2},"end":{"line":24,"column":3}}],"line":16},"2":{"loc":{"start":{"line":16,"column":6},"end":{"line":17,"column":77}},"type":"binary-expr","locations":[{"start":{"line":16,"column":6},"end":{"line":16,"column":66}},{"start":{"line":17,"column":7},"end":{"line":17,"column":77}}],"line":16},"3":{"loc":{"start":{"line":26,"column":2},"end":{"line":34,"column":3}},"type":"if","locations":[{"start":{"line":26,"column":2},"end":{"line":34,"column":3}},{"start":{"line":26,"column":2},"end":{"line":34,"column":3}}],"line":26},"4":{"loc":{"start":{"line":26,"column":6},"end":{"line":27,"column":75}},"type":"binary-expr","locations":[{"start":{"line":26,"column":6},"end":{"line":26,"column":64}},{"start":{"line":27,"column":7},"end":{"line":27,"column":75}}],"line":26},"5":{"loc":{"start":{"line":36,"column":2},"end":{"line":44,"column":3}},"type":"if","locations":[{"start":{"line":36,"column":2},"end":{"line":44,"column":3}},{"start":{"line":36,"column":2},"end":{"line":44,"column":3}}],"line":36},"6":{"loc":{"start":{"line":47,"column":2},"end":{"line":55,"column":3}},"type":"if","locations":[{"start":{"line":47,"column":2},"end":{"line":55,"column":3}},{"start":{"line":47,"column":2},"end":{"line":55,"column":3}}],"line":47},"7":{"loc":{"start":{"line":57,"column":2},"end":{"line":71,"column":3}},"type":"if","locations":[{"start":{"line":57,"column":2},"end":{"line":71,"column":3}},{"start":{"line":57,"column":2},"end":{"line":71,"column":3}}],"line":57},"8":{"loc":{"start":{"line":73,"column":2},"end":{"line":87,"column":3}},"type":"if","locations":[{"start":{"line":73,"column":2},"end":{"line":87,"column":3}},{"start":{"line":73,"column":2},"end":{"line":87,"column":3}}],"line":73}},"s":{"0":0,"1":0,"2":0,"3":0,"4":0,"5":0,"6":0,"7":0,"8":0,"9":0,"10":0,"11":0,"12":0,"13":0,"14":0,"15":0,"16":0,"17":0,"18":0,"19":0,"20":0,"21":0,"22":0,"23":0,"24":0,"25":0,"26":0,"27":0,"28":0,"29":0},"f":{"0":0},"b":{"0":[0,0],"1":[0,0],"2":[0,0],"3":[0,0],"4":[0,0],"5":[0,0],"6":[0,0],"7":[0,0],"8":[0,0]}}
,"/Users/tonyb/_projects/dtfs2/portal/server/routes/dashboard.js": {"path":"/Users/tonyb/_projects/dtfs2/portal/server/routes/dashboard.js","statementMap":{"0":{"start":{"line":12,"column":15},"end":{"line":12,"column":31}},"1":{"start":{"line":13,"column":17},"end":{"line":13,"column":19}},"2":{"start":{"line":14,"column":19},"end":{"line":14,"column":30}},"3":{"start":{"line":16,"column":0},"end":{"line":25,"column":3}},"4":{"start":{"line":17,"column":24},"end":{"line":17,"column":42}},"5":{"start":{"line":18,"column":2},"end":{"line":18,"column":38}},"6":{"start":{"line":20,"column":2},"end":{"line":24,"column":3}},"7":{"start":{"line":21,"column":4},"end":{"line":21,"column":22}},"8":{"start":{"line":23,"column":4},"end":{"line":23,"column":33}},"9":{"start":{"line":27,"column":0},"end":{"line":35,"column":3}},"10":{"start":{"line":28,"column":24},"end":{"line":28,"column":42}},"11":{"start":{"line":29,"column":2},"end":{"line":29,"column":40}},"12":{"start":{"line":31,"column":2},"end":{"line":33,"column":3}},"13":{"start":{"line":32,"column":4},"end":{"line":32,"column":29}},"14":{"start":{"line":34,"column":2},"end":{"line":34,"column":51}},"15":{"start":{"line":37,"column":0},"end":{"line":68,"column":3}},"16":{"start":{"line":38,"column":24},"end":{"line":38,"column":42}},"17":{"start":{"line":40,"column":45},"end":{"line":40,"column":118}},"18":{"start":{"line":42,"column":26},"end":{"line":45,"column":3}},"19":{"start":{"line":47,"column":16},"end":{"line":51,"column":3}},"20":{"start":{"line":53,"column":2},"end":{"line":67,"column":5}},"21":{"start":{"line":70,"column":0},"end":{"line":108,"column":3}},"22":{"start":{"line":71,"column":24},"end":{"line":71,"column":42}},"23":{"start":{"line":73,"column":2},"end":{"line":75,"column":3}},"24":{"start":{"line":74,"column":4},"end":{"line":74,"column":22}},"25":{"start":{"line":77,"column":29},"end":{"line":77,"column":37}},"26":{"start":{"line":79,"column":2},"end":{"line":79,"column":54}},"27":{"start":{"line":81,"column":45},"end":{"line":81,"column":106}},"28":{"start":{"line":83,"column":26},"end":{"line":86,"column":3}},"29":{"start":{"line":88,"column":16},"end":{"line":92,"column":3}},"30":{"start":{"line":94,"column":2},"end":{"line":107,"column":5}},"31":{"start":{"line":110,"column":0},"end":{"line":160,"column":3}},"32":{"start":{"line":111,"column":24},"end":{"line":111,"column":42}},"33":{"start":{"line":113,"column":2},"end":{"line":115,"column":3}},"34":{"start":{"line":114,"column":4},"end":{"line":114,"column":22}},"35":{"start":{"line":119,"column":20},"end":{"line":119,"column":36}},"36":{"start":{"line":121,"column":22},"end":{"line":121,"column":45}},"37":{"start":{"line":122,"column":24},"end":{"line":122,"column":49}},"38":{"start":{"line":123,"column":33},"end":{"line":123,"column":61}},"39":{"start":{"line":125,"column":2},"end":{"line":130,"column":3}},"40":{"start":{"line":126,"column":4},"end":{"line":129,"column":6}},"41":{"start":{"line":132,"column":45},"end":{"line":132,"column":114}},"42":{"start":{"line":134,"column":19},"end":{"line":137,"column":3}},"43":{"start":{"line":139,"column":16},"end":{"line":143,"column":3}},"44":{"start":{"line":145,"column":2},"end":{"line":159,"column":5}},"45":{"start":{"line":162,"column":0},"end":{"line":200,"column":3}},"46":{"start":{"line":163,"column":24},"end":{"line":163,"column":42}},"47":{"start":{"line":165,"column":2},"end":{"line":167,"column":3}},"48":{"start":{"line":166,"column":4},"end":{"line":166,"column":22}},"49":{"start":{"line":169,"column":27},"end":{"line":169,"column":35}},"50":{"start":{"line":171,"column":2},"end":{"line":171,"column":50}},"51":{"start":{"line":173,"column":45},"end":{"line":173,"column":102}},"52":{"start":{"line":175,"column":19},"end":{"line":178,"column":3}},"53":{"start":{"line":180,"column":16},"end":{"line":184,"column":3}},"54":{"start":{"line":186,"column":2},"end":{"line":199,"column":5}}},"fnMap":{"0":{"name":"(anonymous_0)","decl":{"start":{"line":16,"column":25},"end":{"line":16,"column":26}},"loc":{"start":{"line":16,"column":45},"end":{"line":25,"column":1}},"line":16},"1":{"name":"(anonymous_1)","decl":{"start":{"line":27,"column":38},"end":{"line":27,"column":39}},"loc":{"start":{"line":27,"column":58},"end":{"line":35,"column":1}},"line":27},"2":{"name":"(anonymous_2)","decl":{"start":{"line":37,"column":44},"end":{"line":37,"column":45}},"loc":{"start":{"line":37,"column":64},"end":{"line":68,"column":1}},"line":37},"3":{"name":"(anonymous_3)","decl":{"start":{"line":70,"column":45},"end":{"line":70,"column":46}},"loc":{"start":{"line":7
[...]
"column":2},"end":{"line":47,"column":22}},"15":{"start":{"line":50,"column":36},"end":{"line":82,"column":1}},"16":{"start":{"line":51,"column":23},"end":{"line":51,"column":31}},"17":{"start":{"line":58,"column":6},"end":{"line":58,"column":18}},"18":{"start":{"line":60,"column":32},"end":{"line":74,"column":3}},"19":{"start":{"line":61,"column":4},"end":{"line":63,"column":5}},"20":{"start":{"line":62,"column":6},"end":{"line":62,"column":39}},"21":{"start":{"line":65,"column":4},"end":{"line":67,"column":5}},"22":{"start":{"line":66,"column":6},"end":{"line":66,"column":38}},"23":{"start":{"line":69,"column":4},"end":{"line":71,"column":5}},"24":{"start":{"line":70,"column":6},"end":{"line":70,"column":38}},"25":{"start":{"line":73,"column":4},"end":{"line":73,"column":14}},"26":{"start":{"line":76,"column":2},"end":{"line":76,"column":58}},"27":{"start":{"line":78,"column":2},"end":{"line":78,"column":48}},"28":{"start":{"line":79,"column":2},"end":{"line":79,"column":47}},"29":{"start":{"line":81,"column":2},"end":{"line":81,"column":22}},"30":{"start":{"line":84,"column":0},"end":{"line":89,"column":3}},"31":{"start":{"line":85,"column":37},"end":{"line":85,"column":55}},"32":{"start":{"line":86,"column":26},"end":{"line":86,"column":69}},"33":{"start":{"line":88,"column":2},"end":{"line":88,"column":75}},"34":{"start":{"line":91,"column":0},"end":{"line":113,"column":3}},"35":{"start":{"line":96,"column":6},"end":{"line":96,"column":22}},"36":{"start":{"line":98,"column":19},"end":{"line":98,"column":30}},"37":{"start":{"line":100,"column":2},"end":{"line":102,"column":3}},"38":{"start":{"line":101,"column":4},"end":{"line":101,"column":29}},"39":{"start":{"line":104,"column":25},"end":{"line":104,"column":61}},"40":{"start":{"line":106,"column":2},"end":{"line":112,"column":5}},"41":{"start":{"line":115,"column":0},"end":{"line":132,"column":3}},"42":{"start":{"line":116,"column":45},"end":{"line":116,"column":63}},"43":{"start":{"line":118,"column":23},"end":{"line":118,"column":63}},"44":{"start":{"line":120,"column":2},"end":{"line":128,"column":4}},"45":{"start":{"line":130,"column":22},"end":{"line":130,"column":76}},"46":{"start":{"line":131,"column":2},"end":{"line":131,"column":35}},"47":{"start":{"line":134,"column":0},"end":{"line":158,"column":3}},"48":{"start":{"line":139,"column":6},"end":{"line":139,"column":22}},"49":{"start":{"line":140,"column":25},"end":{"line":140,"column":36}},"50":{"start":{"line":142,"column":19},"end":{"line":142,"column":30}},"51":{"start":{"line":144,"column":2},"end":{"line":146,"column":3}},"52":{"start":{"line":145,"column":4},"end":{"line":145,"column":29}},"53":{"start":{"line":148,"column":25},"end":{"line":148,"column":61}},"54":{"start":{"line":150,"column":2},"end":{"line":157,"column":5}},"55":{"start":{"line":160,"column":0},"end":{"line":175,"column":3}},"56":{"start":{"line":161,"column":45},"end":{"line":161,"column":63}},"57":{"start":{"line":163,"column":2},"end":{"line":171,"column":4}},"58":{"start":{"line":173,"column":22},"end":{"line":173,"column":75}},"59":{"start":{"line":174,"column":2},"end":{"line":174,"column":35}},"60":{"start":{"line":177,"column":0},"end":{"line":199,"column":3}},"61":{"start":{"line":182,"column":6},"end":{"line":182,"column":22}},"62":{"start":{"line":184,"column":19},"end":{"line":184,"column":30}},"63":{"start":{"line":186,"column":2},"end":{"line":188,"column":3}},"64":{"start":{"line":187,"column":4},"end":{"line":187,"column":29}},"65":{"start":{"line":190,"column":25},"end":{"line":190,"column":61}},"66":{"start":{"line":192,"column":2},"end":{"line":198,"column":5}},"67":{"start":{"line":201,"column":0},"end":{"line":218,"column":3}},"68":{"start":{"line":202,"column":45},"end":{"line":202,"column":63}},"69":{"start":{"line":204,"column":23},"end":{"line":204,"column":60}},"70":{"start":{"line":206,"column":2},"end":{"line":214,"column":4}},"71":{"start":{"line":216,"column":22},"end":{"line":216,"column":66}},"72":{"start":{"line":217,"column":2},"end":{"line":217,"column":35}},"73":{"start":{"line":220,"column":0},"end":{"line":268,"column":3}},"74":{"start":{"line":221,"column":32},"end":{"line":221,"column":50}},"75":{"start":{"line":226,"column":6},"end":{"line":226,"column":22}},"76":{"start":{"line":228,"column":19},"end":{"line":228,"column":30}},"77":{"start":{"line":230,"column":2},"end":{"line":232,"column":3}},"78":{"start":{"line":231,"column":4},"end":{"line":231,"column":29}},"79":{"start":{"line":236,"column":22},"end":{"line":239,"column":3}},"80":{"start":{"line":241,"column":2},"end":{"line":248,"column":4}},"81":{"start":{"line":252,"column":2},"end":{"line":257,"column":3}},"82":{"start":{"line":253,"column":4},"end":{"line":256,"column":6}},"83":{"start":{"line":259,"column":25},"end":{"line":259,"column":61}},"84":{"start":{"line":261,"column":2},"end":{"line":267,"column":5}},"85":{"start":{"line":270,"column":0},"end":{"line":290,"column":3}},"86":{"start":{"line":271,"column":45},"end":{"line":271,"column":63}},"87":{"start":{"line":272,"column":19},"end":{"line":272,"column":35}},"88":{"start":{"line":274,"column":21},"end":{"line":274,"column":61}},"89":{"start":{"line":275,"column":2},"end":{"line":275,"column":55}},"90":{"start":{"line":277,"column":2},"end":{"line":286,"column":3}},"91":{"start":{"line":278,"column":4},"end":{"line":285,"column":6}},"92":{"start":{"line":288,"column":22},"end":{"line":288,"column":51}},"93":{"start":{"line":289,"column":2},"end":{"line":289,"column":35}},"94":{"start":{"line":292,"column":0},"end":{"line":299,"column":3}},"95":{"start":{"line":293,"column":26},"end":{"line":293,"column":44}},"96":{"start":{"line":295,"column":2},"end":{"line":298,"column":5}},"97":{"start":{"line":301,"column":0},"end":{"line":308,"column":3}},"98":{"start":{"line":302,"column":26},"end":{"line":302,"column":44}},"99":{"start":{"line":304,"column":2},"end":{"line":307,"column":5}},"100":{"start":{"line":310,"column":0},"end":{"line":321,"column":3}},"101":{"start":{"line":311,"column":21},"end":{"line":311,"column":39}},"102":{"start":{"line":314,"column":6},"end":{"line":314,"column":22}},"103":{"start":{"line":316,"column":2},"end":{"line":320,"column":5}}},"fnMap":{"0":{"name":"(anonymous_0)","decl":{"start":{"line":22,"column":26},"end":{"line":22,"column":27}},"loc":{"start":{"line":22,"column":36},"end":{"line":28,"column":1}},"line":22},"1":{"name":"(anonymous_1)","decl":{"start":{"line":30,"column":39},"end":{"line":30,"column":40}},"loc":{"start":{"line":30,"column":53},"end":{"line":48,"column":1}},"line":30},"2":{"name":"(anonymous_2)","decl":{"start":{"line":50,"column":36},"end":{"line":50,"column":37}},"loc":{"start":{"line":50,"column":50},"end":{"line":82,"column":1}},"line":50},"3":{"name":"(anonymous_3)","decl":{"start":{"line":60,"column":32},"end":{"line":60,"column":33}},"loc":{"start":{"line":60,"column":38},"end":{"line":74,"column":3}},"line":60},"4":{"name":"(anonymous_4)","decl":{"start":{"line":84,"column":41},"end":{"line":84,"column":42}},"loc":{"start":{"line":84,"column":61},"end":{"line":89,"column":1}},"line":84},"5":{"name":"(anonymous_5)","decl":{"start":{"line":91,"column":77},"end":{"line":91,"column":78}},"loc":{"start":{"line":91,"column":97},"end":{"line":113,"column":1}},"line":91},"6":{"name":"(anonymous_6)","decl":{"start":{"line":115,"column":61},"end":{"line":115,"column":62}},"loc":{"start":{"line":115,"column":81},"end":{"line":132,"column":1}},"line":115},"7":{"name":"(anonymous_7)","decl":{"start":{"line":134,"column":89},"end":{"line":134,"column":90}},"loc":{"start":{"line":134,"column":109},"end":{"line":158,"column":1}},"line":134},"8":{"name":"(anonymous_8)","decl":{"start":{"line":160,"column":61},"end":{"line":160,"column":62}},"loc":{"start":{"line":160,"column":81},"end":{"line":175,"column":1}},"line":160},"9":{"name":"(anonymous_9)","decl":{"start":{"line":177,"column":76},"end":{"line":177,"column":77}},"loc":{"start":{"line":177,"column":96},"end":{"line":199,"column":1}},"line":177},"10":{"name":"(anonymous_10)","decl":{"start":{"line":201,"column":60},"end":{"line":201,"column":61}},"loc":{"start":{"line":201,"column":80},"end":{"line":218,"column":1}},"line":201},"11":{"name":"(anonymous_11)","decl":{"start":{"line":220,"column":67},"end":{"line":220,"column":68}},"loc":{"start":{"line":220,"column":87},"end":{"line":268,"column":1}},"line":220},"12":{"name":"(anonymous_12)","decl":{"start":{"line":270,"column":73},"end":{"line":270,"column":74}},"loc":{"start":{"line":270,"column":93},"end":{"line":290,"column":1}},"line":270},"13":{"name":"(anonymous_13)","decl":{"start":{"line":292,"column":58},"end":{"line":292,"column":59}},"loc":{"start":{"line":292,"column":78},"end":{"line":299,"column":1}},"line":292},"14":{"name":"(anonymous_14)","decl":{"start":{"line":301,"column":78},"end":{"line":301,"column":79}},"loc":{"start":{"line":301,"column":98},"end":{"line":308,"column":1}},"line":301},"15":{"name":"(anonymous_15)","decl":{"start":{"line":310,"column":66},"end":{"line":310,"column":67}},"loc":{"start":{"line":310,"column":86},"end":{"line":321,"column":1}},"line":310}},"branchMap":{"0":{"loc":{"start":{"line":23,"column":2},"end":{"line":25,"column":3}},"type":"if","locations":[{"start":{"line":23,"column":2},"end":{"line":25,"column":3}},{"start":{"line":23,"column":2},"end":{"line":25,"column":3}}],"line":23},"1":{"loc":{"start":{"line":38,"column":2},"end":{"line":42,"column":3}},"type":"if","locations":[{"start":{"line":38,"column":2},"end":{"line":42,"column":3}},{"start":{"line":38,"column":2},"end":{"line":42,"column":3}}],"line":38},"2":{"loc":{"start":{"line":40,"column":9},"end":{"line":42,"column":3}},"type":"if","locations":[{"start":{"line":40,"column":9},"end":{"line":42,"column":3}},{"start":{"line":40,"column":9},"end":{"line":42,"column":3}}],"line":40},"3":{"loc":{"start":{"line":61,"column":4},"end":{"line":63,"column":5}},"type":"if","locations":[{"start":{"line":61,"column":4},"end":{"line":63,"column":5}},{"start":{"line":61,"column":4},"end":{"line":63,"column":5}}],"line":61},"4":{"loc":{"start":{"line":65,"column":4},"end":{"line":67,"column":5}},"type":"if","locations":[{"start":{"line":65,"column":4},"end":{"line":67,"column":5}},{"start":{"line":65,"column":4},"end":{"line":67,"column":5}}],"line":65},"5":{"loc":{"start":{"line":69,"column":4},"end":{"line":71,"column":5}},"type":"if","locations":[{"start":{"line":69,"column":4},"end":{"line":71,"column":5}},{"start":{"line":69,"column":4},"end":{"line":71,"column":5}}],"line":69},"6":{"loc":{"start":{"line":100,"column":2},"end":{"line":102,"column":3}},"type":"if","locations":[{"start":{"line":100,"column":2},"end":{"line":102,"column":3}},{"start":{"line":100,"column":2},"end":{"line":102,"column":3}}],"line":100},"7":{"loc":{"start":{"line":144,"column":2},"end":{"line":146,"column":3}},"type":"if","locations":[{"start":{"line":144,"column":2},"end":{"line":146,"column":3}},{"start":{"line":144,"column":2},"end":{"line":146,"column":3}}],"line":144},"8":{"loc":{"start":{"line":186,"column":2},"end":{"line":188,"column":3}},"type":"if","locations":[{"start":{"line":186,"column":2},"end":{"line":188,"column":3}},{"start":{"line":186,"column":2},"end":{"line":188,"column":3}}],"line":186},"9":{"loc":{"start":{"line":230,"column":2},"end":{"line":232,"column":3}},"type":"if","locations":[{"start":{"line":230,"column":2},"end":{"line":232,"column":3}},{"start":{"line":230,"column":2},"end":{"line":232,"column":3}}],"line":230},"10":{"loc":{"start":{"line":252,"column":2},"end":{"line":257,"column":3}},"type":"if","locations":[{"start":{"line":252,"column":2},"end":{"line":257,"column":3}},{"start":{"line":252,"column":2},"end":{"line":257,"column":3}}],"line":252},"11":{"loc":{"start":{"line":277,"column":2},"end":{"line":286,"column":3}},"type":"if","locations":[{"start":{"line":277,"column":2},"end":{"line":286,"column":3}},{"start":{"line":277,"column":2},"end":{"line":286,"column":3}}],"line":277}},"s":{"0":0,"1":0,"2":0,"3":0,"4":0,"5":0,"6":0,"7":0,"8":0,"9":0,"10":0,"11":0,"12":0,"13":0,"14":0,"15":0,"16":0,"17":0,"18":0,"19":0,"20":0,"21":0,"22":0,"23":0,"24":0,"25":0,"26":0,"27":0,"28":0,"29":0,"30":0,"31":0,"32":0,"33":0,"34":0,"35":0,"36":0,"37":0,"38":0,"39":0,"40":0,"41":0,"42":0,"43":0,"44":0,"45":0,"46":0,"47":0,"48":0,"49":0,"50":0,"51":0,"52":0,"53":0,"54":0,"55":0,"56":0,"57":0,"58":0,"59":0,"60":0,"61":0,"62":0,"63":0,"64":0,"65":0,"66":0,"67":0,"68":0,"69":0,"70":0,"71":0,"72":0,"73":0,"74":0,"75":0,"76":0,"77":0,"78":0,"79":0,"80":0,"81":0,"82":0,"83":0,"84":0,"85":0,"86":0,"87":0,"88":0,"89":0,"90":0,"91":0,"92":0,"93":0,"94":0,"95":0,"96":0,"97":0,"98":0,"99":0,"100":0,"101":0,"102":0,"103":0},"f":{"0":0,"1":0,"2":0,"3":0,"4":0,"5":0,"6":0,"7":0,"8":0,"9":0,"10":0,"11":0,"12":0,"13":0,"14":0,"15":0},"b":{"0":[0,0],"1":[0,0],"2":[0,0],"3":[0,0],"4":[0,0],"5":[0,0],"6":[0,0],"7":[0,0],"8":[0,0],"9":[0,0],"10":[0,0],"11":[0,0]}}
,"/Users/tonyb/_projects/dtfs2/portal/server/routes/contract/loan/completedForms/index.js": {"path":"/Users/tonyb/_projects/dtfs2/portal/server/routes/contract/loan/completedForms/index.js","statementMap":{"0":{"start":{"line":4,"column":27},"end":{"line":8,"column":2}},"1":{"start":{"line":4,"column":50},"end":{"line":8,"column":1}}},"fnMap":{"0":{"name":"(anonymous_0)","decl":{"start":{"line":4,"column":27},"end":{"line":4,"column":28}},"loc":{"start":{"line":4,"column":50},"end":{"line":8,"column":1}},"line":4}},"branchMap":{},"s":{"0":1,"1":1},"f":{"0":1},"b":{},"_coverageSchema":"1a1c01bbd47fc00a2c39e90264f33305004495a9","hash":"79d44d165a9e5a184231fd26e352425ad6e4725a"}
,"/Users/tonyb/_projects/dtfs2/portal/server/routes/contract/loan/pageFields/index.js": {"path":"/Users/tonyb/_projects/dtfs2/portal/server/routes/contract/loan/pageFields/index.js","statementMap":{"0":{"start":{"line":1,"column":15},"end":{"line":50,"column":1}}},"fnMap":{},"branchMap":{},"s":{"0":2},"f":{},"b":{},"_coverageSchema":"1a1c01bbd47fc00a2c39e90264f33305004495a9","hash":"7b3a28f3791e54daef7e9305965badd3b2cf609d"}
,"/Users/tonyb/_projects/dtfs2/portal/server/routes/contract/loan/pageSpecificValidationErrors/index.js": {"path":"/Users/tonyb/_projects/dtfs2/portal/server/routes/contract/loan/pageSpecificValidationErrors/index.js","statementMap":{"0":{"start":{"line":4,"column":52},"end":{"line":5,"column":80}},"1":{"start":{"line":5,"column":2},"end":{"line":5,"column":80}},"2":{"start":{"line":7,"column":52},"end":{"line":8,"column":80}},"3":{"start":{"line":8,"column":2},"end":{"line":8,"column":80}},"4":{"start":{"line":10,"column":51},"end":{"line":11,"column":79}},"5":{"start":{"line":11,"column":2},"end":{"line":11,"column":79}},"6":{"start":{"line":17,"column":43},"end":{"line":39,"column":1}},"7":{"start":{"line":18,"column":33},"end":{"line":18,"column":49}},"8":{"start":{"line":20,"column":2},"end":{"line":36,"column":3}},"9":{"start":{"line":21,"column":4},"end":{"line":35,"column":7}},"10":{"start":{"line":22,"column":6},"end":{"line":25,"column":7}},"11":{"start":{"line":24,"column":8},"end":{"line":24,"column":118}},"12":{"start":{"line":27,"column":6},"end":{"line":30,"column":7}},"13":{"start":{"line":29,"column":8},"end":{"line":29,"column":118}},"14":{"start":{"line":32,"column":6},"end":{"line":34,"column":7}},"15":{"start":{"line":33,"column":8},"end":{"line":33,"column":117}},"16":{"start":{"line":38,"column":2},"end":{"line":38,"column":32}}},"fnMap":{"0":{"name":"(anonymous_0)","decl":{"start":{"line":4,"column":52},"end":{"line":4,"column":53}},"loc":{"start":{"line":5,"column":2},"end":{"line":5,"column":80}},"line":5},"1":{"name":"(anonymous_1)","decl":{"start":{"line":7,"column":52},"end":{"line":7,"column":53}},"loc":{"start":{"line":8,"column":2},"end":{"line":8,"column":80}},"line":8},"2":{"name":"(anonymous_2)","decl":{"start":{"line":10,"column":51},"end":{"line":10,"column":52}},"loc":{"start":{"line":11,"column":2},"end":{"line":11,"column":79}},"line":11},"3":{"name":"(anonymous_3)","decl":{"start":{"line":17,"column":43},"end":{"line":17,"column":44}},"loc":{"start":{"line":17,"column":81},"end":{"line":39,"column":1}},"line":17},"4":{"name":"(anonymous_4)","decl":{"start":{"line":21,"column":58},"end":{"line":21,"column":59}},"loc":{"start":{"line":21,"column":73},"end":{"line":35,"column":5}},"line":21}},"branchMap":{"0":{"loc":{"start":{"line":20,"column":2},"end":{"line":36,"column":3}},"type":"if","locations":[{"start":{"line":20,"column":2},"end":{"line":36,"column":3}},{"start":{"line":20,"column":2},"end":{"line":36,"column":3}}],"line":20},"1":{"loc":{"start":{"line":20,"column":6},"end":{"line":20,"column":64}},"type":"binary-expr","locations":[{"start":{"line":20,"column":6},"end":{"line":20,"column":28}},{"start":{"line":20,"column":32},"end":{"line":20,"column":64}}],"line":20},"2":{"loc":{"start":{"line":22,"column":6},"end":{"line":25,"column":7}},"type":"if","locations":[{"start":{"line":22,"column":6},"end":{"line":25,"column":7}},{"start":{"line":22,"column":6},"end":{"line":25,"column":7}}],"line":22},"3":{"loc":{"start":{"line":22,"column":10},"end":{"line":23,"column":85}},"type":"binary-expr","locations":[{"start":{"line":22,"column":10},"end":{"line":22,"column":70}},{"start":{"line":23,"column":11},"end":{"line":23,"column":85}}],"line":22},"4":{"loc":{"start":{"line":27,"column":6},"end":{"line":30,"column":7}},"type":"if","locations":[{"start":{"line":27,"column":6},"end":{"line":30,"column":7}},{"start":{"line":27,"column":6},"end":{"line":30,"column":7}}],"line":27},"5":{"loc":{"start":{"line":27,"column":10},"end":{"line":28,"column":85}},"type":"binary-expr","locations":[{"start":{"line":27,"column":10},"end":{"line":27,"column":70}},{"start":{"line":28,"column":11},"end":{"line":28,"column":85}}],"line":27},"6":{"loc":{"start":{"line":32,"column":6},"end":{"line":34,"column":7}},"type":"if","locations":[{"start":{"line":32,"column":6},"end":{"line":34,"column":7}},{"start":{"line":32,"column":6},"end":{"line":34,"column":7}}],"line":32}},"s":{"0":1,"1":1,"2":1,"3":1,"4":1,"5":1,"6":1,"7":2,"8":2,"9":1,"10":5,"11":1,"12":5,"13":2,"14":5,"15":2,"16":2},"f":{"0":1,"1":1,"2":1,"3":2,"4":5},"b":{"0":[1,1],"1":[2,2],"2":[1,4],"3":[5,4],"4":[2,3],"5":[5,3],"6":[2,3]},"_coverageSchema":"1a1c01bbd47fc00a2c39e90264f33305004495a9","hash":"eb0788531c2c713eebaa3220f43d12e69d3906bc"}
,"/Users/tonyb/_projects/dtfs2/portal/server/routes/user/index.js": {"path":"/Users/tonyb/_projects/dtfs2/portal/server/routes/user/index.js","statementMap":{"0":{"start":{"line":5,"column":15},"end":{"line":5,"column":31}},"1":{"start":{"line":7,"column":0},"end":{"line":8,"column":21}}},"fnMap":{},"branchMap":{},"s":{"0":0,"1":0},"f":{},"b":{}}
,"/Users/tonyb/_projects/dtfs2/portal/server/routes/user/profile.js": {"path":"/Users/tonyb/_projects/dtfs2/portal/server/routes/user/profile.js","statementMap":{"0":{"start":{"line":8,"column":15},"end":{"line":8,"column":31}},"1":{"start":{"line":10,"column":0},"end":{"line":25,"column":3}},"2":{"start":{"line":11,"column":24},"end":{"line":11,"column":42}},"3":{"start":{"line":13,"column":18},"end":{"line":13,"column":34}},"4":{"start":{"line":15,"column":15},"end":{"line":18,"column":3}},"5":{"start":{"line":20,"column":2},"end":{"line":24,"column":7}},"6":{"start":{"line":27,"column":0},"end":{"line":35,"column":3}},"7":{"start":{"line":28,"column":18},"end":{"line":28,"column":36}},"8":{"start":{"line":30,"column":2},"end":{"line":34,"column":7}}},"fnMap":{"0":{"name":"(anonymous_0)","decl":{"start":{"line":10,"column":20},"end":{"line":10,"column":21}},"loc":{"start":{"line":10,"column":40},"end":{"line":25,"column":1}},"line":10},"1":{"name":"(anonymous_1)","decl":{"start":{"line":27,"column":36},"end":{"line":27,"column":37}},"loc":{"start":{"line":27,"column":56},"end":{"line":35,"column":1}},"line":27}},"branchMap":{},"s":{"0":0,"1":0,"2":0,"3":0,"4":0,"5":0,"6":0,"7":0,"8":0},"f":{"0":0,"1":0},"b":{}}
}
